=== SZIMULÁCIÓ INDUL ===
Variáns: Klasszikus
Meccsek száma: 50
Játék 1/50 kész, eddig: Kezdő=1, Második=0, Döntetlen=0
Játék 2/50 kész, eddig: Kezdő=1, Második=1, Döntetlen=0
Játék 3/50 kész, eddig: Kezdő=1, Második=2, Döntetlen=0
Játék 4/50 kész, eddig: Kezdő=1, Második=3, Döntetlen=0
Játék 5/50 kész, eddig: Kezdő=1, Második=3, Döntetlen=1
Játék 6/50 kész, eddig: Kezdő=1, Második=4, Döntetlen=1
Játék 7/50 kész, eddig: Kezdő=1, Második=5, Döntetlen=1
Játék 8/50 kész, eddig: Kezdő=1, Második=6, Döntetlen=1
Játék 9/50 kész, eddig: Kezdő=1, Második=7, Döntetlen=1
Játék 10/50 kész, eddig: Kezdő=1, Második=8, Döntetlen=1
Játék 11/50 kész, eddig: Kezdő=1, Második=9, Döntetlen=1
Játék 12/50 kész, eddig: Kezdő=2, Második=9, Döntetlen=1
Játék 13/50 kész, eddig: Kezdő=3, Második=9, Döntetlen=1
Játék 14/50 kész, eddig: Kezdő=4, Második=9, Döntetlen=1
Játék 15/50 kész, eddig: Kezdő=4, Második=10, Döntetlen=1
Játék 16/50 kész, eddig: Kezdő=4, Második=11, Döntetlen=1
Játék 17/50 kész, eddig: Kezdő=4, Második=12, Döntetlen=1
Játék 18/50 kész, eddig: Kezdő=5, Második=12, Döntetlen=1
Játék 19/50 kész, eddig: Kezdő=6, Második=12, Döntetlen=1
Játék 20/50 kész, eddig: Kezdő=6, Második=13, Döntetlen=1
Játék 21/50 kész, eddig: Kezdő=7, Második=13, Döntetlen=1
Játék 22/50 kész, eddig: Kezdő=8, Második=13, Döntetlen=1
Játék 23/50 kész, eddig: Kezdő=9, Második=13, Döntetlen=1
Játék 24/50 kész, eddig: Kezdő=10, Második=13, Döntetlen=1
Játék 25/50 kész, eddig: Kezdő=11, Második=13, Döntetlen=1
Játék 26/50 kész, eddig: Kezdő=11, Második=14, Döntetlen=1
Játék 27/50 kész, eddig: Kezdő=12, Második=14, Döntetlen=1
Játék 28/50 kész, eddig: Kezdő=13, Második=14, Döntetlen=1
Játék 29/50 kész, eddig: Kezdő=14, Második=14, Döntetlen=1
Játék 30/50 kész, eddig: Kezdő=14, Második=14, Döntetlen=2
Játék 31/50 kész, eddig: Kezdő=15, Második=14, Döntetlen=2
Játék 32/50 kész, eddig: Kezdő=16, Második=14, Döntetlen=2
Játék 33/50 kész, eddig: Kezdő=17, Második=14, Döntetlen=2
Játék 34/50 kész, eddig: Kezdő=18, Második=14, Döntetlen=2
Játék 35/50 kész, eddig: Kezdő=18, Második=15, Döntetlen=2
Játék 36/50 kész, eddig: Kezdő=19, Második=15, Döntetlen=2
Játék 37/50 kész, eddig: Kezdő=20, Második=15, Döntetlen=2
Játék 38/50 kész, eddig: Kezdő=20, Második=15, Döntetlen=3
Játék 39/50 kész, eddig: Kezdő=21, Második=15, Döntetlen=3
Játék 40/50 kész, eddig: Kezdő=21, Második=16, Döntetlen=3
Játék 41/50 kész, eddig: Kezdő=22, Második=16, Döntetlen=3
Játék 42/50 kész, eddig: Kezdő=23, Második=16, Döntetlen=3
Játék 43/50 kész, eddig: Kezdő=23, Második=17, Döntetlen=3
Játék 44/50 kész, eddig: Kezdő=23, Második=18, Döntetlen=3
Játék 45/50 kész, eddig: Kezdő=23, Második=19, Döntetlen=3
Játék 46/50 kész, eddig: Kezdő=24, Második=19, Döntetlen=3
Játék 47/50 kész, eddig: Kezdő=24, Második=19, Döntetlen=4
Játék 48/50 kész, eddig: Kezdő=25, Második=19, Döntetlen=4
Játék 49/50 kész, eddig: Kezdő=25, Második=20, Döntetlen=4
Játék 50/50 kész, eddig: Kezdő=25, Második=21, Döntetlen=4

=== SZIMULÁCIÓ KÉSZ ===
Variáns: Klasszikus
Lejátszott meccsek: 50
Kezdő játékos győzelmek:    25
Második játékos győzelmek:  21
Döntetlenek:                4
Kezdő aránya:    50.00%
Második aránya:  42.00%
Döntetlen:       8.00%
