=== SZIMULÁCIÓ INDUL ===
Variáns: Felgyorsított + fordított
Meccsek száma: 1000
Játék 1/1000 kész, eddig: Kezdő=1, Második=0, Döntetlen=0
Játék 2/1000 kész, eddig: Kezdő=2, Második=0, Döntetlen=0
Játék 3/1000 kész, eddig: Kezdő=2, Második=1, Döntetlen=0
Játék 4/1000 kész, eddig: Kezdő=3, Második=1, Döntetlen=0
Játék 5/1000 kész, eddig: Kezdő=3, Második=2, Döntetlen=0
Játék 6/1000 kész, eddig: Kezdő=4, Második=2, Döntetlen=0
Játék 7/1000 kész, eddig: Kezdő=5, Második=2, Döntetlen=0
Játék 8/1000 kész, eddig: Kezdő=5, Második=3, Döntetlen=0
Játék 9/1000 kész, eddig: Kezdő=6, Második=3, Döntetlen=0
Játék 10/1000 kész, eddig: Kezdő=6, Második=4, Döntetlen=0
Játék 11/1000 kész, eddig: Kezdő=7, Második=4, Döntetlen=0
Játék 12/1000 kész, eddig: Kezdő=8, Második=4, Döntetlen=0
Játék 13/1000 kész, eddig: Kezdő=8, Második=5, Döntetlen=0
Játék 14/1000 kész, eddig: Kezdő=9, Második=5, Döntetlen=0
Játék 15/1000 kész, eddig: Kezdő=10, Második=5, Döntetlen=0
Játék 16/1000 kész, eddig: Kezdő=11, Második=5, Döntetlen=0
Játék 17/1000 kész, eddig: Kezdő=12, Második=5, Döntetlen=0
Játék 18/1000 kész, eddig: Kezdő=13, Második=5, Döntetlen=0
Játék 19/1000 kész, eddig: Kezdő=13, Második=6, Döntetlen=0
Játék 20/1000 kész, eddig: Kezdő=14, Második=6, Döntetlen=0
Játék 21/1000 kész, eddig: Kezdő=15, Második=6, Döntetlen=0
Játék 22/1000 kész, eddig: Kezdő=16, Második=6, Döntetlen=0
Játék 23/1000 kész, eddig: Kezdő=17, Második=6, Döntetlen=0
Játék 24/1000 kész, eddig: Kezdő=18, Második=6, Döntetlen=0
Játék 25/1000 kész, eddig: Kezdő=19, Második=6, Döntetlen=0
Játék 26/1000 kész, eddig: Kezdő=20, Második=6, Döntetlen=0
Játék 27/1000 kész, eddig: Kezdő=20, Második=7, Döntetlen=0
Játék 28/1000 kész, eddig: Kezdő=20, Második=8, Döntetlen=0
Játék 29/1000 kész, eddig: Kezdő=21, Második=8, Döntetlen=0
Játék 30/1000 kész, eddig: Kezdő=22, Második=8, Döntetlen=0
Játék 31/1000 kész, eddig: Kezdő=23, Második=8, Döntetlen=0
Játék 32/1000 kész, eddig: Kezdő=24, Második=8, Döntetlen=0
Játék 33/1000 kész, eddig: Kezdő=25, Második=8, Döntetlen=0
Játék 34/1000 kész, eddig: Kezdő=26, Második=8, Döntetlen=0
Játék 35/1000 kész, eddig: Kezdő=27, Második=8, Döntetlen=0
Játék 36/1000 kész, eddig: Kezdő=28, Második=8, Döntetlen=0
Játék 37/1000 kész, eddig: Kezdő=29, Második=8, Döntetlen=0
Játék 38/1000 kész, eddig: Kezdő=30, Második=8, Döntetlen=0
Játék 39/1000 kész, eddig: Kezdő=30, Második=9, Döntetlen=0
Játék 40/1000 kész, eddig: Kezdő=31, Második=9, Döntetlen=0
Játék 41/1000 kész, eddig: Kezdő=31, Második=10, Döntetlen=0
Játék 42/1000 kész, eddig: Kezdő=32, Második=10, Döntetlen=0
Játék 43/1000 kész, eddig: Kezdő=33, Második=10, Döntetlen=0
Játék 44/1000 kész, eddig: Kezdő=34, Második=10, Döntetlen=0
Játék 45/1000 kész, eddig: Kezdő=35, Második=10, Döntetlen=0
Játék 46/1000 kész, eddig: Kezdő=35, Második=11, Döntetlen=0
Játék 47/1000 kész, eddig: Kezdő=35, Második=12, Döntetlen=0
Játék 48/1000 kész, eddig: Kezdő=35, Második=13, Döntetlen=0
Játék 49/1000 kész, eddig: Kezdő=36, Második=13, Döntetlen=0
Játék 50/1000 kész, eddig: Kezdő=36, Második=14, Döntetlen=0
Játék 51/1000 kész, eddig: Kezdő=37, Második=14, Döntetlen=0
Játék 52/1000 kész, eddig: Kezdő=38, Második=14, Döntetlen=0
Játék 53/1000 kész, eddig: Kezdő=39, Második=14, Döntetlen=0
Játék 54/1000 kész, eddig: Kezdő=40, Második=14, Döntetlen=0
Játék 55/1000 kész, eddig: Kezdő=41, Második=14, Döntetlen=0
Játék 56/1000 kész, eddig: Kezdő=41, Második=15, Döntetlen=0
Játék 57/1000 kész, eddig: Kezdő=42, Második=15, Döntetlen=0
Játék 58/1000 kész, eddig: Kezdő=43, Második=15, Döntetlen=0
Játék 59/1000 kész, eddig: Kezdő=43, Második=15, Döntetlen=1
Játék 60/1000 kész, eddig: Kezdő=43, Második=16, Döntetlen=1
Játék 61/1000 kész, eddig: Kezdő=44, Második=16, Döntetlen=1
Játék 62/1000 kész, eddig: Kezdő=45, Második=16, Döntetlen=1
Játék 63/1000 kész, eddig: Kezdő=46, Második=16, Döntetlen=1
Játék 64/1000 kész, eddig: Kezdő=47, Második=16, Döntetlen=1
Játék 65/1000 kész, eddig: Kezdő=48, Második=16, Döntetlen=1
Játék 66/1000 kész, eddig: Kezdő=49, Második=16, Döntetlen=1
Játék 67/1000 kész, eddig: Kezdő=50, Második=16, Döntetlen=1
Játék 68/1000 kész, eddig: Kezdő=51, Második=16, Döntetlen=1
Játék 69/1000 kész, eddig: Kezdő=52, Második=16, Döntetlen=1
Játék 70/1000 kész, eddig: Kezdő=53, Második=16, Döntetlen=1
Játék 71/1000 kész, eddig: Kezdő=53, Második=17, Döntetlen=1
Játék 72/1000 kész, eddig: Kezdő=54, Második=17, Döntetlen=1
Játék 73/1000 kész, eddig: Kezdő=54, Második=18, Döntetlen=1
Játék 74/1000 kész, eddig: Kezdő=55, Második=18, Döntetlen=1
Játék 75/1000 kész, eddig: Kezdő=56, Második=18, Döntetlen=1
Játék 76/1000 kész, eddig: Kezdő=56, Második=19, Döntetlen=1
Játék 77/1000 kész, eddig: Kezdő=56, Második=20, Döntetlen=1
Játék 78/1000 kész, eddig: Kezdő=56, Második=21, Döntetlen=1
Játék 79/1000 kész, eddig: Kezdő=56, Második=22, Döntetlen=1
Játék 80/1000 kész, eddig: Kezdő=56, Második=23, Döntetlen=1
Játék 81/1000 kész, eddig: Kezdő=57, Második=23, Döntetlen=1
Játék 82/1000 kész, eddig: Kezdő=57, Második=24, Döntetlen=1
Játék 83/1000 kész, eddig: Kezdő=58, Második=24, Döntetlen=1
Játék 84/1000 kész, eddig: Kezdő=59, Második=24, Döntetlen=1
Játék 85/1000 kész, eddig: Kezdő=60, Második=24, Döntetlen=1
Játék 86/1000 kész, eddig: Kezdő=61, Második=24, Döntetlen=1
Játék 87/1000 kész, eddig: Kezdő=62, Második=24, Döntetlen=1
Játék 88/1000 kész, eddig: Kezdő=62, Második=25, Döntetlen=1
Játék 89/1000 kész, eddig: Kezdő=63, Második=25, Döntetlen=1
Játék 90/1000 kész, eddig: Kezdő=63, Második=26, Döntetlen=1
Játék 91/1000 kész, eddig: Kezdő=64, Második=26, Döntetlen=1
Játék 92/1000 kész, eddig: Kezdő=65, Második=26, Döntetlen=1
Játék 93/1000 kész, eddig: Kezdő=66, Második=26, Döntetlen=1
Játék 94/1000 kész, eddig: Kezdő=66, Második=27, Döntetlen=1
Játék 95/1000 kész, eddig: Kezdő=67, Második=27, Döntetlen=1
Játék 96/1000 kész, eddig: Kezdő=68, Második=27, Döntetlen=1
Játék 97/1000 kész, eddig: Kezdő=69, Második=27, Döntetlen=1
Játék 98/1000 kész, eddig: Kezdő=70, Második=27, Döntetlen=1
Játék 99/1000 kész, eddig: Kezdő=71, Második=27, Döntetlen=1
Játék 100/1000 kész, eddig: Kezdő=71, Második=28, Döntetlen=1
Játék 101/1000 kész, eddig: Kezdő=72, Második=28, Döntetlen=1
Játék 102/1000 kész, eddig: Kezdő=72, Második=28, Döntetlen=2
Játék 103/1000 kész, eddig: Kezdő=73, Második=28, Döntetlen=2
Játék 104/1000 kész, eddig: Kezdő=74, Második=28, Döntetlen=2
Játék 105/1000 kész, eddig: Kezdő=75, Második=28, Döntetlen=2
Játék 106/1000 kész, eddig: Kezdő=75, Második=29, Döntetlen=2
Játék 107/1000 kész, eddig: Kezdő=76, Második=29, Döntetlen=2
Játék 108/1000 kész, eddig: Kezdő=77, Második=29, Döntetlen=2
Játék 109/1000 kész, eddig: Kezdő=78, Második=29, Döntetlen=2
Játék 110/1000 kész, eddig: Kezdő=79, Második=29, Döntetlen=2
Játék 111/1000 kész, eddig: Kezdő=80, Második=29, Döntetlen=2
Játék 112/1000 kész, eddig: Kezdő=80, Második=30, Döntetlen=2
Játék 113/1000 kész, eddig: Kezdő=80, Második=31, Döntetlen=2
Játék 114/1000 kész, eddig: Kezdő=80, Második=32, Döntetlen=2
Játék 115/1000 kész, eddig: Kezdő=80, Második=33, Döntetlen=2
Játék 116/1000 kész, eddig: Kezdő=81, Második=33, Döntetlen=2
Játék 117/1000 kész, eddig: Kezdő=82, Második=33, Döntetlen=2
Játék 118/1000 kész, eddig: Kezdő=83, Második=33, Döntetlen=2
Játék 119/1000 kész, eddig: Kezdő=83, Második=34, Döntetlen=2
Játék 120/1000 kész, eddig: Kezdő=83, Második=35, Döntetlen=2
Játék 121/1000 kész, eddig: Kezdő=84, Második=35, Döntetlen=2
Játék 122/1000 kész, eddig: Kezdő=84, Második=36, Döntetlen=2
Játék 123/1000 kész, eddig: Kezdő=85, Második=36, Döntetlen=2
Játék 124/1000 kész, eddig: Kezdő=85, Második=37, Döntetlen=2
Játék 125/1000 kész, eddig: Kezdő=86, Második=37, Döntetlen=2
Játék 126/1000 kész, eddig: Kezdő=87, Második=37, Döntetlen=2
Játék 127/1000 kész, eddig: Kezdő=88, Második=37, Döntetlen=2
Játék 128/1000 kész, eddig: Kezdő=88, Második=38, Döntetlen=2
Játék 129/1000 kész, eddig: Kezdő=89, Második=38, Döntetlen=2
Játék 130/1000 kész, eddig: Kezdő=90, Második=38, Döntetlen=2
Játék 131/1000 kész, eddig: Kezdő=90, Második=39, Döntetlen=2
Játék 132/1000 kész, eddig: Kezdő=91, Második=39, Döntetlen=2
Játék 133/1000 kész, eddig: Kezdő=92, Második=39, Döntetlen=2
Játék 134/1000 kész, eddig: Kezdő=93, Második=39, Döntetlen=2
Játék 135/1000 kész, eddig: Kezdő=94, Második=39, Döntetlen=2
Játék 136/1000 kész, eddig: Kezdő=94, Második=40, Döntetlen=2
Játék 137/1000 kész, eddig: Kezdő=95, Második=40, Döntetlen=2
Játék 138/1000 kész, eddig: Kezdő=96, Második=40, Döntetlen=2
Játék 139/1000 kész, eddig: Kezdő=96, Második=41, Döntetlen=2
Játék 140/1000 kész, eddig: Kezdő=96, Második=42, Döntetlen=2
Játék 141/1000 kész, eddig: Kezdő=96, Második=43, Döntetlen=2
Játék 142/1000 kész, eddig: Kezdő=97, Második=43, Döntetlen=2
Játék 143/1000 kész, eddig: Kezdő=98, Második=43, Döntetlen=2
Játék 144/1000 kész, eddig: Kezdő=99, Második=43, Döntetlen=2
Játék 145/1000 kész, eddig: Kezdő=100, Második=43, Döntetlen=2
Játék 146/1000 kész, eddig: Kezdő=100, Második=44, Döntetlen=2
Játék 147/1000 kész, eddig: Kezdő=101, Második=44, Döntetlen=2
Játék 148/1000 kész, eddig: Kezdő=101, Második=45, Döntetlen=2
Játék 149/1000 kész, eddig: Kezdő=102, Második=45, Döntetlen=2
Játék 150/1000 kész, eddig: Kezdő=103, Második=45, Döntetlen=2
Játék 151/1000 kész, eddig: Kezdő=104, Második=45, Döntetlen=2
Játék 152/1000 kész, eddig: Kezdő=104, Második=46, Döntetlen=2
Játék 153/1000 kész, eddig: Kezdő=105, Második=46, Döntetlen=2
Játék 154/1000 kész, eddig: Kezdő=105, Második=47, Döntetlen=2
Játék 155/1000 kész, eddig: Kezdő=106, Második=47, Döntetlen=2
Játék 156/1000 kész, eddig: Kezdő=106, Második=48, Döntetlen=2
Játék 157/1000 kész, eddig: Kezdő=107, Második=48, Döntetlen=2
Játék 158/1000 kész, eddig: Kezdő=108, Második=48, Döntetlen=2
Játék 159/1000 kész, eddig: Kezdő=109, Második=48, Döntetlen=2
Játék 160/1000 kész, eddig: Kezdő=110, Második=48, Döntetlen=2
Játék 161/1000 kész, eddig: Kezdő=110, Második=49, Döntetlen=2
Játék 162/1000 kész, eddig: Kezdő=111, Második=49, Döntetlen=2
Játék 163/1000 kész, eddig: Kezdő=112, Második=49, Döntetlen=2
Játék 164/1000 kész, eddig: Kezdő=113, Második=49, Döntetlen=2
Játék 165/1000 kész, eddig: Kezdő=114, Második=49, Döntetlen=2
Játék 166/1000 kész, eddig: Kezdő=115, Második=49, Döntetlen=2
Játék 167/1000 kész, eddig: Kezdő=116, Második=49, Döntetlen=2
Játék 168/1000 kész, eddig: Kezdő=117, Második=49, Döntetlen=2
Játék 169/1000 kész, eddig: Kezdő=118, Második=49, Döntetlen=2
Játék 170/1000 kész, eddig: Kezdő=118, Második=50, Döntetlen=2
Játék 171/1000 kész, eddig: Kezdő=119, Második=50, Döntetlen=2
Játék 172/1000 kész, eddig: Kezdő=120, Második=50, Döntetlen=2
Játék 173/1000 kész, eddig: Kezdő=121, Második=50, Döntetlen=2
Játék 174/1000 kész, eddig: Kezdő=122, Második=50, Döntetlen=2
Játék 175/1000 kész, eddig: Kezdő=123, Második=50, Döntetlen=2
Játék 176/1000 kész, eddig: Kezdő=124, Második=50, Döntetlen=2
Játék 177/1000 kész, eddig: Kezdő=125, Második=50, Döntetlen=2
Játék 178/1000 kész, eddig: Kezdő=125, Második=51, Döntetlen=2
Játék 179/1000 kész, eddig: Kezdő=126, Második=51, Döntetlen=2
Játék 180/1000 kész, eddig: Kezdő=127, Második=51, Döntetlen=2
Játék 181/1000 kész, eddig: Kezdő=127, Második=52, Döntetlen=2
Játék 182/1000 kész, eddig: Kezdő=128, Második=52, Döntetlen=2
Játék 183/1000 kész, eddig: Kezdő=129, Második=52, Döntetlen=2
Játék 184/1000 kész, eddig: Kezdő=129, Második=53, Döntetlen=2
Játék 185/1000 kész, eddig: Kezdő=130, Második=53, Döntetlen=2
Játék 186/1000 kész, eddig: Kezdő=131, Második=53, Döntetlen=2
Játék 187/1000 kész, eddig: Kezdő=131, Második=54, Döntetlen=2
Játék 188/1000 kész, eddig: Kezdő=132, Második=54, Döntetlen=2
Játék 189/1000 kész, eddig: Kezdő=132, Második=55, Döntetlen=2
Játék 190/1000 kész, eddig: Kezdő=133, Második=55, Döntetlen=2
Játék 191/1000 kész, eddig: Kezdő=133, Második=56, Döntetlen=2
Játék 192/1000 kész, eddig: Kezdő=134, Második=56, Döntetlen=2
Játék 193/1000 kész, eddig: Kezdő=134, Második=57, Döntetlen=2
Játék 194/1000 kész, eddig: Kezdő=134, Második=58, Döntetlen=2
Játék 195/1000 kész, eddig: Kezdő=134, Második=59, Döntetlen=2
Játék 196/1000 kész, eddig: Kezdő=134, Második=60, Döntetlen=2
Játék 197/1000 kész, eddig: Kezdő=135, Második=60, Döntetlen=2
Játék 198/1000 kész, eddig: Kezdő=136, Második=60, Döntetlen=2
Játék 199/1000 kész, eddig: Kezdő=136, Második=61, Döntetlen=2
Játék 200/1000 kész, eddig: Kezdő=137, Második=61, Döntetlen=2
Játék 201/1000 kész, eddig: Kezdő=138, Második=61, Döntetlen=2
Játék 202/1000 kész, eddig: Kezdő=139, Második=61, Döntetlen=2
Játék 203/1000 kész, eddig: Kezdő=140, Második=61, Döntetlen=2
Játék 204/1000 kész, eddig: Kezdő=141, Második=61, Döntetlen=2
Játék 205/1000 kész, eddig: Kezdő=142, Második=61, Döntetlen=2
Játék 206/1000 kész, eddig: Kezdő=143, Második=61, Döntetlen=2
Játék 207/1000 kész, eddig: Kezdő=144, Második=61, Döntetlen=2
Játék 208/1000 kész, eddig: Kezdő=145, Második=61, Döntetlen=2
Játék 209/1000 kész, eddig: Kezdő=146, Második=61, Döntetlen=2
Játék 210/1000 kész, eddig: Kezdő=147, Második=61, Döntetlen=2
Játék 211/1000 kész, eddig: Kezdő=148, Második=61, Döntetlen=2
Játék 212/1000 kész, eddig: Kezdő=149, Második=61, Döntetlen=2
Játék 213/1000 kész, eddig: Kezdő=150, Második=61, Döntetlen=2
Játék 214/1000 kész, eddig: Kezdő=151, Második=61, Döntetlen=2
Játék 215/1000 kész, eddig: Kezdő=152, Második=61, Döntetlen=2
Játék 216/1000 kész, eddig: Kezdő=153, Második=61, Döntetlen=2
Játék 217/1000 kész, eddig: Kezdő=153, Második=62, Döntetlen=2
Játék 218/1000 kész, eddig: Kezdő=154, Második=62, Döntetlen=2
Játék 219/1000 kész, eddig: Kezdő=154, Második=63, Döntetlen=2
Játék 220/1000 kész, eddig: Kezdő=155, Második=63, Döntetlen=2
Játék 221/1000 kész, eddig: Kezdő=155, Második=64, Döntetlen=2
Játék 222/1000 kész, eddig: Kezdő=156, Második=64, Döntetlen=2
Játék 223/1000 kész, eddig: Kezdő=157, Második=64, Döntetlen=2
Játék 224/1000 kész, eddig: Kezdő=158, Második=64, Döntetlen=2
Játék 225/1000 kész, eddig: Kezdő=159, Második=64, Döntetlen=2
Játék 226/1000 kész, eddig: Kezdő=160, Második=64, Döntetlen=2
Játék 227/1000 kész, eddig: Kezdő=160, Második=65, Döntetlen=2
Játék 228/1000 kész, eddig: Kezdő=160, Második=66, Döntetlen=2
Játék 229/1000 kész, eddig: Kezdő=160, Második=67, Döntetlen=2
Játék 230/1000 kész, eddig: Kezdő=160, Második=68, Döntetlen=2
Játék 231/1000 kész, eddig: Kezdő=161, Második=68, Döntetlen=2
Játék 232/1000 kész, eddig: Kezdő=162, Második=68, Döntetlen=2
Játék 233/1000 kész, eddig: Kezdő=163, Második=68, Döntetlen=2
Játék 234/1000 kész, eddig: Kezdő=163, Második=69, Döntetlen=2
Játék 235/1000 kész, eddig: Kezdő=163, Második=70, Döntetlen=2
Játék 236/1000 kész, eddig: Kezdő=163, Második=71, Döntetlen=2
Játék 237/1000 kész, eddig: Kezdő=164, Második=71, Döntetlen=2
Játék 238/1000 kész, eddig: Kezdő=165, Második=71, Döntetlen=2
Játék 239/1000 kész, eddig: Kezdő=166, Második=71, Döntetlen=2
Játék 240/1000 kész, eddig: Kezdő=167, Második=71, Döntetlen=2
Játék 241/1000 kész, eddig: Kezdő=168, Második=71, Döntetlen=2
Játék 242/1000 kész, eddig: Kezdő=169, Második=71, Döntetlen=2
Játék 243/1000 kész, eddig: Kezdő=169, Második=72, Döntetlen=2
Játék 244/1000 kész, eddig: Kezdő=170, Második=72, Döntetlen=2
Játék 245/1000 kész, eddig: Kezdő=171, Második=72, Döntetlen=2
Játék 246/1000 kész, eddig: Kezdő=172, Második=72, Döntetlen=2
Játék 247/1000 kész, eddig: Kezdő=172, Második=73, Döntetlen=2
Játék 248/1000 kész, eddig: Kezdő=173, Második=73, Döntetlen=2
Játék 249/1000 kész, eddig: Kezdő=173, Második=74, Döntetlen=2
Játék 250/1000 kész, eddig: Kezdő=174, Második=74, Döntetlen=2
Játék 251/1000 kész, eddig: Kezdő=174, Második=75, Döntetlen=2
Játék 252/1000 kész, eddig: Kezdő=175, Második=75, Döntetlen=2
Játék 253/1000 kész, eddig: Kezdő=176, Második=75, Döntetlen=2
Játék 254/1000 kész, eddig: Kezdő=177, Második=75, Döntetlen=2
Játék 255/1000 kész, eddig: Kezdő=178, Második=75, Döntetlen=2
Játék 256/1000 kész, eddig: Kezdő=179, Második=75, Döntetlen=2
Játék 257/1000 kész, eddig: Kezdő=180, Második=75, Döntetlen=2
Játék 258/1000 kész, eddig: Kezdő=180, Második=76, Döntetlen=2
Játék 259/1000 kész, eddig: Kezdő=180, Második=77, Döntetlen=2
Játék 260/1000 kész, eddig: Kezdő=181, Második=77, Döntetlen=2
Játék 261/1000 kész, eddig: Kezdő=182, Második=77, Döntetlen=2
Játék 262/1000 kész, eddig: Kezdő=182, Második=77, Döntetlen=3
Játék 263/1000 kész, eddig: Kezdő=183, Második=77, Döntetlen=3
Játék 264/1000 kész, eddig: Kezdő=184, Második=77, Döntetlen=3
Játék 265/1000 kész, eddig: Kezdő=185, Második=77, Döntetlen=3
Játék 266/1000 kész, eddig: Kezdő=185, Második=78, Döntetlen=3
Játék 267/1000 kész, eddig: Kezdő=186, Második=78, Döntetlen=3
Játék 268/1000 kész, eddig: Kezdő=187, Második=78, Döntetlen=3
Játék 269/1000 kész, eddig: Kezdő=188, Második=78, Döntetlen=3
Játék 270/1000 kész, eddig: Kezdő=188, Második=79, Döntetlen=3
Játék 271/1000 kész, eddig: Kezdő=188, Második=80, Döntetlen=3
Játék 272/1000 kész, eddig: Kezdő=188, Második=81, Döntetlen=3
Játék 273/1000 kész, eddig: Kezdő=188, Második=82, Döntetlen=3
Játék 274/1000 kész, eddig: Kezdő=189, Második=82, Döntetlen=3
Játék 275/1000 kész, eddig: Kezdő=190, Második=82, Döntetlen=3
Játék 276/1000 kész, eddig: Kezdő=191, Második=82, Döntetlen=3
Játék 277/1000 kész, eddig: Kezdő=191, Második=83, Döntetlen=3
Játék 278/1000 kész, eddig: Kezdő=192, Második=83, Döntetlen=3
Játék 279/1000 kész, eddig: Kezdő=193, Második=83, Döntetlen=3
Játék 280/1000 kész, eddig: Kezdő=194, Második=83, Döntetlen=3
Játék 281/1000 kész, eddig: Kezdő=195, Második=83, Döntetlen=3
Játék 282/1000 kész, eddig: Kezdő=195, Második=84, Döntetlen=3
Játék 283/1000 kész, eddig: Kezdő=196, Második=84, Döntetlen=3
Játék 284/1000 kész, eddig: Kezdő=197, Második=84, Döntetlen=3
Játék 285/1000 kész, eddig: Kezdő=197, Második=85, Döntetlen=3
Játék 286/1000 kész, eddig: Kezdő=198, Második=85, Döntetlen=3
Játék 287/1000 kész, eddig: Kezdő=199, Második=85, Döntetlen=3
Játék 288/1000 kész, eddig: Kezdő=200, Második=85, Döntetlen=3
Játék 289/1000 kész, eddig: Kezdő=200, Második=86, Döntetlen=3
Játék 290/1000 kész, eddig: Kezdő=201, Második=86, Döntetlen=3
Játék 291/1000 kész, eddig: Kezdő=202, Második=86, Döntetlen=3
Játék 292/1000 kész, eddig: Kezdő=202, Második=87, Döntetlen=3
Játék 293/1000 kész, eddig: Kezdő=202, Második=88, Döntetlen=3
Játék 294/1000 kész, eddig: Kezdő=203, Második=88, Döntetlen=3
Játék 295/1000 kész, eddig: Kezdő=204, Második=88, Döntetlen=3
Játék 296/1000 kész, eddig: Kezdő=205, Második=88, Döntetlen=3
Játék 297/1000 kész, eddig: Kezdő=206, Második=88, Döntetlen=3
Játék 298/1000 kész, eddig: Kezdő=206, Második=89, Döntetlen=3
Játék 299/1000 kész, eddig: Kezdő=206, Második=90, Döntetlen=3
Játék 300/1000 kész, eddig: Kezdő=206, Második=91, Döntetlen=3
Játék 301/1000 kész, eddig: Kezdő=207, Második=91, Döntetlen=3
Játék 302/1000 kész, eddig: Kezdő=207, Második=92, Döntetlen=3
Játék 303/1000 kész, eddig: Kezdő=208, Második=92, Döntetlen=3
Játék 304/1000 kész, eddig: Kezdő=209, Második=92, Döntetlen=3
Játék 305/1000 kész, eddig: Kezdő=210, Második=92, Döntetlen=3
Játék 306/1000 kész, eddig: Kezdő=210, Második=93, Döntetlen=3
Játék 307/1000 kész, eddig: Kezdő=210, Második=94, Döntetlen=3
Játék 308/1000 kész, eddig: Kezdő=211, Második=94, Döntetlen=3
Játék 309/1000 kész, eddig: Kezdő=212, Második=94, Döntetlen=3
Játék 310/1000 kész, eddig: Kezdő=212, Második=95, Döntetlen=3
Játék 311/1000 kész, eddig: Kezdő=212, Második=96, Döntetlen=3
Játék 312/1000 kész, eddig: Kezdő=212, Második=97, Döntetlen=3
Játék 313/1000 kész, eddig: Kezdő=213, Második=97, Döntetlen=3
Játék 314/1000 kész, eddig: Kezdő=213, Második=98, Döntetlen=3
Játék 315/1000 kész, eddig: Kezdő=213, Második=99, Döntetlen=3
Játék 316/1000 kész, eddig: Kezdő=214, Második=99, Döntetlen=3
Játék 317/1000 kész, eddig: Kezdő=215, Második=99, Döntetlen=3
Játék 318/1000 kész, eddig: Kezdő=215, Második=100, Döntetlen=3
Játék 319/1000 kész, eddig: Kezdő=216, Második=100, Döntetlen=3
Játék 320/1000 kész, eddig: Kezdő=217, Második=100, Döntetlen=3
Játék 321/1000 kész, eddig: Kezdő=218, Második=100, Döntetlen=3
Játék 322/1000 kész, eddig: Kezdő=219, Második=100, Döntetlen=3
Játék 323/1000 kész, eddig: Kezdő=220, Második=100, Döntetlen=3
Játék 324/1000 kész, eddig: Kezdő=220, Második=101, Döntetlen=3
Játék 325/1000 kész, eddig: Kezdő=221, Második=101, Döntetlen=3
Játék 326/1000 kész, eddig: Kezdő=222, Második=101, Döntetlen=3
Játék 327/1000 kész, eddig: Kezdő=223, Második=101, Döntetlen=3
Játék 328/1000 kész, eddig: Kezdő=223, Második=102, Döntetlen=3
Játék 329/1000 kész, eddig: Kezdő=224, Második=102, Döntetlen=3
Játék 330/1000 kész, eddig: Kezdő=225, Második=102, Döntetlen=3
Játék 331/1000 kész, eddig: Kezdő=225, Második=102, Döntetlen=4
Játék 332/1000 kész, eddig: Kezdő=225, Második=103, Döntetlen=4
Játék 333/1000 kész, eddig: Kezdő=225, Második=104, Döntetlen=4
Játék 334/1000 kész, eddig: Kezdő=225, Második=105, Döntetlen=4
Játék 335/1000 kész, eddig: Kezdő=226, Második=105, Döntetlen=4
Játék 336/1000 kész, eddig: Kezdő=227, Második=105, Döntetlen=4
Játék 337/1000 kész, eddig: Kezdő=227, Második=106, Döntetlen=4
Játék 338/1000 kész, eddig: Kezdő=228, Második=106, Döntetlen=4
Játék 339/1000 kész, eddig: Kezdő=229, Második=106, Döntetlen=4
Játék 340/1000 kész, eddig: Kezdő=230, Második=106, Döntetlen=4
Játék 341/1000 kész, eddig: Kezdő=231, Második=106, Döntetlen=4
Játék 342/1000 kész, eddig: Kezdő=232, Második=106, Döntetlen=4
Játék 343/1000 kész, eddig: Kezdő=233, Második=106, Döntetlen=4
Játék 344/1000 kész, eddig: Kezdő=234, Második=106, Döntetlen=4
Játék 345/1000 kész, eddig: Kezdő=235, Második=106, Döntetlen=4
Játék 346/1000 kész, eddig: Kezdő=236, Második=106, Döntetlen=4
Játék 347/1000 kész, eddig: Kezdő=237, Második=106, Döntetlen=4
Játék 348/1000 kész, eddig: Kezdő=237, Második=107, Döntetlen=4
Játék 349/1000 kész, eddig: Kezdő=238, Második=107, Döntetlen=4
Játék 350/1000 kész, eddig: Kezdő=238, Második=108, Döntetlen=4
Játék 351/1000 kész, eddig: Kezdő=239, Második=108, Döntetlen=4
Játék 352/1000 kész, eddig: Kezdő=240, Második=108, Döntetlen=4
Játék 353/1000 kész, eddig: Kezdő=241, Második=108, Döntetlen=4
Játék 354/1000 kész, eddig: Kezdő=242, Második=108, Döntetlen=4
Játék 355/1000 kész, eddig: Kezdő=243, Második=108, Döntetlen=4
Játék 356/1000 kész, eddig: Kezdő=244, Második=108, Döntetlen=4
Játék 357/1000 kész, eddig: Kezdő=245, Második=108, Döntetlen=4
Játék 358/1000 kész, eddig: Kezdő=246, Második=108, Döntetlen=4
Játék 359/1000 kész, eddig: Kezdő=247, Második=108, Döntetlen=4
Játék 360/1000 kész, eddig: Kezdő=247, Második=109, Döntetlen=4
Játék 361/1000 kész, eddig: Kezdő=248, Második=109, Döntetlen=4
Játék 362/1000 kész, eddig: Kezdő=249, Második=109, Döntetlen=4
Játék 363/1000 kész, eddig: Kezdő=250, Második=109, Döntetlen=4
Játék 364/1000 kész, eddig: Kezdő=251, Második=109, Döntetlen=4
Játék 365/1000 kész, eddig: Kezdő=252, Második=109, Döntetlen=4
Játék 366/1000 kész, eddig: Kezdő=253, Második=109, Döntetlen=4
Játék 367/1000 kész, eddig: Kezdő=254, Második=109, Döntetlen=4
Játék 368/1000 kész, eddig: Kezdő=255, Második=109, Döntetlen=4
Játék 369/1000 kész, eddig: Kezdő=256, Második=109, Döntetlen=4
Játék 370/1000 kész, eddig: Kezdő=257, Második=109, Döntetlen=4
Játék 371/1000 kész, eddig: Kezdő=257, Második=110, Döntetlen=4
Játék 372/1000 kész, eddig: Kezdő=258, Második=110, Döntetlen=4
Játék 373/1000 kész, eddig: Kezdő=259, Második=110, Döntetlen=4
Játék 374/1000 kész, eddig: Kezdő=260, Második=110, Döntetlen=4
Játék 375/1000 kész, eddig: Kezdő=260, Második=111, Döntetlen=4
Játék 376/1000 kész, eddig: Kezdő=261, Második=111, Döntetlen=4
Játék 377/1000 kész, eddig: Kezdő=262, Második=111, Döntetlen=4
Játék 378/1000 kész, eddig: Kezdő=262, Második=112, Döntetlen=4
Játék 379/1000 kész, eddig: Kezdő=263, Második=112, Döntetlen=4
Játék 380/1000 kész, eddig: Kezdő=264, Második=112, Döntetlen=4
Játék 381/1000 kész, eddig: Kezdő=265, Második=112, Döntetlen=4
Játék 382/1000 kész, eddig: Kezdő=265, Második=113, Döntetlen=4
Játék 383/1000 kész, eddig: Kezdő=266, Második=113, Döntetlen=4
Játék 384/1000 kész, eddig: Kezdő=266, Második=114, Döntetlen=4
Játék 385/1000 kész, eddig: Kezdő=267, Második=114, Döntetlen=4
Játék 386/1000 kész, eddig: Kezdő=267, Második=115, Döntetlen=4
Játék 387/1000 kész, eddig: Kezdő=267, Második=116, Döntetlen=4
Játék 388/1000 kész, eddig: Kezdő=268, Második=116, Döntetlen=4
Játék 389/1000 kész, eddig: Kezdő=269, Második=116, Döntetlen=4
Játék 390/1000 kész, eddig: Kezdő=269, Második=117, Döntetlen=4
Játék 391/1000 kész, eddig: Kezdő=270, Második=117, Döntetlen=4
Játék 392/1000 kész, eddig: Kezdő=271, Második=117, Döntetlen=4
Játék 393/1000 kész, eddig: Kezdő=271, Második=118, Döntetlen=4
Játék 394/1000 kész, eddig: Kezdő=272, Második=118, Döntetlen=4
Játék 395/1000 kész, eddig: Kezdő=272, Második=119, Döntetlen=4
Játék 396/1000 kész, eddig: Kezdő=272, Második=120, Döntetlen=4
Játék 397/1000 kész, eddig: Kezdő=273, Második=120, Döntetlen=4
Játék 398/1000 kész, eddig: Kezdő=274, Második=120, Döntetlen=4
Játék 399/1000 kész, eddig: Kezdő=275, Második=120, Döntetlen=4
Játék 400/1000 kész, eddig: Kezdő=276, Második=120, Döntetlen=4
Játék 401/1000 kész, eddig: Kezdő=277, Második=120, Döntetlen=4
Játék 402/1000 kész, eddig: Kezdő=278, Második=120, Döntetlen=4
Játék 403/1000 kész, eddig: Kezdő=279, Második=120, Döntetlen=4
Játék 404/1000 kész, eddig: Kezdő=280, Második=120, Döntetlen=4
Játék 405/1000 kész, eddig: Kezdő=280, Második=121, Döntetlen=4
Játék 406/1000 kész, eddig: Kezdő=280, Második=122, Döntetlen=4
Játék 407/1000 kész, eddig: Kezdő=281, Második=122, Döntetlen=4
Játék 408/1000 kész, eddig: Kezdő=282, Második=122, Döntetlen=4
Játék 409/1000 kész, eddig: Kezdő=282, Második=123, Döntetlen=4
Játék 410/1000 kész, eddig: Kezdő=282, Második=124, Döntetlen=4
Játék 411/1000 kész, eddig: Kezdő=283, Második=124, Döntetlen=4
Játék 412/1000 kész, eddig: Kezdő=284, Második=124, Döntetlen=4
Játék 413/1000 kész, eddig: Kezdő=285, Második=124, Döntetlen=4
Játék 414/1000 kész, eddig: Kezdő=286, Második=124, Döntetlen=4
Játék 415/1000 kész, eddig: Kezdő=287, Második=124, Döntetlen=4
Játék 416/1000 kész, eddig: Kezdő=288, Második=124, Döntetlen=4
Játék 417/1000 kész, eddig: Kezdő=289, Második=124, Döntetlen=4
Játék 418/1000 kész, eddig: Kezdő=290, Második=124, Döntetlen=4
Játék 419/1000 kész, eddig: Kezdő=290, Második=125, Döntetlen=4
Játék 420/1000 kész, eddig: Kezdő=291, Második=125, Döntetlen=4
Játék 421/1000 kész, eddig: Kezdő=292, Második=125, Döntetlen=4
Játék 422/1000 kész, eddig: Kezdő=293, Második=125, Döntetlen=4
Játék 423/1000 kész, eddig: Kezdő=294, Második=125, Döntetlen=4
Játék 424/1000 kész, eddig: Kezdő=295, Második=125, Döntetlen=4
Játék 425/1000 kész, eddig: Kezdő=295, Második=126, Döntetlen=4
Játék 426/1000 kész, eddig: Kezdő=295, Második=127, Döntetlen=4
Játék 427/1000 kész, eddig: Kezdő=296, Második=127, Döntetlen=4
Játék 428/1000 kész, eddig: Kezdő=297, Második=127, Döntetlen=4
Játék 429/1000 kész, eddig: Kezdő=298, Második=127, Döntetlen=4
Játék 430/1000 kész, eddig: Kezdő=299, Második=127, Döntetlen=4
Játék 431/1000 kész, eddig: Kezdő=299, Második=128, Döntetlen=4
Játék 432/1000 kész, eddig: Kezdő=299, Második=129, Döntetlen=4
Játék 433/1000 kész, eddig: Kezdő=299, Második=130, Döntetlen=4
Játék 434/1000 kész, eddig: Kezdő=299, Második=131, Döntetlen=4
Játék 435/1000 kész, eddig: Kezdő=299, Második=132, Döntetlen=4
Játék 436/1000 kész, eddig: Kezdő=300, Második=132, Döntetlen=4
Játék 437/1000 kész, eddig: Kezdő=301, Második=132, Döntetlen=4
Játék 438/1000 kész, eddig: Kezdő=302, Második=132, Döntetlen=4
Játék 439/1000 kész, eddig: Kezdő=302, Második=133, Döntetlen=4
Játék 440/1000 kész, eddig: Kezdő=303, Második=133, Döntetlen=4
Játék 441/1000 kész, eddig: Kezdő=304, Második=133, Döntetlen=4
Játék 442/1000 kész, eddig: Kezdő=304, Második=134, Döntetlen=4
Játék 443/1000 kész, eddig: Kezdő=305, Második=134, Döntetlen=4
Játék 444/1000 kész, eddig: Kezdő=306, Második=134, Döntetlen=4
Játék 445/1000 kész, eddig: Kezdő=307, Második=134, Döntetlen=4
Játék 446/1000 kész, eddig: Kezdő=307, Második=135, Döntetlen=4
Játék 447/1000 kész, eddig: Kezdő=308, Második=135, Döntetlen=4
Játék 448/1000 kész, eddig: Kezdő=308, Második=136, Döntetlen=4
Játék 449/1000 kész, eddig: Kezdő=308, Második=137, Döntetlen=4
Játék 450/1000 kész, eddig: Kezdő=308, Második=138, Döntetlen=4
Játék 451/1000 kész, eddig: Kezdő=309, Második=138, Döntetlen=4
Játék 452/1000 kész, eddig: Kezdő=310, Második=138, Döntetlen=4
Játék 453/1000 kész, eddig: Kezdő=311, Második=138, Döntetlen=4
Játék 454/1000 kész, eddig: Kezdő=312, Második=138, Döntetlen=4
Játék 455/1000 kész, eddig: Kezdő=313, Második=138, Döntetlen=4
Játék 456/1000 kész, eddig: Kezdő=314, Második=138, Döntetlen=4
Játék 457/1000 kész, eddig: Kezdő=314, Második=139, Döntetlen=4
Játék 458/1000 kész, eddig: Kezdő=315, Második=139, Döntetlen=4
Játék 459/1000 kész, eddig: Kezdő=315, Második=139, Döntetlen=5
Játék 460/1000 kész, eddig: Kezdő=316, Második=139, Döntetlen=5
Játék 461/1000 kész, eddig: Kezdő=317, Második=139, Döntetlen=5
Játék 462/1000 kész, eddig: Kezdő=318, Második=139, Döntetlen=5
Játék 463/1000 kész, eddig: Kezdő=318, Második=140, Döntetlen=5
Játék 464/1000 kész, eddig: Kezdő=319, Második=140, Döntetlen=5
Játék 465/1000 kész, eddig: Kezdő=320, Második=140, Döntetlen=5
Játék 466/1000 kész, eddig: Kezdő=321, Második=140, Döntetlen=5
Játék 467/1000 kész, eddig: Kezdő=321, Második=141, Döntetlen=5
Játék 468/1000 kész, eddig: Kezdő=322, Második=141, Döntetlen=5
Játék 469/1000 kész, eddig: Kezdő=323, Második=141, Döntetlen=5
Játék 470/1000 kész, eddig: Kezdő=324, Második=141, Döntetlen=5
Játék 471/1000 kész, eddig: Kezdő=325, Második=141, Döntetlen=5
Játék 472/1000 kész, eddig: Kezdő=326, Második=141, Döntetlen=5
Játék 473/1000 kész, eddig: Kezdő=327, Második=141, Döntetlen=5
Játék 474/1000 kész, eddig: Kezdő=328, Második=141, Döntetlen=5
Játék 475/1000 kész, eddig: Kezdő=329, Második=141, Döntetlen=5
Játék 476/1000 kész, eddig: Kezdő=330, Második=141, Döntetlen=5
Játék 477/1000 kész, eddig: Kezdő=331, Második=141, Döntetlen=5
Játék 478/1000 kész, eddig: Kezdő=331, Második=142, Döntetlen=5
Játék 479/1000 kész, eddig: Kezdő=332, Második=142, Döntetlen=5
Játék 480/1000 kész, eddig: Kezdő=333, Második=142, Döntetlen=5
Játék 481/1000 kész, eddig: Kezdő=334, Második=142, Döntetlen=5
Játék 482/1000 kész, eddig: Kezdő=335, Második=142, Döntetlen=5
Játék 483/1000 kész, eddig: Kezdő=336, Második=142, Döntetlen=5
Játék 484/1000 kész, eddig: Kezdő=337, Második=142, Döntetlen=5
Játék 485/1000 kész, eddig: Kezdő=338, Második=142, Döntetlen=5
Játék 486/1000 kész, eddig: Kezdő=339, Második=142, Döntetlen=5
Játék 487/1000 kész, eddig: Kezdő=340, Második=142, Döntetlen=5
Játék 488/1000 kész, eddig: Kezdő=340, Második=143, Döntetlen=5
Játék 489/1000 kész, eddig: Kezdő=341, Második=143, Döntetlen=5
Játék 490/1000 kész, eddig: Kezdő=342, Második=143, Döntetlen=5
Játék 491/1000 kész, eddig: Kezdő=343, Második=143, Döntetlen=5
Játék 492/1000 kész, eddig: Kezdő=344, Második=143, Döntetlen=5
Játék 493/1000 kész, eddig: Kezdő=345, Második=143, Döntetlen=5
Játék 494/1000 kész, eddig: Kezdő=346, Második=143, Döntetlen=5
Játék 495/1000 kész, eddig: Kezdő=347, Második=143, Döntetlen=5
Játék 496/1000 kész, eddig: Kezdő=347, Második=144, Döntetlen=5
Játék 497/1000 kész, eddig: Kezdő=348, Második=144, Döntetlen=5
Játék 498/1000 kész, eddig: Kezdő=349, Második=144, Döntetlen=5
Játék 499/1000 kész, eddig: Kezdő=350, Második=144, Döntetlen=5
Játék 500/1000 kész, eddig: Kezdő=350, Második=145, Döntetlen=5
Játék 501/1000 kész, eddig: Kezdő=350, Második=146, Döntetlen=5
Játék 502/1000 kész, eddig: Kezdő=351, Második=146, Döntetlen=5
Játék 503/1000 kész, eddig: Kezdő=352, Második=146, Döntetlen=5
Játék 504/1000 kész, eddig: Kezdő=353, Második=146, Döntetlen=5
Játék 505/1000 kész, eddig: Kezdő=354, Második=146, Döntetlen=5
Játék 506/1000 kész, eddig: Kezdő=355, Második=146, Döntetlen=5
Játék 507/1000 kész, eddig: Kezdő=355, Második=147, Döntetlen=5
Játék 508/1000 kész, eddig: Kezdő=355, Második=148, Döntetlen=5
Játék 509/1000 kész, eddig: Kezdő=356, Második=148, Döntetlen=5
Játék 510/1000 kész, eddig: Kezdő=357, Második=148, Döntetlen=5
Játék 511/1000 kész, eddig: Kezdő=357, Második=149, Döntetlen=5
Játék 512/1000 kész, eddig: Kezdő=358, Második=149, Döntetlen=5
Játék 513/1000 kész, eddig: Kezdő=359, Második=149, Döntetlen=5
Játék 514/1000 kész, eddig: Kezdő=359, Második=150, Döntetlen=5
Játék 515/1000 kész, eddig: Kezdő=360, Második=150, Döntetlen=5
Játék 516/1000 kész, eddig: Kezdő=361, Második=150, Döntetlen=5
Játék 517/1000 kész, eddig: Kezdő=362, Második=150, Döntetlen=5
Játék 518/1000 kész, eddig: Kezdő=362, Második=151, Döntetlen=5
Játék 519/1000 kész, eddig: Kezdő=362, Második=152, Döntetlen=5
Játék 520/1000 kész, eddig: Kezdő=363, Második=152, Döntetlen=5
Játék 521/1000 kész, eddig: Kezdő=364, Második=152, Döntetlen=5
Játék 522/1000 kész, eddig: Kezdő=365, Második=152, Döntetlen=5
Játék 523/1000 kész, eddig: Kezdő=366, Második=152, Döntetlen=5
Játék 524/1000 kész, eddig: Kezdő=366, Második=153, Döntetlen=5
Játék 525/1000 kész, eddig: Kezdő=367, Második=153, Döntetlen=5
Játék 526/1000 kész, eddig: Kezdő=368, Második=153, Döntetlen=5
Játék 527/1000 kész, eddig: Kezdő=369, Második=153, Döntetlen=5
Játék 528/1000 kész, eddig: Kezdő=369, Második=154, Döntetlen=5
Játék 529/1000 kész, eddig: Kezdő=370, Második=154, Döntetlen=5
Játék 530/1000 kész, eddig: Kezdő=371, Második=154, Döntetlen=5
Játék 531/1000 kész, eddig: Kezdő=372, Második=154, Döntetlen=5
Játék 532/1000 kész, eddig: Kezdő=373, Második=154, Döntetlen=5
Játék 533/1000 kész, eddig: Kezdő=373, Második=155, Döntetlen=5
Játék 534/1000 kész, eddig: Kezdő=374, Második=155, Döntetlen=5
Játék 535/1000 kész, eddig: Kezdő=375, Második=155, Döntetlen=5
Játék 536/1000 kész, eddig: Kezdő=375, Második=156, Döntetlen=5
Játék 537/1000 kész, eddig: Kezdő=376, Második=156, Döntetlen=5
Játék 538/1000 kész, eddig: Kezdő=377, Második=156, Döntetlen=5
Játék 539/1000 kész, eddig: Kezdő=378, Második=156, Döntetlen=5
Játék 540/1000 kész, eddig: Kezdő=378, Második=157, Döntetlen=5
Játék 541/1000 kész, eddig: Kezdő=379, Második=157, Döntetlen=5
Játék 542/1000 kész, eddig: Kezdő=379, Második=158, Döntetlen=5
Játék 543/1000 kész, eddig: Kezdő=379, Második=159, Döntetlen=5
Játék 544/1000 kész, eddig: Kezdő=380, Második=159, Döntetlen=5
Játék 545/1000 kész, eddig: Kezdő=381, Második=159, Döntetlen=5
Játék 546/1000 kész, eddig: Kezdő=382, Második=159, Döntetlen=5
Játék 547/1000 kész, eddig: Kezdő=383, Második=159, Döntetlen=5
Játék 548/1000 kész, eddig: Kezdő=384, Második=159, Döntetlen=5
Játék 549/1000 kész, eddig: Kezdő=385, Második=159, Döntetlen=5
Játék 550/1000 kész, eddig: Kezdő=386, Második=159, Döntetlen=5
Játék 551/1000 kész, eddig: Kezdő=386, Második=160, Döntetlen=5
Játék 552/1000 kész, eddig: Kezdő=387, Második=160, Döntetlen=5
Játék 553/1000 kész, eddig: Kezdő=387, Második=161, Döntetlen=5
Játék 554/1000 kész, eddig: Kezdő=387, Második=162, Döntetlen=5
Játék 555/1000 kész, eddig: Kezdő=388, Második=162, Döntetlen=5
Játék 556/1000 kész, eddig: Kezdő=389, Második=162, Döntetlen=5
Játék 557/1000 kész, eddig: Kezdő=389, Második=163, Döntetlen=5
Játék 558/1000 kész, eddig: Kezdő=390, Második=163, Döntetlen=5
Játék 559/1000 kész, eddig: Kezdő=391, Második=163, Döntetlen=5
Játék 560/1000 kész, eddig: Kezdő=392, Második=163, Döntetlen=5
Játék 561/1000 kész, eddig: Kezdő=393, Második=163, Döntetlen=5
Játék 562/1000 kész, eddig: Kezdő=394, Második=163, Döntetlen=5
Játék 563/1000 kész, eddig: Kezdő=395, Második=163, Döntetlen=5
Játék 564/1000 kész, eddig: Kezdő=396, Második=163, Döntetlen=5
Játék 565/1000 kész, eddig: Kezdő=396, Második=164, Döntetlen=5
Játék 566/1000 kész, eddig: Kezdő=397, Második=164, Döntetlen=5
Játék 567/1000 kész, eddig: Kezdő=398, Második=164, Döntetlen=5
Játék 568/1000 kész, eddig: Kezdő=399, Második=164, Döntetlen=5
Játék 569/1000 kész, eddig: Kezdő=400, Második=164, Döntetlen=5
Játék 570/1000 kész, eddig: Kezdő=401, Második=164, Döntetlen=5
Játék 571/1000 kész, eddig: Kezdő=402, Második=164, Döntetlen=5
Játék 572/1000 kész, eddig: Kezdő=403, Második=164, Döntetlen=5
Játék 573/1000 kész, eddig: Kezdő=403, Második=164, Döntetlen=6
Játék 574/1000 kész, eddig: Kezdő=403, Második=165, Döntetlen=6
Játék 575/1000 kész, eddig: Kezdő=404, Második=165, Döntetlen=6
Játék 576/1000 kész, eddig: Kezdő=405, Második=165, Döntetlen=6
Játék 577/1000 kész, eddig: Kezdő=406, Második=165, Döntetlen=6
Játék 578/1000 kész, eddig: Kezdő=406, Második=166, Döntetlen=6
Játék 579/1000 kész, eddig: Kezdő=406, Második=167, Döntetlen=6
Játék 580/1000 kész, eddig: Kezdő=407, Második=167, Döntetlen=6
Játék 581/1000 kész, eddig: Kezdő=407, Második=168, Döntetlen=6
Játék 582/1000 kész, eddig: Kezdő=408, Második=168, Döntetlen=6
Játék 583/1000 kész, eddig: Kezdő=409, Második=168, Döntetlen=6
Játék 584/1000 kész, eddig: Kezdő=410, Második=168, Döntetlen=6
Játék 585/1000 kész, eddig: Kezdő=411, Második=168, Döntetlen=6
Játék 586/1000 kész, eddig: Kezdő=412, Második=168, Döntetlen=6
Játék 587/1000 kész, eddig: Kezdő=413, Második=168, Döntetlen=6
Játék 588/1000 kész, eddig: Kezdő=414, Második=168, Döntetlen=6
Játék 589/1000 kész, eddig: Kezdő=414, Második=169, Döntetlen=6
Játék 590/1000 kész, eddig: Kezdő=415, Második=169, Döntetlen=6
Játék 591/1000 kész, eddig: Kezdő=416, Második=169, Döntetlen=6
Játék 592/1000 kész, eddig: Kezdő=417, Második=169, Döntetlen=6
Játék 593/1000 kész, eddig: Kezdő=418, Második=169, Döntetlen=6
Játék 594/1000 kész, eddig: Kezdő=418, Második=170, Döntetlen=6
Játék 595/1000 kész, eddig: Kezdő=419, Második=170, Döntetlen=6
Játék 596/1000 kész, eddig: Kezdő=419, Második=171, Döntetlen=6
Játék 597/1000 kész, eddig: Kezdő=419, Második=172, Döntetlen=6
Játék 598/1000 kész, eddig: Kezdő=419, Második=173, Döntetlen=6
Játék 599/1000 kész, eddig: Kezdő=419, Második=174, Döntetlen=6
Játék 600/1000 kész, eddig: Kezdő=419, Második=174, Döntetlen=7
Játék 601/1000 kész, eddig: Kezdő=420, Második=174, Döntetlen=7
Játék 602/1000 kész, eddig: Kezdő=421, Második=174, Döntetlen=7
Játék 603/1000 kész, eddig: Kezdő=421, Második=175, Döntetlen=7
Játék 604/1000 kész, eddig: Kezdő=422, Második=175, Döntetlen=7
Játék 605/1000 kész, eddig: Kezdő=423, Második=175, Döntetlen=7
Játék 606/1000 kész, eddig: Kezdő=424, Második=175, Döntetlen=7
Játék 607/1000 kész, eddig: Kezdő=425, Második=175, Döntetlen=7
Játék 608/1000 kész, eddig: Kezdő=426, Második=175, Döntetlen=7
Játék 609/1000 kész, eddig: Kezdő=427, Második=175, Döntetlen=7
Játék 610/1000 kész, eddig: Kezdő=428, Második=175, Döntetlen=7
Játék 611/1000 kész, eddig: Kezdő=429, Második=175, Döntetlen=7
Játék 612/1000 kész, eddig: Kezdő=429, Második=176, Döntetlen=7
Játék 613/1000 kész, eddig: Kezdő=430, Második=176, Döntetlen=7
Játék 614/1000 kész, eddig: Kezdő=431, Második=176, Döntetlen=7
Játék 615/1000 kész, eddig: Kezdő=432, Második=176, Döntetlen=7
Játék 616/1000 kész, eddig: Kezdő=433, Második=176, Döntetlen=7
Játék 617/1000 kész, eddig: Kezdő=433, Második=177, Döntetlen=7
Játék 618/1000 kész, eddig: Kezdő=433, Második=178, Döntetlen=7
Játék 619/1000 kész, eddig: Kezdő=433, Második=179, Döntetlen=7
Játék 620/1000 kész, eddig: Kezdő=433, Második=180, Döntetlen=7
Játék 621/1000 kész, eddig: Kezdő=434, Második=180, Döntetlen=7
Játék 622/1000 kész, eddig: Kezdő=435, Második=180, Döntetlen=7
Játék 623/1000 kész, eddig: Kezdő=435, Második=181, Döntetlen=7
Játék 624/1000 kész, eddig: Kezdő=435, Második=181, Döntetlen=8
Játék 625/1000 kész, eddig: Kezdő=436, Második=181, Döntetlen=8
Játék 626/1000 kész, eddig: Kezdő=437, Második=181, Döntetlen=8
Játék 627/1000 kész, eddig: Kezdő=438, Második=181, Döntetlen=8
Játék 628/1000 kész, eddig: Kezdő=439, Második=181, Döntetlen=8
Játék 629/1000 kész, eddig: Kezdő=440, Második=181, Döntetlen=8
Játék 630/1000 kész, eddig: Kezdő=441, Második=181, Döntetlen=8
Játék 631/1000 kész, eddig: Kezdő=441, Második=182, Döntetlen=8
Játék 632/1000 kész, eddig: Kezdő=442, Második=182, Döntetlen=8
Játék 633/1000 kész, eddig: Kezdő=442, Második=183, Döntetlen=8
Játék 634/1000 kész, eddig: Kezdő=442, Második=184, Döntetlen=8
Játék 635/1000 kész, eddig: Kezdő=442, Második=185, Döntetlen=8
Játék 636/1000 kész, eddig: Kezdő=443, Második=185, Döntetlen=8
Játék 637/1000 kész, eddig: Kezdő=444, Második=185, Döntetlen=8
Játék 638/1000 kész, eddig: Kezdő=445, Második=185, Döntetlen=8
Játék 639/1000 kész, eddig: Kezdő=446, Második=185, Döntetlen=8
Játék 640/1000 kész, eddig: Kezdő=447, Második=185, Döntetlen=8
Játék 641/1000 kész, eddig: Kezdő=448, Második=185, Döntetlen=8
Játék 642/1000 kész, eddig: Kezdő=449, Második=185, Döntetlen=8
Játék 643/1000 kész, eddig: Kezdő=450, Második=185, Döntetlen=8
Játék 644/1000 kész, eddig: Kezdő=451, Második=185, Döntetlen=8
Játék 645/1000 kész, eddig: Kezdő=452, Második=185, Döntetlen=8
Játék 646/1000 kész, eddig: Kezdő=453, Második=185, Döntetlen=8
Játék 647/1000 kész, eddig: Kezdő=454, Második=185, Döntetlen=8
Játék 648/1000 kész, eddig: Kezdő=454, Második=186, Döntetlen=8
Játék 649/1000 kész, eddig: Kezdő=455, Második=186, Döntetlen=8
Játék 650/1000 kész, eddig: Kezdő=455, Második=187, Döntetlen=8
Játék 651/1000 kész, eddig: Kezdő=456, Második=187, Döntetlen=8
Játék 652/1000 kész, eddig: Kezdő=456, Második=187, Döntetlen=9
Játék 653/1000 kész, eddig: Kezdő=457, Második=187, Döntetlen=9
Játék 654/1000 kész, eddig: Kezdő=458, Második=187, Döntetlen=9
Játék 655/1000 kész, eddig: Kezdő=459, Második=187, Döntetlen=9
Játék 656/1000 kész, eddig: Kezdő=459, Második=188, Döntetlen=9
Játék 657/1000 kész, eddig: Kezdő=460, Második=188, Döntetlen=9
Játék 658/1000 kész, eddig: Kezdő=460, Második=189, Döntetlen=9
Játék 659/1000 kész, eddig: Kezdő=461, Második=189, Döntetlen=9
Játék 660/1000 kész, eddig: Kezdő=462, Második=189, Döntetlen=9
Játék 661/1000 kész, eddig: Kezdő=463, Második=189, Döntetlen=9
Játék 662/1000 kész, eddig: Kezdő=464, Második=189, Döntetlen=9
Játék 663/1000 kész, eddig: Kezdő=465, Második=189, Döntetlen=9
Játék 664/1000 kész, eddig: Kezdő=465, Második=190, Döntetlen=9
Játék 665/1000 kész, eddig: Kezdő=465, Második=191, Döntetlen=9
Játék 666/1000 kész, eddig: Kezdő=466, Második=191, Döntetlen=9
Játék 667/1000 kész, eddig: Kezdő=467, Második=191, Döntetlen=9
Játék 668/1000 kész, eddig: Kezdő=468, Második=191, Döntetlen=9
Játék 669/1000 kész, eddig: Kezdő=469, Második=191, Döntetlen=9
Játék 670/1000 kész, eddig: Kezdő=469, Második=192, Döntetlen=9
Játék 671/1000 kész, eddig: Kezdő=470, Második=192, Döntetlen=9
Játék 672/1000 kész, eddig: Kezdő=471, Második=192, Döntetlen=9
Játék 673/1000 kész, eddig: Kezdő=471, Második=193, Döntetlen=9
Játék 674/1000 kész, eddig: Kezdő=471, Második=194, Döntetlen=9
Játék 675/1000 kész, eddig: Kezdő=472, Második=194, Döntetlen=9
Játék 676/1000 kész, eddig: Kezdő=473, Második=194, Döntetlen=9
Játék 677/1000 kész, eddig: Kezdő=473, Második=195, Döntetlen=9
Játék 678/1000 kész, eddig: Kezdő=473, Második=196, Döntetlen=9
Játék 679/1000 kész, eddig: Kezdő=474, Második=196, Döntetlen=9
Játék 680/1000 kész, eddig: Kezdő=474, Második=196, Döntetlen=10
Játék 681/1000 kész, eddig: Kezdő=474, Második=197, Döntetlen=10
Játék 682/1000 kész, eddig: Kezdő=474, Második=198, Döntetlen=10
Játék 683/1000 kész, eddig: Kezdő=474, Második=199, Döntetlen=10
Játék 684/1000 kész, eddig: Kezdő=475, Második=199, Döntetlen=10
Játék 685/1000 kész, eddig: Kezdő=476, Második=199, Döntetlen=10
Játék 686/1000 kész, eddig: Kezdő=477, Második=199, Döntetlen=10
Játék 687/1000 kész, eddig: Kezdő=478, Második=199, Döntetlen=10
Játék 688/1000 kész, eddig: Kezdő=478, Második=200, Döntetlen=10
Játék 689/1000 kész, eddig: Kezdő=479, Második=200, Döntetlen=10
Játék 690/1000 kész, eddig: Kezdő=480, Második=200, Döntetlen=10
Játék 691/1000 kész, eddig: Kezdő=480, Második=201, Döntetlen=10
Játék 692/1000 kész, eddig: Kezdő=480, Második=202, Döntetlen=10
Játék 693/1000 kész, eddig: Kezdő=481, Második=202, Döntetlen=10
Játék 694/1000 kész, eddig: Kezdő=482, Második=202, Döntetlen=10
Játék 695/1000 kész, eddig: Kezdő=483, Második=202, Döntetlen=10
Játék 696/1000 kész, eddig: Kezdő=484, Második=202, Döntetlen=10
Játék 697/1000 kész, eddig: Kezdő=485, Második=202, Döntetlen=10
Játék 698/1000 kész, eddig: Kezdő=485, Második=203, Döntetlen=10
Játék 699/1000 kész, eddig: Kezdő=485, Második=204, Döntetlen=10
Játék 700/1000 kész, eddig: Kezdő=485, Második=205, Döntetlen=10
Játék 701/1000 kész, eddig: Kezdő=485, Második=206, Döntetlen=10
Játék 702/1000 kész, eddig: Kezdő=486, Második=206, Döntetlen=10
Játék 703/1000 kész, eddig: Kezdő=486, Második=206, Döntetlen=11
Játék 704/1000 kész, eddig: Kezdő=487, Második=206, Döntetlen=11
Játék 705/1000 kész, eddig: Kezdő=487, Második=207, Döntetlen=11
Játék 706/1000 kész, eddig: Kezdő=488, Második=207, Döntetlen=11
Játék 707/1000 kész, eddig: Kezdő=489, Második=207, Döntetlen=11
Játék 708/1000 kész, eddig: Kezdő=490, Második=207, Döntetlen=11
Játék 709/1000 kész, eddig: Kezdő=491, Második=207, Döntetlen=11
Játék 710/1000 kész, eddig: Kezdő=492, Második=207, Döntetlen=11
Játék 711/1000 kész, eddig: Kezdő=492, Második=208, Döntetlen=11
Játék 712/1000 kész, eddig: Kezdő=493, Második=208, Döntetlen=11
Játék 713/1000 kész, eddig: Kezdő=493, Második=209, Döntetlen=11
Játék 714/1000 kész, eddig: Kezdő=494, Második=209, Döntetlen=11
Játék 715/1000 kész, eddig: Kezdő=495, Második=209, Döntetlen=11
Játék 716/1000 kész, eddig: Kezdő=496, Második=209, Döntetlen=11
Játék 717/1000 kész, eddig: Kezdő=497, Második=209, Döntetlen=11
Játék 718/1000 kész, eddig: Kezdő=498, Második=209, Döntetlen=11
Játék 719/1000 kész, eddig: Kezdő=499, Második=209, Döntetlen=11
Játék 720/1000 kész, eddig: Kezdő=500, Második=209, Döntetlen=11
Játék 721/1000 kész, eddig: Kezdő=501, Második=209, Döntetlen=11
Játék 722/1000 kész, eddig: Kezdő=502, Második=209, Döntetlen=11
Játék 723/1000 kész, eddig: Kezdő=503, Második=209, Döntetlen=11
Játék 724/1000 kész, eddig: Kezdő=504, Második=209, Döntetlen=11
Játék 725/1000 kész, eddig: Kezdő=505, Második=209, Döntetlen=11
Játék 726/1000 kész, eddig: Kezdő=506, Második=209, Döntetlen=11
Játék 727/1000 kész, eddig: Kezdő=507, Második=209, Döntetlen=11
Játék 728/1000 kész, eddig: Kezdő=508, Második=209, Döntetlen=11
Játék 729/1000 kész, eddig: Kezdő=509, Második=209, Döntetlen=11
Játék 730/1000 kész, eddig: Kezdő=510, Második=209, Döntetlen=11
Játék 731/1000 kész, eddig: Kezdő=511, Második=209, Döntetlen=11
Játék 732/1000 kész, eddig: Kezdő=511, Második=210, Döntetlen=11
Játék 733/1000 kész, eddig: Kezdő=512, Második=210, Döntetlen=11
Játék 734/1000 kész, eddig: Kezdő=513, Második=210, Döntetlen=11
Játék 735/1000 kész, eddig: Kezdő=514, Második=210, Döntetlen=11
Játék 736/1000 kész, eddig: Kezdő=514, Második=211, Döntetlen=11
Játék 737/1000 kész, eddig: Kezdő=515, Második=211, Döntetlen=11
Játék 738/1000 kész, eddig: Kezdő=516, Második=211, Döntetlen=11
Játék 739/1000 kész, eddig: Kezdő=517, Második=211, Döntetlen=11
Játék 740/1000 kész, eddig: Kezdő=518, Második=211, Döntetlen=11
Játék 741/1000 kész, eddig: Kezdő=519, Második=211, Döntetlen=11
Játék 742/1000 kész, eddig: Kezdő=520, Második=211, Döntetlen=11
Játék 743/1000 kész, eddig: Kezdő=521, Második=211, Döntetlen=11
Játék 744/1000 kész, eddig: Kezdő=522, Második=211, Döntetlen=11
Játék 745/1000 kész, eddig: Kezdő=523, Második=211, Döntetlen=11
Játék 746/1000 kész, eddig: Kezdő=524, Második=211, Döntetlen=11
Játék 747/1000 kész, eddig: Kezdő=524, Második=212, Döntetlen=11
Játék 748/1000 kész, eddig: Kezdő=524, Második=213, Döntetlen=11
Játék 749/1000 kész, eddig: Kezdő=524, Második=214, Döntetlen=11
Játék 750/1000 kész, eddig: Kezdő=525, Második=214, Döntetlen=11
Játék 751/1000 kész, eddig: Kezdő=525, Második=215, Döntetlen=11
Játék 752/1000 kész, eddig: Kezdő=525, Második=216, Döntetlen=11
Játék 753/1000 kész, eddig: Kezdő=526, Második=216, Döntetlen=11
Játék 754/1000 kész, eddig: Kezdő=526, Második=217, Döntetlen=11
Játék 755/1000 kész, eddig: Kezdő=527, Második=217, Döntetlen=11
Játék 756/1000 kész, eddig: Kezdő=528, Második=217, Döntetlen=11
Játék 757/1000 kész, eddig: Kezdő=529, Második=217, Döntetlen=11
Játék 758/1000 kész, eddig: Kezdő=530, Második=217, Döntetlen=11
Játék 759/1000 kész, eddig: Kezdő=531, Második=217, Döntetlen=11
Játék 760/1000 kész, eddig: Kezdő=532, Második=217, Döntetlen=11
Játék 761/1000 kész, eddig: Kezdő=532, Második=218, Döntetlen=11
Játék 762/1000 kész, eddig: Kezdő=533, Második=218, Döntetlen=11
Játék 763/1000 kész, eddig: Kezdő=533, Második=218, Döntetlen=12
Játék 764/1000 kész, eddig: Kezdő=534, Második=218, Döntetlen=12
Játék 765/1000 kész, eddig: Kezdő=535, Második=218, Döntetlen=12
Játék 766/1000 kész, eddig: Kezdő=536, Második=218, Döntetlen=12
Játék 767/1000 kész, eddig: Kezdő=537, Második=218, Döntetlen=12
Játék 768/1000 kész, eddig: Kezdő=537, Második=219, Döntetlen=12
Játék 769/1000 kész, eddig: Kezdő=538, Második=219, Döntetlen=12
Játék 770/1000 kész, eddig: Kezdő=539, Második=219, Döntetlen=12
Játék 771/1000 kész, eddig: Kezdő=540, Második=219, Döntetlen=12
Játék 772/1000 kész, eddig: Kezdő=540, Második=220, Döntetlen=12
Játék 773/1000 kész, eddig: Kezdő=540, Második=221, Döntetlen=12
Játék 774/1000 kész, eddig: Kezdő=541, Második=221, Döntetlen=12
Játék 775/1000 kész, eddig: Kezdő=542, Második=221, Döntetlen=12
Játék 776/1000 kész, eddig: Kezdő=542, Második=222, Döntetlen=12
Játék 777/1000 kész, eddig: Kezdő=542, Második=223, Döntetlen=12
Játék 778/1000 kész, eddig: Kezdő=542, Második=224, Döntetlen=12
Játék 779/1000 kész, eddig: Kezdő=542, Második=225, Döntetlen=12
Játék 780/1000 kész, eddig: Kezdő=542, Második=226, Döntetlen=12
Játék 781/1000 kész, eddig: Kezdő=543, Második=226, Döntetlen=12
Játék 782/1000 kész, eddig: Kezdő=543, Második=227, Döntetlen=12
Játék 783/1000 kész, eddig: Kezdő=544, Második=227, Döntetlen=12
Játék 784/1000 kész, eddig: Kezdő=544, Második=228, Döntetlen=12
Játék 785/1000 kész, eddig: Kezdő=545, Második=228, Döntetlen=12
Játék 786/1000 kész, eddig: Kezdő=546, Második=228, Döntetlen=12
Játék 787/1000 kész, eddig: Kezdő=547, Második=228, Döntetlen=12
Játék 788/1000 kész, eddig: Kezdő=548, Második=228, Döntetlen=12
Játék 789/1000 kész, eddig: Kezdő=548, Második=229, Döntetlen=12
Játék 790/1000 kész, eddig: Kezdő=549, Második=229, Döntetlen=12
Játék 791/1000 kész, eddig: Kezdő=549, Második=230, Döntetlen=12
Játék 792/1000 kész, eddig: Kezdő=550, Második=230, Döntetlen=12
Játék 793/1000 kész, eddig: Kezdő=550, Második=231, Döntetlen=12
Játék 794/1000 kész, eddig: Kezdő=551, Második=231, Döntetlen=12
Játék 795/1000 kész, eddig: Kezdő=552, Második=231, Döntetlen=12
Játék 796/1000 kész, eddig: Kezdő=552, Második=232, Döntetlen=12
Játék 797/1000 kész, eddig: Kezdő=552, Második=233, Döntetlen=12
Játék 798/1000 kész, eddig: Kezdő=552, Második=234, Döntetlen=12
Játék 799/1000 kész, eddig: Kezdő=553, Második=234, Döntetlen=12
Játék 800/1000 kész, eddig: Kezdő=553, Második=235, Döntetlen=12
Játék 801/1000 kész, eddig: Kezdő=554, Második=235, Döntetlen=12
Játék 802/1000 kész, eddig: Kezdő=554, Második=236, Döntetlen=12
Játék 803/1000 kész, eddig: Kezdő=554, Második=237, Döntetlen=12
Játék 804/1000 kész, eddig: Kezdő=555, Második=237, Döntetlen=12
Játék 805/1000 kész, eddig: Kezdő=556, Második=237, Döntetlen=12
Játék 806/1000 kész, eddig: Kezdő=557, Második=237, Döntetlen=12
Játék 807/1000 kész, eddig: Kezdő=558, Második=237, Döntetlen=12
Játék 808/1000 kész, eddig: Kezdő=559, Második=237, Döntetlen=12
Játék 809/1000 kész, eddig: Kezdő=560, Második=237, Döntetlen=12
Játék 810/1000 kész, eddig: Kezdő=561, Második=237, Döntetlen=12
Játék 811/1000 kész, eddig: Kezdő=562, Második=237, Döntetlen=12
Játék 812/1000 kész, eddig: Kezdő=563, Második=237, Döntetlen=12
Játék 813/1000 kész, eddig: Kezdő=564, Második=237, Döntetlen=12
Játék 814/1000 kész, eddig: Kezdő=564, Második=238, Döntetlen=12
Játék 815/1000 kész, eddig: Kezdő=565, Második=238, Döntetlen=12
Játék 816/1000 kész, eddig: Kezdő=566, Második=238, Döntetlen=12
Játék 817/1000 kész, eddig: Kezdő=567, Második=238, Döntetlen=12
Játék 818/1000 kész, eddig: Kezdő=568, Második=238, Döntetlen=12
Játék 819/1000 kész, eddig: Kezdő=569, Második=238, Döntetlen=12
Játék 820/1000 kész, eddig: Kezdő=569, Második=239, Döntetlen=12
Játék 821/1000 kész, eddig: Kezdő=569, Második=240, Döntetlen=12
Játék 822/1000 kész, eddig: Kezdő=570, Második=240, Döntetlen=12
Játék 823/1000 kész, eddig: Kezdő=571, Második=240, Döntetlen=12
Játék 824/1000 kész, eddig: Kezdő=572, Második=240, Döntetlen=12
Játék 825/1000 kész, eddig: Kezdő=573, Második=240, Döntetlen=12
Játék 826/1000 kész, eddig: Kezdő=574, Második=240, Döntetlen=12
Játék 827/1000 kész, eddig: Kezdő=575, Második=240, Döntetlen=12
Játék 828/1000 kész, eddig: Kezdő=576, Második=240, Döntetlen=12
Játék 829/1000 kész, eddig: Kezdő=577, Második=240, Döntetlen=12
Játék 830/1000 kész, eddig: Kezdő=578, Második=240, Döntetlen=12
Játék 831/1000 kész, eddig: Kezdő=579, Második=240, Döntetlen=12
Játék 832/1000 kész, eddig: Kezdő=580, Második=240, Döntetlen=12
Játék 833/1000 kész, eddig: Kezdő=581, Második=240, Döntetlen=12
Játék 834/1000 kész, eddig: Kezdő=582, Második=240, Döntetlen=12
Játék 835/1000 kész, eddig: Kezdő=583, Második=240, Döntetlen=12
Játék 836/1000 kész, eddig: Kezdő=584, Második=240, Döntetlen=12
Játék 837/1000 kész, eddig: Kezdő=584, Második=240, Döntetlen=13
Játék 838/1000 kész, eddig: Kezdő=585, Második=240, Döntetlen=13
Játék 839/1000 kész, eddig: Kezdő=586, Második=240, Döntetlen=13
Játék 840/1000 kész, eddig: Kezdő=586, Második=241, Döntetlen=13
Játék 841/1000 kész, eddig: Kezdő=586, Második=242, Döntetlen=13
Játék 842/1000 kész, eddig: Kezdő=587, Második=242, Döntetlen=13
Játék 843/1000 kész, eddig: Kezdő=587, Második=243, Döntetlen=13
Játék 844/1000 kész, eddig: Kezdő=588, Második=243, Döntetlen=13
Játék 845/1000 kész, eddig: Kezdő=589, Második=243, Döntetlen=13
Játék 846/1000 kész, eddig: Kezdő=590, Második=243, Döntetlen=13
Játék 847/1000 kész, eddig: Kezdő=590, Második=244, Döntetlen=13
Játék 848/1000 kész, eddig: Kezdő=591, Második=244, Döntetlen=13
Játék 849/1000 kész, eddig: Kezdő=591, Második=245, Döntetlen=13
Játék 850/1000 kész, eddig: Kezdő=592, Második=245, Döntetlen=13
Játék 851/1000 kész, eddig: Kezdő=592, Második=246, Döntetlen=13
Játék 852/1000 kész, eddig: Kezdő=592, Második=247, Döntetlen=13
Játék 853/1000 kész, eddig: Kezdő=592, Második=247, Döntetlen=14
Játék 854/1000 kész, eddig: Kezdő=593, Második=247, Döntetlen=14
Játék 855/1000 kész, eddig: Kezdő=594, Második=247, Döntetlen=14
Játék 856/1000 kész, eddig: Kezdő=595, Második=247, Döntetlen=14
Játék 857/1000 kész, eddig: Kezdő=596, Második=247, Döntetlen=14
Játék 858/1000 kész, eddig: Kezdő=597, Második=247, Döntetlen=14
Játék 859/1000 kész, eddig: Kezdő=598, Második=247, Döntetlen=14
Játék 860/1000 kész, eddig: Kezdő=599, Második=247, Döntetlen=14
Játék 861/1000 kész, eddig: Kezdő=600, Második=247, Döntetlen=14
Játék 862/1000 kész, eddig: Kezdő=601, Második=247, Döntetlen=14
Játék 863/1000 kész, eddig: Kezdő=602, Második=247, Döntetlen=14
Játék 864/1000 kész, eddig: Kezdő=602, Második=248, Döntetlen=14
Játék 865/1000 kész, eddig: Kezdő=603, Második=248, Döntetlen=14
Játék 866/1000 kész, eddig: Kezdő=604, Második=248, Döntetlen=14
Játék 867/1000 kész, eddig: Kezdő=605, Második=248, Döntetlen=14
Játék 868/1000 kész, eddig: Kezdő=605, Második=249, Döntetlen=14
Játék 869/1000 kész, eddig: Kezdő=606, Második=249, Döntetlen=14
Játék 870/1000 kész, eddig: Kezdő=607, Második=249, Döntetlen=14
Játék 871/1000 kész, eddig: Kezdő=607, Második=250, Döntetlen=14
Játék 872/1000 kész, eddig: Kezdő=608, Második=250, Döntetlen=14
Játék 873/1000 kész, eddig: Kezdő=609, Második=250, Döntetlen=14
Játék 874/1000 kész, eddig: Kezdő=610, Második=250, Döntetlen=14
Játék 875/1000 kész, eddig: Kezdő=611, Második=250, Döntetlen=14
Játék 876/1000 kész, eddig: Kezdő=612, Második=250, Döntetlen=14
Játék 877/1000 kész, eddig: Kezdő=613, Második=250, Döntetlen=14
Játék 878/1000 kész, eddig: Kezdő=614, Második=250, Döntetlen=14
Játék 879/1000 kész, eddig: Kezdő=614, Második=251, Döntetlen=14
Játék 880/1000 kész, eddig: Kezdő=615, Második=251, Döntetlen=14
Játék 881/1000 kész, eddig: Kezdő=615, Második=252, Döntetlen=14
Játék 882/1000 kész, eddig: Kezdő=615, Második=253, Döntetlen=14
Játék 883/1000 kész, eddig: Kezdő=616, Második=253, Döntetlen=14
Játék 884/1000 kész, eddig: Kezdő=617, Második=253, Döntetlen=14
Játék 885/1000 kész, eddig: Kezdő=618, Második=253, Döntetlen=14
Játék 886/1000 kész, eddig: Kezdő=618, Második=254, Döntetlen=14
Játék 887/1000 kész, eddig: Kezdő=618, Második=255, Döntetlen=14
Játék 888/1000 kész, eddig: Kezdő=618, Második=256, Döntetlen=14
Játék 889/1000 kész, eddig: Kezdő=619, Második=256, Döntetlen=14
Játék 890/1000 kész, eddig: Kezdő=619, Második=257, Döntetlen=14
Játék 891/1000 kész, eddig: Kezdő=620, Második=257, Döntetlen=14
Játék 892/1000 kész, eddig: Kezdő=620, Második=258, Döntetlen=14
Játék 893/1000 kész, eddig: Kezdő=620, Második=259, Döntetlen=14
Játék 894/1000 kész, eddig: Kezdő=621, Második=259, Döntetlen=14
Játék 895/1000 kész, eddig: Kezdő=622, Második=259, Döntetlen=14
Játék 896/1000 kész, eddig: Kezdő=623, Második=259, Döntetlen=14
Játék 897/1000 kész, eddig: Kezdő=624, Második=259, Döntetlen=14
Játék 898/1000 kész, eddig: Kezdő=625, Második=259, Döntetlen=14
Játék 899/1000 kész, eddig: Kezdő=626, Második=259, Döntetlen=14
Játék 900/1000 kész, eddig: Kezdő=627, Második=259, Döntetlen=14
Játék 901/1000 kész, eddig: Kezdő=627, Második=260, Döntetlen=14
Játék 902/1000 kész, eddig: Kezdő=628, Második=260, Döntetlen=14
Játék 903/1000 kész, eddig: Kezdő=629, Második=260, Döntetlen=14
Játék 904/1000 kész, eddig: Kezdő=630, Második=260, Döntetlen=14
Játék 905/1000 kész, eddig: Kezdő=631, Második=260, Döntetlen=14
Játék 906/1000 kész, eddig: Kezdő=632, Második=260, Döntetlen=14
Játék 907/1000 kész, eddig: Kezdő=633, Második=260, Döntetlen=14
Játék 908/1000 kész, eddig: Kezdő=634, Második=260, Döntetlen=14
Játék 909/1000 kész, eddig: Kezdő=635, Második=260, Döntetlen=14
Játék 910/1000 kész, eddig: Kezdő=635, Második=261, Döntetlen=14
Játék 911/1000 kész, eddig: Kezdő=635, Második=262, Döntetlen=14
Játék 912/1000 kész, eddig: Kezdő=635, Második=263, Döntetlen=14
Játék 913/1000 kész, eddig: Kezdő=636, Második=263, Döntetlen=14
Játék 914/1000 kész, eddig: Kezdő=636, Második=264, Döntetlen=14
Játék 915/1000 kész, eddig: Kezdő=636, Második=265, Döntetlen=14
Játék 916/1000 kész, eddig: Kezdő=637, Második=265, Döntetlen=14
Játék 917/1000 kész, eddig: Kezdő=637, Második=266, Döntetlen=14
Játék 918/1000 kész, eddig: Kezdő=638, Második=266, Döntetlen=14
Játék 919/1000 kész, eddig: Kezdő=639, Második=266, Döntetlen=14
Játék 920/1000 kész, eddig: Kezdő=640, Második=266, Döntetlen=14
Játék 921/1000 kész, eddig: Kezdő=641, Második=266, Döntetlen=14
Játék 922/1000 kész, eddig: Kezdő=642, Második=266, Döntetlen=14
Játék 923/1000 kész, eddig: Kezdő=643, Második=266, Döntetlen=14
Játék 924/1000 kész, eddig: Kezdő=643, Második=267, Döntetlen=14
Játék 925/1000 kész, eddig: Kezdő=644, Második=267, Döntetlen=14
Játék 926/1000 kész, eddig: Kezdő=645, Második=267, Döntetlen=14
Játék 927/1000 kész, eddig: Kezdő=646, Második=267, Döntetlen=14
Játék 928/1000 kész, eddig: Kezdő=647, Második=267, Döntetlen=14
Játék 929/1000 kész, eddig: Kezdő=648, Második=267, Döntetlen=14
Játék 930/1000 kész, eddig: Kezdő=648, Második=268, Döntetlen=14
Játék 931/1000 kész, eddig: Kezdő=649, Második=268, Döntetlen=14
Játék 932/1000 kész, eddig: Kezdő=649, Második=269, Döntetlen=14
Játék 933/1000 kész, eddig: Kezdő=650, Második=269, Döntetlen=14
Játék 934/1000 kész, eddig: Kezdő=651, Második=269, Döntetlen=14
Játék 935/1000 kész, eddig: Kezdő=652, Második=269, Döntetlen=14
Játék 936/1000 kész, eddig: Kezdő=653, Második=269, Döntetlen=14
Játék 937/1000 kész, eddig: Kezdő=654, Második=269, Döntetlen=14
Játék 938/1000 kész, eddig: Kezdő=654, Második=270, Döntetlen=14
Játék 939/1000 kész, eddig: Kezdő=654, Második=271, Döntetlen=14
Játék 940/1000 kész, eddig: Kezdő=654, Második=272, Döntetlen=14
Játék 941/1000 kész, eddig: Kezdő=655, Második=272, Döntetlen=14
Játék 942/1000 kész, eddig: Kezdő=655, Második=273, Döntetlen=14
Játék 943/1000 kész, eddig: Kezdő=656, Második=273, Döntetlen=14
Játék 944/1000 kész, eddig: Kezdő=657, Második=273, Döntetlen=14
Játék 945/1000 kész, eddig: Kezdő=658, Második=273, Döntetlen=14
Játék 946/1000 kész, eddig: Kezdő=659, Második=273, Döntetlen=14
Játék 947/1000 kész, eddig: Kezdő=659, Második=274, Döntetlen=14
Játék 948/1000 kész, eddig: Kezdő=660, Második=274, Döntetlen=14
Játék 949/1000 kész, eddig: Kezdő=660, Második=275, Döntetlen=14
Játék 950/1000 kész, eddig: Kezdő=661, Második=275, Döntetlen=14
Játék 951/1000 kész, eddig: Kezdő=662, Második=275, Döntetlen=14
Játék 952/1000 kész, eddig: Kezdő=662, Második=276, Döntetlen=14
Játék 953/1000 kész, eddig: Kezdő=662, Második=277, Döntetlen=14
Játék 954/1000 kész, eddig: Kezdő=663, Második=277, Döntetlen=14
Játék 955/1000 kész, eddig: Kezdő=663, Második=278, Döntetlen=14
Játék 956/1000 kész, eddig: Kezdő=664, Második=278, Döntetlen=14
Játék 957/1000 kész, eddig: Kezdő=665, Második=278, Döntetlen=14
Játék 958/1000 kész, eddig: Kezdő=666, Második=278, Döntetlen=14
Játék 959/1000 kész, eddig: Kezdő=667, Második=278, Döntetlen=14
Játék 960/1000 kész, eddig: Kezdő=668, Második=278, Döntetlen=14
Játék 961/1000 kész, eddig: Kezdő=668, Második=279, Döntetlen=14
Játék 962/1000 kész, eddig: Kezdő=668, Második=280, Döntetlen=14
Játék 963/1000 kész, eddig: Kezdő=669, Második=280, Döntetlen=14
Játék 964/1000 kész, eddig: Kezdő=670, Második=280, Döntetlen=14
Játék 965/1000 kész, eddig: Kezdő=671, Második=280, Döntetlen=14
Játék 966/1000 kész, eddig: Kezdő=672, Második=280, Döntetlen=14
Játék 967/1000 kész, eddig: Kezdő=673, Második=280, Döntetlen=14
Játék 968/1000 kész, eddig: Kezdő=674, Második=280, Döntetlen=14
Játék 969/1000 kész, eddig: Kezdő=674, Második=281, Döntetlen=14
Játék 970/1000 kész, eddig: Kezdő=675, Második=281, Döntetlen=14
Játék 971/1000 kész, eddig: Kezdő=676, Második=281, Döntetlen=14
Játék 972/1000 kész, eddig: Kezdő=677, Második=281, Döntetlen=14
Játék 973/1000 kész, eddig: Kezdő=678, Második=281, Döntetlen=14
Játék 974/1000 kész, eddig: Kezdő=679, Második=281, Döntetlen=14
Játék 975/1000 kész, eddig: Kezdő=680, Második=281, Döntetlen=14
Játék 976/1000 kész, eddig: Kezdő=681, Második=281, Döntetlen=14
Játék 977/1000 kész, eddig: Kezdő=681, Második=282, Döntetlen=14
Játék 978/1000 kész, eddig: Kezdő=682, Második=282, Döntetlen=14
Játék 979/1000 kész, eddig: Kezdő=682, Második=283, Döntetlen=14
Játék 980/1000 kész, eddig: Kezdő=683, Második=283, Döntetlen=14
Játék 981/1000 kész, eddig: Kezdő=683, Második=284, Döntetlen=14
Játék 982/1000 kész, eddig: Kezdő=684, Második=284, Döntetlen=14
Játék 983/1000 kész, eddig: Kezdő=685, Második=284, Döntetlen=14
Játék 984/1000 kész, eddig: Kezdő=686, Második=284, Döntetlen=14
Játék 985/1000 kész, eddig: Kezdő=687, Második=284, Döntetlen=14
Játék 986/1000 kész, eddig: Kezdő=688, Második=284, Döntetlen=14
Játék 987/1000 kész, eddig: Kezdő=689, Második=284, Döntetlen=14
Játék 988/1000 kész, eddig: Kezdő=690, Második=284, Döntetlen=14
Játék 989/1000 kész, eddig: Kezdő=690, Második=285, Döntetlen=14
Játék 990/1000 kész, eddig: Kezdő=691, Második=285, Döntetlen=14
Játék 991/1000 kész, eddig: Kezdő=691, Második=286, Döntetlen=14
Játék 992/1000 kész, eddig: Kezdő=692, Második=286, Döntetlen=14
Játék 993/1000 kész, eddig: Kezdő=693, Második=286, Döntetlen=14
Játék 994/1000 kész, eddig: Kezdő=693, Második=287, Döntetlen=14
Játék 995/1000 kész, eddig: Kezdő=694, Második=287, Döntetlen=14
Játék 996/1000 kész, eddig: Kezdő=695, Második=287, Döntetlen=14
Játék 997/1000 kész, eddig: Kezdő=695, Második=288, Döntetlen=14
Játék 998/1000 kész, eddig: Kezdő=696, Második=288, Döntetlen=14
Játék 999/1000 kész, eddig: Kezdő=696, Második=289, Döntetlen=14
Játék 1000/1000 kész, eddig: Kezdő=697, Második=289, Döntetlen=14

=== SZIMULÁCIÓ KÉSZ ===
Variáns: Felgyorsított + fordított
Lejátszott meccsek: 1000
Kezdő játékos győzelmek:    697
Második játékos győzelmek:  289
Döntetlenek:                14
Kezdő aránya:    69.70%
Második aránya:  28.90%
Döntetlen:       1.40%
