=== SZIMULÁCIÓ INDUL ===
Variáns: Felgyorsított
Meccsek száma: 1000
Játék 1/1000 kész, eddig: Kezdő=0, Második=1, Döntetlen=0
Játék 2/1000 kész, eddig: Kezdő=1, Második=1, Döntetlen=0
Játék 3/1000 kész, eddig: Kezdő=1, Második=2, Döntetlen=0
Játék 4/1000 kész, eddig: Kezdő=1, Második=3, Döntetlen=0
Játék 5/1000 kész, eddig: Kezdő=2, Második=3, Döntetlen=0
Játék 6/1000 kész, eddig: Kezdő=3, Második=3, Döntetlen=0
Játék 7/1000 kész, eddig: Kezdő=4, Második=3, Döntetlen=0
Játék 8/1000 kész, eddig: Kezdő=4, Második=4, Döntetlen=0
Játék 9/1000 kész, eddig: Kezdő=5, Második=4, Döntetlen=0
Játék 10/1000 kész, eddig: Kezdő=5, Második=5, Döntetlen=0
Játék 11/1000 kész, eddig: Kezdő=6, Második=5, Döntetlen=0
Játék 12/1000 kész, eddig: Kezdő=6, Második=6, Döntetlen=0
Játék 13/1000 kész, eddig: Kezdő=6, Második=7, Döntetlen=0
Játék 14/1000 kész, eddig: Kezdő=6, Második=8, Döntetlen=0
Játék 15/1000 kész, eddig: Kezdő=7, Második=8, Döntetlen=0
Játék 16/1000 kész, eddig: Kezdő=7, Második=9, Döntetlen=0
Játék 17/1000 kész, eddig: Kezdő=8, Második=9, Döntetlen=0
Játék 18/1000 kész, eddig: Kezdő=9, Második=9, Döntetlen=0
Játék 19/1000 kész, eddig: Kezdő=9, Második=10, Döntetlen=0
Játék 20/1000 kész, eddig: Kezdő=9, Második=11, Döntetlen=0
Játék 21/1000 kész, eddig: Kezdő=9, Második=12, Döntetlen=0
Játék 22/1000 kész, eddig: Kezdő=10, Második=12, Döntetlen=0
Játék 23/1000 kész, eddig: Kezdő=10, Második=13, Döntetlen=0
Játék 24/1000 kész, eddig: Kezdő=10, Második=14, Döntetlen=0
Játék 25/1000 kész, eddig: Kezdő=11, Második=14, Döntetlen=0
Játék 26/1000 kész, eddig: Kezdő=11, Második=15, Döntetlen=0
Játék 27/1000 kész, eddig: Kezdő=12, Második=15, Döntetlen=0
Játék 28/1000 kész, eddig: Kezdő=13, Második=15, Döntetlen=0
Játék 29/1000 kész, eddig: Kezdő=13, Második=16, Döntetlen=0
Játék 30/1000 kész, eddig: Kezdő=14, Második=16, Döntetlen=0
Játék 31/1000 kész, eddig: Kezdő=15, Második=16, Döntetlen=0
Játék 32/1000 kész, eddig: Kezdő=16, Második=16, Döntetlen=0
Játék 33/1000 kész, eddig: Kezdő=17, Második=16, Döntetlen=0
Játék 34/1000 kész, eddig: Kezdő=18, Második=16, Döntetlen=0
Játék 35/1000 kész, eddig: Kezdő=18, Második=17, Döntetlen=0
Játék 36/1000 kész, eddig: Kezdő=18, Második=18, Döntetlen=0
Játék 37/1000 kész, eddig: Kezdő=18, Második=19, Döntetlen=0
Játék 38/1000 kész, eddig: Kezdő=18, Második=20, Döntetlen=0
Játék 39/1000 kész, eddig: Kezdő=18, Második=21, Döntetlen=0
Játék 40/1000 kész, eddig: Kezdő=18, Második=22, Döntetlen=0
Játék 41/1000 kész, eddig: Kezdő=19, Második=22, Döntetlen=0
Játék 42/1000 kész, eddig: Kezdő=19, Második=23, Döntetlen=0
Játék 43/1000 kész, eddig: Kezdő=20, Második=23, Döntetlen=0
Játék 44/1000 kész, eddig: Kezdő=21, Második=23, Döntetlen=0
Játék 45/1000 kész, eddig: Kezdő=22, Második=23, Döntetlen=0
Játék 46/1000 kész, eddig: Kezdő=22, Második=24, Döntetlen=0
Játék 47/1000 kész, eddig: Kezdő=22, Második=25, Döntetlen=0
Játék 48/1000 kész, eddig: Kezdő=22, Második=26, Döntetlen=0
Játék 49/1000 kész, eddig: Kezdő=23, Második=26, Döntetlen=0
Játék 50/1000 kész, eddig: Kezdő=24, Második=26, Döntetlen=0
Játék 51/1000 kész, eddig: Kezdő=24, Második=27, Döntetlen=0
Játék 52/1000 kész, eddig: Kezdő=25, Második=27, Döntetlen=0
Játék 53/1000 kész, eddig: Kezdő=26, Második=27, Döntetlen=0
Játék 54/1000 kész, eddig: Kezdő=27, Második=27, Döntetlen=0
Játék 55/1000 kész, eddig: Kezdő=27, Második=28, Döntetlen=0
Játék 56/1000 kész, eddig: Kezdő=27, Második=29, Döntetlen=0
Játék 57/1000 kész, eddig: Kezdő=27, Második=30, Döntetlen=0
Játék 58/1000 kész, eddig: Kezdő=27, Második=31, Döntetlen=0
Játék 59/1000 kész, eddig: Kezdő=27, Második=32, Döntetlen=0
Játék 60/1000 kész, eddig: Kezdő=27, Második=33, Döntetlen=0
Játék 61/1000 kész, eddig: Kezdő=27, Második=34, Döntetlen=0
Játék 62/1000 kész, eddig: Kezdő=27, Második=35, Döntetlen=0
Játék 63/1000 kész, eddig: Kezdő=28, Második=35, Döntetlen=0
Játék 64/1000 kész, eddig: Kezdő=28, Második=36, Döntetlen=0
Játék 65/1000 kész, eddig: Kezdő=28, Második=37, Döntetlen=0
Játék 66/1000 kész, eddig: Kezdő=28, Második=38, Döntetlen=0
Játék 67/1000 kész, eddig: Kezdő=29, Második=38, Döntetlen=0
Játék 68/1000 kész, eddig: Kezdő=29, Második=39, Döntetlen=0
Játék 69/1000 kész, eddig: Kezdő=30, Második=39, Döntetlen=0
Játék 70/1000 kész, eddig: Kezdő=30, Második=40, Döntetlen=0
Játék 71/1000 kész, eddig: Kezdő=31, Második=40, Döntetlen=0
Játék 72/1000 kész, eddig: Kezdő=31, Második=41, Döntetlen=0
Játék 73/1000 kész, eddig: Kezdő=32, Második=41, Döntetlen=0
Játék 74/1000 kész, eddig: Kezdő=33, Második=41, Döntetlen=0
Játék 75/1000 kész, eddig: Kezdő=34, Második=41, Döntetlen=0
Játék 76/1000 kész, eddig: Kezdő=34, Második=42, Döntetlen=0
Játék 77/1000 kész, eddig: Kezdő=34, Második=43, Döntetlen=0
Játék 78/1000 kész, eddig: Kezdő=34, Második=44, Döntetlen=0
Játék 79/1000 kész, eddig: Kezdő=34, Második=45, Döntetlen=0
Játék 80/1000 kész, eddig: Kezdő=34, Második=46, Döntetlen=0
Játék 81/1000 kész, eddig: Kezdő=34, Második=47, Döntetlen=0
Játék 82/1000 kész, eddig: Kezdő=34, Második=48, Döntetlen=0
Játék 83/1000 kész, eddig: Kezdő=34, Második=49, Döntetlen=0
Játék 84/1000 kész, eddig: Kezdő=34, Második=50, Döntetlen=0
Játék 85/1000 kész, eddig: Kezdő=34, Második=51, Döntetlen=0
Játék 86/1000 kész, eddig: Kezdő=34, Második=52, Döntetlen=0
Játék 87/1000 kész, eddig: Kezdő=35, Második=52, Döntetlen=0
Játék 88/1000 kész, eddig: Kezdő=35, Második=53, Döntetlen=0
Játék 89/1000 kész, eddig: Kezdő=35, Második=54, Döntetlen=0
Játék 90/1000 kész, eddig: Kezdő=35, Második=55, Döntetlen=0
Játék 91/1000 kész, eddig: Kezdő=35, Második=56, Döntetlen=0
Játék 92/1000 kész, eddig: Kezdő=35, Második=57, Döntetlen=0
Játék 93/1000 kész, eddig: Kezdő=36, Második=57, Döntetlen=0
Játék 94/1000 kész, eddig: Kezdő=37, Második=57, Döntetlen=0
Játék 95/1000 kész, eddig: Kezdő=38, Második=57, Döntetlen=0
Játék 96/1000 kész, eddig: Kezdő=39, Második=57, Döntetlen=0
Játék 97/1000 kész, eddig: Kezdő=39, Második=58, Döntetlen=0
Játék 98/1000 kész, eddig: Kezdő=40, Második=58, Döntetlen=0
Játék 99/1000 kész, eddig: Kezdő=41, Második=58, Döntetlen=0
Játék 100/1000 kész, eddig: Kezdő=41, Második=59, Döntetlen=0
Játék 101/1000 kész, eddig: Kezdő=41, Második=60, Döntetlen=0
Játék 102/1000 kész, eddig: Kezdő=41, Második=61, Döntetlen=0
Játék 103/1000 kész, eddig: Kezdő=41, Második=62, Döntetlen=0
Játék 104/1000 kész, eddig: Kezdő=41, Második=63, Döntetlen=0
Játék 105/1000 kész, eddig: Kezdő=41, Második=64, Döntetlen=0
Játék 106/1000 kész, eddig: Kezdő=42, Második=64, Döntetlen=0
Játék 107/1000 kész, eddig: Kezdő=43, Második=64, Döntetlen=0
Játék 108/1000 kész, eddig: Kezdő=44, Második=64, Döntetlen=0
Játék 109/1000 kész, eddig: Kezdő=44, Második=65, Döntetlen=0
Játék 110/1000 kész, eddig: Kezdő=44, Második=66, Döntetlen=0
Játék 111/1000 kész, eddig: Kezdő=44, Második=67, Döntetlen=0
Játék 112/1000 kész, eddig: Kezdő=44, Második=68, Döntetlen=0
Játék 113/1000 kész, eddig: Kezdő=44, Második=69, Döntetlen=0
Játék 114/1000 kész, eddig: Kezdő=44, Második=70, Döntetlen=0
Játék 115/1000 kész, eddig: Kezdő=44, Második=71, Döntetlen=0
Játék 116/1000 kész, eddig: Kezdő=44, Második=72, Döntetlen=0
Játék 117/1000 kész, eddig: Kezdő=44, Második=73, Döntetlen=0
Játék 118/1000 kész, eddig: Kezdő=45, Második=73, Döntetlen=0
Játék 119/1000 kész, eddig: Kezdő=45, Második=74, Döntetlen=0
Játék 120/1000 kész, eddig: Kezdő=46, Második=74, Döntetlen=0
Játék 121/1000 kész, eddig: Kezdő=46, Második=75, Döntetlen=0
Játék 122/1000 kész, eddig: Kezdő=47, Második=75, Döntetlen=0
Játék 123/1000 kész, eddig: Kezdő=48, Második=75, Döntetlen=0
Játék 124/1000 kész, eddig: Kezdő=48, Második=76, Döntetlen=0
Játék 125/1000 kész, eddig: Kezdő=49, Második=76, Döntetlen=0
Játék 126/1000 kész, eddig: Kezdő=50, Második=76, Döntetlen=0
Játék 127/1000 kész, eddig: Kezdő=50, Második=77, Döntetlen=0
Játék 128/1000 kész, eddig: Kezdő=50, Második=78, Döntetlen=0
Játék 129/1000 kész, eddig: Kezdő=50, Második=79, Döntetlen=0
Játék 130/1000 kész, eddig: Kezdő=51, Második=79, Döntetlen=0
Játék 131/1000 kész, eddig: Kezdő=51, Második=80, Döntetlen=0
Játék 132/1000 kész, eddig: Kezdő=51, Második=81, Döntetlen=0
Játék 133/1000 kész, eddig: Kezdő=52, Második=81, Döntetlen=0
Játék 134/1000 kész, eddig: Kezdő=52, Második=82, Döntetlen=0
Játék 135/1000 kész, eddig: Kezdő=53, Második=82, Döntetlen=0
Játék 136/1000 kész, eddig: Kezdő=53, Második=83, Döntetlen=0
Játék 137/1000 kész, eddig: Kezdő=53, Második=84, Döntetlen=0
Játék 138/1000 kész, eddig: Kezdő=53, Második=85, Döntetlen=0
Játék 139/1000 kész, eddig: Kezdő=54, Második=85, Döntetlen=0
Játék 140/1000 kész, eddig: Kezdő=55, Második=85, Döntetlen=0
Játék 141/1000 kész, eddig: Kezdő=56, Második=85, Döntetlen=0
Játék 142/1000 kész, eddig: Kezdő=57, Második=85, Döntetlen=0
Játék 143/1000 kész, eddig: Kezdő=57, Második=85, Döntetlen=1
Játék 144/1000 kész, eddig: Kezdő=57, Második=86, Döntetlen=1
Játék 145/1000 kész, eddig: Kezdő=57, Második=87, Döntetlen=1
Játék 146/1000 kész, eddig: Kezdő=58, Második=87, Döntetlen=1
Játék 147/1000 kész, eddig: Kezdő=58, Második=88, Döntetlen=1
Játék 148/1000 kész, eddig: Kezdő=59, Második=88, Döntetlen=1
Játék 149/1000 kész, eddig: Kezdő=59, Második=89, Döntetlen=1
Játék 150/1000 kész, eddig: Kezdő=59, Második=90, Döntetlen=1
Játék 151/1000 kész, eddig: Kezdő=60, Második=90, Döntetlen=1
Játék 152/1000 kész, eddig: Kezdő=61, Második=90, Döntetlen=1
Játék 153/1000 kész, eddig: Kezdő=62, Második=90, Döntetlen=1
Játék 154/1000 kész, eddig: Kezdő=62, Második=91, Döntetlen=1
Játék 155/1000 kész, eddig: Kezdő=63, Második=91, Döntetlen=1
Játék 156/1000 kész, eddig: Kezdő=63, Második=92, Döntetlen=1
Játék 157/1000 kész, eddig: Kezdő=64, Második=92, Döntetlen=1
Játék 158/1000 kész, eddig: Kezdő=65, Második=92, Döntetlen=1
Játék 159/1000 kész, eddig: Kezdő=65, Második=93, Döntetlen=1
Játék 160/1000 kész, eddig: Kezdő=66, Második=93, Döntetlen=1
Játék 161/1000 kész, eddig: Kezdő=66, Második=94, Döntetlen=1
Játék 162/1000 kész, eddig: Kezdő=67, Második=94, Döntetlen=1
Játék 163/1000 kész, eddig: Kezdő=67, Második=95, Döntetlen=1
Játék 164/1000 kész, eddig: Kezdő=67, Második=96, Döntetlen=1
Játék 165/1000 kész, eddig: Kezdő=67, Második=97, Döntetlen=1
Játék 166/1000 kész, eddig: Kezdő=68, Második=97, Döntetlen=1
Játék 167/1000 kész, eddig: Kezdő=68, Második=98, Döntetlen=1
Játék 168/1000 kész, eddig: Kezdő=68, Második=99, Döntetlen=1
Játék 169/1000 kész, eddig: Kezdő=68, Második=100, Döntetlen=1
Játék 170/1000 kész, eddig: Kezdő=69, Második=100, Döntetlen=1
Játék 171/1000 kész, eddig: Kezdő=69, Második=101, Döntetlen=1
Játék 172/1000 kész, eddig: Kezdő=69, Második=102, Döntetlen=1
Játék 173/1000 kész, eddig: Kezdő=69, Második=103, Döntetlen=1
Játék 174/1000 kész, eddig: Kezdő=70, Második=103, Döntetlen=1
Játék 175/1000 kész, eddig: Kezdő=70, Második=104, Döntetlen=1
Játék 176/1000 kész, eddig: Kezdő=70, Második=105, Döntetlen=1
Játék 177/1000 kész, eddig: Kezdő=70, Második=106, Döntetlen=1
Játék 178/1000 kész, eddig: Kezdő=71, Második=106, Döntetlen=1
Játék 179/1000 kész, eddig: Kezdő=71, Második=107, Döntetlen=1
Játék 180/1000 kész, eddig: Kezdő=71, Második=108, Döntetlen=1
Játék 181/1000 kész, eddig: Kezdő=71, Második=109, Döntetlen=1
Játék 182/1000 kész, eddig: Kezdő=71, Második=110, Döntetlen=1
Játék 183/1000 kész, eddig: Kezdő=71, Második=111, Döntetlen=1
Játék 184/1000 kész, eddig: Kezdő=71, Második=112, Döntetlen=1
Játék 185/1000 kész, eddig: Kezdő=72, Második=112, Döntetlen=1
Játék 186/1000 kész, eddig: Kezdő=72, Második=113, Döntetlen=1
Játék 187/1000 kész, eddig: Kezdő=73, Második=113, Döntetlen=1
Játék 188/1000 kész, eddig: Kezdő=73, Második=114, Döntetlen=1
Játék 189/1000 kész, eddig: Kezdő=73, Második=115, Döntetlen=1
Játék 190/1000 kész, eddig: Kezdő=73, Második=116, Döntetlen=1
Játék 191/1000 kész, eddig: Kezdő=74, Második=116, Döntetlen=1
Játék 192/1000 kész, eddig: Kezdő=74, Második=117, Döntetlen=1
Játék 193/1000 kész, eddig: Kezdő=74, Második=118, Döntetlen=1
Játék 194/1000 kész, eddig: Kezdő=74, Második=119, Döntetlen=1
Játék 195/1000 kész, eddig: Kezdő=75, Második=119, Döntetlen=1
Játék 196/1000 kész, eddig: Kezdő=76, Második=119, Döntetlen=1
Játék 197/1000 kész, eddig: Kezdő=76, Második=120, Döntetlen=1
Játék 198/1000 kész, eddig: Kezdő=76, Második=121, Döntetlen=1
Játék 199/1000 kész, eddig: Kezdő=77, Második=121, Döntetlen=1
Játék 200/1000 kész, eddig: Kezdő=78, Második=121, Döntetlen=1
Játék 201/1000 kész, eddig: Kezdő=79, Második=121, Döntetlen=1
Játék 202/1000 kész, eddig: Kezdő=79, Második=122, Döntetlen=1
Játék 203/1000 kész, eddig: Kezdő=79, Második=123, Döntetlen=1
Játék 204/1000 kész, eddig: Kezdő=79, Második=124, Döntetlen=1
Játék 205/1000 kész, eddig: Kezdő=80, Második=124, Döntetlen=1
Játék 206/1000 kész, eddig: Kezdő=81, Második=124, Döntetlen=1
Játék 207/1000 kész, eddig: Kezdő=82, Második=124, Döntetlen=1
Játék 208/1000 kész, eddig: Kezdő=82, Második=125, Döntetlen=1
Játék 209/1000 kész, eddig: Kezdő=83, Második=125, Döntetlen=1
Játék 210/1000 kész, eddig: Kezdő=83, Második=126, Döntetlen=1
Játék 211/1000 kész, eddig: Kezdő=84, Második=126, Döntetlen=1
Játék 212/1000 kész, eddig: Kezdő=84, Második=127, Döntetlen=1
Játék 213/1000 kész, eddig: Kezdő=85, Második=127, Döntetlen=1
Játék 214/1000 kész, eddig: Kezdő=85, Második=128, Döntetlen=1
Játék 215/1000 kész, eddig: Kezdő=85, Második=129, Döntetlen=1
Játék 216/1000 kész, eddig: Kezdő=86, Második=129, Döntetlen=1
Játék 217/1000 kész, eddig: Kezdő=86, Második=130, Döntetlen=1
Játék 218/1000 kész, eddig: Kezdő=86, Második=131, Döntetlen=1
Játék 219/1000 kész, eddig: Kezdő=87, Második=131, Döntetlen=1
Játék 220/1000 kész, eddig: Kezdő=87, Második=132, Döntetlen=1
Játék 221/1000 kész, eddig: Kezdő=87, Második=133, Döntetlen=1
Játék 222/1000 kész, eddig: Kezdő=87, Második=134, Döntetlen=1
Játék 223/1000 kész, eddig: Kezdő=87, Második=135, Döntetlen=1
Játék 224/1000 kész, eddig: Kezdő=88, Második=135, Döntetlen=1
Játék 225/1000 kész, eddig: Kezdő=88, Második=136, Döntetlen=1
Játék 226/1000 kész, eddig: Kezdő=89, Második=136, Döntetlen=1
Játék 227/1000 kész, eddig: Kezdő=90, Második=136, Döntetlen=1
Játék 228/1000 kész, eddig: Kezdő=90, Második=137, Döntetlen=1
Játék 229/1000 kész, eddig: Kezdő=90, Második=138, Döntetlen=1
Játék 230/1000 kész, eddig: Kezdő=90, Második=139, Döntetlen=1
Játék 231/1000 kész, eddig: Kezdő=91, Második=139, Döntetlen=1
Játék 232/1000 kész, eddig: Kezdő=91, Második=140, Döntetlen=1
Játék 233/1000 kész, eddig: Kezdő=91, Második=141, Döntetlen=1
Játék 234/1000 kész, eddig: Kezdő=91, Második=142, Döntetlen=1
Játék 235/1000 kész, eddig: Kezdő=91, Második=143, Döntetlen=1
Játék 236/1000 kész, eddig: Kezdő=92, Második=143, Döntetlen=1
Játék 237/1000 kész, eddig: Kezdő=92, Második=144, Döntetlen=1
Játék 238/1000 kész, eddig: Kezdő=93, Második=144, Döntetlen=1
Játék 239/1000 kész, eddig: Kezdő=94, Második=144, Döntetlen=1
Játék 240/1000 kész, eddig: Kezdő=95, Második=144, Döntetlen=1
Játék 241/1000 kész, eddig: Kezdő=95, Második=145, Döntetlen=1
Játék 242/1000 kész, eddig: Kezdő=95, Második=146, Döntetlen=1
Játék 243/1000 kész, eddig: Kezdő=95, Második=147, Döntetlen=1
Játék 244/1000 kész, eddig: Kezdő=96, Második=147, Döntetlen=1
Játék 245/1000 kész, eddig: Kezdő=96, Második=148, Döntetlen=1
Játék 246/1000 kész, eddig: Kezdő=96, Második=149, Döntetlen=1
Játék 247/1000 kész, eddig: Kezdő=97, Második=149, Döntetlen=1
Játék 248/1000 kész, eddig: Kezdő=97, Második=150, Döntetlen=1
Játék 249/1000 kész, eddig: Kezdő=97, Második=151, Döntetlen=1
Játék 250/1000 kész, eddig: Kezdő=97, Második=152, Döntetlen=1
Játék 251/1000 kész, eddig: Kezdő=98, Második=152, Döntetlen=1
Játék 252/1000 kész, eddig: Kezdő=98, Második=153, Döntetlen=1
Játék 253/1000 kész, eddig: Kezdő=98, Második=154, Döntetlen=1
Játék 254/1000 kész, eddig: Kezdő=98, Második=155, Döntetlen=1
Játék 255/1000 kész, eddig: Kezdő=99, Második=155, Döntetlen=1
Játék 256/1000 kész, eddig: Kezdő=100, Második=155, Döntetlen=1
Játék 257/1000 kész, eddig: Kezdő=100, Második=156, Döntetlen=1
Játék 258/1000 kész, eddig: Kezdő=101, Második=156, Döntetlen=1
Játék 259/1000 kész, eddig: Kezdő=101, Második=157, Döntetlen=1
Játék 260/1000 kész, eddig: Kezdő=101, Második=158, Döntetlen=1
Játék 261/1000 kész, eddig: Kezdő=101, Második=159, Döntetlen=1
Játék 262/1000 kész, eddig: Kezdő=101, Második=160, Döntetlen=1
Játék 263/1000 kész, eddig: Kezdő=101, Második=161, Döntetlen=1
Játék 264/1000 kész, eddig: Kezdő=102, Második=161, Döntetlen=1
Játék 265/1000 kész, eddig: Kezdő=102, Második=162, Döntetlen=1
Játék 266/1000 kész, eddig: Kezdő=103, Második=162, Döntetlen=1
Játék 267/1000 kész, eddig: Kezdő=103, Második=163, Döntetlen=1
Játék 268/1000 kész, eddig: Kezdő=104, Második=163, Döntetlen=1
Játék 269/1000 kész, eddig: Kezdő=104, Második=164, Döntetlen=1
Játék 270/1000 kész, eddig: Kezdő=104, Második=165, Döntetlen=1
Játék 271/1000 kész, eddig: Kezdő=104, Második=166, Döntetlen=1
Játék 272/1000 kész, eddig: Kezdő=104, Második=167, Döntetlen=1
Játék 273/1000 kész, eddig: Kezdő=105, Második=167, Döntetlen=1
Játék 274/1000 kész, eddig: Kezdő=105, Második=168, Döntetlen=1
Játék 275/1000 kész, eddig: Kezdő=106, Második=168, Döntetlen=1
Játék 276/1000 kész, eddig: Kezdő=106, Második=169, Döntetlen=1
Játék 277/1000 kész, eddig: Kezdő=107, Második=169, Döntetlen=1
Játék 278/1000 kész, eddig: Kezdő=108, Második=169, Döntetlen=1
Játék 279/1000 kész, eddig: Kezdő=108, Második=170, Döntetlen=1
Játék 280/1000 kész, eddig: Kezdő=108, Második=171, Döntetlen=1
Játék 281/1000 kész, eddig: Kezdő=109, Második=171, Döntetlen=1
Játék 282/1000 kész, eddig: Kezdő=109, Második=172, Döntetlen=1
Játék 283/1000 kész, eddig: Kezdő=109, Második=173, Döntetlen=1
Játék 284/1000 kész, eddig: Kezdő=109, Második=174, Döntetlen=1
Játék 285/1000 kész, eddig: Kezdő=109, Második=175, Döntetlen=1
Játék 286/1000 kész, eddig: Kezdő=109, Második=176, Döntetlen=1
Játék 287/1000 kész, eddig: Kezdő=110, Második=176, Döntetlen=1
Játék 288/1000 kész, eddig: Kezdő=110, Második=177, Döntetlen=1
Játék 289/1000 kész, eddig: Kezdő=111, Második=177, Döntetlen=1
Játék 290/1000 kész, eddig: Kezdő=112, Második=177, Döntetlen=1
Játék 291/1000 kész, eddig: Kezdő=112, Második=178, Döntetlen=1
Játék 292/1000 kész, eddig: Kezdő=112, Második=179, Döntetlen=1
Játék 293/1000 kész, eddig: Kezdő=112, Második=180, Döntetlen=1
Játék 294/1000 kész, eddig: Kezdő=113, Második=180, Döntetlen=1
Játék 295/1000 kész, eddig: Kezdő=113, Második=181, Döntetlen=1
Játék 296/1000 kész, eddig: Kezdő=114, Második=181, Döntetlen=1
Játék 297/1000 kész, eddig: Kezdő=114, Második=182, Döntetlen=1
Játék 298/1000 kész, eddig: Kezdő=115, Második=182, Döntetlen=1
Játék 299/1000 kész, eddig: Kezdő=116, Második=182, Döntetlen=1
Játék 300/1000 kész, eddig: Kezdő=117, Második=182, Döntetlen=1
Játék 301/1000 kész, eddig: Kezdő=118, Második=182, Döntetlen=1
Játék 302/1000 kész, eddig: Kezdő=119, Második=182, Döntetlen=1
Játék 303/1000 kész, eddig: Kezdő=120, Második=182, Döntetlen=1
Játék 304/1000 kész, eddig: Kezdő=120, Második=183, Döntetlen=1
Játék 305/1000 kész, eddig: Kezdő=121, Második=183, Döntetlen=1
Játék 306/1000 kész, eddig: Kezdő=122, Második=183, Döntetlen=1
Játék 307/1000 kész, eddig: Kezdő=122, Második=184, Döntetlen=1
Játék 308/1000 kész, eddig: Kezdő=122, Második=185, Döntetlen=1
Játék 309/1000 kész, eddig: Kezdő=122, Második=186, Döntetlen=1
Játék 310/1000 kész, eddig: Kezdő=122, Második=187, Döntetlen=1
Játék 311/1000 kész, eddig: Kezdő=122, Második=188, Döntetlen=1
Játék 312/1000 kész, eddig: Kezdő=123, Második=188, Döntetlen=1
Játék 313/1000 kész, eddig: Kezdő=124, Második=188, Döntetlen=1
Játék 314/1000 kész, eddig: Kezdő=124, Második=189, Döntetlen=1
Játék 315/1000 kész, eddig: Kezdő=124, Második=190, Döntetlen=1
Játék 316/1000 kész, eddig: Kezdő=124, Második=191, Döntetlen=1
Játék 317/1000 kész, eddig: Kezdő=125, Második=191, Döntetlen=1
Játék 318/1000 kész, eddig: Kezdő=126, Második=191, Döntetlen=1
Játék 319/1000 kész, eddig: Kezdő=127, Második=191, Döntetlen=1
Játék 320/1000 kész, eddig: Kezdő=128, Második=191, Döntetlen=1
Játék 321/1000 kész, eddig: Kezdő=129, Második=191, Döntetlen=1
Játék 322/1000 kész, eddig: Kezdő=129, Második=192, Döntetlen=1
Játék 323/1000 kész, eddig: Kezdő=129, Második=193, Döntetlen=1
Játék 324/1000 kész, eddig: Kezdő=129, Második=194, Döntetlen=1
Játék 325/1000 kész, eddig: Kezdő=130, Második=194, Döntetlen=1
Játék 326/1000 kész, eddig: Kezdő=131, Második=194, Döntetlen=1
Játék 327/1000 kész, eddig: Kezdő=131, Második=195, Döntetlen=1
Játék 328/1000 kész, eddig: Kezdő=132, Második=195, Döntetlen=1
Játék 329/1000 kész, eddig: Kezdő=132, Második=196, Döntetlen=1
Játék 330/1000 kész, eddig: Kezdő=133, Második=196, Döntetlen=1
Játék 331/1000 kész, eddig: Kezdő=133, Második=197, Döntetlen=1
Játék 332/1000 kész, eddig: Kezdő=134, Második=197, Döntetlen=1
Játék 333/1000 kész, eddig: Kezdő=135, Második=197, Döntetlen=1
Játék 334/1000 kész, eddig: Kezdő=135, Második=198, Döntetlen=1
Játék 335/1000 kész, eddig: Kezdő=135, Második=199, Döntetlen=1
Játék 336/1000 kész, eddig: Kezdő=136, Második=199, Döntetlen=1
Játék 337/1000 kész, eddig: Kezdő=137, Második=199, Döntetlen=1
Játék 338/1000 kész, eddig: Kezdő=137, Második=200, Döntetlen=1
Játék 339/1000 kész, eddig: Kezdő=137, Második=201, Döntetlen=1
Játék 340/1000 kész, eddig: Kezdő=138, Második=201, Döntetlen=1
Játék 341/1000 kész, eddig: Kezdő=139, Második=201, Döntetlen=1
Játék 342/1000 kész, eddig: Kezdő=140, Második=201, Döntetlen=1
Játék 343/1000 kész, eddig: Kezdő=141, Második=201, Döntetlen=1
Játék 344/1000 kész, eddig: Kezdő=142, Második=201, Döntetlen=1
Játék 345/1000 kész, eddig: Kezdő=142, Második=202, Döntetlen=1
Játék 346/1000 kész, eddig: Kezdő=143, Második=202, Döntetlen=1
Játék 347/1000 kész, eddig: Kezdő=143, Második=203, Döntetlen=1
Játék 348/1000 kész, eddig: Kezdő=143, Második=204, Döntetlen=1
Játék 349/1000 kész, eddig: Kezdő=143, Második=205, Döntetlen=1
Játék 350/1000 kész, eddig: Kezdő=144, Második=205, Döntetlen=1
Játék 351/1000 kész, eddig: Kezdő=144, Második=206, Döntetlen=1
Játék 352/1000 kész, eddig: Kezdő=144, Második=207, Döntetlen=1
Játék 353/1000 kész, eddig: Kezdő=145, Második=207, Döntetlen=1
Játék 354/1000 kész, eddig: Kezdő=145, Második=208, Döntetlen=1
Játék 355/1000 kész, eddig: Kezdő=146, Második=208, Döntetlen=1
Játék 356/1000 kész, eddig: Kezdő=147, Második=208, Döntetlen=1
Játék 357/1000 kész, eddig: Kezdő=147, Második=209, Döntetlen=1
Játék 358/1000 kész, eddig: Kezdő=147, Második=210, Döntetlen=1
Játék 359/1000 kész, eddig: Kezdő=147, Második=211, Döntetlen=1
Játék 360/1000 kész, eddig: Kezdő=147, Második=212, Döntetlen=1
Játék 361/1000 kész, eddig: Kezdő=148, Második=212, Döntetlen=1
Játék 362/1000 kész, eddig: Kezdő=149, Második=212, Döntetlen=1
Játék 363/1000 kész, eddig: Kezdő=149, Második=213, Döntetlen=1
Játék 364/1000 kész, eddig: Kezdő=150, Második=213, Döntetlen=1
Játék 365/1000 kész, eddig: Kezdő=150, Második=214, Döntetlen=1
Játék 366/1000 kész, eddig: Kezdő=150, Második=215, Döntetlen=1
Játék 367/1000 kész, eddig: Kezdő=151, Második=215, Döntetlen=1
Játék 368/1000 kész, eddig: Kezdő=151, Második=216, Döntetlen=1
Játék 369/1000 kész, eddig: Kezdő=151, Második=217, Döntetlen=1
Játék 370/1000 kész, eddig: Kezdő=152, Második=217, Döntetlen=1
Játék 371/1000 kész, eddig: Kezdő=152, Második=218, Döntetlen=1
Játék 372/1000 kész, eddig: Kezdő=152, Második=219, Döntetlen=1
Játék 373/1000 kész, eddig: Kezdő=153, Második=219, Döntetlen=1
Játék 374/1000 kész, eddig: Kezdő=154, Második=219, Döntetlen=1
Játék 375/1000 kész, eddig: Kezdő=155, Második=219, Döntetlen=1
Játék 376/1000 kész, eddig: Kezdő=156, Második=219, Döntetlen=1
Játék 377/1000 kész, eddig: Kezdő=157, Második=219, Döntetlen=1
Játék 378/1000 kész, eddig: Kezdő=158, Második=219, Döntetlen=1
Játék 379/1000 kész, eddig: Kezdő=159, Második=219, Döntetlen=1
Játék 380/1000 kész, eddig: Kezdő=159, Második=220, Döntetlen=1
Játék 381/1000 kész, eddig: Kezdő=159, Második=221, Döntetlen=1
Játék 382/1000 kész, eddig: Kezdő=160, Második=221, Döntetlen=1
Játék 383/1000 kész, eddig: Kezdő=161, Második=221, Döntetlen=1
Játék 384/1000 kész, eddig: Kezdő=161, Második=222, Döntetlen=1
Játék 385/1000 kész, eddig: Kezdő=162, Második=222, Döntetlen=1
Játék 386/1000 kész, eddig: Kezdő=162, Második=223, Döntetlen=1
Játék 387/1000 kész, eddig: Kezdő=162, Második=224, Döntetlen=1
Játék 388/1000 kész, eddig: Kezdő=162, Második=225, Döntetlen=1
Játék 389/1000 kész, eddig: Kezdő=162, Második=226, Döntetlen=1
Játék 390/1000 kész, eddig: Kezdő=162, Második=227, Döntetlen=1
Játék 391/1000 kész, eddig: Kezdő=162, Második=228, Döntetlen=1
Játék 392/1000 kész, eddig: Kezdő=163, Második=228, Döntetlen=1
Játék 393/1000 kész, eddig: Kezdő=163, Második=229, Döntetlen=1
Játék 394/1000 kész, eddig: Kezdő=163, Második=230, Döntetlen=1
Játék 395/1000 kész, eddig: Kezdő=163, Második=231, Döntetlen=1
Játék 396/1000 kész, eddig: Kezdő=163, Második=232, Döntetlen=1
Játék 397/1000 kész, eddig: Kezdő=163, Második=233, Döntetlen=1
Játék 398/1000 kész, eddig: Kezdő=164, Második=233, Döntetlen=1
Játék 399/1000 kész, eddig: Kezdő=165, Második=233, Döntetlen=1
Játék 400/1000 kész, eddig: Kezdő=166, Második=233, Döntetlen=1
Játék 401/1000 kész, eddig: Kezdő=166, Második=234, Döntetlen=1
Játék 402/1000 kész, eddig: Kezdő=167, Második=234, Döntetlen=1
Játék 403/1000 kész, eddig: Kezdő=167, Második=235, Döntetlen=1
Játék 404/1000 kész, eddig: Kezdő=167, Második=236, Döntetlen=1
Játék 405/1000 kész, eddig: Kezdő=167, Második=237, Döntetlen=1
Játék 406/1000 kész, eddig: Kezdő=167, Második=238, Döntetlen=1
Játék 407/1000 kész, eddig: Kezdő=167, Második=239, Döntetlen=1
Játék 408/1000 kész, eddig: Kezdő=168, Második=239, Döntetlen=1
Játék 409/1000 kész, eddig: Kezdő=168, Második=240, Döntetlen=1
Játék 410/1000 kész, eddig: Kezdő=169, Második=240, Döntetlen=1
Játék 411/1000 kész, eddig: Kezdő=170, Második=240, Döntetlen=1
Játék 412/1000 kész, eddig: Kezdő=171, Második=240, Döntetlen=1
Játék 413/1000 kész, eddig: Kezdő=171, Második=241, Döntetlen=1
Játék 414/1000 kész, eddig: Kezdő=171, Második=242, Döntetlen=1
Játék 415/1000 kész, eddig: Kezdő=171, Második=243, Döntetlen=1
Játék 416/1000 kész, eddig: Kezdő=172, Második=243, Döntetlen=1
Játék 417/1000 kész, eddig: Kezdő=172, Második=244, Döntetlen=1
Játék 418/1000 kész, eddig: Kezdő=173, Második=244, Döntetlen=1
Játék 419/1000 kész, eddig: Kezdő=174, Második=244, Döntetlen=1
Játék 420/1000 kész, eddig: Kezdő=175, Második=244, Döntetlen=1
Játék 421/1000 kész, eddig: Kezdő=175, Második=245, Döntetlen=1
Játék 422/1000 kész, eddig: Kezdő=176, Második=245, Döntetlen=1
Játék 423/1000 kész, eddig: Kezdő=176, Második=246, Döntetlen=1
Játék 424/1000 kész, eddig: Kezdő=177, Második=246, Döntetlen=1
Játék 425/1000 kész, eddig: Kezdő=177, Második=247, Döntetlen=1
Játék 426/1000 kész, eddig: Kezdő=178, Második=247, Döntetlen=1
Játék 427/1000 kész, eddig: Kezdő=179, Második=247, Döntetlen=1
Játék 428/1000 kész, eddig: Kezdő=179, Második=248, Döntetlen=1
Játék 429/1000 kész, eddig: Kezdő=180, Második=248, Döntetlen=1
Játék 430/1000 kész, eddig: Kezdő=180, Második=249, Döntetlen=1
Játék 431/1000 kész, eddig: Kezdő=180, Második=250, Döntetlen=1
Játék 432/1000 kész, eddig: Kezdő=181, Második=250, Döntetlen=1
Játék 433/1000 kész, eddig: Kezdő=182, Második=250, Döntetlen=1
Játék 434/1000 kész, eddig: Kezdő=182, Második=251, Döntetlen=1
Játék 435/1000 kész, eddig: Kezdő=183, Második=251, Döntetlen=1
Játék 436/1000 kész, eddig: Kezdő=183, Második=252, Döntetlen=1
Játék 437/1000 kész, eddig: Kezdő=184, Második=252, Döntetlen=1
Játék 438/1000 kész, eddig: Kezdő=185, Második=252, Döntetlen=1
Játék 439/1000 kész, eddig: Kezdő=185, Második=253, Döntetlen=1
Játék 440/1000 kész, eddig: Kezdő=185, Második=254, Döntetlen=1
Játék 441/1000 kész, eddig: Kezdő=185, Második=255, Döntetlen=1
Játék 442/1000 kész, eddig: Kezdő=185, Második=256, Döntetlen=1
Játék 443/1000 kész, eddig: Kezdő=185, Második=257, Döntetlen=1
Játék 444/1000 kész, eddig: Kezdő=185, Második=258, Döntetlen=1
Játék 445/1000 kész, eddig: Kezdő=185, Második=259, Döntetlen=1
Játék 446/1000 kész, eddig: Kezdő=185, Második=260, Döntetlen=1
Játék 447/1000 kész, eddig: Kezdő=185, Második=261, Döntetlen=1
Játék 448/1000 kész, eddig: Kezdő=185, Második=262, Döntetlen=1
Játék 449/1000 kész, eddig: Kezdő=185, Második=263, Döntetlen=1
Játék 450/1000 kész, eddig: Kezdő=185, Második=264, Döntetlen=1
Játék 451/1000 kész, eddig: Kezdő=186, Második=264, Döntetlen=1
Játék 452/1000 kész, eddig: Kezdő=186, Második=265, Döntetlen=1
Játék 453/1000 kész, eddig: Kezdő=186, Második=266, Döntetlen=1
Játék 454/1000 kész, eddig: Kezdő=186, Második=267, Döntetlen=1
Játék 455/1000 kész, eddig: Kezdő=187, Második=267, Döntetlen=1
Játék 456/1000 kész, eddig: Kezdő=188, Második=267, Döntetlen=1
Játék 457/1000 kész, eddig: Kezdő=188, Második=268, Döntetlen=1
Játék 458/1000 kész, eddig: Kezdő=188, Második=269, Döntetlen=1
Játék 459/1000 kész, eddig: Kezdő=189, Második=269, Döntetlen=1
Játék 460/1000 kész, eddig: Kezdő=189, Második=270, Döntetlen=1
Játék 461/1000 kész, eddig: Kezdő=189, Második=271, Döntetlen=1
Játék 462/1000 kész, eddig: Kezdő=189, Második=272, Döntetlen=1
Játék 463/1000 kész, eddig: Kezdő=189, Második=273, Döntetlen=1
Játék 464/1000 kész, eddig: Kezdő=189, Második=274, Döntetlen=1
Játék 465/1000 kész, eddig: Kezdő=189, Második=275, Döntetlen=1
Játék 466/1000 kész, eddig: Kezdő=190, Második=275, Döntetlen=1
Játék 467/1000 kész, eddig: Kezdő=190, Második=276, Döntetlen=1
Játék 468/1000 kész, eddig: Kezdő=191, Második=276, Döntetlen=1
Játék 469/1000 kész, eddig: Kezdő=191, Második=277, Döntetlen=1
Játék 470/1000 kész, eddig: Kezdő=191, Második=278, Döntetlen=1
Játék 471/1000 kész, eddig: Kezdő=191, Második=279, Döntetlen=1
Játék 472/1000 kész, eddig: Kezdő=191, Második=280, Döntetlen=1
Játék 473/1000 kész, eddig: Kezdő=192, Második=280, Döntetlen=1
Játék 474/1000 kész, eddig: Kezdő=193, Második=280, Döntetlen=1
Játék 475/1000 kész, eddig: Kezdő=193, Második=281, Döntetlen=1
Játék 476/1000 kész, eddig: Kezdő=194, Második=281, Döntetlen=1
Játék 477/1000 kész, eddig: Kezdő=194, Második=282, Döntetlen=1
Játék 478/1000 kész, eddig: Kezdő=195, Második=282, Döntetlen=1
Játék 479/1000 kész, eddig: Kezdő=196, Második=282, Döntetlen=1
Játék 480/1000 kész, eddig: Kezdő=197, Második=282, Döntetlen=1
Játék 481/1000 kész, eddig: Kezdő=197, Második=283, Döntetlen=1
Játék 482/1000 kész, eddig: Kezdő=197, Második=284, Döntetlen=1
Játék 483/1000 kész, eddig: Kezdő=197, Második=285, Döntetlen=1
Játék 484/1000 kész, eddig: Kezdő=197, Második=286, Döntetlen=1
Játék 485/1000 kész, eddig: Kezdő=197, Második=287, Döntetlen=1
Játék 486/1000 kész, eddig: Kezdő=197, Második=288, Döntetlen=1
Játék 487/1000 kész, eddig: Kezdő=198, Második=288, Döntetlen=1
Játék 488/1000 kész, eddig: Kezdő=198, Második=289, Döntetlen=1
Játék 489/1000 kész, eddig: Kezdő=198, Második=290, Döntetlen=1
Játék 490/1000 kész, eddig: Kezdő=199, Második=290, Döntetlen=1
Játék 491/1000 kész, eddig: Kezdő=199, Második=291, Döntetlen=1
Játék 492/1000 kész, eddig: Kezdő=199, Második=292, Döntetlen=1
Játék 493/1000 kész, eddig: Kezdő=199, Második=293, Döntetlen=1
Játék 494/1000 kész, eddig: Kezdő=200, Második=293, Döntetlen=1
Játék 495/1000 kész, eddig: Kezdő=200, Második=294, Döntetlen=1
Játék 496/1000 kész, eddig: Kezdő=200, Második=295, Döntetlen=1
Játék 497/1000 kész, eddig: Kezdő=200, Második=296, Döntetlen=1
Játék 498/1000 kész, eddig: Kezdő=200, Második=297, Döntetlen=1
Játék 499/1000 kész, eddig: Kezdő=200, Második=298, Döntetlen=1
Játék 500/1000 kész, eddig: Kezdő=200, Második=299, Döntetlen=1
Játék 501/1000 kész, eddig: Kezdő=201, Második=299, Döntetlen=1
Játék 502/1000 kész, eddig: Kezdő=201, Második=300, Döntetlen=1
Játék 503/1000 kész, eddig: Kezdő=202, Második=300, Döntetlen=1
Játék 504/1000 kész, eddig: Kezdő=203, Második=300, Döntetlen=1
Játék 505/1000 kész, eddig: Kezdő=204, Második=300, Döntetlen=1
Játék 506/1000 kész, eddig: Kezdő=204, Második=301, Döntetlen=1
Játék 507/1000 kész, eddig: Kezdő=205, Második=301, Döntetlen=1
Játék 508/1000 kész, eddig: Kezdő=206, Második=301, Döntetlen=1
Játék 509/1000 kész, eddig: Kezdő=206, Második=302, Döntetlen=1
Játék 510/1000 kész, eddig: Kezdő=207, Második=302, Döntetlen=1
Játék 511/1000 kész, eddig: Kezdő=208, Második=302, Döntetlen=1
Játék 512/1000 kész, eddig: Kezdő=208, Második=303, Döntetlen=1
Játék 513/1000 kész, eddig: Kezdő=208, Második=304, Döntetlen=1
Játék 514/1000 kész, eddig: Kezdő=208, Második=305, Döntetlen=1
Játék 515/1000 kész, eddig: Kezdő=209, Második=305, Döntetlen=1
Játék 516/1000 kész, eddig: Kezdő=209, Második=306, Döntetlen=1
Játék 517/1000 kész, eddig: Kezdő=209, Második=307, Döntetlen=1
Játék 518/1000 kész, eddig: Kezdő=209, Második=308, Döntetlen=1
Játék 519/1000 kész, eddig: Kezdő=209, Második=309, Döntetlen=1
Játék 520/1000 kész, eddig: Kezdő=209, Második=310, Döntetlen=1
Játék 521/1000 kész, eddig: Kezdő=209, Második=311, Döntetlen=1
Játék 522/1000 kész, eddig: Kezdő=209, Második=312, Döntetlen=1
Játék 523/1000 kész, eddig: Kezdő=209, Második=313, Döntetlen=1
Játék 524/1000 kész, eddig: Kezdő=209, Második=314, Döntetlen=1
Játék 525/1000 kész, eddig: Kezdő=210, Második=314, Döntetlen=1
Játék 526/1000 kész, eddig: Kezdő=210, Második=315, Döntetlen=1
Játék 527/1000 kész, eddig: Kezdő=210, Második=316, Döntetlen=1
Játék 528/1000 kész, eddig: Kezdő=210, Második=317, Döntetlen=1
Játék 529/1000 kész, eddig: Kezdő=211, Második=317, Döntetlen=1
Játék 530/1000 kész, eddig: Kezdő=212, Második=317, Döntetlen=1
Játék 531/1000 kész, eddig: Kezdő=213, Második=317, Döntetlen=1
Játék 532/1000 kész, eddig: Kezdő=213, Második=318, Döntetlen=1
Játék 533/1000 kész, eddig: Kezdő=214, Második=318, Döntetlen=1
Játék 534/1000 kész, eddig: Kezdő=215, Második=318, Döntetlen=1
Játék 535/1000 kész, eddig: Kezdő=215, Második=319, Döntetlen=1
Játék 536/1000 kész, eddig: Kezdő=215, Második=320, Döntetlen=1
Játék 537/1000 kész, eddig: Kezdő=216, Második=320, Döntetlen=1
Játék 538/1000 kész, eddig: Kezdő=217, Második=320, Döntetlen=1
Játék 539/1000 kész, eddig: Kezdő=217, Második=321, Döntetlen=1
Játék 540/1000 kész, eddig: Kezdő=217, Második=322, Döntetlen=1
Játék 541/1000 kész, eddig: Kezdő=217, Második=323, Döntetlen=1
Játék 542/1000 kész, eddig: Kezdő=217, Második=324, Döntetlen=1
Játék 543/1000 kész, eddig: Kezdő=218, Második=324, Döntetlen=1
Játék 544/1000 kész, eddig: Kezdő=218, Második=325, Döntetlen=1
Játék 545/1000 kész, eddig: Kezdő=218, Második=326, Döntetlen=1
Játék 546/1000 kész, eddig: Kezdő=219, Második=326, Döntetlen=1
Játék 547/1000 kész, eddig: Kezdő=220, Második=326, Döntetlen=1
Játék 548/1000 kész, eddig: Kezdő=220, Második=327, Döntetlen=1
Játék 549/1000 kész, eddig: Kezdő=221, Második=327, Döntetlen=1
Játék 550/1000 kész, eddig: Kezdő=222, Második=327, Döntetlen=1
Játék 551/1000 kész, eddig: Kezdő=223, Második=327, Döntetlen=1
Játék 552/1000 kész, eddig: Kezdő=223, Második=328, Döntetlen=1
Játék 553/1000 kész, eddig: Kezdő=223, Második=329, Döntetlen=1
Játék 554/1000 kész, eddig: Kezdő=224, Második=329, Döntetlen=1
Játék 555/1000 kész, eddig: Kezdő=224, Második=330, Döntetlen=1
Játék 556/1000 kész, eddig: Kezdő=225, Második=330, Döntetlen=1
Játék 557/1000 kész, eddig: Kezdő=226, Második=330, Döntetlen=1
Játék 558/1000 kész, eddig: Kezdő=227, Második=330, Döntetlen=1
Játék 559/1000 kész, eddig: Kezdő=227, Második=331, Döntetlen=1
Játék 560/1000 kész, eddig: Kezdő=228, Második=331, Döntetlen=1
Játék 561/1000 kész, eddig: Kezdő=229, Második=331, Döntetlen=1
Játék 562/1000 kész, eddig: Kezdő=229, Második=332, Döntetlen=1
Játék 563/1000 kész, eddig: Kezdő=229, Második=333, Döntetlen=1
Játék 564/1000 kész, eddig: Kezdő=229, Második=334, Döntetlen=1
Játék 565/1000 kész, eddig: Kezdő=230, Második=334, Döntetlen=1
Játék 566/1000 kész, eddig: Kezdő=231, Második=334, Döntetlen=1
Játék 567/1000 kész, eddig: Kezdő=232, Második=334, Döntetlen=1
Játék 568/1000 kész, eddig: Kezdő=233, Második=334, Döntetlen=1
Játék 569/1000 kész, eddig: Kezdő=233, Második=335, Döntetlen=1
Játék 570/1000 kész, eddig: Kezdő=233, Második=336, Döntetlen=1
Játék 571/1000 kész, eddig: Kezdő=233, Második=337, Döntetlen=1
Játék 572/1000 kész, eddig: Kezdő=233, Második=338, Döntetlen=1
Játék 573/1000 kész, eddig: Kezdő=233, Második=339, Döntetlen=1
Játék 574/1000 kész, eddig: Kezdő=233, Második=340, Döntetlen=1
Játék 575/1000 kész, eddig: Kezdő=233, Második=341, Döntetlen=1
Játék 576/1000 kész, eddig: Kezdő=234, Második=341, Döntetlen=1
Játék 577/1000 kész, eddig: Kezdő=234, Második=342, Döntetlen=1
Játék 578/1000 kész, eddig: Kezdő=234, Második=343, Döntetlen=1
Játék 579/1000 kész, eddig: Kezdő=234, Második=344, Döntetlen=1
Játék 580/1000 kész, eddig: Kezdő=234, Második=345, Döntetlen=1
Játék 581/1000 kész, eddig: Kezdő=235, Második=345, Döntetlen=1
Játék 582/1000 kész, eddig: Kezdő=235, Második=346, Döntetlen=1
Játék 583/1000 kész, eddig: Kezdő=236, Második=346, Döntetlen=1
Játék 584/1000 kész, eddig: Kezdő=237, Második=346, Döntetlen=1
Játék 585/1000 kész, eddig: Kezdő=238, Második=346, Döntetlen=1
Játék 586/1000 kész, eddig: Kezdő=238, Második=347, Döntetlen=1
Játék 587/1000 kész, eddig: Kezdő=238, Második=348, Döntetlen=1
Játék 588/1000 kész, eddig: Kezdő=239, Második=348, Döntetlen=1
Játék 589/1000 kész, eddig: Kezdő=239, Második=349, Döntetlen=1
Játék 590/1000 kész, eddig: Kezdő=239, Második=350, Döntetlen=1
Játék 591/1000 kész, eddig: Kezdő=239, Második=351, Döntetlen=1
Játék 592/1000 kész, eddig: Kezdő=239, Második=352, Döntetlen=1
Játék 593/1000 kész, eddig: Kezdő=239, Második=353, Döntetlen=1
Játék 594/1000 kész, eddig: Kezdő=239, Második=354, Döntetlen=1
Játék 595/1000 kész, eddig: Kezdő=240, Második=354, Döntetlen=1
Játék 596/1000 kész, eddig: Kezdő=241, Második=354, Döntetlen=1
Játék 597/1000 kész, eddig: Kezdő=242, Második=354, Döntetlen=1
Játék 598/1000 kész, eddig: Kezdő=243, Második=354, Döntetlen=1
Játék 599/1000 kész, eddig: Kezdő=243, Második=355, Döntetlen=1
Játék 600/1000 kész, eddig: Kezdő=244, Második=355, Döntetlen=1
Játék 601/1000 kész, eddig: Kezdő=245, Második=355, Döntetlen=1
Játék 602/1000 kész, eddig: Kezdő=245, Második=356, Döntetlen=1
Játék 603/1000 kész, eddig: Kezdő=246, Második=356, Döntetlen=1
Játék 604/1000 kész, eddig: Kezdő=247, Második=356, Döntetlen=1
Játék 605/1000 kész, eddig: Kezdő=247, Második=357, Döntetlen=1
Játék 606/1000 kész, eddig: Kezdő=247, Második=358, Döntetlen=1
Játék 607/1000 kész, eddig: Kezdő=247, Második=359, Döntetlen=1
Játék 608/1000 kész, eddig: Kezdő=248, Második=359, Döntetlen=1
Játék 609/1000 kész, eddig: Kezdő=249, Második=359, Döntetlen=1
Játék 610/1000 kész, eddig: Kezdő=250, Második=359, Döntetlen=1
Játék 611/1000 kész, eddig: Kezdő=250, Második=360, Döntetlen=1
Játék 612/1000 kész, eddig: Kezdő=251, Második=360, Döntetlen=1
Játék 613/1000 kész, eddig: Kezdő=252, Második=360, Döntetlen=1
Játék 614/1000 kész, eddig: Kezdő=253, Második=360, Döntetlen=1
Játék 615/1000 kész, eddig: Kezdő=254, Második=360, Döntetlen=1
Játék 616/1000 kész, eddig: Kezdő=255, Második=360, Döntetlen=1
Játék 617/1000 kész, eddig: Kezdő=255, Második=361, Döntetlen=1
Játék 618/1000 kész, eddig: Kezdő=256, Második=361, Döntetlen=1
Játék 619/1000 kész, eddig: Kezdő=257, Második=361, Döntetlen=1
Játék 620/1000 kész, eddig: Kezdő=257, Második=362, Döntetlen=1
Játék 621/1000 kész, eddig: Kezdő=257, Második=363, Döntetlen=1
Játék 622/1000 kész, eddig: Kezdő=257, Második=364, Döntetlen=1
Játék 623/1000 kész, eddig: Kezdő=258, Második=364, Döntetlen=1
Játék 624/1000 kész, eddig: Kezdő=258, Második=365, Döntetlen=1
Játék 625/1000 kész, eddig: Kezdő=258, Második=366, Döntetlen=1
Játék 626/1000 kész, eddig: Kezdő=259, Második=366, Döntetlen=1
Játék 627/1000 kész, eddig: Kezdő=260, Második=366, Döntetlen=1
Játék 628/1000 kész, eddig: Kezdő=261, Második=366, Döntetlen=1
Játék 629/1000 kész, eddig: Kezdő=261, Második=367, Döntetlen=1
Játék 630/1000 kész, eddig: Kezdő=262, Második=367, Döntetlen=1
Játék 631/1000 kész, eddig: Kezdő=263, Második=367, Döntetlen=1
Játék 632/1000 kész, eddig: Kezdő=263, Második=368, Döntetlen=1
Játék 633/1000 kész, eddig: Kezdő=263, Második=368, Döntetlen=2
Játék 634/1000 kész, eddig: Kezdő=264, Második=368, Döntetlen=2
Játék 635/1000 kész, eddig: Kezdő=265, Második=368, Döntetlen=2
Játék 636/1000 kész, eddig: Kezdő=265, Második=369, Döntetlen=2
Játék 637/1000 kész, eddig: Kezdő=266, Második=369, Döntetlen=2
Játék 638/1000 kész, eddig: Kezdő=266, Második=370, Döntetlen=2
Játék 639/1000 kész, eddig: Kezdő=266, Második=371, Döntetlen=2
Játék 640/1000 kész, eddig: Kezdő=267, Második=371, Döntetlen=2
Játék 641/1000 kész, eddig: Kezdő=267, Második=372, Döntetlen=2
Játék 642/1000 kész, eddig: Kezdő=268, Második=372, Döntetlen=2
Játék 643/1000 kész, eddig: Kezdő=268, Második=373, Döntetlen=2
Játék 644/1000 kész, eddig: Kezdő=269, Második=373, Döntetlen=2
Játék 645/1000 kész, eddig: Kezdő=270, Második=373, Döntetlen=2
Játék 646/1000 kész, eddig: Kezdő=270, Második=374, Döntetlen=2
Játék 647/1000 kész, eddig: Kezdő=270, Második=375, Döntetlen=2
Játék 648/1000 kész, eddig: Kezdő=271, Második=375, Döntetlen=2
Játék 649/1000 kész, eddig: Kezdő=271, Második=376, Döntetlen=2
Játék 650/1000 kész, eddig: Kezdő=272, Második=376, Döntetlen=2
Játék 651/1000 kész, eddig: Kezdő=273, Második=376, Döntetlen=2
Játék 652/1000 kész, eddig: Kezdő=274, Második=376, Döntetlen=2
Játék 653/1000 kész, eddig: Kezdő=275, Második=376, Döntetlen=2
Játék 654/1000 kész, eddig: Kezdő=276, Második=376, Döntetlen=2
Játék 655/1000 kész, eddig: Kezdő=276, Második=377, Döntetlen=2
Játék 656/1000 kész, eddig: Kezdő=276, Második=378, Döntetlen=2
Játék 657/1000 kész, eddig: Kezdő=276, Második=379, Döntetlen=2
Játék 658/1000 kész, eddig: Kezdő=277, Második=379, Döntetlen=2
Játék 659/1000 kész, eddig: Kezdő=278, Második=379, Döntetlen=2
Játék 660/1000 kész, eddig: Kezdő=278, Második=380, Döntetlen=2
Játék 661/1000 kész, eddig: Kezdő=278, Második=381, Döntetlen=2
Játék 662/1000 kész, eddig: Kezdő=278, Második=382, Döntetlen=2
Játék 663/1000 kész, eddig: Kezdő=278, Második=383, Döntetlen=2
Játék 664/1000 kész, eddig: Kezdő=279, Második=383, Döntetlen=2
Játék 665/1000 kész, eddig: Kezdő=280, Második=383, Döntetlen=2
Játék 666/1000 kész, eddig: Kezdő=281, Második=383, Döntetlen=2
Játék 667/1000 kész, eddig: Kezdő=281, Második=384, Döntetlen=2
Játék 668/1000 kész, eddig: Kezdő=282, Második=384, Döntetlen=2
Játék 669/1000 kész, eddig: Kezdő=282, Második=385, Döntetlen=2
Játék 670/1000 kész, eddig: Kezdő=282, Második=386, Döntetlen=2
Játék 671/1000 kész, eddig: Kezdő=282, Második=387, Döntetlen=2
Játék 672/1000 kész, eddig: Kezdő=282, Második=388, Döntetlen=2
Játék 673/1000 kész, eddig: Kezdő=282, Második=389, Döntetlen=2
Játék 674/1000 kész, eddig: Kezdő=283, Második=389, Döntetlen=2
Játék 675/1000 kész, eddig: Kezdő=284, Második=389, Döntetlen=2
Játék 676/1000 kész, eddig: Kezdő=284, Második=390, Döntetlen=2
Játék 677/1000 kész, eddig: Kezdő=285, Második=390, Döntetlen=2
Játék 678/1000 kész, eddig: Kezdő=285, Második=391, Döntetlen=2
Játék 679/1000 kész, eddig: Kezdő=286, Második=391, Döntetlen=2
Játék 680/1000 kész, eddig: Kezdő=286, Második=392, Döntetlen=2
Játék 681/1000 kész, eddig: Kezdő=287, Második=392, Döntetlen=2
Játék 682/1000 kész, eddig: Kezdő=288, Második=392, Döntetlen=2
Játék 683/1000 kész, eddig: Kezdő=288, Második=393, Döntetlen=2
Játék 684/1000 kész, eddig: Kezdő=288, Második=394, Döntetlen=2
Játék 685/1000 kész, eddig: Kezdő=289, Második=394, Döntetlen=2
Játék 686/1000 kész, eddig: Kezdő=289, Második=395, Döntetlen=2
Játék 687/1000 kész, eddig: Kezdő=289, Második=396, Döntetlen=2
Játék 688/1000 kész, eddig: Kezdő=290, Második=396, Döntetlen=2
Játék 689/1000 kész, eddig: Kezdő=290, Második=397, Döntetlen=2
Játék 690/1000 kész, eddig: Kezdő=290, Második=398, Döntetlen=2
Játék 691/1000 kész, eddig: Kezdő=290, Második=399, Döntetlen=2
Játék 692/1000 kész, eddig: Kezdő=291, Második=399, Döntetlen=2
Játék 693/1000 kész, eddig: Kezdő=291, Második=400, Döntetlen=2
Játék 694/1000 kész, eddig: Kezdő=292, Második=400, Döntetlen=2
Játék 695/1000 kész, eddig: Kezdő=293, Második=400, Döntetlen=2
Játék 696/1000 kész, eddig: Kezdő=293, Második=401, Döntetlen=2
Játék 697/1000 kész, eddig: Kezdő=294, Második=401, Döntetlen=2
Játék 698/1000 kész, eddig: Kezdő=294, Második=402, Döntetlen=2
Játék 699/1000 kész, eddig: Kezdő=294, Második=403, Döntetlen=2
Játék 700/1000 kész, eddig: Kezdő=294, Második=404, Döntetlen=2
Játék 701/1000 kész, eddig: Kezdő=295, Második=404, Döntetlen=2
Játék 702/1000 kész, eddig: Kezdő=295, Második=405, Döntetlen=2
Játék 703/1000 kész, eddig: Kezdő=295, Második=406, Döntetlen=2
Játék 704/1000 kész, eddig: Kezdő=296, Második=406, Döntetlen=2
Játék 705/1000 kész, eddig: Kezdő=297, Második=406, Döntetlen=2
Játék 706/1000 kész, eddig: Kezdő=298, Második=406, Döntetlen=2
Játék 707/1000 kész, eddig: Kezdő=298, Második=407, Döntetlen=2
Játék 708/1000 kész, eddig: Kezdő=298, Második=408, Döntetlen=2
Játék 709/1000 kész, eddig: Kezdő=298, Második=409, Döntetlen=2
Játék 710/1000 kész, eddig: Kezdő=298, Második=410, Döntetlen=2
Játék 711/1000 kész, eddig: Kezdő=298, Második=411, Döntetlen=2
Játék 712/1000 kész, eddig: Kezdő=299, Második=411, Döntetlen=2
Játék 713/1000 kész, eddig: Kezdő=300, Második=411, Döntetlen=2
Játék 714/1000 kész, eddig: Kezdő=301, Második=411, Döntetlen=2
Játék 715/1000 kész, eddig: Kezdő=302, Második=411, Döntetlen=2
Játék 716/1000 kész, eddig: Kezdő=302, Második=412, Döntetlen=2
Játék 717/1000 kész, eddig: Kezdő=302, Második=413, Döntetlen=2
Játék 718/1000 kész, eddig: Kezdő=302, Második=414, Döntetlen=2
Játék 719/1000 kész, eddig: Kezdő=302, Második=415, Döntetlen=2
Játék 720/1000 kész, eddig: Kezdő=303, Második=415, Döntetlen=2
Játék 721/1000 kész, eddig: Kezdő=303, Második=416, Döntetlen=2
Játék 722/1000 kész, eddig: Kezdő=303, Második=417, Döntetlen=2
Játék 723/1000 kész, eddig: Kezdő=304, Második=417, Döntetlen=2
Játék 724/1000 kész, eddig: Kezdő=304, Második=418, Döntetlen=2
Játék 725/1000 kész, eddig: Kezdő=305, Második=418, Döntetlen=2
Játék 726/1000 kész, eddig: Kezdő=305, Második=419, Döntetlen=2
Játék 727/1000 kész, eddig: Kezdő=305, Második=420, Döntetlen=2
Játék 728/1000 kész, eddig: Kezdő=306, Második=420, Döntetlen=2
Játék 729/1000 kész, eddig: Kezdő=306, Második=421, Döntetlen=2
Játék 730/1000 kész, eddig: Kezdő=306, Második=422, Döntetlen=2
Játék 731/1000 kész, eddig: Kezdő=307, Második=422, Döntetlen=2
Játék 732/1000 kész, eddig: Kezdő=308, Második=422, Döntetlen=2
Játék 733/1000 kész, eddig: Kezdő=308, Második=423, Döntetlen=2
Játék 734/1000 kész, eddig: Kezdő=308, Második=424, Döntetlen=2
Játék 735/1000 kész, eddig: Kezdő=308, Második=425, Döntetlen=2
Játék 736/1000 kész, eddig: Kezdő=308, Második=426, Döntetlen=2
Játék 737/1000 kész, eddig: Kezdő=308, Második=427, Döntetlen=2
Játék 738/1000 kész, eddig: Kezdő=309, Második=427, Döntetlen=2
Játék 739/1000 kész, eddig: Kezdő=309, Második=428, Döntetlen=2
Játék 740/1000 kész, eddig: Kezdő=309, Második=429, Döntetlen=2
Játék 741/1000 kész, eddig: Kezdő=310, Második=429, Döntetlen=2
Játék 742/1000 kész, eddig: Kezdő=310, Második=430, Döntetlen=2
Játék 743/1000 kész, eddig: Kezdő=311, Második=430, Döntetlen=2
Játék 744/1000 kész, eddig: Kezdő=312, Második=430, Döntetlen=2
Játék 745/1000 kész, eddig: Kezdő=312, Második=431, Döntetlen=2
Játék 746/1000 kész, eddig: Kezdő=312, Második=432, Döntetlen=2
Játék 747/1000 kész, eddig: Kezdő=312, Második=433, Döntetlen=2
Játék 748/1000 kész, eddig: Kezdő=312, Második=434, Döntetlen=2
Játék 749/1000 kész, eddig: Kezdő=313, Második=434, Döntetlen=2
Játék 750/1000 kész, eddig: Kezdő=313, Második=435, Döntetlen=2
Játék 751/1000 kész, eddig: Kezdő=313, Második=436, Döntetlen=2
Játék 752/1000 kész, eddig: Kezdő=314, Második=436, Döntetlen=2
Játék 753/1000 kész, eddig: Kezdő=315, Második=436, Döntetlen=2
Játék 754/1000 kész, eddig: Kezdő=316, Második=436, Döntetlen=2
Játék 755/1000 kész, eddig: Kezdő=316, Második=437, Döntetlen=2
Játék 756/1000 kész, eddig: Kezdő=316, Második=438, Döntetlen=2
Játék 757/1000 kész, eddig: Kezdő=317, Második=438, Döntetlen=2
Játék 758/1000 kész, eddig: Kezdő=317, Második=439, Döntetlen=2
Játék 759/1000 kész, eddig: Kezdő=318, Második=439, Döntetlen=2
Játék 760/1000 kész, eddig: Kezdő=319, Második=439, Döntetlen=2
Játék 761/1000 kész, eddig: Kezdő=320, Második=439, Döntetlen=2
Játék 762/1000 kész, eddig: Kezdő=320, Második=440, Döntetlen=2
Játék 763/1000 kész, eddig: Kezdő=321, Második=440, Döntetlen=2
Játék 764/1000 kész, eddig: Kezdő=321, Második=441, Döntetlen=2
Játék 765/1000 kész, eddig: Kezdő=321, Második=442, Döntetlen=2
Játék 766/1000 kész, eddig: Kezdő=321, Második=443, Döntetlen=2
Játék 767/1000 kész, eddig: Kezdő=321, Második=444, Döntetlen=2
Játék 768/1000 kész, eddig: Kezdő=321, Második=445, Döntetlen=2
Játék 769/1000 kész, eddig: Kezdő=321, Második=446, Döntetlen=2
Játék 770/1000 kész, eddig: Kezdő=321, Második=447, Döntetlen=2
Játék 771/1000 kész, eddig: Kezdő=322, Második=447, Döntetlen=2
Játék 772/1000 kész, eddig: Kezdő=323, Második=447, Döntetlen=2
Játék 773/1000 kész, eddig: Kezdő=324, Második=447, Döntetlen=2
Játék 774/1000 kész, eddig: Kezdő=325, Második=447, Döntetlen=2
Játék 775/1000 kész, eddig: Kezdő=325, Második=448, Döntetlen=2
Játék 776/1000 kész, eddig: Kezdő=326, Második=448, Döntetlen=2
Játék 777/1000 kész, eddig: Kezdő=327, Második=448, Döntetlen=2
Játék 778/1000 kész, eddig: Kezdő=327, Második=449, Döntetlen=2
Játék 779/1000 kész, eddig: Kezdő=328, Második=449, Döntetlen=2
Játék 780/1000 kész, eddig: Kezdő=329, Második=449, Döntetlen=2
Játék 781/1000 kész, eddig: Kezdő=329, Második=450, Döntetlen=2
Játék 782/1000 kész, eddig: Kezdő=329, Második=451, Döntetlen=2
Játék 783/1000 kész, eddig: Kezdő=329, Második=452, Döntetlen=2
Játék 784/1000 kész, eddig: Kezdő=329, Második=453, Döntetlen=2
Játék 785/1000 kész, eddig: Kezdő=329, Második=454, Döntetlen=2
Játék 786/1000 kész, eddig: Kezdő=329, Második=455, Döntetlen=2
Játék 787/1000 kész, eddig: Kezdő=329, Második=456, Döntetlen=2
Játék 788/1000 kész, eddig: Kezdő=329, Második=457, Döntetlen=2
Játék 789/1000 kész, eddig: Kezdő=330, Második=457, Döntetlen=2
Játék 790/1000 kész, eddig: Kezdő=331, Második=457, Döntetlen=2
Játék 791/1000 kész, eddig: Kezdő=331, Második=458, Döntetlen=2
Játék 792/1000 kész, eddig: Kezdő=331, Második=459, Döntetlen=2
Játék 793/1000 kész, eddig: Kezdő=331, Második=460, Döntetlen=2
Játék 794/1000 kész, eddig: Kezdő=331, Második=461, Döntetlen=2
Játék 795/1000 kész, eddig: Kezdő=332, Második=461, Döntetlen=2
Játék 796/1000 kész, eddig: Kezdő=332, Második=462, Döntetlen=2
Játék 797/1000 kész, eddig: Kezdő=332, Második=463, Döntetlen=2
Játék 798/1000 kész, eddig: Kezdő=332, Második=464, Döntetlen=2
Játék 799/1000 kész, eddig: Kezdő=332, Második=465, Döntetlen=2
Játék 800/1000 kész, eddig: Kezdő=333, Második=465, Döntetlen=2
Játék 801/1000 kész, eddig: Kezdő=334, Második=465, Döntetlen=2
Játék 802/1000 kész, eddig: Kezdő=334, Második=466, Döntetlen=2
Játék 803/1000 kész, eddig: Kezdő=334, Második=467, Döntetlen=2
Játék 804/1000 kész, eddig: Kezdő=334, Második=468, Döntetlen=2
Játék 805/1000 kész, eddig: Kezdő=334, Második=469, Döntetlen=2
Játék 806/1000 kész, eddig: Kezdő=335, Második=469, Döntetlen=2
Játék 807/1000 kész, eddig: Kezdő=335, Második=470, Döntetlen=2
Játék 808/1000 kész, eddig: Kezdő=335, Második=471, Döntetlen=2
Játék 809/1000 kész, eddig: Kezdő=336, Második=471, Döntetlen=2
Játék 810/1000 kész, eddig: Kezdő=336, Második=472, Döntetlen=2
Játék 811/1000 kész, eddig: Kezdő=336, Második=473, Döntetlen=2
Játék 812/1000 kész, eddig: Kezdő=336, Második=474, Döntetlen=2
Játék 813/1000 kész, eddig: Kezdő=336, Második=475, Döntetlen=2
Játék 814/1000 kész, eddig: Kezdő=336, Második=476, Döntetlen=2
Játék 815/1000 kész, eddig: Kezdő=337, Második=476, Döntetlen=2
Játék 816/1000 kész, eddig: Kezdő=337, Második=477, Döntetlen=2
Játék 817/1000 kész, eddig: Kezdő=337, Második=478, Döntetlen=2
Játék 818/1000 kész, eddig: Kezdő=337, Második=479, Döntetlen=2
Játék 819/1000 kész, eddig: Kezdő=338, Második=479, Döntetlen=2
Játék 820/1000 kész, eddig: Kezdő=339, Második=479, Döntetlen=2
Játék 821/1000 kész, eddig: Kezdő=339, Második=480, Döntetlen=2
Játék 822/1000 kész, eddig: Kezdő=340, Második=480, Döntetlen=2
Játék 823/1000 kész, eddig: Kezdő=340, Második=481, Döntetlen=2
Játék 824/1000 kész, eddig: Kezdő=340, Második=482, Döntetlen=2
Játék 825/1000 kész, eddig: Kezdő=340, Második=483, Döntetlen=2
Játék 826/1000 kész, eddig: Kezdő=340, Második=484, Döntetlen=2
Játék 827/1000 kész, eddig: Kezdő=340, Második=485, Döntetlen=2
Játék 828/1000 kész, eddig: Kezdő=340, Második=486, Döntetlen=2
Játék 829/1000 kész, eddig: Kezdő=340, Második=487, Döntetlen=2
Játék 830/1000 kész, eddig: Kezdő=340, Második=488, Döntetlen=2
Játék 831/1000 kész, eddig: Kezdő=341, Második=488, Döntetlen=2
Játék 832/1000 kész, eddig: Kezdő=341, Második=489, Döntetlen=2
Játék 833/1000 kész, eddig: Kezdő=341, Második=490, Döntetlen=2
Játék 834/1000 kész, eddig: Kezdő=341, Második=491, Döntetlen=2
Játék 835/1000 kész, eddig: Kezdő=341, Második=492, Döntetlen=2
Játék 836/1000 kész, eddig: Kezdő=341, Második=493, Döntetlen=2
Játék 837/1000 kész, eddig: Kezdő=341, Második=494, Döntetlen=2
Játék 838/1000 kész, eddig: Kezdő=341, Második=495, Döntetlen=2
Játék 839/1000 kész, eddig: Kezdő=341, Második=496, Döntetlen=2
Játék 840/1000 kész, eddig: Kezdő=342, Második=496, Döntetlen=2
Játék 841/1000 kész, eddig: Kezdő=342, Második=497, Döntetlen=2
Játék 842/1000 kész, eddig: Kezdő=342, Második=498, Döntetlen=2
Játék 843/1000 kész, eddig: Kezdő=343, Második=498, Döntetlen=2
Játék 844/1000 kész, eddig: Kezdő=343, Második=499, Döntetlen=2
Játék 845/1000 kész, eddig: Kezdő=344, Második=499, Döntetlen=2
Játék 846/1000 kész, eddig: Kezdő=344, Második=500, Döntetlen=2
Játék 847/1000 kész, eddig: Kezdő=344, Második=501, Döntetlen=2
Játék 848/1000 kész, eddig: Kezdő=344, Második=502, Döntetlen=2
Játék 849/1000 kész, eddig: Kezdő=344, Második=503, Döntetlen=2
Játék 850/1000 kész, eddig: Kezdő=345, Második=503, Döntetlen=2
Játék 851/1000 kész, eddig: Kezdő=345, Második=504, Döntetlen=2
Játék 852/1000 kész, eddig: Kezdő=345, Második=505, Döntetlen=2
Játék 853/1000 kész, eddig: Kezdő=345, Második=506, Döntetlen=2
Játék 854/1000 kész, eddig: Kezdő=345, Második=507, Döntetlen=2
Játék 855/1000 kész, eddig: Kezdő=345, Második=508, Döntetlen=2
Játék 856/1000 kész, eddig: Kezdő=346, Második=508, Döntetlen=2
Játék 857/1000 kész, eddig: Kezdő=346, Második=509, Döntetlen=2
Játék 858/1000 kész, eddig: Kezdő=347, Második=509, Döntetlen=2
Játék 859/1000 kész, eddig: Kezdő=347, Második=510, Döntetlen=2
Játék 860/1000 kész, eddig: Kezdő=348, Második=510, Döntetlen=2
Játék 861/1000 kész, eddig: Kezdő=349, Második=510, Döntetlen=2
Játék 862/1000 kész, eddig: Kezdő=349, Második=511, Döntetlen=2
Játék 863/1000 kész, eddig: Kezdő=349, Második=512, Döntetlen=2
Játék 864/1000 kész, eddig: Kezdő=350, Második=512, Döntetlen=2
Játék 865/1000 kész, eddig: Kezdő=350, Második=513, Döntetlen=2
Játék 866/1000 kész, eddig: Kezdő=350, Második=514, Döntetlen=2
Játék 867/1000 kész, eddig: Kezdő=350, Második=515, Döntetlen=2
Játék 868/1000 kész, eddig: Kezdő=351, Második=515, Döntetlen=2
Játék 869/1000 kész, eddig: Kezdő=351, Második=516, Döntetlen=2
Játék 870/1000 kész, eddig: Kezdő=351, Második=517, Döntetlen=2
Játék 871/1000 kész, eddig: Kezdő=351, Második=518, Döntetlen=2
Játék 872/1000 kész, eddig: Kezdő=351, Második=519, Döntetlen=2
Játék 873/1000 kész, eddig: Kezdő=351, Második=520, Döntetlen=2
Játék 874/1000 kész, eddig: Kezdő=352, Második=520, Döntetlen=2
Játék 875/1000 kész, eddig: Kezdő=353, Második=520, Döntetlen=2
Játék 876/1000 kész, eddig: Kezdő=353, Második=521, Döntetlen=2
Játék 877/1000 kész, eddig: Kezdő=353, Második=522, Döntetlen=2
Játék 878/1000 kész, eddig: Kezdő=353, Második=523, Döntetlen=2
Játék 879/1000 kész, eddig: Kezdő=353, Második=524, Döntetlen=2
Játék 880/1000 kész, eddig: Kezdő=353, Második=525, Döntetlen=2
Játék 881/1000 kész, eddig: Kezdő=353, Második=526, Döntetlen=2
Játék 882/1000 kész, eddig: Kezdő=354, Második=526, Döntetlen=2
Játék 883/1000 kész, eddig: Kezdő=355, Második=526, Döntetlen=2
Játék 884/1000 kész, eddig: Kezdő=355, Második=527, Döntetlen=2
Játék 885/1000 kész, eddig: Kezdő=356, Második=527, Döntetlen=2
Játék 886/1000 kész, eddig: Kezdő=357, Második=527, Döntetlen=2
Játék 887/1000 kész, eddig: Kezdő=358, Második=527, Döntetlen=2
Játék 888/1000 kész, eddig: Kezdő=358, Második=528, Döntetlen=2
Játék 889/1000 kész, eddig: Kezdő=359, Második=528, Döntetlen=2
Játék 890/1000 kész, eddig: Kezdő=359, Második=529, Döntetlen=2
Játék 891/1000 kész, eddig: Kezdő=359, Második=530, Döntetlen=2
Játék 892/1000 kész, eddig: Kezdő=359, Második=531, Döntetlen=2
Játék 893/1000 kész, eddig: Kezdő=360, Második=531, Döntetlen=2
Játék 894/1000 kész, eddig: Kezdő=361, Második=531, Döntetlen=2
Játék 895/1000 kész, eddig: Kezdő=362, Második=531, Döntetlen=2
Játék 896/1000 kész, eddig: Kezdő=363, Második=531, Döntetlen=2
Játék 897/1000 kész, eddig: Kezdő=363, Második=532, Döntetlen=2
Játék 898/1000 kész, eddig: Kezdő=363, Második=533, Döntetlen=2
Játék 899/1000 kész, eddig: Kezdő=363, Második=534, Döntetlen=2
Játék 900/1000 kész, eddig: Kezdő=363, Második=535, Döntetlen=2
Játék 901/1000 kész, eddig: Kezdő=363, Második=536, Döntetlen=2
Játék 902/1000 kész, eddig: Kezdő=363, Második=537, Döntetlen=2
Játék 903/1000 kész, eddig: Kezdő=363, Második=538, Döntetlen=2
Játék 904/1000 kész, eddig: Kezdő=364, Második=538, Döntetlen=2
Játék 905/1000 kész, eddig: Kezdő=364, Második=539, Döntetlen=2
Játék 906/1000 kész, eddig: Kezdő=365, Második=539, Döntetlen=2
Játék 907/1000 kész, eddig: Kezdő=365, Második=540, Döntetlen=2
Játék 908/1000 kész, eddig: Kezdő=366, Második=540, Döntetlen=2
Játék 909/1000 kész, eddig: Kezdő=366, Második=541, Döntetlen=2
Játék 910/1000 kész, eddig: Kezdő=367, Második=541, Döntetlen=2
Játék 911/1000 kész, eddig: Kezdő=367, Második=542, Döntetlen=2
Játék 912/1000 kész, eddig: Kezdő=367, Második=543, Döntetlen=2
Játék 913/1000 kész, eddig: Kezdő=368, Második=543, Döntetlen=2
Játék 914/1000 kész, eddig: Kezdő=368, Második=544, Döntetlen=2
Játék 915/1000 kész, eddig: Kezdő=368, Második=545, Döntetlen=2
Játék 916/1000 kész, eddig: Kezdő=368, Második=546, Döntetlen=2
Játék 917/1000 kész, eddig: Kezdő=368, Második=547, Döntetlen=2
Játék 918/1000 kész, eddig: Kezdő=369, Második=547, Döntetlen=2
Játék 919/1000 kész, eddig: Kezdő=370, Második=547, Döntetlen=2
Játék 920/1000 kész, eddig: Kezdő=371, Második=547, Döntetlen=2
Játék 921/1000 kész, eddig: Kezdő=371, Második=548, Döntetlen=2
Játék 922/1000 kész, eddig: Kezdő=372, Második=548, Döntetlen=2
Játék 923/1000 kész, eddig: Kezdő=372, Második=549, Döntetlen=2
Játék 924/1000 kész, eddig: Kezdő=373, Második=549, Döntetlen=2
Játék 925/1000 kész, eddig: Kezdő=373, Második=550, Döntetlen=2
Játék 926/1000 kész, eddig: Kezdő=373, Második=551, Döntetlen=2
Játék 927/1000 kész, eddig: Kezdő=373, Második=552, Döntetlen=2
Játék 928/1000 kész, eddig: Kezdő=373, Második=553, Döntetlen=2
Játék 929/1000 kész, eddig: Kezdő=373, Második=554, Döntetlen=2
Játék 930/1000 kész, eddig: Kezdő=374, Második=554, Döntetlen=2
Játék 931/1000 kész, eddig: Kezdő=375, Második=554, Döntetlen=2
Játék 932/1000 kész, eddig: Kezdő=375, Második=555, Döntetlen=2
Játék 933/1000 kész, eddig: Kezdő=375, Második=556, Döntetlen=2
Játék 934/1000 kész, eddig: Kezdő=375, Második=557, Döntetlen=2
Játék 935/1000 kész, eddig: Kezdő=376, Második=557, Döntetlen=2
Játék 936/1000 kész, eddig: Kezdő=376, Második=558, Döntetlen=2
Játék 937/1000 kész, eddig: Kezdő=377, Második=558, Döntetlen=2
Játék 938/1000 kész, eddig: Kezdő=377, Második=559, Döntetlen=2
Játék 939/1000 kész, eddig: Kezdő=377, Második=560, Döntetlen=2
Játék 940/1000 kész, eddig: Kezdő=378, Második=560, Döntetlen=2
Játék 941/1000 kész, eddig: Kezdő=378, Második=561, Döntetlen=2
Játék 942/1000 kész, eddig: Kezdő=379, Második=561, Döntetlen=2
Játék 943/1000 kész, eddig: Kezdő=380, Második=561, Döntetlen=2
Játék 944/1000 kész, eddig: Kezdő=380, Második=562, Döntetlen=2
Játék 945/1000 kész, eddig: Kezdő=381, Második=562, Döntetlen=2
Játék 946/1000 kész, eddig: Kezdő=382, Második=562, Döntetlen=2
Játék 947/1000 kész, eddig: Kezdő=382, Második=563, Döntetlen=2
Játék 948/1000 kész, eddig: Kezdő=382, Második=564, Döntetlen=2
Játék 949/1000 kész, eddig: Kezdő=383, Második=564, Döntetlen=2
Játék 950/1000 kész, eddig: Kezdő=384, Második=564, Döntetlen=2
Játék 951/1000 kész, eddig: Kezdő=384, Második=565, Döntetlen=2
Játék 952/1000 kész, eddig: Kezdő=385, Második=565, Döntetlen=2
Játék 953/1000 kész, eddig: Kezdő=385, Második=566, Döntetlen=2
Játék 954/1000 kész, eddig: Kezdő=385, Második=567, Döntetlen=2
Játék 955/1000 kész, eddig: Kezdő=385, Második=568, Döntetlen=2
Játék 956/1000 kész, eddig: Kezdő=386, Második=568, Döntetlen=2
Játék 957/1000 kész, eddig: Kezdő=387, Második=568, Döntetlen=2
Játék 958/1000 kész, eddig: Kezdő=388, Második=568, Döntetlen=2
Játék 959/1000 kész, eddig: Kezdő=388, Második=569, Döntetlen=2
Játék 960/1000 kész, eddig: Kezdő=388, Második=570, Döntetlen=2
Játék 961/1000 kész, eddig: Kezdő=388, Második=571, Döntetlen=2
Játék 962/1000 kész, eddig: Kezdő=389, Második=571, Döntetlen=2
Játék 963/1000 kész, eddig: Kezdő=389, Második=572, Döntetlen=2
Játék 964/1000 kész, eddig: Kezdő=389, Második=573, Döntetlen=2
Játék 965/1000 kész, eddig: Kezdő=389, Második=574, Döntetlen=2
Játék 966/1000 kész, eddig: Kezdő=389, Második=575, Döntetlen=2
Játék 967/1000 kész, eddig: Kezdő=390, Második=575, Döntetlen=2
Játék 968/1000 kész, eddig: Kezdő=390, Második=576, Döntetlen=2
Játék 969/1000 kész, eddig: Kezdő=390, Második=577, Döntetlen=2
Játék 970/1000 kész, eddig: Kezdő=391, Második=577, Döntetlen=2
Játék 971/1000 kész, eddig: Kezdő=392, Második=577, Döntetlen=2
Játék 972/1000 kész, eddig: Kezdő=392, Második=578, Döntetlen=2
Játék 973/1000 kész, eddig: Kezdő=393, Második=578, Döntetlen=2
Játék 974/1000 kész, eddig: Kezdő=393, Második=579, Döntetlen=2
Játék 975/1000 kész, eddig: Kezdő=393, Második=580, Döntetlen=2
Játék 976/1000 kész, eddig: Kezdő=394, Második=580, Döntetlen=2
Játék 977/1000 kész, eddig: Kezdő=395, Második=580, Döntetlen=2
Játék 978/1000 kész, eddig: Kezdő=395, Második=581, Döntetlen=2
Játék 979/1000 kész, eddig: Kezdő=395, Második=582, Döntetlen=2
Játék 980/1000 kész, eddig: Kezdő=395, Második=583, Döntetlen=2
Játék 981/1000 kész, eddig: Kezdő=395, Második=584, Döntetlen=2
Játék 982/1000 kész, eddig: Kezdő=396, Második=584, Döntetlen=2
Játék 983/1000 kész, eddig: Kezdő=396, Második=585, Döntetlen=2
Játék 984/1000 kész, eddig: Kezdő=397, Második=585, Döntetlen=2
Játék 985/1000 kész, eddig: Kezdő=397, Második=586, Döntetlen=2
Játék 986/1000 kész, eddig: Kezdő=397, Második=587, Döntetlen=2
Játék 987/1000 kész, eddig: Kezdő=398, Második=587, Döntetlen=2
Játék 988/1000 kész, eddig: Kezdő=398, Második=588, Döntetlen=2
Játék 989/1000 kész, eddig: Kezdő=398, Második=589, Döntetlen=2
Játék 990/1000 kész, eddig: Kezdő=399, Második=589, Döntetlen=2
Játék 991/1000 kész, eddig: Kezdő=399, Második=590, Döntetlen=2
Játék 992/1000 kész, eddig: Kezdő=399, Második=591, Döntetlen=2
Játék 993/1000 kész, eddig: Kezdő=400, Második=591, Döntetlen=2
Játék 994/1000 kész, eddig: Kezdő=400, Második=592, Döntetlen=2
Játék 995/1000 kész, eddig: Kezdő=400, Második=593, Döntetlen=2
Játék 996/1000 kész, eddig: Kezdő=401, Második=593, Döntetlen=2
Játék 997/1000 kész, eddig: Kezdő=402, Második=593, Döntetlen=2
Játék 998/1000 kész, eddig: Kezdő=402, Második=594, Döntetlen=2
Játék 999/1000 kész, eddig: Kezdő=403, Második=594, Döntetlen=2
Játék 1000/1000 kész, eddig: Kezdő=403, Második=595, Döntetlen=2

=== SZIMULÁCIÓ KÉSZ ===
Variáns: Felgyorsított
Lejátszott meccsek: 1000
Kezdő játékos győzelmek:    403
Második játékos győzelmek:  595
Döntetlenek:                2
Kezdő aránya:    40.30%
Második aránya:  59.50%
Döntetlen:       0.20%
