=== SZIMULÁCIÓ INDUL ===
Variáns: Felgyorsított
Meccsek száma: 60
Játék 1/60 kész, eddig: Kezdő=0, Második=1, Döntetlen=0
Játék 2/60 kész, eddig: Kezdő=0, Második=2, Döntetlen=0
Játék 3/60 kész, eddig: Kezdő=0, Második=3, Döntetlen=0
Játék 4/60 kész, eddig: Kezdő=0, Második=4, Döntetlen=0
Játék 5/60 kész, eddig: Kezdő=0, Második=5, Döntetlen=0
Játék 6/60 kész, eddig: Kezdő=0, Második=6, Döntetlen=0
Játék 7/60 kész, eddig: Kezdő=0, Második=7, Döntetlen=0
Játék 8/60 kész, eddig: Kezdő=0, Második=8, Döntetlen=0
Játék 9/60 kész, eddig: Kezdő=1, Második=8, Döntetlen=0
Játék 10/60 kész, eddig: Kezdő=1, Második=9, Döntetlen=0
Játék 11/60 kész, eddig: Kezdő=1, Második=10, Döntetlen=0
Játék 12/60 kész, eddig: Kezdő=2, Második=10, Döntetlen=0
Játék 13/60 kész, eddig: Kezdő=3, Második=10, Döntetlen=0
Játék 14/60 kész, eddig: Kezdő=4, Második=10, Döntetlen=0
Játék 15/60 kész, eddig: Kezdő=5, Második=10, Döntetlen=0
Játék 16/60 kész, eddig: Kezdő=6, Második=10, Döntetlen=0
Játék 17/60 kész, eddig: Kezdő=7, Második=10, Döntetlen=0
Játék 18/60 kész, eddig: Kezdő=8, Második=10, Döntetlen=0
Játék 19/60 kész, eddig: Kezdő=9, Második=10, Döntetlen=0
Játék 20/60 kész, eddig: Kezdő=9, Második=11, Döntetlen=0
Játék 21/60 kész, eddig: Kezdő=9, Második=12, Döntetlen=0
Játék 22/60 kész, eddig: Kezdő=10, Második=12, Döntetlen=0
Játék 23/60 kész, eddig: Kezdő=11, Második=12, Döntetlen=0
Játék 24/60 kész, eddig: Kezdő=12, Második=12, Döntetlen=0
Játék 25/60 kész, eddig: Kezdő=12, Második=13, Döntetlen=0
Játék 26/60 kész, eddig: Kezdő=13, Második=13, Döntetlen=0
Játék 27/60 kész, eddig: Kezdő=14, Második=13, Döntetlen=0
Játék 28/60 kész, eddig: Kezdő=15, Második=13, Döntetlen=0
Játék 29/60 kész, eddig: Kezdő=15, Második=14, Döntetlen=0
Játék 30/60 kész, eddig: Kezdő=15, Második=15, Döntetlen=0
Játék 31/60 kész, eddig: Kezdő=15, Második=16, Döntetlen=0
Játék 32/60 kész, eddig: Kezdő=16, Második=16, Döntetlen=0
Játék 33/60 kész, eddig: Kezdő=16, Második=17, Döntetlen=0
Játék 34/60 kész, eddig: Kezdő=17, Második=17, Döntetlen=0
Játék 35/60 kész, eddig: Kezdő=18, Második=17, Döntetlen=0
Játék 36/60 kész, eddig: Kezdő=18, Második=18, Döntetlen=0
Játék 37/60 kész, eddig: Kezdő=18, Második=19, Döntetlen=0
Játék 38/60 kész, eddig: Kezdő=18, Második=20, Döntetlen=0
Játék 39/60 kész, eddig: Kezdő=19, Második=20, Döntetlen=0
Játék 40/60 kész, eddig: Kezdő=20, Második=20, Döntetlen=0
Játék 41/60 kész, eddig: Kezdő=20, Második=21, Döntetlen=0
Játék 42/60 kész, eddig: Kezdő=21, Második=21, Döntetlen=0
Játék 43/60 kész, eddig: Kezdő=22, Második=21, Döntetlen=0
Játék 44/60 kész, eddig: Kezdő=22, Második=22, Döntetlen=0
Játék 45/60 kész, eddig: Kezdő=22, Második=23, Döntetlen=0
Játék 46/60 kész, eddig: Kezdő=23, Második=23, Döntetlen=0
Játék 47/60 kész, eddig: Kezdő=24, Második=23, Döntetlen=0
Játék 48/60 kész, eddig: Kezdő=25, Második=23, Döntetlen=0
Játék 49/60 kész, eddig: Kezdő=26, Második=23, Döntetlen=0
Játék 50/60 kész, eddig: Kezdő=27, Második=23, Döntetlen=0
Játék 51/60 kész, eddig: Kezdő=28, Második=23, Döntetlen=0
Játék 52/60 kész, eddig: Kezdő=28, Második=24, Döntetlen=0
Játék 53/60 kész, eddig: Kezdő=28, Második=25, Döntetlen=0
Játék 54/60 kész, eddig: Kezdő=28, Második=26, Döntetlen=0
Játék 55/60 kész, eddig: Kezdő=29, Második=26, Döntetlen=0
Játék 56/60 kész, eddig: Kezdő=29, Második=27, Döntetlen=0
Játék 57/60 kész, eddig: Kezdő=30, Második=27, Döntetlen=0
Játék 58/60 kész, eddig: Kezdő=30, Második=28, Döntetlen=0
Játék 59/60 kész, eddig: Kezdő=30, Második=29, Döntetlen=0
Játék 60/60 kész, eddig: Kezdő=30, Második=30, Döntetlen=0

=== SZIMULÁCIÓ KÉSZ ===
Variáns: Felgyorsított
Lejátszott meccsek: 60
Kezdő játékos győzelmek:    30
Második játékos győzelmek:  30
Döntetlenek:                0
Kezdő aránya:    50.00%
Második aránya:  50.00%
Döntetlen:       0.00%
