=== SZIMULÁCIÓ INDUL ===
Variáns: Felgyorsított
Meccsek száma: 600
Játék 1/600 kész, eddig: Kezdő=1, Második=0, Döntetlen=0
Játék 2/600 kész, eddig: Kezdő=2, Második=0, Döntetlen=0
Játék 3/600 kész, eddig: Kezdő=2, Második=1, Döntetlen=0
Játék 4/600 kész, eddig: Kezdő=3, Második=1, Döntetlen=0
Játék 5/600 kész, eddig: Kezdő=4, Második=1, Döntetlen=0
Játék 6/600 kész, eddig: Kezdő=5, Második=1, Döntetlen=0
Játék 7/600 kész, eddig: Kezdő=5, Második=2, Döntetlen=0
Játék 8/600 kész, eddig: Kezdő=6, Második=2, Döntetlen=0
Játék 9/600 kész, eddig: Kezdő=7, Második=2, Döntetlen=0
Játék 10/600 kész, eddig: Kezdő=8, Második=2, Döntetlen=0
Játék 11/600 kész, eddig: Kezdő=9, Második=2, Döntetlen=0
Játék 12/600 kész, eddig: Kezdő=9, Második=3, Döntetlen=0
Játék 13/600 kész, eddig: Kezdő=9, Második=4, Döntetlen=0
Játék 14/600 kész, eddig: Kezdő=9, Második=5, Döntetlen=0
Játék 15/600 kész, eddig: Kezdő=10, Második=5, Döntetlen=0
Játék 16/600 kész, eddig: Kezdő=11, Második=5, Döntetlen=0
Játék 17/600 kész, eddig: Kezdő=12, Második=5, Döntetlen=0
Játék 18/600 kész, eddig: Kezdő=13, Második=5, Döntetlen=0
Játék 19/600 kész, eddig: Kezdő=13, Második=6, Döntetlen=0
Játék 20/600 kész, eddig: Kezdő=14, Második=6, Döntetlen=0
Játék 21/600 kész, eddig: Kezdő=14, Második=7, Döntetlen=0
Játék 22/600 kész, eddig: Kezdő=14, Második=8, Döntetlen=0
Játék 23/600 kész, eddig: Kezdő=14, Második=9, Döntetlen=0
Játék 24/600 kész, eddig: Kezdő=15, Második=9, Döntetlen=0
Játék 25/600 kész, eddig: Kezdő=15, Második=10, Döntetlen=0
Játék 26/600 kész, eddig: Kezdő=16, Második=10, Döntetlen=0
Játék 27/600 kész, eddig: Kezdő=17, Második=10, Döntetlen=0
Játék 28/600 kész, eddig: Kezdő=17, Második=11, Döntetlen=0
Játék 29/600 kész, eddig: Kezdő=18, Második=11, Döntetlen=0
Játék 30/600 kész, eddig: Kezdő=18, Második=12, Döntetlen=0
Játék 31/600 kész, eddig: Kezdő=19, Második=12, Döntetlen=0
Játék 32/600 kész, eddig: Kezdő=19, Második=13, Döntetlen=0
Játék 33/600 kész, eddig: Kezdő=19, Második=14, Döntetlen=0
Játék 34/600 kész, eddig: Kezdő=20, Második=14, Döntetlen=0
Játék 35/600 kész, eddig: Kezdő=20, Második=15, Döntetlen=0
Játék 36/600 kész, eddig: Kezdő=20, Második=16, Döntetlen=0
Játék 37/600 kész, eddig: Kezdő=20, Második=17, Döntetlen=0
Játék 38/600 kész, eddig: Kezdő=20, Második=18, Döntetlen=0
Játék 39/600 kész, eddig: Kezdő=21, Második=18, Döntetlen=0
Játék 40/600 kész, eddig: Kezdő=21, Második=19, Döntetlen=0
Játék 41/600 kész, eddig: Kezdő=22, Második=19, Döntetlen=0
Játék 42/600 kész, eddig: Kezdő=23, Második=19, Döntetlen=0
Játék 43/600 kész, eddig: Kezdő=24, Második=19, Döntetlen=0
Játék 44/600 kész, eddig: Kezdő=24, Második=20, Döntetlen=0
Játék 45/600 kész, eddig: Kezdő=25, Második=20, Döntetlen=0
Játék 46/600 kész, eddig: Kezdő=25, Második=21, Döntetlen=0
Játék 47/600 kész, eddig: Kezdő=26, Második=21, Döntetlen=0
Játék 48/600 kész, eddig: Kezdő=27, Második=21, Döntetlen=0
Játék 49/600 kész, eddig: Kezdő=28, Második=21, Döntetlen=0
Játék 50/600 kész, eddig: Kezdő=29, Második=21, Döntetlen=0
Játék 51/600 kész, eddig: Kezdő=29, Második=22, Döntetlen=0
Játék 52/600 kész, eddig: Kezdő=30, Második=22, Döntetlen=0
Játék 53/600 kész, eddig: Kezdő=30, Második=23, Döntetlen=0
Játék 54/600 kész, eddig: Kezdő=30, Második=24, Döntetlen=0
Játék 55/600 kész, eddig: Kezdő=30, Második=25, Döntetlen=0
Játék 56/600 kész, eddig: Kezdő=30, Második=26, Döntetlen=0
Játék 57/600 kész, eddig: Kezdő=30, Második=27, Döntetlen=0
Játék 58/600 kész, eddig: Kezdő=30, Második=28, Döntetlen=0
Játék 59/600 kész, eddig: Kezdő=31, Második=28, Döntetlen=0
Játék 60/600 kész, eddig: Kezdő=31, Második=29, Döntetlen=0
Játék 61/600 kész, eddig: Kezdő=31, Második=30, Döntetlen=0
Játék 62/600 kész, eddig: Kezdő=32, Második=30, Döntetlen=0
Játék 63/600 kész, eddig: Kezdő=32, Második=31, Döntetlen=0
Játék 64/600 kész, eddig: Kezdő=33, Második=31, Döntetlen=0
Játék 65/600 kész, eddig: Kezdő=33, Második=32, Döntetlen=0
Játék 66/600 kész, eddig: Kezdő=33, Második=33, Döntetlen=0
Játék 67/600 kész, eddig: Kezdő=34, Második=33, Döntetlen=0
Játék 68/600 kész, eddig: Kezdő=35, Második=33, Döntetlen=0
Játék 69/600 kész, eddig: Kezdő=36, Második=33, Döntetlen=0
Játék 70/600 kész, eddig: Kezdő=36, Második=34, Döntetlen=0
Játék 71/600 kész, eddig: Kezdő=37, Második=34, Döntetlen=0
Játék 72/600 kész, eddig: Kezdő=38, Második=34, Döntetlen=0
Játék 73/600 kész, eddig: Kezdő=39, Második=34, Döntetlen=0
Játék 74/600 kész, eddig: Kezdő=39, Második=35, Döntetlen=0
Játék 75/600 kész, eddig: Kezdő=39, Második=36, Döntetlen=0
Játék 76/600 kész, eddig: Kezdő=39, Második=37, Döntetlen=0
Játék 77/600 kész, eddig: Kezdő=40, Második=37, Döntetlen=0
Játék 78/600 kész, eddig: Kezdő=40, Második=38, Döntetlen=0
Játék 79/600 kész, eddig: Kezdő=41, Második=38, Döntetlen=0
Játék 80/600 kész, eddig: Kezdő=41, Második=39, Döntetlen=0
Játék 81/600 kész, eddig: Kezdő=42, Második=39, Döntetlen=0
Játék 82/600 kész, eddig: Kezdő=43, Második=39, Döntetlen=0
Játék 83/600 kész, eddig: Kezdő=43, Második=40, Döntetlen=0
Játék 84/600 kész, eddig: Kezdő=44, Második=40, Döntetlen=0
Játék 85/600 kész, eddig: Kezdő=45, Második=40, Döntetlen=0
Játék 86/600 kész, eddig: Kezdő=45, Második=41, Döntetlen=0
Játék 87/600 kész, eddig: Kezdő=45, Második=42, Döntetlen=0
Játék 88/600 kész, eddig: Kezdő=46, Második=42, Döntetlen=0
Játék 89/600 kész, eddig: Kezdő=46, Második=43, Döntetlen=0
Játék 90/600 kész, eddig: Kezdő=47, Második=43, Döntetlen=0
Játék 91/600 kész, eddig: Kezdő=48, Második=43, Döntetlen=0
Játék 92/600 kész, eddig: Kezdő=48, Második=44, Döntetlen=0
Játék 93/600 kész, eddig: Kezdő=49, Második=44, Döntetlen=0
Játék 94/600 kész, eddig: Kezdő=49, Második=45, Döntetlen=0
Játék 95/600 kész, eddig: Kezdő=49, Második=46, Döntetlen=0
Játék 96/600 kész, eddig: Kezdő=49, Második=47, Döntetlen=0
Játék 97/600 kész, eddig: Kezdő=49, Második=48, Döntetlen=0
Játék 98/600 kész, eddig: Kezdő=49, Második=49, Döntetlen=0
Játék 99/600 kész, eddig: Kezdő=49, Második=50, Döntetlen=0
Játék 100/600 kész, eddig: Kezdő=49, Második=51, Döntetlen=0
Játék 101/600 kész, eddig: Kezdő=49, Második=52, Döntetlen=0
Játék 102/600 kész, eddig: Kezdő=49, Második=53, Döntetlen=0
Játék 103/600 kész, eddig: Kezdő=50, Második=53, Döntetlen=0
Játék 104/600 kész, eddig: Kezdő=50, Második=54, Döntetlen=0
Játék 105/600 kész, eddig: Kezdő=51, Második=54, Döntetlen=0
Játék 106/600 kész, eddig: Kezdő=51, Második=55, Döntetlen=0
Játék 107/600 kész, eddig: Kezdő=51, Második=56, Döntetlen=0
Játék 108/600 kész, eddig: Kezdő=51, Második=57, Döntetlen=0
Játék 109/600 kész, eddig: Kezdő=51, Második=58, Döntetlen=0
Játék 110/600 kész, eddig: Kezdő=52, Második=58, Döntetlen=0
Játék 111/600 kész, eddig: Kezdő=53, Második=58, Döntetlen=0
Játék 112/600 kész, eddig: Kezdő=54, Második=58, Döntetlen=0
Játék 113/600 kész, eddig: Kezdő=54, Második=59, Döntetlen=0
Játék 114/600 kész, eddig: Kezdő=55, Második=59, Döntetlen=0
Játék 115/600 kész, eddig: Kezdő=56, Második=59, Döntetlen=0
Játék 116/600 kész, eddig: Kezdő=56, Második=60, Döntetlen=0
Játék 117/600 kész, eddig: Kezdő=56, Második=61, Döntetlen=0
Játék 118/600 kész, eddig: Kezdő=57, Második=61, Döntetlen=0
Játék 119/600 kész, eddig: Kezdő=57, Második=62, Döntetlen=0
Játék 120/600 kész, eddig: Kezdő=57, Második=63, Döntetlen=0
Játék 121/600 kész, eddig: Kezdő=58, Második=63, Döntetlen=0
Játék 122/600 kész, eddig: Kezdő=58, Második=64, Döntetlen=0
Játék 123/600 kész, eddig: Kezdő=58, Második=65, Döntetlen=0
Játék 124/600 kész, eddig: Kezdő=59, Második=65, Döntetlen=0
Játék 125/600 kész, eddig: Kezdő=59, Második=66, Döntetlen=0
Játék 126/600 kész, eddig: Kezdő=59, Második=67, Döntetlen=0
Játék 127/600 kész, eddig: Kezdő=59, Második=68, Döntetlen=0
Játék 128/600 kész, eddig: Kezdő=60, Második=68, Döntetlen=0
Játék 129/600 kész, eddig: Kezdő=60, Második=69, Döntetlen=0
Játék 130/600 kész, eddig: Kezdő=60, Második=70, Döntetlen=0
Játék 131/600 kész, eddig: Kezdő=61, Második=70, Döntetlen=0
Játék 132/600 kész, eddig: Kezdő=61, Második=71, Döntetlen=0
Játék 133/600 kész, eddig: Kezdő=62, Második=71, Döntetlen=0
Játék 134/600 kész, eddig: Kezdő=62, Második=72, Döntetlen=0
Játék 135/600 kész, eddig: Kezdő=62, Második=73, Döntetlen=0
Játék 136/600 kész, eddig: Kezdő=62, Második=74, Döntetlen=0
Játék 137/600 kész, eddig: Kezdő=62, Második=75, Döntetlen=0
Játék 138/600 kész, eddig: Kezdő=62, Második=76, Döntetlen=0
Játék 139/600 kész, eddig: Kezdő=63, Második=76, Döntetlen=0
Játék 140/600 kész, eddig: Kezdő=64, Második=76, Döntetlen=0
Játék 141/600 kész, eddig: Kezdő=64, Második=77, Döntetlen=0
Játék 142/600 kész, eddig: Kezdő=65, Második=77, Döntetlen=0
Játék 143/600 kész, eddig: Kezdő=66, Második=77, Döntetlen=0
Játék 144/600 kész, eddig: Kezdő=67, Második=77, Döntetlen=0
Játék 145/600 kész, eddig: Kezdő=67, Második=78, Döntetlen=0
Játék 146/600 kész, eddig: Kezdő=67, Második=79, Döntetlen=0
Játék 147/600 kész, eddig: Kezdő=68, Második=79, Döntetlen=0
Játék 148/600 kész, eddig: Kezdő=68, Második=80, Döntetlen=0
Játék 149/600 kész, eddig: Kezdő=69, Második=80, Döntetlen=0
Játék 150/600 kész, eddig: Kezdő=70, Második=80, Döntetlen=0
Játék 151/600 kész, eddig: Kezdő=70, Második=81, Döntetlen=0
Játék 152/600 kész, eddig: Kezdő=70, Második=82, Döntetlen=0
Játék 153/600 kész, eddig: Kezdő=70, Második=83, Döntetlen=0
Játék 154/600 kész, eddig: Kezdő=71, Második=83, Döntetlen=0
Játék 155/600 kész, eddig: Kezdő=72, Második=83, Döntetlen=0
Játék 156/600 kész, eddig: Kezdő=73, Második=83, Döntetlen=0
Játék 157/600 kész, eddig: Kezdő=74, Második=83, Döntetlen=0
Játék 158/600 kész, eddig: Kezdő=74, Második=84, Döntetlen=0
Játék 159/600 kész, eddig: Kezdő=75, Második=84, Döntetlen=0
Játék 160/600 kész, eddig: Kezdő=75, Második=85, Döntetlen=0
Játék 161/600 kész, eddig: Kezdő=75, Második=86, Döntetlen=0
Játék 162/600 kész, eddig: Kezdő=76, Második=86, Döntetlen=0
Játék 163/600 kész, eddig: Kezdő=76, Második=87, Döntetlen=0
Játék 164/600 kész, eddig: Kezdő=77, Második=87, Döntetlen=0
Játék 165/600 kész, eddig: Kezdő=77, Második=88, Döntetlen=0
Játék 166/600 kész, eddig: Kezdő=77, Második=89, Döntetlen=0
Játék 167/600 kész, eddig: Kezdő=77, Második=90, Döntetlen=0
Játék 168/600 kész, eddig: Kezdő=77, Második=91, Döntetlen=0
Játék 169/600 kész, eddig: Kezdő=78, Második=91, Döntetlen=0
Játék 170/600 kész, eddig: Kezdő=79, Második=91, Döntetlen=0
Játék 171/600 kész, eddig: Kezdő=80, Második=91, Döntetlen=0
Játék 172/600 kész, eddig: Kezdő=80, Második=92, Döntetlen=0
Játék 173/600 kész, eddig: Kezdő=81, Második=92, Döntetlen=0
Játék 174/600 kész, eddig: Kezdő=81, Második=93, Döntetlen=0
Játék 175/600 kész, eddig: Kezdő=81, Második=94, Döntetlen=0
Játék 176/600 kész, eddig: Kezdő=81, Második=95, Döntetlen=0
Játék 177/600 kész, eddig: Kezdő=82, Második=95, Döntetlen=0
Játék 178/600 kész, eddig: Kezdő=82, Második=96, Döntetlen=0
Játék 179/600 kész, eddig: Kezdő=83, Második=96, Döntetlen=0
Játék 180/600 kész, eddig: Kezdő=84, Második=96, Döntetlen=0
Játék 181/600 kész, eddig: Kezdő=84, Második=97, Döntetlen=0
Játék 182/600 kész, eddig: Kezdő=84, Második=98, Döntetlen=0
Játék 183/600 kész, eddig: Kezdő=84, Második=99, Döntetlen=0
Játék 184/600 kész, eddig: Kezdő=85, Második=99, Döntetlen=0
Játék 185/600 kész, eddig: Kezdő=86, Második=99, Döntetlen=0
Játék 186/600 kész, eddig: Kezdő=86, Második=100, Döntetlen=0
Játék 187/600 kész, eddig: Kezdő=87, Második=100, Döntetlen=0
Játék 188/600 kész, eddig: Kezdő=88, Második=100, Döntetlen=0
Játék 189/600 kész, eddig: Kezdő=88, Második=101, Döntetlen=0
Játék 190/600 kész, eddig: Kezdő=88, Második=102, Döntetlen=0
Játék 191/600 kész, eddig: Kezdő=88, Második=103, Döntetlen=0
Játék 192/600 kész, eddig: Kezdő=89, Második=103, Döntetlen=0
Játék 193/600 kész, eddig: Kezdő=90, Második=103, Döntetlen=0
Játék 194/600 kész, eddig: Kezdő=91, Második=103, Döntetlen=0
Játék 195/600 kész, eddig: Kezdő=91, Második=104, Döntetlen=0
Játék 196/600 kész, eddig: Kezdő=91, Második=105, Döntetlen=0
Játék 197/600 kész, eddig: Kezdő=91, Második=106, Döntetlen=0
Játék 198/600 kész, eddig: Kezdő=92, Második=106, Döntetlen=0
Játék 199/600 kész, eddig: Kezdő=93, Második=106, Döntetlen=0
Játék 200/600 kész, eddig: Kezdő=94, Második=106, Döntetlen=0
Játék 201/600 kész, eddig: Kezdő=94, Második=107, Döntetlen=0
Játék 202/600 kész, eddig: Kezdő=95, Második=107, Döntetlen=0
Játék 203/600 kész, eddig: Kezdő=96, Második=107, Döntetlen=0
Játék 204/600 kész, eddig: Kezdő=96, Második=108, Döntetlen=0
Játék 205/600 kész, eddig: Kezdő=96, Második=109, Döntetlen=0
Játék 206/600 kész, eddig: Kezdő=97, Második=109, Döntetlen=0
Játék 207/600 kész, eddig: Kezdő=98, Második=109, Döntetlen=0
Játék 208/600 kész, eddig: Kezdő=98, Második=110, Döntetlen=0
Játék 209/600 kész, eddig: Kezdő=99, Második=110, Döntetlen=0
Játék 210/600 kész, eddig: Kezdő=99, Második=111, Döntetlen=0
Játék 211/600 kész, eddig: Kezdő=100, Második=111, Döntetlen=0
Játék 212/600 kész, eddig: Kezdő=101, Második=111, Döntetlen=0
Játék 213/600 kész, eddig: Kezdő=101, Második=112, Döntetlen=0
Játék 214/600 kész, eddig: Kezdő=102, Második=112, Döntetlen=0
Játék 215/600 kész, eddig: Kezdő=102, Második=113, Döntetlen=0
Játék 216/600 kész, eddig: Kezdő=103, Második=113, Döntetlen=0
Játék 217/600 kész, eddig: Kezdő=103, Második=114, Döntetlen=0
Játék 218/600 kész, eddig: Kezdő=104, Második=114, Döntetlen=0
Játék 219/600 kész, eddig: Kezdő=105, Második=114, Döntetlen=0
Játék 220/600 kész, eddig: Kezdő=105, Második=115, Döntetlen=0
Játék 221/600 kész, eddig: Kezdő=105, Második=116, Döntetlen=0
Játék 222/600 kész, eddig: Kezdő=105, Második=117, Döntetlen=0
Játék 223/600 kész, eddig: Kezdő=105, Második=118, Döntetlen=0
Játék 224/600 kész, eddig: Kezdő=105, Második=119, Döntetlen=0
Játék 225/600 kész, eddig: Kezdő=105, Második=120, Döntetlen=0
Játék 226/600 kész, eddig: Kezdő=105, Második=121, Döntetlen=0
Játék 227/600 kész, eddig: Kezdő=106, Második=121, Döntetlen=0
Játék 228/600 kész, eddig: Kezdő=107, Második=121, Döntetlen=0
Játék 229/600 kész, eddig: Kezdő=108, Második=121, Döntetlen=0
Játék 230/600 kész, eddig: Kezdő=109, Második=121, Döntetlen=0
Játék 231/600 kész, eddig: Kezdő=109, Második=122, Döntetlen=0
Játék 232/600 kész, eddig: Kezdő=109, Második=123, Döntetlen=0
Játék 233/600 kész, eddig: Kezdő=110, Második=123, Döntetlen=0
Játék 234/600 kész, eddig: Kezdő=110, Második=124, Döntetlen=0
Játék 235/600 kész, eddig: Kezdő=110, Második=125, Döntetlen=0
Játék 236/600 kész, eddig: Kezdő=110, Második=126, Döntetlen=0
Játék 237/600 kész, eddig: Kezdő=110, Második=127, Döntetlen=0
Játék 238/600 kész, eddig: Kezdő=111, Második=127, Döntetlen=0
Játék 239/600 kész, eddig: Kezdő=111, Második=128, Döntetlen=0
Játék 240/600 kész, eddig: Kezdő=111, Második=129, Döntetlen=0
Játék 241/600 kész, eddig: Kezdő=111, Második=130, Döntetlen=0
Játék 242/600 kész, eddig: Kezdő=111, Második=131, Döntetlen=0
Játék 243/600 kész, eddig: Kezdő=111, Második=132, Döntetlen=0
Játék 244/600 kész, eddig: Kezdő=112, Második=132, Döntetlen=0
Játék 245/600 kész, eddig: Kezdő=113, Második=132, Döntetlen=0
Játék 246/600 kész, eddig: Kezdő=113, Második=133, Döntetlen=0
Játék 247/600 kész, eddig: Kezdő=113, Második=134, Döntetlen=0
Játék 248/600 kész, eddig: Kezdő=114, Második=134, Döntetlen=0
Játék 249/600 kész, eddig: Kezdő=114, Második=135, Döntetlen=0
Játék 250/600 kész, eddig: Kezdő=114, Második=136, Döntetlen=0
Játék 251/600 kész, eddig: Kezdő=114, Második=137, Döntetlen=0
Játék 252/600 kész, eddig: Kezdő=114, Második=138, Döntetlen=0
Játék 253/600 kész, eddig: Kezdő=114, Második=139, Döntetlen=0
Játék 254/600 kész, eddig: Kezdő=114, Második=140, Döntetlen=0
Játék 255/600 kész, eddig: Kezdő=115, Második=140, Döntetlen=0
Játék 256/600 kész, eddig: Kezdő=115, Második=141, Döntetlen=0
Játék 257/600 kész, eddig: Kezdő=115, Második=142, Döntetlen=0
Játék 258/600 kész, eddig: Kezdő=115, Második=143, Döntetlen=0
Játék 259/600 kész, eddig: Kezdő=115, Második=144, Döntetlen=0
Játék 260/600 kész, eddig: Kezdő=115, Második=145, Döntetlen=0
Játék 261/600 kész, eddig: Kezdő=115, Második=146, Döntetlen=0
Játék 262/600 kész, eddig: Kezdő=115, Második=147, Döntetlen=0
Játék 263/600 kész, eddig: Kezdő=115, Második=148, Döntetlen=0
Játék 264/600 kész, eddig: Kezdő=115, Második=149, Döntetlen=0
Játék 265/600 kész, eddig: Kezdő=115, Második=150, Döntetlen=0
Játék 266/600 kész, eddig: Kezdő=116, Második=150, Döntetlen=0
Játék 267/600 kész, eddig: Kezdő=116, Második=151, Döntetlen=0
Játék 268/600 kész, eddig: Kezdő=117, Második=151, Döntetlen=0
Játék 269/600 kész, eddig: Kezdő=117, Második=152, Döntetlen=0
Játék 270/600 kész, eddig: Kezdő=118, Második=152, Döntetlen=0
Játék 271/600 kész, eddig: Kezdő=118, Második=153, Döntetlen=0
Játék 272/600 kész, eddig: Kezdő=119, Második=153, Döntetlen=0
Játék 273/600 kész, eddig: Kezdő=120, Második=153, Döntetlen=0
Játék 274/600 kész, eddig: Kezdő=120, Második=154, Döntetlen=0
Játék 275/600 kész, eddig: Kezdő=121, Második=154, Döntetlen=0
Játék 276/600 kész, eddig: Kezdő=121, Második=155, Döntetlen=0
Játék 277/600 kész, eddig: Kezdő=121, Második=156, Döntetlen=0
Játék 278/600 kész, eddig: Kezdő=122, Második=156, Döntetlen=0
Játék 279/600 kész, eddig: Kezdő=122, Második=157, Döntetlen=0
Játék 280/600 kész, eddig: Kezdő=123, Második=157, Döntetlen=0
Játék 281/600 kész, eddig: Kezdő=124, Második=157, Döntetlen=0
Játék 282/600 kész, eddig: Kezdő=124, Második=158, Döntetlen=0
Játék 283/600 kész, eddig: Kezdő=125, Második=158, Döntetlen=0
Játék 284/600 kész, eddig: Kezdő=126, Második=158, Döntetlen=0
Játék 285/600 kész, eddig: Kezdő=127, Második=158, Döntetlen=0
Játék 286/600 kész, eddig: Kezdő=127, Második=159, Döntetlen=0
Játék 287/600 kész, eddig: Kezdő=127, Második=160, Döntetlen=0
Játék 288/600 kész, eddig: Kezdő=127, Második=161, Döntetlen=0
Játék 289/600 kész, eddig: Kezdő=128, Második=161, Döntetlen=0
Játék 290/600 kész, eddig: Kezdő=129, Második=161, Döntetlen=0
Játék 291/600 kész, eddig: Kezdő=130, Második=161, Döntetlen=0
Játék 292/600 kész, eddig: Kezdő=130, Második=162, Döntetlen=0
Játék 293/600 kész, eddig: Kezdő=130, Második=163, Döntetlen=0
Játék 294/600 kész, eddig: Kezdő=131, Második=163, Döntetlen=0
Játék 295/600 kész, eddig: Kezdő=131, Második=164, Döntetlen=0
Játék 296/600 kész, eddig: Kezdő=132, Második=164, Döntetlen=0
Játék 297/600 kész, eddig: Kezdő=132, Második=165, Döntetlen=0
Játék 298/600 kész, eddig: Kezdő=133, Második=165, Döntetlen=0
Játék 299/600 kész, eddig: Kezdő=134, Második=165, Döntetlen=0
Játék 300/600 kész, eddig: Kezdő=134, Második=166, Döntetlen=0
Játék 301/600 kész, eddig: Kezdő=134, Második=167, Döntetlen=0
Játék 302/600 kész, eddig: Kezdő=135, Második=167, Döntetlen=0
Játék 303/600 kész, eddig: Kezdő=135, Második=168, Döntetlen=0
Játék 304/600 kész, eddig: Kezdő=136, Második=168, Döntetlen=0
Játék 305/600 kész, eddig: Kezdő=136, Második=169, Döntetlen=0
Játék 306/600 kész, eddig: Kezdő=136, Második=170, Döntetlen=0
Játék 307/600 kész, eddig: Kezdő=136, Második=171, Döntetlen=0
Játék 308/600 kész, eddig: Kezdő=136, Második=172, Döntetlen=0
Játék 309/600 kész, eddig: Kezdő=136, Második=173, Döntetlen=0
Játék 310/600 kész, eddig: Kezdő=136, Második=174, Döntetlen=0
Játék 311/600 kész, eddig: Kezdő=137, Második=174, Döntetlen=0
Játék 312/600 kész, eddig: Kezdő=138, Második=174, Döntetlen=0
Játék 313/600 kész, eddig: Kezdő=138, Második=175, Döntetlen=0
Játék 314/600 kész, eddig: Kezdő=139, Második=175, Döntetlen=0
Játék 315/600 kész, eddig: Kezdő=140, Második=175, Döntetlen=0
Játék 316/600 kész, eddig: Kezdő=141, Második=175, Döntetlen=0
Játék 317/600 kész, eddig: Kezdő=142, Második=175, Döntetlen=0
Játék 318/600 kész, eddig: Kezdő=143, Második=175, Döntetlen=0
Játék 319/600 kész, eddig: Kezdő=143, Második=176, Döntetlen=0
Játék 320/600 kész, eddig: Kezdő=144, Második=176, Döntetlen=0
Játék 321/600 kész, eddig: Kezdő=144, Második=177, Döntetlen=0
Játék 322/600 kész, eddig: Kezdő=144, Második=178, Döntetlen=0
Játék 323/600 kész, eddig: Kezdő=145, Második=178, Döntetlen=0
Játék 324/600 kész, eddig: Kezdő=145, Második=179, Döntetlen=0
Játék 325/600 kész, eddig: Kezdő=145, Második=180, Döntetlen=0
Játék 326/600 kész, eddig: Kezdő=145, Második=181, Döntetlen=0
Játék 327/600 kész, eddig: Kezdő=145, Második=182, Döntetlen=0
Játék 328/600 kész, eddig: Kezdő=146, Második=182, Döntetlen=0
Játék 329/600 kész, eddig: Kezdő=147, Második=182, Döntetlen=0
Játék 330/600 kész, eddig: Kezdő=148, Második=182, Döntetlen=0
Játék 331/600 kész, eddig: Kezdő=148, Második=183, Döntetlen=0
Játék 332/600 kész, eddig: Kezdő=149, Második=183, Döntetlen=0
Játék 333/600 kész, eddig: Kezdő=149, Második=184, Döntetlen=0
Játék 334/600 kész, eddig: Kezdő=149, Második=185, Döntetlen=0
Játék 335/600 kész, eddig: Kezdő=150, Második=185, Döntetlen=0
Játék 336/600 kész, eddig: Kezdő=151, Második=185, Döntetlen=0
Játék 337/600 kész, eddig: Kezdő=151, Második=186, Döntetlen=0
Játék 338/600 kész, eddig: Kezdő=151, Második=187, Döntetlen=0
Játék 339/600 kész, eddig: Kezdő=152, Második=187, Döntetlen=0
Játék 340/600 kész, eddig: Kezdő=153, Második=187, Döntetlen=0
Játék 341/600 kész, eddig: Kezdő=154, Második=187, Döntetlen=0
Játék 342/600 kész, eddig: Kezdő=154, Második=188, Döntetlen=0
Játék 343/600 kész, eddig: Kezdő=154, Második=189, Döntetlen=0
Játék 344/600 kész, eddig: Kezdő=155, Második=189, Döntetlen=0
Játék 345/600 kész, eddig: Kezdő=155, Második=190, Döntetlen=0
Játék 346/600 kész, eddig: Kezdő=155, Második=191, Döntetlen=0
Játék 347/600 kész, eddig: Kezdő=156, Második=191, Döntetlen=0
Játék 348/600 kész, eddig: Kezdő=156, Második=192, Döntetlen=0
Játék 349/600 kész, eddig: Kezdő=157, Második=192, Döntetlen=0
Játék 350/600 kész, eddig: Kezdő=157, Második=193, Döntetlen=0
Játék 351/600 kész, eddig: Kezdő=157, Második=194, Döntetlen=0
Játék 352/600 kész, eddig: Kezdő=158, Második=194, Döntetlen=0
Játék 353/600 kész, eddig: Kezdő=159, Második=194, Döntetlen=0
Játék 354/600 kész, eddig: Kezdő=160, Második=194, Döntetlen=0
Játék 355/600 kész, eddig: Kezdő=160, Második=195, Döntetlen=0
Játék 356/600 kész, eddig: Kezdő=160, Második=196, Döntetlen=0
Játék 357/600 kész, eddig: Kezdő=161, Második=196, Döntetlen=0
Játék 358/600 kész, eddig: Kezdő=162, Második=196, Döntetlen=0
Játék 359/600 kész, eddig: Kezdő=162, Második=197, Döntetlen=0
Játék 360/600 kész, eddig: Kezdő=163, Második=197, Döntetlen=0
Játék 361/600 kész, eddig: Kezdő=163, Második=198, Döntetlen=0
Játék 362/600 kész, eddig: Kezdő=163, Második=199, Döntetlen=0
Játék 363/600 kész, eddig: Kezdő=163, Második=200, Döntetlen=0
Játék 364/600 kész, eddig: Kezdő=163, Második=201, Döntetlen=0
Játék 365/600 kész, eddig: Kezdő=164, Második=201, Döntetlen=0
Játék 366/600 kész, eddig: Kezdő=165, Második=201, Döntetlen=0
Játék 367/600 kész, eddig: Kezdő=165, Második=202, Döntetlen=0
Játék 368/600 kész, eddig: Kezdő=165, Második=203, Döntetlen=0
Játék 369/600 kész, eddig: Kezdő=165, Második=204, Döntetlen=0
Játék 370/600 kész, eddig: Kezdő=165, Második=205, Döntetlen=0
Játék 371/600 kész, eddig: Kezdő=166, Második=205, Döntetlen=0
Játék 372/600 kész, eddig: Kezdő=166, Második=206, Döntetlen=0
Játék 373/600 kész, eddig: Kezdő=166, Második=207, Döntetlen=0
Játék 374/600 kész, eddig: Kezdő=166, Második=208, Döntetlen=0
Játék 375/600 kész, eddig: Kezdő=166, Második=209, Döntetlen=0
Játék 376/600 kész, eddig: Kezdő=166, Második=210, Döntetlen=0
Játék 377/600 kész, eddig: Kezdő=166, Második=211, Döntetlen=0
Játék 378/600 kész, eddig: Kezdő=166, Második=212, Döntetlen=0
Játék 379/600 kész, eddig: Kezdő=166, Második=213, Döntetlen=0
Játék 380/600 kész, eddig: Kezdő=167, Második=213, Döntetlen=0
Játék 381/600 kész, eddig: Kezdő=167, Második=214, Döntetlen=0
Játék 382/600 kész, eddig: Kezdő=167, Második=215, Döntetlen=0
Játék 383/600 kész, eddig: Kezdő=167, Második=216, Döntetlen=0
Játék 384/600 kész, eddig: Kezdő=167, Második=217, Döntetlen=0
Játék 385/600 kész, eddig: Kezdő=167, Második=218, Döntetlen=0
Játék 386/600 kész, eddig: Kezdő=167, Második=219, Döntetlen=0
Játék 387/600 kész, eddig: Kezdő=167, Második=220, Döntetlen=0
Játék 388/600 kész, eddig: Kezdő=168, Második=220, Döntetlen=0
Játék 389/600 kész, eddig: Kezdő=168, Második=221, Döntetlen=0
Játék 390/600 kész, eddig: Kezdő=168, Második=222, Döntetlen=0
Játék 391/600 kész, eddig: Kezdő=168, Második=223, Döntetlen=0
Játék 392/600 kész, eddig: Kezdő=168, Második=224, Döntetlen=0
Játék 393/600 kész, eddig: Kezdő=168, Második=225, Döntetlen=0
Játék 394/600 kész, eddig: Kezdő=168, Második=226, Döntetlen=0
Játék 395/600 kész, eddig: Kezdő=169, Második=226, Döntetlen=0
Játék 396/600 kész, eddig: Kezdő=169, Második=227, Döntetlen=0
Játék 397/600 kész, eddig: Kezdő=169, Második=228, Döntetlen=0
Játék 398/600 kész, eddig: Kezdő=170, Második=228, Döntetlen=0
Játék 399/600 kész, eddig: Kezdő=170, Második=229, Döntetlen=0
Játék 400/600 kész, eddig: Kezdő=170, Második=230, Döntetlen=0
Játék 401/600 kész, eddig: Kezdő=170, Második=231, Döntetlen=0
Játék 402/600 kész, eddig: Kezdő=170, Második=232, Döntetlen=0
Játék 403/600 kész, eddig: Kezdő=170, Második=233, Döntetlen=0
Játék 404/600 kész, eddig: Kezdő=170, Második=234, Döntetlen=0
Játék 405/600 kész, eddig: Kezdő=170, Második=235, Döntetlen=0
Játék 406/600 kész, eddig: Kezdő=170, Második=236, Döntetlen=0
Játék 407/600 kész, eddig: Kezdő=171, Második=236, Döntetlen=0
Játék 408/600 kész, eddig: Kezdő=172, Második=236, Döntetlen=0
Játék 409/600 kész, eddig: Kezdő=172, Második=237, Döntetlen=0
Játék 410/600 kész, eddig: Kezdő=172, Második=238, Döntetlen=0
Játék 411/600 kész, eddig: Kezdő=173, Második=238, Döntetlen=0
Játék 412/600 kész, eddig: Kezdő=173, Második=239, Döntetlen=0
Játék 413/600 kész, eddig: Kezdő=173, Második=240, Döntetlen=0
Játék 414/600 kész, eddig: Kezdő=174, Második=240, Döntetlen=0
Játék 415/600 kész, eddig: Kezdő=174, Második=241, Döntetlen=0
Játék 416/600 kész, eddig: Kezdő=174, Második=242, Döntetlen=0
Játék 417/600 kész, eddig: Kezdő=175, Második=242, Döntetlen=0
Játék 418/600 kész, eddig: Kezdő=176, Második=242, Döntetlen=0
Játék 419/600 kész, eddig: Kezdő=176, Második=243, Döntetlen=0
Játék 420/600 kész, eddig: Kezdő=176, Második=244, Döntetlen=0
Játék 421/600 kész, eddig: Kezdő=177, Második=244, Döntetlen=0
Játék 422/600 kész, eddig: Kezdő=178, Második=244, Döntetlen=0
Játék 423/600 kész, eddig: Kezdő=178, Második=245, Döntetlen=0
Játék 424/600 kész, eddig: Kezdő=179, Második=245, Döntetlen=0
Játék 425/600 kész, eddig: Kezdő=179, Második=246, Döntetlen=0
Játék 426/600 kész, eddig: Kezdő=179, Második=247, Döntetlen=0
Játék 427/600 kész, eddig: Kezdő=179, Második=248, Döntetlen=0
Játék 428/600 kész, eddig: Kezdő=179, Második=249, Döntetlen=0
Játék 429/600 kész, eddig: Kezdő=179, Második=250, Döntetlen=0
Játék 430/600 kész, eddig: Kezdő=179, Második=251, Döntetlen=0
Játék 431/600 kész, eddig: Kezdő=179, Második=252, Döntetlen=0
Játék 432/600 kész, eddig: Kezdő=179, Második=253, Döntetlen=0
Játék 433/600 kész, eddig: Kezdő=180, Második=253, Döntetlen=0
Játék 434/600 kész, eddig: Kezdő=181, Második=253, Döntetlen=0
Játék 435/600 kész, eddig: Kezdő=181, Második=254, Döntetlen=0
Játék 436/600 kész, eddig: Kezdő=181, Második=255, Döntetlen=0
Játék 437/600 kész, eddig: Kezdő=182, Második=255, Döntetlen=0
Játék 438/600 kész, eddig: Kezdő=182, Második=256, Döntetlen=0
Játék 439/600 kész, eddig: Kezdő=183, Második=256, Döntetlen=0
Játék 440/600 kész, eddig: Kezdő=183, Második=257, Döntetlen=0
Játék 441/600 kész, eddig: Kezdő=183, Második=258, Döntetlen=0
Játék 442/600 kész, eddig: Kezdő=184, Második=258, Döntetlen=0
Játék 443/600 kész, eddig: Kezdő=184, Második=259, Döntetlen=0
Játék 444/600 kész, eddig: Kezdő=184, Második=260, Döntetlen=0
Játék 445/600 kész, eddig: Kezdő=184, Második=261, Döntetlen=0
Játék 446/600 kész, eddig: Kezdő=184, Második=262, Döntetlen=0
Játék 447/600 kész, eddig: Kezdő=184, Második=263, Döntetlen=0
Játék 448/600 kész, eddig: Kezdő=184, Második=264, Döntetlen=0
Játék 449/600 kész, eddig: Kezdő=184, Második=265, Döntetlen=0
Játék 450/600 kész, eddig: Kezdő=184, Második=266, Döntetlen=0
Játék 451/600 kész, eddig: Kezdő=184, Második=267, Döntetlen=0
Játék 452/600 kész, eddig: Kezdő=184, Második=268, Döntetlen=0
Játék 453/600 kész, eddig: Kezdő=185, Második=268, Döntetlen=0
Játék 454/600 kész, eddig: Kezdő=185, Második=269, Döntetlen=0
Játék 455/600 kész, eddig: Kezdő=186, Második=269, Döntetlen=0
Játék 456/600 kész, eddig: Kezdő=186, Második=270, Döntetlen=0
Játék 457/600 kész, eddig: Kezdő=186, Második=271, Döntetlen=0
Játék 458/600 kész, eddig: Kezdő=186, Második=272, Döntetlen=0
Játék 459/600 kész, eddig: Kezdő=187, Második=272, Döntetlen=0
Játék 460/600 kész, eddig: Kezdő=187, Második=273, Döntetlen=0
Játék 461/600 kész, eddig: Kezdő=187, Második=274, Döntetlen=0
Játék 462/600 kész, eddig: Kezdő=187, Második=275, Döntetlen=0
Játék 463/600 kész, eddig: Kezdő=188, Második=275, Döntetlen=0
Játék 464/600 kész, eddig: Kezdő=189, Második=275, Döntetlen=0
Játék 465/600 kész, eddig: Kezdő=190, Második=275, Döntetlen=0
Játék 466/600 kész, eddig: Kezdő=190, Második=276, Döntetlen=0
Játék 467/600 kész, eddig: Kezdő=191, Második=276, Döntetlen=0
Játék 468/600 kész, eddig: Kezdő=191, Második=277, Döntetlen=0
Játék 469/600 kész, eddig: Kezdő=192, Második=277, Döntetlen=0
Játék 470/600 kész, eddig: Kezdő=192, Második=278, Döntetlen=0
Játék 471/600 kész, eddig: Kezdő=193, Második=278, Döntetlen=0
Játék 472/600 kész, eddig: Kezdő=194, Második=278, Döntetlen=0
Játék 473/600 kész, eddig: Kezdő=195, Második=278, Döntetlen=0
Játék 474/600 kész, eddig: Kezdő=196, Második=278, Döntetlen=0
Játék 475/600 kész, eddig: Kezdő=196, Második=279, Döntetlen=0
Játék 476/600 kész, eddig: Kezdő=196, Második=280, Döntetlen=0
Játék 477/600 kész, eddig: Kezdő=197, Második=280, Döntetlen=0
Játék 478/600 kész, eddig: Kezdő=198, Második=280, Döntetlen=0
Játék 479/600 kész, eddig: Kezdő=198, Második=281, Döntetlen=0
Játék 480/600 kész, eddig: Kezdő=198, Második=282, Döntetlen=0
Játék 481/600 kész, eddig: Kezdő=199, Második=282, Döntetlen=0
Játék 482/600 kész, eddig: Kezdő=200, Második=282, Döntetlen=0
Játék 483/600 kész, eddig: Kezdő=201, Második=282, Döntetlen=0
Játék 484/600 kész, eddig: Kezdő=201, Második=283, Döntetlen=0
Játék 485/600 kész, eddig: Kezdő=201, Második=284, Döntetlen=0
Játék 486/600 kész, eddig: Kezdő=202, Második=284, Döntetlen=0
Játék 487/600 kész, eddig: Kezdő=203, Második=284, Döntetlen=0
Játék 488/600 kész, eddig: Kezdő=203, Második=285, Döntetlen=0
Játék 489/600 kész, eddig: Kezdő=204, Második=285, Döntetlen=0
Játék 490/600 kész, eddig: Kezdő=205, Második=285, Döntetlen=0
Játék 491/600 kész, eddig: Kezdő=205, Második=286, Döntetlen=0
Játék 492/600 kész, eddig: Kezdő=206, Második=286, Döntetlen=0
Játék 493/600 kész, eddig: Kezdő=206, Második=287, Döntetlen=0
Játék 494/600 kész, eddig: Kezdő=206, Második=288, Döntetlen=0
Játék 495/600 kész, eddig: Kezdő=206, Második=289, Döntetlen=0
Játék 496/600 kész, eddig: Kezdő=207, Második=289, Döntetlen=0
Játék 497/600 kész, eddig: Kezdő=208, Második=289, Döntetlen=0
Játék 498/600 kész, eddig: Kezdő=209, Második=289, Döntetlen=0
Játék 499/600 kész, eddig: Kezdő=209, Második=290, Döntetlen=0
Játék 500/600 kész, eddig: Kezdő=209, Második=291, Döntetlen=0
Játék 501/600 kész, eddig: Kezdő=209, Második=292, Döntetlen=0
Játék 502/600 kész, eddig: Kezdő=209, Második=293, Döntetlen=0
Játék 503/600 kész, eddig: Kezdő=209, Második=294, Döntetlen=0
Játék 504/600 kész, eddig: Kezdő=209, Második=295, Döntetlen=0
Játék 505/600 kész, eddig: Kezdő=209, Második=296, Döntetlen=0
Játék 506/600 kész, eddig: Kezdő=209, Második=297, Döntetlen=0
Játék 507/600 kész, eddig: Kezdő=209, Második=298, Döntetlen=0
Játék 508/600 kész, eddig: Kezdő=209, Második=299, Döntetlen=0
Játék 509/600 kész, eddig: Kezdő=209, Második=300, Döntetlen=0
Játék 510/600 kész, eddig: Kezdő=209, Második=301, Döntetlen=0
Játék 511/600 kész, eddig: Kezdő=209, Második=302, Döntetlen=0
Játék 512/600 kész, eddig: Kezdő=209, Második=303, Döntetlen=0
Játék 513/600 kész, eddig: Kezdő=209, Második=304, Döntetlen=0
Játék 514/600 kész, eddig: Kezdő=209, Második=305, Döntetlen=0
Játék 515/600 kész, eddig: Kezdő=209, Második=306, Döntetlen=0
Játék 516/600 kész, eddig: Kezdő=210, Második=306, Döntetlen=0
Játék 517/600 kész, eddig: Kezdő=210, Második=307, Döntetlen=0
Játék 518/600 kész, eddig: Kezdő=210, Második=308, Döntetlen=0
Játék 519/600 kész, eddig: Kezdő=210, Második=309, Döntetlen=0
Játék 520/600 kész, eddig: Kezdő=210, Második=310, Döntetlen=0
Játék 521/600 kész, eddig: Kezdő=210, Második=311, Döntetlen=0
Játék 522/600 kész, eddig: Kezdő=211, Második=311, Döntetlen=0
Játék 523/600 kész, eddig: Kezdő=211, Második=312, Döntetlen=0
Játék 524/600 kész, eddig: Kezdő=211, Második=313, Döntetlen=0
Játék 525/600 kész, eddig: Kezdő=212, Második=313, Döntetlen=0
Játék 526/600 kész, eddig: Kezdő=213, Második=313, Döntetlen=0
Játék 527/600 kész, eddig: Kezdő=213, Második=314, Döntetlen=0
Játék 528/600 kész, eddig: Kezdő=213, Második=315, Döntetlen=0
Játék 529/600 kész, eddig: Kezdő=213, Második=316, Döntetlen=0
Játék 530/600 kész, eddig: Kezdő=214, Második=316, Döntetlen=0
Játék 531/600 kész, eddig: Kezdő=214, Második=317, Döntetlen=0
Játék 532/600 kész, eddig: Kezdő=214, Második=318, Döntetlen=0
Játék 533/600 kész, eddig: Kezdő=214, Második=319, Döntetlen=0
Játék 534/600 kész, eddig: Kezdő=214, Második=320, Döntetlen=0
Játék 535/600 kész, eddig: Kezdő=215, Második=320, Döntetlen=0
Játék 536/600 kész, eddig: Kezdő=215, Második=321, Döntetlen=0
Játék 537/600 kész, eddig: Kezdő=216, Második=321, Döntetlen=0
Játék 538/600 kész, eddig: Kezdő=216, Második=322, Döntetlen=0
Játék 539/600 kész, eddig: Kezdő=217, Második=322, Döntetlen=0
Játék 540/600 kész, eddig: Kezdő=217, Második=323, Döntetlen=0
Játék 541/600 kész, eddig: Kezdő=218, Második=323, Döntetlen=0
Játék 542/600 kész, eddig: Kezdő=218, Második=324, Döntetlen=0
Játék 543/600 kész, eddig: Kezdő=219, Második=324, Döntetlen=0
Játék 544/600 kész, eddig: Kezdő=220, Második=324, Döntetlen=0
Játék 545/600 kész, eddig: Kezdő=220, Második=325, Döntetlen=0
Játék 546/600 kész, eddig: Kezdő=220, Második=326, Döntetlen=0
Játék 547/600 kész, eddig: Kezdő=221, Második=326, Döntetlen=0
Játék 548/600 kész, eddig: Kezdő=221, Második=327, Döntetlen=0
Játék 549/600 kész, eddig: Kezdő=222, Második=327, Döntetlen=0
Játék 550/600 kész, eddig: Kezdő=223, Második=327, Döntetlen=0
Játék 551/600 kész, eddig: Kezdő=223, Második=328, Döntetlen=0
Játék 552/600 kész, eddig: Kezdő=224, Második=328, Döntetlen=0
Játék 553/600 kész, eddig: Kezdő=224, Második=329, Döntetlen=0
Játék 554/600 kész, eddig: Kezdő=224, Második=330, Döntetlen=0
Játék 555/600 kész, eddig: Kezdő=224, Második=331, Döntetlen=0
Játék 556/600 kész, eddig: Kezdő=224, Második=332, Döntetlen=0
Játék 557/600 kész, eddig: Kezdő=225, Második=332, Döntetlen=0
Játék 558/600 kész, eddig: Kezdő=225, Második=333, Döntetlen=0
Játék 559/600 kész, eddig: Kezdő=226, Második=333, Döntetlen=0
Játék 560/600 kész, eddig: Kezdő=226, Második=334, Döntetlen=0
Játék 561/600 kész, eddig: Kezdő=227, Második=334, Döntetlen=0
Játék 562/600 kész, eddig: Kezdő=227, Második=335, Döntetlen=0
Játék 563/600 kész, eddig: Kezdő=227, Második=336, Döntetlen=0
Játék 564/600 kész, eddig: Kezdő=227, Második=337, Döntetlen=0
Játék 565/600 kész, eddig: Kezdő=228, Második=337, Döntetlen=0
Játék 566/600 kész, eddig: Kezdő=228, Második=338, Döntetlen=0
Játék 567/600 kész, eddig: Kezdő=228, Második=339, Döntetlen=0
Játék 568/600 kész, eddig: Kezdő=229, Második=339, Döntetlen=0
Játék 569/600 kész, eddig: Kezdő=229, Második=340, Döntetlen=0
Játék 570/600 kész, eddig: Kezdő=230, Második=340, Döntetlen=0
Játék 571/600 kész, eddig: Kezdő=231, Második=340, Döntetlen=0
Játék 572/600 kész, eddig: Kezdő=232, Második=340, Döntetlen=0
Játék 573/600 kész, eddig: Kezdő=232, Második=341, Döntetlen=0
Játék 574/600 kész, eddig: Kezdő=232, Második=342, Döntetlen=0
Játék 575/600 kész, eddig: Kezdő=232, Második=343, Döntetlen=0
Játék 576/600 kész, eddig: Kezdő=233, Második=343, Döntetlen=0
Játék 577/600 kész, eddig: Kezdő=233, Második=344, Döntetlen=0
Játék 578/600 kész, eddig: Kezdő=234, Második=344, Döntetlen=0
Játék 579/600 kész, eddig: Kezdő=234, Második=345, Döntetlen=0
Játék 580/600 kész, eddig: Kezdő=234, Második=346, Döntetlen=0
Játék 581/600 kész, eddig: Kezdő=235, Második=346, Döntetlen=0
Játék 582/600 kész, eddig: Kezdő=235, Második=347, Döntetlen=0
Játék 583/600 kész, eddig: Kezdő=236, Második=347, Döntetlen=0
Játék 584/600 kész, eddig: Kezdő=236, Második=348, Döntetlen=0
Játék 585/600 kész, eddig: Kezdő=236, Második=349, Döntetlen=0
Játék 586/600 kész, eddig: Kezdő=237, Második=349, Döntetlen=0
Játék 587/600 kész, eddig: Kezdő=238, Második=349, Döntetlen=0
Játék 588/600 kész, eddig: Kezdő=238, Második=350, Döntetlen=0
Játék 589/600 kész, eddig: Kezdő=239, Második=350, Döntetlen=0
Játék 590/600 kész, eddig: Kezdő=240, Második=350, Döntetlen=0
Játék 591/600 kész, eddig: Kezdő=240, Második=351, Döntetlen=0
Játék 592/600 kész, eddig: Kezdő=240, Második=352, Döntetlen=0
Játék 593/600 kész, eddig: Kezdő=240, Második=353, Döntetlen=0
Játék 594/600 kész, eddig: Kezdő=241, Második=353, Döntetlen=0
Játék 595/600 kész, eddig: Kezdő=242, Második=353, Döntetlen=0
Játék 596/600 kész, eddig: Kezdő=242, Második=354, Döntetlen=0
Játék 597/600 kész, eddig: Kezdő=243, Második=354, Döntetlen=0
Játék 598/600 kész, eddig: Kezdő=244, Második=354, Döntetlen=0
Játék 599/600 kész, eddig: Kezdő=245, Második=354, Döntetlen=0
Játék 600/600 kész, eddig: Kezdő=246, Második=354, Döntetlen=0

=== SZIMULÁCIÓ KÉSZ ===
Variáns: Felgyorsított
Lejátszott meccsek: 600
Kezdő játékos győzelmek:    246
Második játékos győzelmek:  354
Döntetlenek:                0
Kezdő aránya:    41.00%
Második aránya:  59.00%
Döntetlen:       0.00%
