=== SZIMULÁCIÓ INDUL ===
Variáns: Felgyorsított
Meccsek száma: 200
Játék 1/200 kész, eddig: Kezdő=0, Második=1, Döntetlen=0
Játék 2/200 kész, eddig: Kezdő=1, Második=1, Döntetlen=0
Játék 3/200 kész, eddig: Kezdő=2, Második=1, Döntetlen=0
Játék 4/200 kész, eddig: Kezdő=2, Második=2, Döntetlen=0
Játék 5/200 kész, eddig: Kezdő=3, Második=2, Döntetlen=0
Játék 6/200 kész, eddig: Kezdő=4, Második=2, Döntetlen=0
Játék 7/200 kész, eddig: Kezdő=5, Második=2, Döntetlen=0
Játék 8/200 kész, eddig: Kezdő=5, Második=3, Döntetlen=0
Játék 9/200 kész, eddig: Kezdő=6, Második=3, Döntetlen=0
Játék 10/200 kész, eddig: Kezdő=6, Második=4, Döntetlen=0
Játék 11/200 kész, eddig: Kezdő=6, Második=5, Döntetlen=0
Játék 12/200 kész, eddig: Kezdő=7, Második=5, Döntetlen=0
Játék 13/200 kész, eddig: Kezdő=7, Második=6, Döntetlen=0
Játék 14/200 kész, eddig: Kezdő=8, Második=6, Döntetlen=0
Játék 15/200 kész, eddig: Kezdő=8, Második=7, Döntetlen=0
Játék 16/200 kész, eddig: Kezdő=9, Második=7, Döntetlen=0
Játék 17/200 kész, eddig: Kezdő=9, Második=8, Döntetlen=0
Játék 18/200 kész, eddig: Kezdő=10, Második=8, Döntetlen=0
Játék 19/200 kész, eddig: Kezdő=11, Második=8, Döntetlen=0
Játék 20/200 kész, eddig: Kezdő=11, Második=9, Döntetlen=0
Játék 21/200 kész, eddig: Kezdő=12, Második=9, Döntetlen=0
Játék 22/200 kész, eddig: Kezdő=12, Második=10, Döntetlen=0
Játék 23/200 kész, eddig: Kezdő=12, Második=11, Döntetlen=0
Játék 24/200 kész, eddig: Kezdő=13, Második=11, Döntetlen=0
Játék 25/200 kész, eddig: Kezdő=13, Második=12, Döntetlen=0
Játék 26/200 kész, eddig: Kezdő=13, Második=13, Döntetlen=0
Játék 27/200 kész, eddig: Kezdő=13, Második=14, Döntetlen=0
Játék 28/200 kész, eddig: Kezdő=13, Második=15, Döntetlen=0
Játék 29/200 kész, eddig: Kezdő=13, Második=16, Döntetlen=0
Játék 30/200 kész, eddig: Kezdő=13, Második=17, Döntetlen=0
Játék 31/200 kész, eddig: Kezdő=14, Második=17, Döntetlen=0
Játék 32/200 kész, eddig: Kezdő=14, Második=18, Döntetlen=0
Játék 33/200 kész, eddig: Kezdő=14, Második=19, Döntetlen=0
Játék 34/200 kész, eddig: Kezdő=15, Második=19, Döntetlen=0
Játék 35/200 kész, eddig: Kezdő=15, Második=20, Döntetlen=0
Játék 36/200 kész, eddig: Kezdő=15, Második=21, Döntetlen=0
Játék 37/200 kész, eddig: Kezdő=15, Második=22, Döntetlen=0
Játék 38/200 kész, eddig: Kezdő=15, Második=23, Döntetlen=0
Játék 39/200 kész, eddig: Kezdő=15, Második=24, Döntetlen=0
Játék 40/200 kész, eddig: Kezdő=15, Második=25, Döntetlen=0
Játék 41/200 kész, eddig: Kezdő=16, Második=25, Döntetlen=0
Játék 42/200 kész, eddig: Kezdő=16, Második=26, Döntetlen=0
Játék 43/200 kész, eddig: Kezdő=16, Második=27, Döntetlen=0
Játék 44/200 kész, eddig: Kezdő=16, Második=28, Döntetlen=0
Játék 45/200 kész, eddig: Kezdő=17, Második=28, Döntetlen=0
Játék 46/200 kész, eddig: Kezdő=17, Második=29, Döntetlen=0
Játék 47/200 kész, eddig: Kezdő=17, Második=30, Döntetlen=0
Játék 48/200 kész, eddig: Kezdő=17, Második=31, Döntetlen=0
Játék 49/200 kész, eddig: Kezdő=18, Második=31, Döntetlen=0
Játék 50/200 kész, eddig: Kezdő=18, Második=32, Döntetlen=0
Játék 51/200 kész, eddig: Kezdő=19, Második=32, Döntetlen=0
Játék 52/200 kész, eddig: Kezdő=20, Második=32, Döntetlen=0
Játék 53/200 kész, eddig: Kezdő=20, Második=33, Döntetlen=0
Játék 54/200 kész, eddig: Kezdő=20, Második=34, Döntetlen=0
Játék 55/200 kész, eddig: Kezdő=20, Második=35, Döntetlen=0
Játék 56/200 kész, eddig: Kezdő=20, Második=36, Döntetlen=0
Játék 57/200 kész, eddig: Kezdő=20, Második=37, Döntetlen=0
Játék 58/200 kész, eddig: Kezdő=21, Második=37, Döntetlen=0
Játék 59/200 kész, eddig: Kezdő=22, Második=37, Döntetlen=0
Játék 60/200 kész, eddig: Kezdő=23, Második=37, Döntetlen=0
Játék 61/200 kész, eddig: Kezdő=23, Második=38, Döntetlen=0
Játék 62/200 kész, eddig: Kezdő=24, Második=38, Döntetlen=0
Játék 63/200 kész, eddig: Kezdő=24, Második=39, Döntetlen=0
Játék 64/200 kész, eddig: Kezdő=24, Második=40, Döntetlen=0
Játék 65/200 kész, eddig: Kezdő=24, Második=41, Döntetlen=0
Játék 66/200 kész, eddig: Kezdő=24, Második=42, Döntetlen=0
Játék 67/200 kész, eddig: Kezdő=24, Második=43, Döntetlen=0
Játék 68/200 kész, eddig: Kezdő=25, Második=43, Döntetlen=0
Játék 69/200 kész, eddig: Kezdő=25, Második=44, Döntetlen=0
Játék 70/200 kész, eddig: Kezdő=26, Második=44, Döntetlen=0
Játék 71/200 kész, eddig: Kezdő=26, Második=45, Döntetlen=0
Játék 72/200 kész, eddig: Kezdő=27, Második=45, Döntetlen=0
Játék 73/200 kész, eddig: Kezdő=27, Második=46, Döntetlen=0
Játék 74/200 kész, eddig: Kezdő=27, Második=47, Döntetlen=0
Játék 75/200 kész, eddig: Kezdő=28, Második=47, Döntetlen=0
Játék 76/200 kész, eddig: Kezdő=28, Második=48, Döntetlen=0
Játék 77/200 kész, eddig: Kezdő=28, Második=49, Döntetlen=0
Játék 78/200 kész, eddig: Kezdő=29, Második=49, Döntetlen=0
Játék 79/200 kész, eddig: Kezdő=29, Második=50, Döntetlen=0
Játék 80/200 kész, eddig: Kezdő=29, Második=51, Döntetlen=0
Játék 81/200 kész, eddig: Kezdő=29, Második=52, Döntetlen=0
Játék 82/200 kész, eddig: Kezdő=29, Második=53, Döntetlen=0
Játék 83/200 kész, eddig: Kezdő=30, Második=53, Döntetlen=0
Játék 84/200 kész, eddig: Kezdő=30, Második=54, Döntetlen=0
Játék 85/200 kész, eddig: Kezdő=30, Második=55, Döntetlen=0
Játék 86/200 kész, eddig: Kezdő=30, Második=56, Döntetlen=0
Játék 87/200 kész, eddig: Kezdő=31, Második=56, Döntetlen=0
Játék 88/200 kész, eddig: Kezdő=32, Második=56, Döntetlen=0
Játék 89/200 kész, eddig: Kezdő=33, Második=56, Döntetlen=0
Játék 90/200 kész, eddig: Kezdő=33, Második=57, Döntetlen=0
Játék 91/200 kész, eddig: Kezdő=33, Második=58, Döntetlen=0
Játék 92/200 kész, eddig: Kezdő=33, Második=59, Döntetlen=0
Játék 93/200 kész, eddig: Kezdő=33, Második=60, Döntetlen=0
Játék 94/200 kész, eddig: Kezdő=33, Második=61, Döntetlen=0
Játék 95/200 kész, eddig: Kezdő=33, Második=62, Döntetlen=0
Játék 96/200 kész, eddig: Kezdő=34, Második=62, Döntetlen=0
Játék 97/200 kész, eddig: Kezdő=34, Második=63, Döntetlen=0
Játék 98/200 kész, eddig: Kezdő=34, Második=64, Döntetlen=0
Játék 99/200 kész, eddig: Kezdő=35, Második=64, Döntetlen=0
Játék 100/200 kész, eddig: Kezdő=36, Második=64, Döntetlen=0
Játék 101/200 kész, eddig: Kezdő=36, Második=65, Döntetlen=0
Játék 102/200 kész, eddig: Kezdő=37, Második=65, Döntetlen=0
Játék 103/200 kész, eddig: Kezdő=38, Második=65, Döntetlen=0
Játék 104/200 kész, eddig: Kezdő=38, Második=66, Döntetlen=0
Játék 105/200 kész, eddig: Kezdő=39, Második=66, Döntetlen=0
Játék 106/200 kész, eddig: Kezdő=39, Második=67, Döntetlen=0
Játék 107/200 kész, eddig: Kezdő=39, Második=68, Döntetlen=0
Játék 108/200 kész, eddig: Kezdő=39, Második=69, Döntetlen=0
Játék 109/200 kész, eddig: Kezdő=40, Második=69, Döntetlen=0
Játék 110/200 kész, eddig: Kezdő=40, Második=70, Döntetlen=0
Játék 111/200 kész, eddig: Kezdő=40, Második=71, Döntetlen=0
Játék 112/200 kész, eddig: Kezdő=41, Második=71, Döntetlen=0
Játék 113/200 kész, eddig: Kezdő=41, Második=72, Döntetlen=0
Játék 114/200 kész, eddig: Kezdő=41, Második=73, Döntetlen=0
Játék 115/200 kész, eddig: Kezdő=41, Második=74, Döntetlen=0
Játék 116/200 kész, eddig: Kezdő=42, Második=74, Döntetlen=0
Játék 117/200 kész, eddig: Kezdő=43, Második=74, Döntetlen=0
Játék 118/200 kész, eddig: Kezdő=44, Második=74, Döntetlen=0
Játék 119/200 kész, eddig: Kezdő=44, Második=75, Döntetlen=0
Játék 120/200 kész, eddig: Kezdő=44, Második=76, Döntetlen=0
Játék 121/200 kész, eddig: Kezdő=44, Második=77, Döntetlen=0
Játék 122/200 kész, eddig: Kezdő=45, Második=77, Döntetlen=0
Játék 123/200 kész, eddig: Kezdő=46, Második=77, Döntetlen=0
Játék 124/200 kész, eddig: Kezdő=46, Második=78, Döntetlen=0
Játék 125/200 kész, eddig: Kezdő=46, Második=79, Döntetlen=0
Játék 126/200 kész, eddig: Kezdő=46, Második=80, Döntetlen=0
Játék 127/200 kész, eddig: Kezdő=46, Második=81, Döntetlen=0
Játék 128/200 kész, eddig: Kezdő=46, Második=82, Döntetlen=0
Játék 129/200 kész, eddig: Kezdő=47, Második=82, Döntetlen=0
Játék 130/200 kész, eddig: Kezdő=48, Második=82, Döntetlen=0
Játék 131/200 kész, eddig: Kezdő=48, Második=83, Döntetlen=0
Játék 132/200 kész, eddig: Kezdő=48, Második=84, Döntetlen=0
Játék 133/200 kész, eddig: Kezdő=49, Második=84, Döntetlen=0
Játék 134/200 kész, eddig: Kezdő=49, Második=85, Döntetlen=0
Játék 135/200 kész, eddig: Kezdő=50, Második=85, Döntetlen=0
Játék 136/200 kész, eddig: Kezdő=51, Második=85, Döntetlen=0
Játék 137/200 kész, eddig: Kezdő=52, Második=85, Döntetlen=0
Játék 138/200 kész, eddig: Kezdő=53, Második=85, Döntetlen=0
Játék 139/200 kész, eddig: Kezdő=53, Második=86, Döntetlen=0
Játék 140/200 kész, eddig: Kezdő=53, Második=87, Döntetlen=0
Játék 141/200 kész, eddig: Kezdő=53, Második=88, Döntetlen=0
Játék 142/200 kész, eddig: Kezdő=54, Második=88, Döntetlen=0
Játék 143/200 kész, eddig: Kezdő=55, Második=88, Döntetlen=0
Játék 144/200 kész, eddig: Kezdő=55, Második=89, Döntetlen=0
Játék 145/200 kész, eddig: Kezdő=55, Második=90, Döntetlen=0
Játék 146/200 kész, eddig: Kezdő=55, Második=91, Döntetlen=0
Játék 147/200 kész, eddig: Kezdő=55, Második=92, Döntetlen=0
Játék 148/200 kész, eddig: Kezdő=56, Második=92, Döntetlen=0
Játék 149/200 kész, eddig: Kezdő=57, Második=92, Döntetlen=0
Játék 150/200 kész, eddig: Kezdő=58, Második=92, Döntetlen=0
Játék 151/200 kész, eddig: Kezdő=58, Második=93, Döntetlen=0
Játék 152/200 kész, eddig: Kezdő=59, Második=93, Döntetlen=0
Játék 153/200 kész, eddig: Kezdő=59, Második=94, Döntetlen=0
Játék 154/200 kész, eddig: Kezdő=60, Második=94, Döntetlen=0
Játék 155/200 kész, eddig: Kezdő=60, Második=95, Döntetlen=0
Játék 156/200 kész, eddig: Kezdő=60, Második=96, Döntetlen=0
Játék 157/200 kész, eddig: Kezdő=60, Második=97, Döntetlen=0
Játék 158/200 kész, eddig: Kezdő=60, Második=98, Döntetlen=0
Játék 159/200 kész, eddig: Kezdő=60, Második=99, Döntetlen=0
Játék 160/200 kész, eddig: Kezdő=61, Második=99, Döntetlen=0
Játék 161/200 kész, eddig: Kezdő=61, Második=100, Döntetlen=0
Játék 162/200 kész, eddig: Kezdő=62, Második=100, Döntetlen=0
Játék 163/200 kész, eddig: Kezdő=62, Második=101, Döntetlen=0
Játék 164/200 kész, eddig: Kezdő=62, Második=102, Döntetlen=0
Játék 165/200 kész, eddig: Kezdő=63, Második=102, Döntetlen=0
Játék 166/200 kész, eddig: Kezdő=63, Második=103, Döntetlen=0
Játék 167/200 kész, eddig: Kezdő=63, Második=104, Döntetlen=0
Játék 168/200 kész, eddig: Kezdő=64, Második=104, Döntetlen=0
Játék 169/200 kész, eddig: Kezdő=64, Második=105, Döntetlen=0
Játék 170/200 kész, eddig: Kezdő=65, Második=105, Döntetlen=0
Játék 171/200 kész, eddig: Kezdő=66, Második=105, Döntetlen=0
Játék 172/200 kész, eddig: Kezdő=66, Második=106, Döntetlen=0
Játék 173/200 kész, eddig: Kezdő=66, Második=107, Döntetlen=0
Játék 174/200 kész, eddig: Kezdő=67, Második=107, Döntetlen=0
Játék 175/200 kész, eddig: Kezdő=68, Második=107, Döntetlen=0
Játék 176/200 kész, eddig: Kezdő=68, Második=108, Döntetlen=0
Játék 177/200 kész, eddig: Kezdő=69, Második=108, Döntetlen=0
Játék 178/200 kész, eddig: Kezdő=70, Második=108, Döntetlen=0
Játék 179/200 kész, eddig: Kezdő=71, Második=108, Döntetlen=0
Játék 180/200 kész, eddig: Kezdő=71, Második=109, Döntetlen=0
Játék 181/200 kész, eddig: Kezdő=71, Második=110, Döntetlen=0
Játék 182/200 kész, eddig: Kezdő=71, Második=111, Döntetlen=0
Játék 183/200 kész, eddig: Kezdő=71, Második=112, Döntetlen=0
Játék 184/200 kész, eddig: Kezdő=71, Második=113, Döntetlen=0
Játék 185/200 kész, eddig: Kezdő=72, Második=113, Döntetlen=0
Játék 186/200 kész, eddig: Kezdő=72, Második=114, Döntetlen=0
Játék 187/200 kész, eddig: Kezdő=72, Második=115, Döntetlen=0
Játék 188/200 kész, eddig: Kezdő=73, Második=115, Döntetlen=0
Játék 189/200 kész, eddig: Kezdő=73, Második=116, Döntetlen=0
Játék 190/200 kész, eddig: Kezdő=74, Második=116, Döntetlen=0
Játék 191/200 kész, eddig: Kezdő=74, Második=117, Döntetlen=0
Játék 192/200 kész, eddig: Kezdő=74, Második=118, Döntetlen=0
Játék 193/200 kész, eddig: Kezdő=75, Második=118, Döntetlen=0
Játék 194/200 kész, eddig: Kezdő=75, Második=119, Döntetlen=0
Játék 195/200 kész, eddig: Kezdő=75, Második=120, Döntetlen=0
Játék 196/200 kész, eddig: Kezdő=75, Második=121, Döntetlen=0
Játék 197/200 kész, eddig: Kezdő=76, Második=121, Döntetlen=0
Játék 198/200 kész, eddig: Kezdő=76, Második=122, Döntetlen=0
Játék 199/200 kész, eddig: Kezdő=77, Második=122, Döntetlen=0
Játék 200/200 kész, eddig: Kezdő=77, Második=123, Döntetlen=0

=== SZIMULÁCIÓ KÉSZ ===
Variáns: Felgyorsított
Lejátszott meccsek: 200
Kezdő játékos győzelmek:    77
Második játékos győzelmek:  123
Döntetlenek:                0
Kezdő aránya:    38.50%
Második aránya:  61.50%
Döntetlen:       0.00%
