=== SZIMULÁCIÓ INDUL ===
Variáns: Felgyorsított + fordított
Meccsek száma: 600
Játék 1/600 kész, eddig: Kezdő=1, Második=0, Döntetlen=0
Játék 2/600 kész, eddig: Kezdő=2, Második=0, Döntetlen=0
Játék 3/600 kész, eddig: Kezdő=3, Második=0, Döntetlen=0
Játék 4/600 kész, eddig: Kezdő=4, Második=0, Döntetlen=0
Játék 5/600 kész, eddig: Kezdő=5, Második=0, Döntetlen=0
Játék 6/600 kész, eddig: Kezdő=6, Második=0, Döntetlen=0
Játék 7/600 kész, eddig: Kezdő=7, Második=0, Döntetlen=0
Játék 8/600 kész, eddig: Kezdő=8, Második=0, Döntetlen=0
Játék 9/600 kész, eddig: Kezdő=9, Második=0, Döntetlen=0
Játék 10/600 kész, eddig: Kezdő=10, Második=0, Döntetlen=0
Játék 11/600 kész, eddig: Kezdő=11, Második=0, Döntetlen=0
Játék 12/600 kész, eddig: Kezdő=12, Második=0, Döntetlen=0
Játék 13/600 kész, eddig: Kezdő=12, Második=1, Döntetlen=0
Játék 14/600 kész, eddig: Kezdő=13, Második=1, Döntetlen=0
Játék 15/600 kész, eddig: Kezdő=14, Második=1, Döntetlen=0
Játék 16/600 kész, eddig: Kezdő=15, Második=1, Döntetlen=0
Játék 17/600 kész, eddig: Kezdő=15, Második=2, Döntetlen=0
Játék 18/600 kész, eddig: Kezdő=16, Második=2, Döntetlen=0
Játék 19/600 kész, eddig: Kezdő=17, Második=2, Döntetlen=0
Játék 20/600 kész, eddig: Kezdő=18, Második=2, Döntetlen=0
Játék 21/600 kész, eddig: Kezdő=18, Második=3, Döntetlen=0
Játék 22/600 kész, eddig: Kezdő=19, Második=3, Döntetlen=0
Játék 23/600 kész, eddig: Kezdő=19, Második=4, Döntetlen=0
Játék 24/600 kész, eddig: Kezdő=19, Második=5, Döntetlen=0
Játék 25/600 kész, eddig: Kezdő=19, Második=6, Döntetlen=0
Játék 26/600 kész, eddig: Kezdő=20, Második=6, Döntetlen=0
Játék 27/600 kész, eddig: Kezdő=21, Második=6, Döntetlen=0
Játék 28/600 kész, eddig: Kezdő=22, Második=6, Döntetlen=0
Játék 29/600 kész, eddig: Kezdő=23, Második=6, Döntetlen=0
Játék 30/600 kész, eddig: Kezdő=24, Második=6, Döntetlen=0
Játék 31/600 kész, eddig: Kezdő=25, Második=6, Döntetlen=0
Játék 32/600 kész, eddig: Kezdő=26, Második=6, Döntetlen=0
Játék 33/600 kész, eddig: Kezdő=27, Második=6, Döntetlen=0
Játék 34/600 kész, eddig: Kezdő=28, Második=6, Döntetlen=0
Játék 35/600 kész, eddig: Kezdő=29, Második=6, Döntetlen=0
Játék 36/600 kész, eddig: Kezdő=30, Második=6, Döntetlen=0
Játék 37/600 kész, eddig: Kezdő=30, Második=7, Döntetlen=0
Játék 38/600 kész, eddig: Kezdő=31, Második=7, Döntetlen=0
Játék 39/600 kész, eddig: Kezdő=31, Második=8, Döntetlen=0
Játék 40/600 kész, eddig: Kezdő=32, Második=8, Döntetlen=0
Játék 41/600 kész, eddig: Kezdő=33, Második=8, Döntetlen=0
Játék 42/600 kész, eddig: Kezdő=33, Második=9, Döntetlen=0
Játék 43/600 kész, eddig: Kezdő=33, Második=10, Döntetlen=0
Játék 44/600 kész, eddig: Kezdő=34, Második=10, Döntetlen=0
Játék 45/600 kész, eddig: Kezdő=35, Második=10, Döntetlen=0
Játék 46/600 kész, eddig: Kezdő=36, Második=10, Döntetlen=0
Játék 47/600 kész, eddig: Kezdő=37, Második=10, Döntetlen=0
Játék 48/600 kész, eddig: Kezdő=38, Második=10, Döntetlen=0
Játék 49/600 kész, eddig: Kezdő=39, Második=10, Döntetlen=0
Játék 50/600 kész, eddig: Kezdő=40, Második=10, Döntetlen=0
Játék 51/600 kész, eddig: Kezdő=41, Második=10, Döntetlen=0
Játék 52/600 kész, eddig: Kezdő=42, Második=10, Döntetlen=0
Játék 53/600 kész, eddig: Kezdő=42, Második=11, Döntetlen=0
Játék 54/600 kész, eddig: Kezdő=43, Második=11, Döntetlen=0
Játék 55/600 kész, eddig: Kezdő=44, Második=11, Döntetlen=0
Játék 56/600 kész, eddig: Kezdő=45, Második=11, Döntetlen=0
Játék 57/600 kész, eddig: Kezdő=45, Második=12, Döntetlen=0
Játék 58/600 kész, eddig: Kezdő=45, Második=13, Döntetlen=0
Játék 59/600 kész, eddig: Kezdő=45, Második=14, Döntetlen=0
Játék 60/600 kész, eddig: Kezdő=45, Második=15, Döntetlen=0
Játék 61/600 kész, eddig: Kezdő=46, Második=15, Döntetlen=0
Játék 62/600 kész, eddig: Kezdő=47, Második=15, Döntetlen=0
Játék 63/600 kész, eddig: Kezdő=48, Második=15, Döntetlen=0
Játék 64/600 kész, eddig: Kezdő=49, Második=15, Döntetlen=0
Játék 65/600 kész, eddig: Kezdő=50, Második=15, Döntetlen=0
Játék 66/600 kész, eddig: Kezdő=51, Második=15, Döntetlen=0
Játék 67/600 kész, eddig: Kezdő=52, Második=15, Döntetlen=0
Játék 68/600 kész, eddig: Kezdő=53, Második=15, Döntetlen=0
Játék 69/600 kész, eddig: Kezdő=54, Második=15, Döntetlen=0
Játék 70/600 kész, eddig: Kezdő=55, Második=15, Döntetlen=0
Játék 71/600 kész, eddig: Kezdő=55, Második=16, Döntetlen=0
Játék 72/600 kész, eddig: Kezdő=56, Második=16, Döntetlen=0
Játék 73/600 kész, eddig: Kezdő=57, Második=16, Döntetlen=0
Játék 74/600 kész, eddig: Kezdő=58, Második=16, Döntetlen=0
Játék 75/600 kész, eddig: Kezdő=59, Második=16, Döntetlen=0
Játék 76/600 kész, eddig: Kezdő=60, Második=16, Döntetlen=0
Játék 77/600 kész, eddig: Kezdő=61, Második=16, Döntetlen=0
Játék 78/600 kész, eddig: Kezdő=62, Második=16, Döntetlen=0
Játék 79/600 kész, eddig: Kezdő=63, Második=16, Döntetlen=0
Játék 80/600 kész, eddig: Kezdő=64, Második=16, Döntetlen=0
Játék 81/600 kész, eddig: Kezdő=64, Második=17, Döntetlen=0
Játék 82/600 kész, eddig: Kezdő=65, Második=17, Döntetlen=0
Játék 83/600 kész, eddig: Kezdő=66, Második=17, Döntetlen=0
Játék 84/600 kész, eddig: Kezdő=67, Második=17, Döntetlen=0
Játék 85/600 kész, eddig: Kezdő=67, Második=18, Döntetlen=0
Játék 86/600 kész, eddig: Kezdő=68, Második=18, Döntetlen=0
Játék 87/600 kész, eddig: Kezdő=69, Második=18, Döntetlen=0
Játék 88/600 kész, eddig: Kezdő=70, Második=18, Döntetlen=0
Játék 89/600 kész, eddig: Kezdő=71, Második=18, Döntetlen=0
Játék 90/600 kész, eddig: Kezdő=72, Második=18, Döntetlen=0
Játék 91/600 kész, eddig: Kezdő=73, Második=18, Döntetlen=0
Játék 92/600 kész, eddig: Kezdő=74, Második=18, Döntetlen=0
Játék 93/600 kész, eddig: Kezdő=75, Második=18, Döntetlen=0
Játék 94/600 kész, eddig: Kezdő=76, Második=18, Döntetlen=0
Játék 95/600 kész, eddig: Kezdő=77, Második=18, Döntetlen=0
Játék 96/600 kész, eddig: Kezdő=77, Második=18, Döntetlen=1
Játék 97/600 kész, eddig: Kezdő=78, Második=18, Döntetlen=1
Játék 98/600 kész, eddig: Kezdő=78, Második=19, Döntetlen=1
Játék 99/600 kész, eddig: Kezdő=79, Második=19, Döntetlen=1
Játék 100/600 kész, eddig: Kezdő=80, Második=19, Döntetlen=1
Játék 101/600 kész, eddig: Kezdő=81, Második=19, Döntetlen=1
Játék 102/600 kész, eddig: Kezdő=82, Második=19, Döntetlen=1
Játék 103/600 kész, eddig: Kezdő=83, Második=19, Döntetlen=1
Játék 104/600 kész, eddig: Kezdő=84, Második=19, Döntetlen=1
Játék 105/600 kész, eddig: Kezdő=84, Második=20, Döntetlen=1
Játék 106/600 kész, eddig: Kezdő=85, Második=20, Döntetlen=1
Játék 107/600 kész, eddig: Kezdő=86, Második=20, Döntetlen=1
Játék 108/600 kész, eddig: Kezdő=86, Második=21, Döntetlen=1
Játék 109/600 kész, eddig: Kezdő=87, Második=21, Döntetlen=1
Játék 110/600 kész, eddig: Kezdő=88, Második=21, Döntetlen=1
Játék 111/600 kész, eddig: Kezdő=89, Második=21, Döntetlen=1
Játék 112/600 kész, eddig: Kezdő=89, Második=22, Döntetlen=1
Játék 113/600 kész, eddig: Kezdő=90, Második=22, Döntetlen=1
Játék 114/600 kész, eddig: Kezdő=91, Második=22, Döntetlen=1
Játék 115/600 kész, eddig: Kezdő=92, Második=22, Döntetlen=1
Játék 116/600 kész, eddig: Kezdő=93, Második=22, Döntetlen=1
Játék 117/600 kész, eddig: Kezdő=93, Második=23, Döntetlen=1
Játék 118/600 kész, eddig: Kezdő=93, Második=24, Döntetlen=1
Játék 119/600 kész, eddig: Kezdő=94, Második=24, Döntetlen=1
Játék 120/600 kész, eddig: Kezdő=95, Második=24, Döntetlen=1
Játék 121/600 kész, eddig: Kezdő=96, Második=24, Döntetlen=1
Játék 122/600 kész, eddig: Kezdő=96, Második=25, Döntetlen=1
Játék 123/600 kész, eddig: Kezdő=97, Második=25, Döntetlen=1
Játék 124/600 kész, eddig: Kezdő=97, Második=26, Döntetlen=1
Játék 125/600 kész, eddig: Kezdő=98, Második=26, Döntetlen=1
Játék 126/600 kész, eddig: Kezdő=99, Második=26, Döntetlen=1
Játék 127/600 kész, eddig: Kezdő=100, Második=26, Döntetlen=1
Játék 128/600 kész, eddig: Kezdő=101, Második=26, Döntetlen=1
Játék 129/600 kész, eddig: Kezdő=102, Második=26, Döntetlen=1
Játék 130/600 kész, eddig: Kezdő=103, Második=26, Döntetlen=1
Játék 131/600 kész, eddig: Kezdő=104, Második=26, Döntetlen=1
Játék 132/600 kész, eddig: Kezdő=105, Második=26, Döntetlen=1
Játék 133/600 kész, eddig: Kezdő=105, Második=27, Döntetlen=1
Játék 134/600 kész, eddig: Kezdő=105, Második=28, Döntetlen=1
Játék 135/600 kész, eddig: Kezdő=105, Második=29, Döntetlen=1
Játék 136/600 kész, eddig: Kezdő=106, Második=29, Döntetlen=1
Játék 137/600 kész, eddig: Kezdő=107, Második=29, Döntetlen=1
Játék 138/600 kész, eddig: Kezdő=108, Második=29, Döntetlen=1
Játék 139/600 kész, eddig: Kezdő=109, Második=29, Döntetlen=1
Játék 140/600 kész, eddig: Kezdő=110, Második=29, Döntetlen=1
Játék 141/600 kész, eddig: Kezdő=110, Második=30, Döntetlen=1
Játék 142/600 kész, eddig: Kezdő=111, Második=30, Döntetlen=1
Játék 143/600 kész, eddig: Kezdő=112, Második=30, Döntetlen=1
Játék 144/600 kész, eddig: Kezdő=113, Második=30, Döntetlen=1
Játék 145/600 kész, eddig: Kezdő=114, Második=30, Döntetlen=1
Játék 146/600 kész, eddig: Kezdő=115, Második=30, Döntetlen=1
Játék 147/600 kész, eddig: Kezdő=116, Második=30, Döntetlen=1
Játék 148/600 kész, eddig: Kezdő=117, Második=30, Döntetlen=1
Játék 149/600 kész, eddig: Kezdő=118, Második=30, Döntetlen=1
Játék 150/600 kész, eddig: Kezdő=119, Második=30, Döntetlen=1
Játék 151/600 kész, eddig: Kezdő=119, Második=31, Döntetlen=1
Játék 152/600 kész, eddig: Kezdő=120, Második=31, Döntetlen=1
Játék 153/600 kész, eddig: Kezdő=120, Második=32, Döntetlen=1
Játék 154/600 kész, eddig: Kezdő=121, Második=32, Döntetlen=1
Játék 155/600 kész, eddig: Kezdő=121, Második=33, Döntetlen=1
Játék 156/600 kész, eddig: Kezdő=122, Második=33, Döntetlen=1
Játék 157/600 kész, eddig: Kezdő=123, Második=33, Döntetlen=1
Játék 158/600 kész, eddig: Kezdő=124, Második=33, Döntetlen=1
Játék 159/600 kész, eddig: Kezdő=125, Második=33, Döntetlen=1
Játék 160/600 kész, eddig: Kezdő=126, Második=33, Döntetlen=1
Játék 161/600 kész, eddig: Kezdő=126, Második=34, Döntetlen=1
Játék 162/600 kész, eddig: Kezdő=127, Második=34, Döntetlen=1
Játék 163/600 kész, eddig: Kezdő=127, Második=35, Döntetlen=1
Játék 164/600 kész, eddig: Kezdő=127, Második=36, Döntetlen=1
Játék 165/600 kész, eddig: Kezdő=128, Második=36, Döntetlen=1
Játék 166/600 kész, eddig: Kezdő=129, Második=36, Döntetlen=1
Játék 167/600 kész, eddig: Kezdő=130, Második=36, Döntetlen=1
Játék 168/600 kész, eddig: Kezdő=131, Második=36, Döntetlen=1
Játék 169/600 kész, eddig: Kezdő=132, Második=36, Döntetlen=1
Játék 170/600 kész, eddig: Kezdő=133, Második=36, Döntetlen=1
Játék 171/600 kész, eddig: Kezdő=134, Második=36, Döntetlen=1
Játék 172/600 kész, eddig: Kezdő=134, Második=37, Döntetlen=1
Játék 173/600 kész, eddig: Kezdő=135, Második=37, Döntetlen=1
Játék 174/600 kész, eddig: Kezdő=136, Második=37, Döntetlen=1
Játék 175/600 kész, eddig: Kezdő=136, Második=38, Döntetlen=1
Játék 176/600 kész, eddig: Kezdő=137, Második=38, Döntetlen=1
Játék 177/600 kész, eddig: Kezdő=138, Második=38, Döntetlen=1
Játék 178/600 kész, eddig: Kezdő=138, Második=39, Döntetlen=1
Játék 179/600 kész, eddig: Kezdő=139, Második=39, Döntetlen=1
Játék 180/600 kész, eddig: Kezdő=139, Második=40, Döntetlen=1
Játék 181/600 kész, eddig: Kezdő=139, Második=41, Döntetlen=1
Játék 182/600 kész, eddig: Kezdő=140, Második=41, Döntetlen=1
Játék 183/600 kész, eddig: Kezdő=141, Második=41, Döntetlen=1
Játék 184/600 kész, eddig: Kezdő=142, Második=41, Döntetlen=1
Játék 185/600 kész, eddig: Kezdő=142, Második=42, Döntetlen=1
Játék 186/600 kész, eddig: Kezdő=142, Második=43, Döntetlen=1
Játék 187/600 kész, eddig: Kezdő=143, Második=43, Döntetlen=1
Játék 188/600 kész, eddig: Kezdő=144, Második=43, Döntetlen=1
Játék 189/600 kész, eddig: Kezdő=144, Második=44, Döntetlen=1
Játék 190/600 kész, eddig: Kezdő=145, Második=44, Döntetlen=1
Játék 191/600 kész, eddig: Kezdő=146, Második=44, Döntetlen=1
Játék 192/600 kész, eddig: Kezdő=147, Második=44, Döntetlen=1
Játék 193/600 kész, eddig: Kezdő=148, Második=44, Döntetlen=1
Játék 194/600 kész, eddig: Kezdő=149, Második=44, Döntetlen=1
Játék 195/600 kész, eddig: Kezdő=150, Második=44, Döntetlen=1
Játék 196/600 kész, eddig: Kezdő=151, Második=44, Döntetlen=1
Játék 197/600 kész, eddig: Kezdő=152, Második=44, Döntetlen=1
Játék 198/600 kész, eddig: Kezdő=152, Második=45, Döntetlen=1
Játék 199/600 kész, eddig: Kezdő=153, Második=45, Döntetlen=1
Játék 200/600 kész, eddig: Kezdő=154, Második=45, Döntetlen=1
Játék 201/600 kész, eddig: Kezdő=155, Második=45, Döntetlen=1
Játék 202/600 kész, eddig: Kezdő=155, Második=46, Döntetlen=1
Játék 203/600 kész, eddig: Kezdő=156, Második=46, Döntetlen=1
Játék 204/600 kész, eddig: Kezdő=157, Második=46, Döntetlen=1
Játék 205/600 kész, eddig: Kezdő=158, Második=46, Döntetlen=1
Játék 206/600 kész, eddig: Kezdő=159, Második=46, Döntetlen=1
Játék 207/600 kész, eddig: Kezdő=160, Második=46, Döntetlen=1
Játék 208/600 kész, eddig: Kezdő=161, Második=46, Döntetlen=1
Játék 209/600 kész, eddig: Kezdő=161, Második=47, Döntetlen=1
Játék 210/600 kész, eddig: Kezdő=161, Második=48, Döntetlen=1
Játék 211/600 kész, eddig: Kezdő=162, Második=48, Döntetlen=1
Játék 212/600 kész, eddig: Kezdő=163, Második=48, Döntetlen=1
Játék 213/600 kész, eddig: Kezdő=163, Második=49, Döntetlen=1
Játék 214/600 kész, eddig: Kezdő=164, Második=49, Döntetlen=1
Játék 215/600 kész, eddig: Kezdő=165, Második=49, Döntetlen=1
Játék 216/600 kész, eddig: Kezdő=166, Második=49, Döntetlen=1
Játék 217/600 kész, eddig: Kezdő=166, Második=50, Döntetlen=1
Játék 218/600 kész, eddig: Kezdő=167, Második=50, Döntetlen=1
Játék 219/600 kész, eddig: Kezdő=168, Második=50, Döntetlen=1
Játék 220/600 kész, eddig: Kezdő=169, Második=50, Döntetlen=1
Játék 221/600 kész, eddig: Kezdő=170, Második=50, Döntetlen=1
Játék 222/600 kész, eddig: Kezdő=171, Második=50, Döntetlen=1
Játék 223/600 kész, eddig: Kezdő=172, Második=50, Döntetlen=1
Játék 224/600 kész, eddig: Kezdő=173, Második=50, Döntetlen=1
Játék 225/600 kész, eddig: Kezdő=173, Második=51, Döntetlen=1
Játék 226/600 kész, eddig: Kezdő=174, Második=51, Döntetlen=1
Játék 227/600 kész, eddig: Kezdő=175, Második=51, Döntetlen=1
Játék 228/600 kész, eddig: Kezdő=175, Második=52, Döntetlen=1
Játék 229/600 kész, eddig: Kezdő=176, Második=52, Döntetlen=1
Játék 230/600 kész, eddig: Kezdő=177, Második=52, Döntetlen=1
Játék 231/600 kész, eddig: Kezdő=178, Második=52, Döntetlen=1
Játék 232/600 kész, eddig: Kezdő=179, Második=52, Döntetlen=1
Játék 233/600 kész, eddig: Kezdő=179, Második=53, Döntetlen=1
Játék 234/600 kész, eddig: Kezdő=179, Második=54, Döntetlen=1
Játék 235/600 kész, eddig: Kezdő=180, Második=54, Döntetlen=1
Játék 236/600 kész, eddig: Kezdő=181, Második=54, Döntetlen=1
Játék 237/600 kész, eddig: Kezdő=182, Második=54, Döntetlen=1
Játék 238/600 kész, eddig: Kezdő=183, Második=54, Döntetlen=1
Játék 239/600 kész, eddig: Kezdő=184, Második=54, Döntetlen=1
Játék 240/600 kész, eddig: Kezdő=185, Második=54, Döntetlen=1
Játék 241/600 kész, eddig: Kezdő=186, Második=54, Döntetlen=1
Játék 242/600 kész, eddig: Kezdő=187, Második=54, Döntetlen=1
Játék 243/600 kész, eddig: Kezdő=188, Második=54, Döntetlen=1
Játék 244/600 kész, eddig: Kezdő=189, Második=54, Döntetlen=1
Játék 245/600 kész, eddig: Kezdő=190, Második=54, Döntetlen=1
Játék 246/600 kész, eddig: Kezdő=191, Második=54, Döntetlen=1
Játék 247/600 kész, eddig: Kezdő=192, Második=54, Döntetlen=1
Játék 248/600 kész, eddig: Kezdő=192, Második=55, Döntetlen=1
Játék 249/600 kész, eddig: Kezdő=193, Második=55, Döntetlen=1
Játék 250/600 kész, eddig: Kezdő=194, Második=55, Döntetlen=1
Játék 251/600 kész, eddig: Kezdő=195, Második=55, Döntetlen=1
Játék 252/600 kész, eddig: Kezdő=196, Második=55, Döntetlen=1
Játék 253/600 kész, eddig: Kezdő=197, Második=55, Döntetlen=1
Játék 254/600 kész, eddig: Kezdő=198, Második=55, Döntetlen=1
Játék 255/600 kész, eddig: Kezdő=199, Második=55, Döntetlen=1
Játék 256/600 kész, eddig: Kezdő=199, Második=56, Döntetlen=1
Játék 257/600 kész, eddig: Kezdő=200, Második=56, Döntetlen=1
Játék 258/600 kész, eddig: Kezdő=200, Második=57, Döntetlen=1
Játék 259/600 kész, eddig: Kezdő=201, Második=57, Döntetlen=1
Játék 260/600 kész, eddig: Kezdő=202, Második=57, Döntetlen=1
Játék 261/600 kész, eddig: Kezdő=203, Második=57, Döntetlen=1
Játék 262/600 kész, eddig: Kezdő=203, Második=58, Döntetlen=1
Játék 263/600 kész, eddig: Kezdő=204, Második=58, Döntetlen=1
Játék 264/600 kész, eddig: Kezdő=204, Második=59, Döntetlen=1
Játék 265/600 kész, eddig: Kezdő=205, Második=59, Döntetlen=1
Játék 266/600 kész, eddig: Kezdő=206, Második=59, Döntetlen=1
Játék 267/600 kész, eddig: Kezdő=207, Második=59, Döntetlen=1
Játék 268/600 kész, eddig: Kezdő=208, Második=59, Döntetlen=1
Játék 269/600 kész, eddig: Kezdő=209, Második=59, Döntetlen=1
Játék 270/600 kész, eddig: Kezdő=210, Második=59, Döntetlen=1
Játék 271/600 kész, eddig: Kezdő=211, Második=59, Döntetlen=1
Játék 272/600 kész, eddig: Kezdő=212, Második=59, Döntetlen=1
Játék 273/600 kész, eddig: Kezdő=213, Második=59, Döntetlen=1
Játék 274/600 kész, eddig: Kezdő=214, Második=59, Döntetlen=1
Játék 275/600 kész, eddig: Kezdő=215, Második=59, Döntetlen=1
Játék 276/600 kész, eddig: Kezdő=216, Második=59, Döntetlen=1
Játék 277/600 kész, eddig: Kezdő=217, Második=59, Döntetlen=1
Játék 278/600 kész, eddig: Kezdő=217, Második=60, Döntetlen=1
Játék 279/600 kész, eddig: Kezdő=218, Második=60, Döntetlen=1
Játék 280/600 kész, eddig: Kezdő=219, Második=60, Döntetlen=1
Játék 281/600 kész, eddig: Kezdő=220, Második=60, Döntetlen=1
Játék 282/600 kész, eddig: Kezdő=221, Második=60, Döntetlen=1
Játék 283/600 kész, eddig: Kezdő=222, Második=60, Döntetlen=1
Játék 284/600 kész, eddig: Kezdő=223, Második=60, Döntetlen=1
Játék 285/600 kész, eddig: Kezdő=223, Második=61, Döntetlen=1
Játék 286/600 kész, eddig: Kezdő=223, Második=62, Döntetlen=1
Játék 287/600 kész, eddig: Kezdő=224, Második=62, Döntetlen=1
Játék 288/600 kész, eddig: Kezdő=225, Második=62, Döntetlen=1
Játék 289/600 kész, eddig: Kezdő=225, Második=63, Döntetlen=1
Játék 290/600 kész, eddig: Kezdő=226, Második=63, Döntetlen=1
Játék 291/600 kész, eddig: Kezdő=227, Második=63, Döntetlen=1
Játék 292/600 kész, eddig: Kezdő=228, Második=63, Döntetlen=1
Játék 293/600 kész, eddig: Kezdő=229, Második=63, Döntetlen=1
Játék 294/600 kész, eddig: Kezdő=230, Második=63, Döntetlen=1
Játék 295/600 kész, eddig: Kezdő=230, Második=64, Döntetlen=1
Játék 296/600 kész, eddig: Kezdő=231, Második=64, Döntetlen=1
Játék 297/600 kész, eddig: Kezdő=232, Második=64, Döntetlen=1
Játék 298/600 kész, eddig: Kezdő=233, Második=64, Döntetlen=1
Játék 299/600 kész, eddig: Kezdő=234, Második=64, Döntetlen=1
Játék 300/600 kész, eddig: Kezdő=235, Második=64, Döntetlen=1
Játék 301/600 kész, eddig: Kezdő=236, Második=64, Döntetlen=1
Játék 302/600 kész, eddig: Kezdő=236, Második=65, Döntetlen=1
Játék 303/600 kész, eddig: Kezdő=237, Második=65, Döntetlen=1
Játék 304/600 kész, eddig: Kezdő=238, Második=65, Döntetlen=1
Játék 305/600 kész, eddig: Kezdő=239, Második=65, Döntetlen=1
Játék 306/600 kész, eddig: Kezdő=240, Második=65, Döntetlen=1
Játék 307/600 kész, eddig: Kezdő=241, Második=65, Döntetlen=1
Játék 308/600 kész, eddig: Kezdő=242, Második=65, Döntetlen=1
Játék 309/600 kész, eddig: Kezdő=243, Második=65, Döntetlen=1
Játék 310/600 kész, eddig: Kezdő=243, Második=66, Döntetlen=1
Játék 311/600 kész, eddig: Kezdő=243, Második=67, Döntetlen=1
Játék 312/600 kész, eddig: Kezdő=244, Második=67, Döntetlen=1
Játék 313/600 kész, eddig: Kezdő=245, Második=67, Döntetlen=1
Játék 314/600 kész, eddig: Kezdő=245, Második=68, Döntetlen=1
Játék 315/600 kész, eddig: Kezdő=245, Második=69, Döntetlen=1
Játék 316/600 kész, eddig: Kezdő=246, Második=69, Döntetlen=1
Játék 317/600 kész, eddig: Kezdő=247, Második=69, Döntetlen=1
Játék 318/600 kész, eddig: Kezdő=248, Második=69, Döntetlen=1
Játék 319/600 kész, eddig: Kezdő=249, Második=69, Döntetlen=1
Játék 320/600 kész, eddig: Kezdő=249, Második=70, Döntetlen=1
Játék 321/600 kész, eddig: Kezdő=249, Második=71, Döntetlen=1
Játék 322/600 kész, eddig: Kezdő=249, Második=72, Döntetlen=1
Játék 323/600 kész, eddig: Kezdő=250, Második=72, Döntetlen=1
Játék 324/600 kész, eddig: Kezdő=251, Második=72, Döntetlen=1
Játék 325/600 kész, eddig: Kezdő=252, Második=72, Döntetlen=1
Játék 326/600 kész, eddig: Kezdő=253, Második=72, Döntetlen=1
Játék 327/600 kész, eddig: Kezdő=254, Második=72, Döntetlen=1
Játék 328/600 kész, eddig: Kezdő=255, Második=72, Döntetlen=1
Játék 329/600 kész, eddig: Kezdő=256, Második=72, Döntetlen=1
Játék 330/600 kész, eddig: Kezdő=257, Második=72, Döntetlen=1
Játék 331/600 kész, eddig: Kezdő=258, Második=72, Döntetlen=1
Játék 332/600 kész, eddig: Kezdő=258, Második=73, Döntetlen=1
Játék 333/600 kész, eddig: Kezdő=259, Második=73, Döntetlen=1
Játék 334/600 kész, eddig: Kezdő=259, Második=73, Döntetlen=2
Játék 335/600 kész, eddig: Kezdő=260, Második=73, Döntetlen=2
Játék 336/600 kész, eddig: Kezdő=261, Második=73, Döntetlen=2
Játék 337/600 kész, eddig: Kezdő=262, Második=73, Döntetlen=2
Játék 338/600 kész, eddig: Kezdő=262, Második=74, Döntetlen=2
Játék 339/600 kész, eddig: Kezdő=263, Második=74, Döntetlen=2
Játék 340/600 kész, eddig: Kezdő=264, Második=74, Döntetlen=2
Játék 341/600 kész, eddig: Kezdő=265, Második=74, Döntetlen=2
Játék 342/600 kész, eddig: Kezdő=266, Második=74, Döntetlen=2
Játék 343/600 kész, eddig: Kezdő=266, Második=75, Döntetlen=2
Játék 344/600 kész, eddig: Kezdő=267, Második=75, Döntetlen=2
Játék 345/600 kész, eddig: Kezdő=268, Második=75, Döntetlen=2
Játék 346/600 kész, eddig: Kezdő=269, Második=75, Döntetlen=2
Játék 347/600 kész, eddig: Kezdő=270, Második=75, Döntetlen=2
Játék 348/600 kész, eddig: Kezdő=271, Második=75, Döntetlen=2
Játék 349/600 kész, eddig: Kezdő=271, Második=76, Döntetlen=2
Játék 350/600 kész, eddig: Kezdő=272, Második=76, Döntetlen=2
Játék 351/600 kész, eddig: Kezdő=273, Második=76, Döntetlen=2
Játék 352/600 kész, eddig: Kezdő=274, Második=76, Döntetlen=2
Játék 353/600 kész, eddig: Kezdő=274, Második=77, Döntetlen=2
Játék 354/600 kész, eddig: Kezdő=274, Második=77, Döntetlen=3
Játék 355/600 kész, eddig: Kezdő=274, Második=78, Döntetlen=3
Játék 356/600 kész, eddig: Kezdő=275, Második=78, Döntetlen=3
Játék 357/600 kész, eddig: Kezdő=275, Második=79, Döntetlen=3
Játék 358/600 kész, eddig: Kezdő=276, Második=79, Döntetlen=3
Játék 359/600 kész, eddig: Kezdő=277, Második=79, Döntetlen=3
Játék 360/600 kész, eddig: Kezdő=278, Második=79, Döntetlen=3
Játék 361/600 kész, eddig: Kezdő=278, Második=80, Döntetlen=3
Játék 362/600 kész, eddig: Kezdő=279, Második=80, Döntetlen=3
Játék 363/600 kész, eddig: Kezdő=279, Második=80, Döntetlen=4
Játék 364/600 kész, eddig: Kezdő=279, Második=81, Döntetlen=4
Játék 365/600 kész, eddig: Kezdő=280, Második=81, Döntetlen=4
Játék 366/600 kész, eddig: Kezdő=281, Második=81, Döntetlen=4
Játék 367/600 kész, eddig: Kezdő=281, Második=82, Döntetlen=4
Játék 368/600 kész, eddig: Kezdő=282, Második=82, Döntetlen=4
Játék 369/600 kész, eddig: Kezdő=283, Második=82, Döntetlen=4
Játék 370/600 kész, eddig: Kezdő=284, Második=82, Döntetlen=4
Játék 371/600 kész, eddig: Kezdő=284, Második=83, Döntetlen=4
Játék 372/600 kész, eddig: Kezdő=284, Második=84, Döntetlen=4
Játék 373/600 kész, eddig: Kezdő=285, Második=84, Döntetlen=4
Játék 374/600 kész, eddig: Kezdő=286, Második=84, Döntetlen=4
Játék 375/600 kész, eddig: Kezdő=287, Második=84, Döntetlen=4
Játék 376/600 kész, eddig: Kezdő=287, Második=85, Döntetlen=4
Játék 377/600 kész, eddig: Kezdő=287, Második=85, Döntetlen=5
Játék 378/600 kész, eddig: Kezdő=287, Második=86, Döntetlen=5
Játék 379/600 kész, eddig: Kezdő=288, Második=86, Döntetlen=5
Játék 380/600 kész, eddig: Kezdő=289, Második=86, Döntetlen=5
Játék 381/600 kész, eddig: Kezdő=290, Második=86, Döntetlen=5
Játék 382/600 kész, eddig: Kezdő=290, Második=87, Döntetlen=5
Játék 383/600 kész, eddig: Kezdő=291, Második=87, Döntetlen=5
Játék 384/600 kész, eddig: Kezdő=292, Második=87, Döntetlen=5
Játék 385/600 kész, eddig: Kezdő=292, Második=88, Döntetlen=5
Játék 386/600 kész, eddig: Kezdő=292, Második=89, Döntetlen=5
Játék 387/600 kész, eddig: Kezdő=293, Második=89, Döntetlen=5
Játék 388/600 kész, eddig: Kezdő=293, Második=90, Döntetlen=5
Játék 389/600 kész, eddig: Kezdő=294, Második=90, Döntetlen=5
Játék 390/600 kész, eddig: Kezdő=294, Második=91, Döntetlen=5
Játék 391/600 kész, eddig: Kezdő=294, Második=92, Döntetlen=5
Játék 392/600 kész, eddig: Kezdő=294, Második=93, Döntetlen=5
Játék 393/600 kész, eddig: Kezdő=295, Második=93, Döntetlen=5
Játék 394/600 kész, eddig: Kezdő=296, Második=93, Döntetlen=5
Játék 395/600 kész, eddig: Kezdő=297, Második=93, Döntetlen=5
Játék 396/600 kész, eddig: Kezdő=298, Második=93, Döntetlen=5
Játék 397/600 kész, eddig: Kezdő=299, Második=93, Döntetlen=5
Játék 398/600 kész, eddig: Kezdő=299, Második=94, Döntetlen=5
Játék 399/600 kész, eddig: Kezdő=300, Második=94, Döntetlen=5
Játék 400/600 kész, eddig: Kezdő=301, Második=94, Döntetlen=5
Játék 401/600 kész, eddig: Kezdő=302, Második=94, Döntetlen=5
Játék 402/600 kész, eddig: Kezdő=303, Második=94, Döntetlen=5
Játék 403/600 kész, eddig: Kezdő=304, Második=94, Döntetlen=5
Játék 404/600 kész, eddig: Kezdő=305, Második=94, Döntetlen=5
Játék 405/600 kész, eddig: Kezdő=305, Második=95, Döntetlen=5
Játék 406/600 kész, eddig: Kezdő=306, Második=95, Döntetlen=5
Játék 407/600 kész, eddig: Kezdő=307, Második=95, Döntetlen=5
Játék 408/600 kész, eddig: Kezdő=308, Második=95, Döntetlen=5
Játék 409/600 kész, eddig: Kezdő=309, Második=95, Döntetlen=5
Játék 410/600 kész, eddig: Kezdő=310, Második=95, Döntetlen=5
Játék 411/600 kész, eddig: Kezdő=311, Második=95, Döntetlen=5
Játék 412/600 kész, eddig: Kezdő=312, Második=95, Döntetlen=5
Játék 413/600 kész, eddig: Kezdő=313, Második=95, Döntetlen=5
Játék 414/600 kész, eddig: Kezdő=313, Második=96, Döntetlen=5
Játék 415/600 kész, eddig: Kezdő=314, Második=96, Döntetlen=5
Játék 416/600 kész, eddig: Kezdő=315, Második=96, Döntetlen=5
Játék 417/600 kész, eddig: Kezdő=316, Második=96, Döntetlen=5
Játék 418/600 kész, eddig: Kezdő=316, Második=97, Döntetlen=5
Játék 419/600 kész, eddig: Kezdő=316, Második=98, Döntetlen=5
Játék 420/600 kész, eddig: Kezdő=316, Második=99, Döntetlen=5
Játék 421/600 kész, eddig: Kezdő=317, Második=99, Döntetlen=5
Játék 422/600 kész, eddig: Kezdő=318, Második=99, Döntetlen=5
Játék 423/600 kész, eddig: Kezdő=319, Második=99, Döntetlen=5
Játék 424/600 kész, eddig: Kezdő=319, Második=100, Döntetlen=5
Játék 425/600 kész, eddig: Kezdő=320, Második=100, Döntetlen=5
Játék 426/600 kész, eddig: Kezdő=321, Második=100, Döntetlen=5
Játék 427/600 kész, eddig: Kezdő=322, Második=100, Döntetlen=5
Játék 428/600 kész, eddig: Kezdő=322, Második=101, Döntetlen=5
Játék 429/600 kész, eddig: Kezdő=323, Második=101, Döntetlen=5
Játék 430/600 kész, eddig: Kezdő=324, Második=101, Döntetlen=5
Játék 431/600 kész, eddig: Kezdő=325, Második=101, Döntetlen=5
Játék 432/600 kész, eddig: Kezdő=326, Második=101, Döntetlen=5
Játék 433/600 kész, eddig: Kezdő=327, Második=101, Döntetlen=5
Játék 434/600 kész, eddig: Kezdő=328, Második=101, Döntetlen=5
Játék 435/600 kész, eddig: Kezdő=329, Második=101, Döntetlen=5
Játék 436/600 kész, eddig: Kezdő=330, Második=101, Döntetlen=5
Játék 437/600 kész, eddig: Kezdő=331, Második=101, Döntetlen=5
Játék 438/600 kész, eddig: Kezdő=332, Második=101, Döntetlen=5
Játék 439/600 kész, eddig: Kezdő=333, Második=101, Döntetlen=5
Játék 440/600 kész, eddig: Kezdő=334, Második=101, Döntetlen=5
Játék 441/600 kész, eddig: Kezdő=335, Második=101, Döntetlen=5
Játék 442/600 kész, eddig: Kezdő=336, Második=101, Döntetlen=5
Játék 443/600 kész, eddig: Kezdő=337, Második=101, Döntetlen=5
Játék 444/600 kész, eddig: Kezdő=338, Második=101, Döntetlen=5
Játék 445/600 kész, eddig: Kezdő=339, Második=101, Döntetlen=5
Játék 446/600 kész, eddig: Kezdő=339, Második=102, Döntetlen=5
Játék 447/600 kész, eddig: Kezdő=340, Második=102, Döntetlen=5
Játék 448/600 kész, eddig: Kezdő=341, Második=102, Döntetlen=5
Játék 449/600 kész, eddig: Kezdő=342, Második=102, Döntetlen=5
Játék 450/600 kész, eddig: Kezdő=343, Második=102, Döntetlen=5
Játék 451/600 kész, eddig: Kezdő=343, Második=103, Döntetlen=5
Játék 452/600 kész, eddig: Kezdő=343, Második=104, Döntetlen=5
Játék 453/600 kész, eddig: Kezdő=344, Második=104, Döntetlen=5
Játék 454/600 kész, eddig: Kezdő=345, Második=104, Döntetlen=5
Játék 455/600 kész, eddig: Kezdő=345, Második=105, Döntetlen=5
Játék 456/600 kész, eddig: Kezdő=346, Második=105, Döntetlen=5
Játék 457/600 kész, eddig: Kezdő=346, Második=106, Döntetlen=5
Játék 458/600 kész, eddig: Kezdő=347, Második=106, Döntetlen=5
Játék 459/600 kész, eddig: Kezdő=348, Második=106, Döntetlen=5
Játék 460/600 kész, eddig: Kezdő=348, Második=107, Döntetlen=5
Játék 461/600 kész, eddig: Kezdő=349, Második=107, Döntetlen=5
Játék 462/600 kész, eddig: Kezdő=350, Második=107, Döntetlen=5
Játék 463/600 kész, eddig: Kezdő=351, Második=107, Döntetlen=5
Játék 464/600 kész, eddig: Kezdő=352, Második=107, Döntetlen=5
Játék 465/600 kész, eddig: Kezdő=353, Második=107, Döntetlen=5
Játék 466/600 kész, eddig: Kezdő=354, Második=107, Döntetlen=5
Játék 467/600 kész, eddig: Kezdő=354, Második=108, Döntetlen=5
Játék 468/600 kész, eddig: Kezdő=354, Második=109, Döntetlen=5
Játék 469/600 kész, eddig: Kezdő=354, Második=110, Döntetlen=5
Játék 470/600 kész, eddig: Kezdő=355, Második=110, Döntetlen=5
Játék 471/600 kész, eddig: Kezdő=356, Második=110, Döntetlen=5
Játék 472/600 kész, eddig: Kezdő=356, Második=111, Döntetlen=5
Játék 473/600 kész, eddig: Kezdő=356, Második=112, Döntetlen=5
Játék 474/600 kész, eddig: Kezdő=356, Második=113, Döntetlen=5
Játék 475/600 kész, eddig: Kezdő=356, Második=114, Döntetlen=5
Játék 476/600 kész, eddig: Kezdő=356, Második=115, Döntetlen=5
Játék 477/600 kész, eddig: Kezdő=357, Második=115, Döntetlen=5
Játék 478/600 kész, eddig: Kezdő=358, Második=115, Döntetlen=5
Játék 479/600 kész, eddig: Kezdő=359, Második=115, Döntetlen=5
Játék 480/600 kész, eddig: Kezdő=359, Második=116, Döntetlen=5
Játék 481/600 kész, eddig: Kezdő=360, Második=116, Döntetlen=5
Játék 482/600 kész, eddig: Kezdő=361, Második=116, Döntetlen=5
Játék 483/600 kész, eddig: Kezdő=361, Második=117, Döntetlen=5
Játék 484/600 kész, eddig: Kezdő=361, Második=118, Döntetlen=5
Játék 485/600 kész, eddig: Kezdő=362, Második=118, Döntetlen=5
Játék 486/600 kész, eddig: Kezdő=363, Második=118, Döntetlen=5
Játék 487/600 kész, eddig: Kezdő=364, Második=118, Döntetlen=5
Játék 488/600 kész, eddig: Kezdő=365, Második=118, Döntetlen=5
Játék 489/600 kész, eddig: Kezdő=366, Második=118, Döntetlen=5
Játék 490/600 kész, eddig: Kezdő=367, Második=118, Döntetlen=5
Játék 491/600 kész, eddig: Kezdő=368, Második=118, Döntetlen=5
Játék 492/600 kész, eddig: Kezdő=369, Második=118, Döntetlen=5
Játék 493/600 kész, eddig: Kezdő=370, Második=118, Döntetlen=5
Játék 494/600 kész, eddig: Kezdő=370, Második=119, Döntetlen=5
Játék 495/600 kész, eddig: Kezdő=370, Második=120, Döntetlen=5
Játék 496/600 kész, eddig: Kezdő=371, Második=120, Döntetlen=5
Játék 497/600 kész, eddig: Kezdő=371, Második=121, Döntetlen=5
Játék 498/600 kész, eddig: Kezdő=372, Második=121, Döntetlen=5
Játék 499/600 kész, eddig: Kezdő=373, Második=121, Döntetlen=5
Játék 500/600 kész, eddig: Kezdő=374, Második=121, Döntetlen=5
Játék 501/600 kész, eddig: Kezdő=375, Második=121, Döntetlen=5
Játék 502/600 kész, eddig: Kezdő=376, Második=121, Döntetlen=5
Játék 503/600 kész, eddig: Kezdő=377, Második=121, Döntetlen=5
Játék 504/600 kész, eddig: Kezdő=378, Második=121, Döntetlen=5
Játék 505/600 kész, eddig: Kezdő=379, Második=121, Döntetlen=5
Játék 506/600 kész, eddig: Kezdő=379, Második=122, Döntetlen=5
Játék 507/600 kész, eddig: Kezdő=380, Második=122, Döntetlen=5
Játék 508/600 kész, eddig: Kezdő=381, Második=122, Döntetlen=5
Játék 509/600 kész, eddig: Kezdő=382, Második=122, Döntetlen=5
Játék 510/600 kész, eddig: Kezdő=383, Második=122, Döntetlen=5
Játék 511/600 kész, eddig: Kezdő=384, Második=122, Döntetlen=5
Játék 512/600 kész, eddig: Kezdő=385, Második=122, Döntetlen=5
Játék 513/600 kész, eddig: Kezdő=386, Második=122, Döntetlen=5
Játék 514/600 kész, eddig: Kezdő=387, Második=122, Döntetlen=5
Játék 515/600 kész, eddig: Kezdő=388, Második=122, Döntetlen=5
Játék 516/600 kész, eddig: Kezdő=389, Második=122, Döntetlen=5
Játék 517/600 kész, eddig: Kezdő=390, Második=122, Döntetlen=5
Játék 518/600 kész, eddig: Kezdő=391, Második=122, Döntetlen=5
Játék 519/600 kész, eddig: Kezdő=391, Második=123, Döntetlen=5
Játék 520/600 kész, eddig: Kezdő=392, Második=123, Döntetlen=5
Játék 521/600 kész, eddig: Kezdő=392, Második=124, Döntetlen=5
Játék 522/600 kész, eddig: Kezdő=393, Második=124, Döntetlen=5
Játék 523/600 kész, eddig: Kezdő=394, Második=124, Döntetlen=5
Játék 524/600 kész, eddig: Kezdő=395, Második=124, Döntetlen=5
Játék 525/600 kész, eddig: Kezdő=396, Második=124, Döntetlen=5
Játék 526/600 kész, eddig: Kezdő=397, Második=124, Döntetlen=5
Játék 527/600 kész, eddig: Kezdő=398, Második=124, Döntetlen=5
Játék 528/600 kész, eddig: Kezdő=399, Második=124, Döntetlen=5
Játék 529/600 kész, eddig: Kezdő=400, Második=124, Döntetlen=5
Játék 530/600 kész, eddig: Kezdő=401, Második=124, Döntetlen=5
Játék 531/600 kész, eddig: Kezdő=402, Második=124, Döntetlen=5
Játék 532/600 kész, eddig: Kezdő=403, Második=124, Döntetlen=5
Játék 533/600 kész, eddig: Kezdő=404, Második=124, Döntetlen=5
Játék 534/600 kész, eddig: Kezdő=405, Második=124, Döntetlen=5
Játék 535/600 kész, eddig: Kezdő=406, Második=124, Döntetlen=5
Játék 536/600 kész, eddig: Kezdő=407, Második=124, Döntetlen=5
Játék 537/600 kész, eddig: Kezdő=408, Második=124, Döntetlen=5
Játék 538/600 kész, eddig: Kezdő=408, Második=125, Döntetlen=5
Játék 539/600 kész, eddig: Kezdő=409, Második=125, Döntetlen=5
Játék 540/600 kész, eddig: Kezdő=410, Második=125, Döntetlen=5
Játék 541/600 kész, eddig: Kezdő=411, Második=125, Döntetlen=5
Játék 542/600 kész, eddig: Kezdő=411, Második=126, Döntetlen=5
Játék 543/600 kész, eddig: Kezdő=412, Második=126, Döntetlen=5
Játék 544/600 kész, eddig: Kezdő=412, Második=127, Döntetlen=5
Játék 545/600 kész, eddig: Kezdő=413, Második=127, Döntetlen=5
Játék 546/600 kész, eddig: Kezdő=413, Második=128, Döntetlen=5
Játék 547/600 kész, eddig: Kezdő=414, Második=128, Döntetlen=5
Játék 548/600 kész, eddig: Kezdő=415, Második=128, Döntetlen=5
Játék 549/600 kész, eddig: Kezdő=415, Második=129, Döntetlen=5
Játék 550/600 kész, eddig: Kezdő=416, Második=129, Döntetlen=5
Játék 551/600 kész, eddig: Kezdő=417, Második=129, Döntetlen=5
Játék 552/600 kész, eddig: Kezdő=418, Második=129, Döntetlen=5
Játék 553/600 kész, eddig: Kezdő=419, Második=129, Döntetlen=5
Játék 554/600 kész, eddig: Kezdő=419, Második=130, Döntetlen=5
Játék 555/600 kész, eddig: Kezdő=420, Második=130, Döntetlen=5
Játék 556/600 kész, eddig: Kezdő=421, Második=130, Döntetlen=5
Játék 557/600 kész, eddig: Kezdő=422, Második=130, Döntetlen=5
Játék 558/600 kész, eddig: Kezdő=422, Második=130, Döntetlen=6
Játék 559/600 kész, eddig: Kezdő=423, Második=130, Döntetlen=6
Játék 560/600 kész, eddig: Kezdő=424, Második=130, Döntetlen=6
Játék 561/600 kész, eddig: Kezdő=425, Második=130, Döntetlen=6
Játék 562/600 kész, eddig: Kezdő=426, Második=130, Döntetlen=6
Játék 563/600 kész, eddig: Kezdő=427, Második=130, Döntetlen=6
Játék 564/600 kész, eddig: Kezdő=428, Második=130, Döntetlen=6
Játék 565/600 kész, eddig: Kezdő=429, Második=130, Döntetlen=6
Játék 566/600 kész, eddig: Kezdő=429, Második=131, Döntetlen=6
Játék 567/600 kész, eddig: Kezdő=430, Második=131, Döntetlen=6
Játék 568/600 kész, eddig: Kezdő=431, Második=131, Döntetlen=6
Játék 569/600 kész, eddig: Kezdő=432, Második=131, Döntetlen=6
Játék 570/600 kész, eddig: Kezdő=433, Második=131, Döntetlen=6
Játék 571/600 kész, eddig: Kezdő=434, Második=131, Döntetlen=6
Játék 572/600 kész, eddig: Kezdő=435, Második=131, Döntetlen=6
Játék 573/600 kész, eddig: Kezdő=435, Második=132, Döntetlen=6
Játék 574/600 kész, eddig: Kezdő=436, Második=132, Döntetlen=6
Játék 575/600 kész, eddig: Kezdő=437, Második=132, Döntetlen=6
Játék 576/600 kész, eddig: Kezdő=437, Második=133, Döntetlen=6
Játék 577/600 kész, eddig: Kezdő=438, Második=133, Döntetlen=6
Játék 578/600 kész, eddig: Kezdő=439, Második=133, Döntetlen=6
Játék 579/600 kész, eddig: Kezdő=440, Második=133, Döntetlen=6
Játék 580/600 kész, eddig: Kezdő=441, Második=133, Döntetlen=6
Játék 581/600 kész, eddig: Kezdő=441, Második=134, Döntetlen=6
Játék 582/600 kész, eddig: Kezdő=442, Második=134, Döntetlen=6
Játék 583/600 kész, eddig: Kezdő=443, Második=134, Döntetlen=6
Játék 584/600 kész, eddig: Kezdő=444, Második=134, Döntetlen=6
Játék 585/600 kész, eddig: Kezdő=445, Második=134, Döntetlen=6
Játék 586/600 kész, eddig: Kezdő=446, Második=134, Döntetlen=6
Játék 587/600 kész, eddig: Kezdő=447, Második=134, Döntetlen=6
Játék 588/600 kész, eddig: Kezdő=447, Második=135, Döntetlen=6
Játék 589/600 kész, eddig: Kezdő=448, Második=135, Döntetlen=6
Játék 590/600 kész, eddig: Kezdő=449, Második=135, Döntetlen=6
Játék 591/600 kész, eddig: Kezdő=450, Második=135, Döntetlen=6
Játék 592/600 kész, eddig: Kezdő=451, Második=135, Döntetlen=6
Játék 593/600 kész, eddig: Kezdő=452, Második=135, Döntetlen=6
Játék 594/600 kész, eddig: Kezdő=453, Második=135, Döntetlen=6
Játék 595/600 kész, eddig: Kezdő=454, Második=135, Döntetlen=6
Játék 596/600 kész, eddig: Kezdő=455, Második=135, Döntetlen=6
Játék 597/600 kész, eddig: Kezdő=456, Második=135, Döntetlen=6
Játék 598/600 kész, eddig: Kezdő=456, Második=136, Döntetlen=6
Játék 599/600 kész, eddig: Kezdő=457, Második=136, Döntetlen=6
Játék 600/600 kész, eddig: Kezdő=457, Második=137, Döntetlen=6

=== SZIMULÁCIÓ KÉSZ ===
Variáns: Felgyorsított + fordított
Lejátszott meccsek: 600
Kezdő játékos győzelmek:    457
Második játékos győzelmek:  137
Döntetlenek:                6
Kezdő aránya:    76.17%
Második aránya:  22.83%
Döntetlen:       1.00%
