=== SZIMULÁCIÓ INDUL ===
Variáns: Fordított
Meccsek száma: 1000
Játék 1/1000 kész, eddig: Kezdő=0, Második=1, Döntetlen=0
Játék 2/1000 kész, eddig: Kezdő=0, Második=2, Döntetlen=0
Játék 3/1000 kész, eddig: Kezdő=1, Második=2, Döntetlen=0
Játék 4/1000 kész, eddig: Kezdő=1, Második=2, Döntetlen=1
Játék 5/1000 kész, eddig: Kezdő=2, Második=2, Döntetlen=1
Játék 6/1000 kész, eddig: Kezdő=2, Második=3, Döntetlen=1
Játék 7/1000 kész, eddig: Kezdő=2, Második=3, Döntetlen=2
Játék 8/1000 kész, eddig: Kezdő=2, Második=3, Döntetlen=3
Játék 9/1000 kész, eddig: Kezdő=3, Második=3, Döntetlen=3
Játék 10/1000 kész, eddig: Kezdő=3, Második=4, Döntetlen=3
Játék 11/1000 kész, eddig: Kezdő=3, Második=5, Döntetlen=3
Játék 12/1000 kész, eddig: Kezdő=3, Második=6, Döntetlen=3
Játék 13/1000 kész, eddig: Kezdő=3, Második=7, Döntetlen=3
Játék 14/1000 kész, eddig: Kezdő=3, Második=8, Döntetlen=3
Játék 15/1000 kész, eddig: Kezdő=4, Második=8, Döntetlen=3
Játék 16/1000 kész, eddig: Kezdő=5, Második=8, Döntetlen=3
Játék 17/1000 kész, eddig: Kezdő=6, Második=8, Döntetlen=3
Játék 18/1000 kész, eddig: Kezdő=7, Második=8, Döntetlen=3
Játék 19/1000 kész, eddig: Kezdő=7, Második=9, Döntetlen=3
Játék 20/1000 kész, eddig: Kezdő=7, Második=10, Döntetlen=3
Játék 21/1000 kész, eddig: Kezdő=7, Második=10, Döntetlen=4
Játék 22/1000 kész, eddig: Kezdő=7, Második=11, Döntetlen=4
Játék 23/1000 kész, eddig: Kezdő=7, Második=11, Döntetlen=5
Játék 24/1000 kész, eddig: Kezdő=7, Második=11, Döntetlen=6
Játék 25/1000 kész, eddig: Kezdő=8, Második=11, Döntetlen=6
Játék 26/1000 kész, eddig: Kezdő=8, Második=12, Döntetlen=6
Játék 27/1000 kész, eddig: Kezdő=9, Második=12, Döntetlen=6
Játék 28/1000 kész, eddig: Kezdő=9, Második=13, Döntetlen=6
Játék 29/1000 kész, eddig: Kezdő=10, Második=13, Döntetlen=6
Játék 30/1000 kész, eddig: Kezdő=10, Második=14, Döntetlen=6
Játék 31/1000 kész, eddig: Kezdő=11, Második=14, Döntetlen=6
Játék 32/1000 kész, eddig: Kezdő=11, Második=14, Döntetlen=7
Játék 33/1000 kész, eddig: Kezdő=12, Második=14, Döntetlen=7
Játék 34/1000 kész, eddig: Kezdő=12, Második=15, Döntetlen=7
Játék 35/1000 kész, eddig: Kezdő=12, Második=16, Döntetlen=7
Játék 36/1000 kész, eddig: Kezdő=12, Második=16, Döntetlen=8
Játék 37/1000 kész, eddig: Kezdő=12, Második=17, Döntetlen=8
Játék 38/1000 kész, eddig: Kezdő=13, Második=17, Döntetlen=8
Játék 39/1000 kész, eddig: Kezdő=13, Második=18, Döntetlen=8
Játék 40/1000 kész, eddig: Kezdő=14, Második=18, Döntetlen=8
Játék 41/1000 kész, eddig: Kezdő=15, Második=18, Döntetlen=8
Játék 42/1000 kész, eddig: Kezdő=15, Második=18, Döntetlen=9
Játék 43/1000 kész, eddig: Kezdő=15, Második=19, Döntetlen=9
Játék 44/1000 kész, eddig: Kezdő=15, Második=20, Döntetlen=9
Játék 45/1000 kész, eddig: Kezdő=16, Második=20, Döntetlen=9
Játék 46/1000 kész, eddig: Kezdő=17, Második=20, Döntetlen=9
Játék 47/1000 kész, eddig: Kezdő=17, Második=20, Döntetlen=10
Játék 48/1000 kész, eddig: Kezdő=17, Második=21, Döntetlen=10
Játék 49/1000 kész, eddig: Kezdő=18, Második=21, Döntetlen=10
Játék 50/1000 kész, eddig: Kezdő=18, Második=21, Döntetlen=11
Játék 51/1000 kész, eddig: Kezdő=18, Második=22, Döntetlen=11
Játék 52/1000 kész, eddig: Kezdő=19, Második=22, Döntetlen=11
Játék 53/1000 kész, eddig: Kezdő=20, Második=22, Döntetlen=11
Játék 54/1000 kész, eddig: Kezdő=21, Második=22, Döntetlen=11
Játék 55/1000 kész, eddig: Kezdő=22, Második=22, Döntetlen=11
Játék 56/1000 kész, eddig: Kezdő=22, Második=22, Döntetlen=12
Játék 57/1000 kész, eddig: Kezdő=22, Második=22, Döntetlen=13
Játék 58/1000 kész, eddig: Kezdő=23, Második=22, Döntetlen=13
Játék 59/1000 kész, eddig: Kezdő=24, Második=22, Döntetlen=13
Játék 60/1000 kész, eddig: Kezdő=25, Második=22, Döntetlen=13
Játék 61/1000 kész, eddig: Kezdő=26, Második=22, Döntetlen=13
Játék 62/1000 kész, eddig: Kezdő=26, Második=22, Döntetlen=14
Játék 63/1000 kész, eddig: Kezdő=26, Második=23, Döntetlen=14
Játék 64/1000 kész, eddig: Kezdő=26, Második=24, Döntetlen=14
Játék 65/1000 kész, eddig: Kezdő=26, Második=25, Döntetlen=14
Játék 66/1000 kész, eddig: Kezdő=26, Második=25, Döntetlen=15
Játék 67/1000 kész, eddig: Kezdő=26, Második=25, Döntetlen=16
Játék 68/1000 kész, eddig: Kezdő=27, Második=25, Döntetlen=16
Játék 69/1000 kész, eddig: Kezdő=27, Második=26, Döntetlen=16
Játék 70/1000 kész, eddig: Kezdő=28, Második=26, Döntetlen=16
Játék 71/1000 kész, eddig: Kezdő=28, Második=26, Döntetlen=17
Játék 72/1000 kész, eddig: Kezdő=28, Második=26, Döntetlen=18
Játék 73/1000 kész, eddig: Kezdő=29, Második=26, Döntetlen=18
Játék 74/1000 kész, eddig: Kezdő=30, Második=26, Döntetlen=18
Játék 75/1000 kész, eddig: Kezdő=31, Második=26, Döntetlen=18
Játék 76/1000 kész, eddig: Kezdő=31, Második=26, Döntetlen=19
Játék 77/1000 kész, eddig: Kezdő=31, Második=26, Döntetlen=20
Játék 78/1000 kész, eddig: Kezdő=32, Második=26, Döntetlen=20
Játék 79/1000 kész, eddig: Kezdő=32, Második=27, Döntetlen=20
Játék 80/1000 kész, eddig: Kezdő=32, Második=28, Döntetlen=20
Játék 81/1000 kész, eddig: Kezdő=32, Második=29, Döntetlen=20
Játék 82/1000 kész, eddig: Kezdő=32, Második=30, Döntetlen=20
Játék 83/1000 kész, eddig: Kezdő=32, Második=30, Döntetlen=21
Játék 84/1000 kész, eddig: Kezdő=33, Második=30, Döntetlen=21
Játék 85/1000 kész, eddig: Kezdő=33, Második=31, Döntetlen=21
Játék 86/1000 kész, eddig: Kezdő=34, Második=31, Döntetlen=21
Játék 87/1000 kész, eddig: Kezdő=34, Második=31, Döntetlen=22
Játék 88/1000 kész, eddig: Kezdő=34, Második=31, Döntetlen=23
Játék 89/1000 kész, eddig: Kezdő=34, Második=31, Döntetlen=24
Játék 90/1000 kész, eddig: Kezdő=34, Második=31, Döntetlen=25
Játék 91/1000 kész, eddig: Kezdő=34, Második=32, Döntetlen=25
Játék 92/1000 kész, eddig: Kezdő=35, Második=32, Döntetlen=25
Játék 93/1000 kész, eddig: Kezdő=35, Második=32, Döntetlen=26
Játék 94/1000 kész, eddig: Kezdő=36, Második=32, Döntetlen=26
Játék 95/1000 kész, eddig: Kezdő=37, Második=32, Döntetlen=26
Játék 96/1000 kész, eddig: Kezdő=37, Második=32, Döntetlen=27
Játék 97/1000 kész, eddig: Kezdő=37, Második=33, Döntetlen=27
Játék 98/1000 kész, eddig: Kezdő=37, Második=34, Döntetlen=27
Játék 99/1000 kész, eddig: Kezdő=37, Második=35, Döntetlen=27
Játék 100/1000 kész, eddig: Kezdő=38, Második=35, Döntetlen=27
Játék 101/1000 kész, eddig: Kezdő=39, Második=35, Döntetlen=27
Játék 102/1000 kész, eddig: Kezdő=40, Második=35, Döntetlen=27
Játék 103/1000 kész, eddig: Kezdő=41, Második=35, Döntetlen=27
Játék 104/1000 kész, eddig: Kezdő=42, Második=35, Döntetlen=27
Játék 105/1000 kész, eddig: Kezdő=42, Második=35, Döntetlen=28
Játék 106/1000 kész, eddig: Kezdő=42, Második=36, Döntetlen=28
Játék 107/1000 kész, eddig: Kezdő=42, Második=36, Döntetlen=29
Játék 108/1000 kész, eddig: Kezdő=42, Második=36, Döntetlen=30
Játék 109/1000 kész, eddig: Kezdő=42, Második=36, Döntetlen=31
Játék 110/1000 kész, eddig: Kezdő=43, Második=36, Döntetlen=31
Játék 111/1000 kész, eddig: Kezdő=43, Második=36, Döntetlen=32
Játék 112/1000 kész, eddig: Kezdő=44, Második=36, Döntetlen=32
Játék 113/1000 kész, eddig: Kezdő=44, Második=37, Döntetlen=32
Játék 114/1000 kész, eddig: Kezdő=44, Második=38, Döntetlen=32
Játék 115/1000 kész, eddig: Kezdő=44, Második=39, Döntetlen=32
Játék 116/1000 kész, eddig: Kezdő=44, Második=40, Döntetlen=32
Játék 117/1000 kész, eddig: Kezdő=44, Második=41, Döntetlen=32
Játék 118/1000 kész, eddig: Kezdő=44, Második=41, Döntetlen=33
Játék 119/1000 kész, eddig: Kezdő=44, Második=41, Döntetlen=34
Játék 120/1000 kész, eddig: Kezdő=45, Második=41, Döntetlen=34
Játék 121/1000 kész, eddig: Kezdő=45, Második=42, Döntetlen=34
Játék 122/1000 kész, eddig: Kezdő=45, Második=43, Döntetlen=34
Játék 123/1000 kész, eddig: Kezdő=45, Második=44, Döntetlen=34
Játék 124/1000 kész, eddig: Kezdő=45, Második=45, Döntetlen=34
Játék 125/1000 kész, eddig: Kezdő=46, Második=45, Döntetlen=34
Játék 126/1000 kész, eddig: Kezdő=46, Második=46, Döntetlen=34
Játék 127/1000 kész, eddig: Kezdő=47, Második=46, Döntetlen=34
Játék 128/1000 kész, eddig: Kezdő=47, Második=46, Döntetlen=35
Játék 129/1000 kész, eddig: Kezdő=48, Második=46, Döntetlen=35
Játék 130/1000 kész, eddig: Kezdő=48, Második=47, Döntetlen=35
Játék 131/1000 kész, eddig: Kezdő=48, Második=48, Döntetlen=35
Játék 132/1000 kész, eddig: Kezdő=49, Második=48, Döntetlen=35
Játék 133/1000 kész, eddig: Kezdő=49, Második=48, Döntetlen=36
Játék 134/1000 kész, eddig: Kezdő=50, Második=48, Döntetlen=36
Játék 135/1000 kész, eddig: Kezdő=51, Második=48, Döntetlen=36
Játék 136/1000 kész, eddig: Kezdő=51, Második=49, Döntetlen=36
Játék 137/1000 kész, eddig: Kezdő=51, Második=50, Döntetlen=36
Játék 138/1000 kész, eddig: Kezdő=51, Második=51, Döntetlen=36
Játék 139/1000 kész, eddig: Kezdő=51, Második=51, Döntetlen=37
Játék 140/1000 kész, eddig: Kezdő=51, Második=52, Döntetlen=37
Játék 141/1000 kész, eddig: Kezdő=51, Második=52, Döntetlen=38
Játék 142/1000 kész, eddig: Kezdő=51, Második=53, Döntetlen=38
Játék 143/1000 kész, eddig: Kezdő=51, Második=54, Döntetlen=38
Játék 144/1000 kész, eddig: Kezdő=51, Második=54, Döntetlen=39
Játék 145/1000 kész, eddig: Kezdő=51, Második=55, Döntetlen=39
Játék 146/1000 kész, eddig: Kezdő=51, Második=55, Döntetlen=40
Játék 147/1000 kész, eddig: Kezdő=51, Második=55, Döntetlen=41
Játék 148/1000 kész, eddig: Kezdő=51, Második=56, Döntetlen=41
Játék 149/1000 kész, eddig: Kezdő=51, Második=57, Döntetlen=41
Játék 150/1000 kész, eddig: Kezdő=51, Második=57, Döntetlen=42
Játék 151/1000 kész, eddig: Kezdő=52, Második=57, Döntetlen=42
Játék 152/1000 kész, eddig: Kezdő=53, Második=57, Döntetlen=42
Játék 153/1000 kész, eddig: Kezdő=53, Második=58, Döntetlen=42
Játék 154/1000 kész, eddig: Kezdő=54, Második=58, Döntetlen=42
Játék 155/1000 kész, eddig: Kezdő=55, Második=58, Döntetlen=42
Játék 156/1000 kész, eddig: Kezdő=55, Második=58, Döntetlen=43
Játék 157/1000 kész, eddig: Kezdő=56, Második=58, Döntetlen=43
Játék 158/1000 kész, eddig: Kezdő=56, Második=59, Döntetlen=43
Játék 159/1000 kész, eddig: Kezdő=56, Második=59, Döntetlen=44
Játék 160/1000 kész, eddig: Kezdő=56, Második=60, Döntetlen=44
Játék 161/1000 kész, eddig: Kezdő=56, Második=61, Döntetlen=44
Játék 162/1000 kész, eddig: Kezdő=56, Második=62, Döntetlen=44
Játék 163/1000 kész, eddig: Kezdő=56, Második=62, Döntetlen=45
Játék 164/1000 kész, eddig: Kezdő=56, Második=63, Döntetlen=45
Játék 165/1000 kész, eddig: Kezdő=56, Második=63, Döntetlen=46
Játék 166/1000 kész, eddig: Kezdő=56, Második=64, Döntetlen=46
Játék 167/1000 kész, eddig: Kezdő=56, Második=64, Döntetlen=47
Játék 168/1000 kész, eddig: Kezdő=56, Második=65, Döntetlen=47
Játék 169/1000 kész, eddig: Kezdő=57, Második=65, Döntetlen=47
Játék 170/1000 kész, eddig: Kezdő=57, Második=65, Döntetlen=48
Játék 171/1000 kész, eddig: Kezdő=57, Második=66, Döntetlen=48
Játék 172/1000 kész, eddig: Kezdő=58, Második=66, Döntetlen=48
Játék 173/1000 kész, eddig: Kezdő=58, Második=66, Döntetlen=49
Játék 174/1000 kész, eddig: Kezdő=59, Második=66, Döntetlen=49
Játék 175/1000 kész, eddig: Kezdő=60, Második=66, Döntetlen=49
Játék 176/1000 kész, eddig: Kezdő=61, Második=66, Döntetlen=49
Játék 177/1000 kész, eddig: Kezdő=62, Második=66, Döntetlen=49
Játék 178/1000 kész, eddig: Kezdő=62, Második=66, Döntetlen=50
Játék 179/1000 kész, eddig: Kezdő=63, Második=66, Döntetlen=50
Játék 180/1000 kész, eddig: Kezdő=63, Második=67, Döntetlen=50
Játék 181/1000 kész, eddig: Kezdő=63, Második=68, Döntetlen=50
Játék 182/1000 kész, eddig: Kezdő=63, Második=68, Döntetlen=51
Játék 183/1000 kész, eddig: Kezdő=63, Második=69, Döntetlen=51
Játék 184/1000 kész, eddig: Kezdő=63, Második=70, Döntetlen=51
Játék 185/1000 kész, eddig: Kezdő=64, Második=70, Döntetlen=51
Játék 186/1000 kész, eddig: Kezdő=64, Második=70, Döntetlen=52
Játék 187/1000 kész, eddig: Kezdő=64, Második=71, Döntetlen=52
Játék 188/1000 kész, eddig: Kezdő=64, Második=72, Döntetlen=52
Játék 189/1000 kész, eddig: Kezdő=65, Második=72, Döntetlen=52
Játék 190/1000 kész, eddig: Kezdő=65, Második=73, Döntetlen=52
Játék 191/1000 kész, eddig: Kezdő=66, Második=73, Döntetlen=52
Játék 192/1000 kész, eddig: Kezdő=66, Második=73, Döntetlen=53
Játék 193/1000 kész, eddig: Kezdő=67, Második=73, Döntetlen=53
Játék 194/1000 kész, eddig: Kezdő=67, Második=73, Döntetlen=54
Játék 195/1000 kész, eddig: Kezdő=67, Második=73, Döntetlen=55
Játék 196/1000 kész, eddig: Kezdő=68, Második=73, Döntetlen=55
Játék 197/1000 kész, eddig: Kezdő=69, Második=73, Döntetlen=55
Játék 198/1000 kész, eddig: Kezdő=69, Második=73, Döntetlen=56
Játék 199/1000 kész, eddig: Kezdő=69, Második=74, Döntetlen=56
Játék 200/1000 kész, eddig: Kezdő=69, Második=75, Döntetlen=56
Játék 201/1000 kész, eddig: Kezdő=69, Második=75, Döntetlen=57
Játék 202/1000 kész, eddig: Kezdő=70, Második=75, Döntetlen=57
Játék 203/1000 kész, eddig: Kezdő=70, Második=75, Döntetlen=58
Játék 204/1000 kész, eddig: Kezdő=70, Második=76, Döntetlen=58
Játék 205/1000 kész, eddig: Kezdő=70, Második=76, Döntetlen=59
Játék 206/1000 kész, eddig: Kezdő=70, Második=76, Döntetlen=60
Játék 207/1000 kész, eddig: Kezdő=70, Második=76, Döntetlen=61
Játék 208/1000 kész, eddig: Kezdő=71, Második=76, Döntetlen=61
Játék 209/1000 kész, eddig: Kezdő=71, Második=76, Döntetlen=62
Játék 210/1000 kész, eddig: Kezdő=72, Második=76, Döntetlen=62
Játék 211/1000 kész, eddig: Kezdő=73, Második=76, Döntetlen=62
Játék 212/1000 kész, eddig: Kezdő=73, Második=76, Döntetlen=63
Játék 213/1000 kész, eddig: Kezdő=73, Második=76, Döntetlen=64
Játék 214/1000 kész, eddig: Kezdő=73, Második=77, Döntetlen=64
Játék 215/1000 kész, eddig: Kezdő=74, Második=77, Döntetlen=64
Játék 216/1000 kész, eddig: Kezdő=74, Második=78, Döntetlen=64
Játék 217/1000 kész, eddig: Kezdő=75, Második=78, Döntetlen=64
Játék 218/1000 kész, eddig: Kezdő=75, Második=79, Döntetlen=64
Játék 219/1000 kész, eddig: Kezdő=76, Második=79, Döntetlen=64
Játék 220/1000 kész, eddig: Kezdő=76, Második=79, Döntetlen=65
Játék 221/1000 kész, eddig: Kezdő=77, Második=79, Döntetlen=65
Játék 222/1000 kész, eddig: Kezdő=78, Második=79, Döntetlen=65
Játék 223/1000 kész, eddig: Kezdő=79, Második=79, Döntetlen=65
Játék 224/1000 kész, eddig: Kezdő=79, Második=80, Döntetlen=65
Játék 225/1000 kész, eddig: Kezdő=79, Második=81, Döntetlen=65
Játék 226/1000 kész, eddig: Kezdő=79, Második=82, Döntetlen=65
Játék 227/1000 kész, eddig: Kezdő=80, Második=82, Döntetlen=65
Játék 228/1000 kész, eddig: Kezdő=80, Második=83, Döntetlen=65
Játék 229/1000 kész, eddig: Kezdő=81, Második=83, Döntetlen=65
Játék 230/1000 kész, eddig: Kezdő=82, Második=83, Döntetlen=65
Játék 231/1000 kész, eddig: Kezdő=82, Második=84, Döntetlen=65
Játék 232/1000 kész, eddig: Kezdő=82, Második=85, Döntetlen=65
Játék 233/1000 kész, eddig: Kezdő=82, Második=86, Döntetlen=65
Játék 234/1000 kész, eddig: Kezdő=82, Második=86, Döntetlen=66
Játék 235/1000 kész, eddig: Kezdő=83, Második=86, Döntetlen=66
Játék 236/1000 kész, eddig: Kezdő=84, Második=86, Döntetlen=66
Játék 237/1000 kész, eddig: Kezdő=84, Második=87, Döntetlen=66
Játék 238/1000 kész, eddig: Kezdő=85, Második=87, Döntetlen=66
Játék 239/1000 kész, eddig: Kezdő=85, Második=87, Döntetlen=67
Játék 240/1000 kész, eddig: Kezdő=85, Második=88, Döntetlen=67
Játék 241/1000 kész, eddig: Kezdő=86, Második=88, Döntetlen=67
Játék 242/1000 kész, eddig: Kezdő=86, Második=89, Döntetlen=67
Játék 243/1000 kész, eddig: Kezdő=86, Második=89, Döntetlen=68
Játék 244/1000 kész, eddig: Kezdő=87, Második=89, Döntetlen=68
Játék 245/1000 kész, eddig: Kezdő=87, Második=90, Döntetlen=68
Játék 246/1000 kész, eddig: Kezdő=88, Második=90, Döntetlen=68
Játék 247/1000 kész, eddig: Kezdő=88, Második=91, Döntetlen=68
Játék 248/1000 kész, eddig: Kezdő=88, Második=91, Döntetlen=69
Játék 249/1000 kész, eddig: Kezdő=89, Második=91, Döntetlen=69
Játék 250/1000 kész, eddig: Kezdő=89, Második=92, Döntetlen=69
Játék 251/1000 kész, eddig: Kezdő=89, Második=92, Döntetlen=70
Játék 252/1000 kész, eddig: Kezdő=89, Második=93, Döntetlen=70
Játék 253/1000 kész, eddig: Kezdő=89, Második=94, Döntetlen=70
Játék 254/1000 kész, eddig: Kezdő=89, Második=95, Döntetlen=70
Játék 255/1000 kész, eddig: Kezdő=89, Második=95, Döntetlen=71
Játék 256/1000 kész, eddig: Kezdő=90, Második=95, Döntetlen=71
Játék 257/1000 kész, eddig: Kezdő=90, Második=96, Döntetlen=71
Játék 258/1000 kész, eddig: Kezdő=90, Második=96, Döntetlen=72
Játék 259/1000 kész, eddig: Kezdő=91, Második=96, Döntetlen=72
Játék 260/1000 kész, eddig: Kezdő=92, Második=96, Döntetlen=72
Játék 261/1000 kész, eddig: Kezdő=93, Második=96, Döntetlen=72
Játék 262/1000 kész, eddig: Kezdő=93, Második=96, Döntetlen=73
Játék 263/1000 kész, eddig: Kezdő=93, Második=96, Döntetlen=74
Játék 264/1000 kész, eddig: Kezdő=93, Második=96, Döntetlen=75
Játék 265/1000 kész, eddig: Kezdő=93, Második=96, Döntetlen=76
Játék 266/1000 kész, eddig: Kezdő=94, Második=96, Döntetlen=76
Játék 267/1000 kész, eddig: Kezdő=94, Második=97, Döntetlen=76
Játék 268/1000 kész, eddig: Kezdő=94, Második=98, Döntetlen=76
Játék 269/1000 kész, eddig: Kezdő=95, Második=98, Döntetlen=76
Játék 270/1000 kész, eddig: Kezdő=96, Második=98, Döntetlen=76
Játék 271/1000 kész, eddig: Kezdő=96, Második=99, Döntetlen=76
Játék 272/1000 kész, eddig: Kezdő=96, Második=99, Döntetlen=77
Játék 273/1000 kész, eddig: Kezdő=96, Második=100, Döntetlen=77
Játék 274/1000 kész, eddig: Kezdő=96, Második=101, Döntetlen=77
Játék 275/1000 kész, eddig: Kezdő=96, Második=102, Döntetlen=77
Játék 276/1000 kész, eddig: Kezdő=97, Második=102, Döntetlen=77
Játék 277/1000 kész, eddig: Kezdő=97, Második=103, Döntetlen=77
Játék 278/1000 kész, eddig: Kezdő=98, Második=103, Döntetlen=77
Játék 279/1000 kész, eddig: Kezdő=99, Második=103, Döntetlen=77
Játék 280/1000 kész, eddig: Kezdő=99, Második=103, Döntetlen=78
Játék 281/1000 kész, eddig: Kezdő=99, Második=103, Döntetlen=79
Játék 282/1000 kész, eddig: Kezdő=99, Második=103, Döntetlen=80
Játék 283/1000 kész, eddig: Kezdő=99, Második=103, Döntetlen=81
Játék 284/1000 kész, eddig: Kezdő=99, Második=103, Döntetlen=82
Játék 285/1000 kész, eddig: Kezdő=100, Második=103, Döntetlen=82
Játék 286/1000 kész, eddig: Kezdő=101, Második=103, Döntetlen=82
Játék 287/1000 kész, eddig: Kezdő=101, Második=104, Döntetlen=82
Játék 288/1000 kész, eddig: Kezdő=101, Második=104, Döntetlen=83
Játék 289/1000 kész, eddig: Kezdő=101, Második=105, Döntetlen=83
Játék 290/1000 kész, eddig: Kezdő=101, Második=106, Döntetlen=83
Játék 291/1000 kész, eddig: Kezdő=101, Második=106, Döntetlen=84
Játék 292/1000 kész, eddig: Kezdő=102, Második=106, Döntetlen=84
Játék 293/1000 kész, eddig: Kezdő=102, Második=107, Döntetlen=84
Játék 294/1000 kész, eddig: Kezdő=102, Második=108, Döntetlen=84
Játék 295/1000 kész, eddig: Kezdő=102, Második=109, Döntetlen=84
Játék 296/1000 kész, eddig: Kezdő=102, Második=110, Döntetlen=84
Játék 297/1000 kész, eddig: Kezdő=103, Második=110, Döntetlen=84
Játék 298/1000 kész, eddig: Kezdő=104, Második=110, Döntetlen=84
Játék 299/1000 kész, eddig: Kezdő=104, Második=110, Döntetlen=85
Játék 300/1000 kész, eddig: Kezdő=104, Második=110, Döntetlen=86
Játék 301/1000 kész, eddig: Kezdő=105, Második=110, Döntetlen=86
Játék 302/1000 kész, eddig: Kezdő=106, Második=110, Döntetlen=86
Játék 303/1000 kész, eddig: Kezdő=106, Második=111, Döntetlen=86
Játék 304/1000 kész, eddig: Kezdő=107, Második=111, Döntetlen=86
Játék 305/1000 kész, eddig: Kezdő=107, Második=112, Döntetlen=86
Játék 306/1000 kész, eddig: Kezdő=107, Második=112, Döntetlen=87
Játék 307/1000 kész, eddig: Kezdő=108, Második=112, Döntetlen=87
Játék 308/1000 kész, eddig: Kezdő=109, Második=112, Döntetlen=87
Játék 309/1000 kész, eddig: Kezdő=110, Második=112, Döntetlen=87
Játék 310/1000 kész, eddig: Kezdő=110, Második=113, Döntetlen=87
Játék 311/1000 kész, eddig: Kezdő=111, Második=113, Döntetlen=87
Játék 312/1000 kész, eddig: Kezdő=112, Második=113, Döntetlen=87
Játék 313/1000 kész, eddig: Kezdő=112, Második=114, Döntetlen=87
Játék 314/1000 kész, eddig: Kezdő=112, Második=114, Döntetlen=88
Játék 315/1000 kész, eddig: Kezdő=113, Második=114, Döntetlen=88
Játék 316/1000 kész, eddig: Kezdő=113, Második=114, Döntetlen=89
Játék 317/1000 kész, eddig: Kezdő=113, Második=114, Döntetlen=90
Játék 318/1000 kész, eddig: Kezdő=113, Második=114, Döntetlen=91
Játék 319/1000 kész, eddig: Kezdő=114, Második=114, Döntetlen=91
Játék 320/1000 kész, eddig: Kezdő=114, Második=115, Döntetlen=91
Játék 321/1000 kész, eddig: Kezdő=114, Második=116, Döntetlen=91
Játék 322/1000 kész, eddig: Kezdő=115, Második=116, Döntetlen=91
Játék 323/1000 kész, eddig: Kezdő=116, Második=116, Döntetlen=91
Játék 324/1000 kész, eddig: Kezdő=116, Második=117, Döntetlen=91
Játék 325/1000 kész, eddig: Kezdő=117, Második=117, Döntetlen=91
Játék 326/1000 kész, eddig: Kezdő=117, Második=118, Döntetlen=91
Játék 327/1000 kész, eddig: Kezdő=117, Második=119, Döntetlen=91
Játék 328/1000 kész, eddig: Kezdő=117, Második=120, Döntetlen=91
Játék 329/1000 kész, eddig: Kezdő=118, Második=120, Döntetlen=91
Játék 330/1000 kész, eddig: Kezdő=119, Második=120, Döntetlen=91
Játék 331/1000 kész, eddig: Kezdő=120, Második=120, Döntetlen=91
Játék 332/1000 kész, eddig: Kezdő=121, Második=120, Döntetlen=91
Játék 333/1000 kész, eddig: Kezdő=121, Második=120, Döntetlen=92
Játék 334/1000 kész, eddig: Kezdő=121, Második=121, Döntetlen=92
Játék 335/1000 kész, eddig: Kezdő=122, Második=121, Döntetlen=92
Játék 336/1000 kész, eddig: Kezdő=122, Második=122, Döntetlen=92
Játék 337/1000 kész, eddig: Kezdő=123, Második=122, Döntetlen=92
Játék 338/1000 kész, eddig: Kezdő=123, Második=123, Döntetlen=92
Játék 339/1000 kész, eddig: Kezdő=123, Második=123, Döntetlen=93
Játék 340/1000 kész, eddig: Kezdő=123, Második=123, Döntetlen=94
Játék 341/1000 kész, eddig: Kezdő=124, Második=123, Döntetlen=94
Játék 342/1000 kész, eddig: Kezdő=125, Második=123, Döntetlen=94
Játék 343/1000 kész, eddig: Kezdő=125, Második=123, Döntetlen=95
Játék 344/1000 kész, eddig: Kezdő=126, Második=123, Döntetlen=95
Játék 345/1000 kész, eddig: Kezdő=126, Második=124, Döntetlen=95
Játék 346/1000 kész, eddig: Kezdő=126, Második=125, Döntetlen=95
Játék 347/1000 kész, eddig: Kezdő=127, Második=125, Döntetlen=95
Játék 348/1000 kész, eddig: Kezdő=128, Második=125, Döntetlen=95
Játék 349/1000 kész, eddig: Kezdő=128, Második=125, Döntetlen=96
Játék 350/1000 kész, eddig: Kezdő=128, Második=126, Döntetlen=96
Játék 351/1000 kész, eddig: Kezdő=128, Második=127, Döntetlen=96
Játék 352/1000 kész, eddig: Kezdő=128, Második=127, Döntetlen=97
Játék 353/1000 kész, eddig: Kezdő=128, Második=128, Döntetlen=97
Játék 354/1000 kész, eddig: Kezdő=128, Második=129, Döntetlen=97
Játék 355/1000 kész, eddig: Kezdő=128, Második=130, Döntetlen=97
Játék 356/1000 kész, eddig: Kezdő=129, Második=130, Döntetlen=97
Játék 357/1000 kész, eddig: Kezdő=129, Második=131, Döntetlen=97
Játék 358/1000 kész, eddig: Kezdő=130, Második=131, Döntetlen=97
Játék 359/1000 kész, eddig: Kezdő=130, Második=131, Döntetlen=98
Játék 360/1000 kész, eddig: Kezdő=131, Második=131, Döntetlen=98
Játék 361/1000 kész, eddig: Kezdő=131, Második=132, Döntetlen=98
Játék 362/1000 kész, eddig: Kezdő=131, Második=132, Döntetlen=99
Játék 363/1000 kész, eddig: Kezdő=132, Második=132, Döntetlen=99
Játék 364/1000 kész, eddig: Kezdő=132, Második=132, Döntetlen=100
Játék 365/1000 kész, eddig: Kezdő=132, Második=133, Döntetlen=100
Játék 366/1000 kész, eddig: Kezdő=133, Második=133, Döntetlen=100
Játék 367/1000 kész, eddig: Kezdő=133, Második=133, Döntetlen=101
Játék 368/1000 kész, eddig: Kezdő=133, Második=134, Döntetlen=101
Játék 369/1000 kész, eddig: Kezdő=133, Második=135, Döntetlen=101
Játék 370/1000 kész, eddig: Kezdő=133, Második=136, Döntetlen=101
Játék 371/1000 kész, eddig: Kezdő=133, Második=137, Döntetlen=101
Játék 372/1000 kész, eddig: Kezdő=134, Második=137, Döntetlen=101
Játék 373/1000 kész, eddig: Kezdő=134, Második=138, Döntetlen=101
Játék 374/1000 kész, eddig: Kezdő=135, Második=138, Döntetlen=101
Játék 375/1000 kész, eddig: Kezdő=136, Második=138, Döntetlen=101
Játék 376/1000 kész, eddig: Kezdő=136, Második=139, Döntetlen=101
Játék 377/1000 kész, eddig: Kezdő=137, Második=139, Döntetlen=101
Játék 378/1000 kész, eddig: Kezdő=138, Második=139, Döntetlen=101
Játék 379/1000 kész, eddig: Kezdő=139, Második=139, Döntetlen=101
Játék 380/1000 kész, eddig: Kezdő=139, Második=140, Döntetlen=101
Játék 381/1000 kész, eddig: Kezdő=140, Második=140, Döntetlen=101
Játék 382/1000 kész, eddig: Kezdő=140, Második=140, Döntetlen=102
Játék 383/1000 kész, eddig: Kezdő=141, Második=140, Döntetlen=102
Játék 384/1000 kész, eddig: Kezdő=142, Második=140, Döntetlen=102
Játék 385/1000 kész, eddig: Kezdő=143, Második=140, Döntetlen=102
Játék 386/1000 kész, eddig: Kezdő=143, Második=140, Döntetlen=103
Játék 387/1000 kész, eddig: Kezdő=144, Második=140, Döntetlen=103
Játék 388/1000 kész, eddig: Kezdő=145, Második=140, Döntetlen=103
Játék 389/1000 kész, eddig: Kezdő=146, Második=140, Döntetlen=103
Játék 390/1000 kész, eddig: Kezdő=146, Második=140, Döntetlen=104
Játék 391/1000 kész, eddig: Kezdő=146, Második=140, Döntetlen=105
Játék 392/1000 kész, eddig: Kezdő=146, Második=141, Döntetlen=105
Játék 393/1000 kész, eddig: Kezdő=147, Második=141, Döntetlen=105
Játék 394/1000 kész, eddig: Kezdő=147, Második=142, Döntetlen=105
Játék 395/1000 kész, eddig: Kezdő=148, Második=142, Döntetlen=105
Játék 396/1000 kész, eddig: Kezdő=149, Második=142, Döntetlen=105
Játék 397/1000 kész, eddig: Kezdő=149, Második=142, Döntetlen=106
Játék 398/1000 kész, eddig: Kezdő=149, Második=142, Döntetlen=107
Játék 399/1000 kész, eddig: Kezdő=149, Második=142, Döntetlen=108
Játék 400/1000 kész, eddig: Kezdő=149, Második=143, Döntetlen=108
Játék 401/1000 kész, eddig: Kezdő=149, Második=144, Döntetlen=108
Játék 402/1000 kész, eddig: Kezdő=149, Második=145, Döntetlen=108
Játék 403/1000 kész, eddig: Kezdő=150, Második=145, Döntetlen=108
Játék 404/1000 kész, eddig: Kezdő=151, Második=145, Döntetlen=108
Játék 405/1000 kész, eddig: Kezdő=151, Második=145, Döntetlen=109
Játék 406/1000 kész, eddig: Kezdő=152, Második=145, Döntetlen=109
Játék 407/1000 kész, eddig: Kezdő=152, Második=145, Döntetlen=110
Játék 408/1000 kész, eddig: Kezdő=152, Második=146, Döntetlen=110
Játék 409/1000 kész, eddig: Kezdő=153, Második=146, Döntetlen=110
Játék 410/1000 kész, eddig: Kezdő=153, Második=147, Döntetlen=110
Játék 411/1000 kész, eddig: Kezdő=153, Második=147, Döntetlen=111
Játék 412/1000 kész, eddig: Kezdő=153, Második=148, Döntetlen=111
Játék 413/1000 kész, eddig: Kezdő=153, Második=149, Döntetlen=111
Játék 414/1000 kész, eddig: Kezdő=153, Második=150, Döntetlen=111
Játék 415/1000 kész, eddig: Kezdő=153, Második=150, Döntetlen=112
Játék 416/1000 kész, eddig: Kezdő=154, Második=150, Döntetlen=112
Játék 417/1000 kész, eddig: Kezdő=155, Második=150, Döntetlen=112
Játék 418/1000 kész, eddig: Kezdő=156, Második=150, Döntetlen=112
Játék 419/1000 kész, eddig: Kezdő=156, Második=150, Döntetlen=113
Játék 420/1000 kész, eddig: Kezdő=156, Második=150, Döntetlen=114
Játék 421/1000 kész, eddig: Kezdő=156, Második=151, Döntetlen=114
Játék 422/1000 kész, eddig: Kezdő=157, Második=151, Döntetlen=114
Játék 423/1000 kész, eddig: Kezdő=157, Második=151, Döntetlen=115
Játék 424/1000 kész, eddig: Kezdő=158, Második=151, Döntetlen=115
Játék 425/1000 kész, eddig: Kezdő=159, Második=151, Döntetlen=115
Játék 426/1000 kész, eddig: Kezdő=159, Második=152, Döntetlen=115
Játék 427/1000 kész, eddig: Kezdő=159, Második=152, Döntetlen=116
Játék 428/1000 kész, eddig: Kezdő=160, Második=152, Döntetlen=116
Játék 429/1000 kész, eddig: Kezdő=160, Második=153, Döntetlen=116
Játék 430/1000 kész, eddig: Kezdő=160, Második=154, Döntetlen=116
Játék 431/1000 kész, eddig: Kezdő=160, Második=154, Döntetlen=117
Játék 432/1000 kész, eddig: Kezdő=161, Második=154, Döntetlen=117
Játék 433/1000 kész, eddig: Kezdő=161, Második=155, Döntetlen=117
Játék 434/1000 kész, eddig: Kezdő=161, Második=156, Döntetlen=117
Játék 435/1000 kész, eddig: Kezdő=161, Második=156, Döntetlen=118
Játék 436/1000 kész, eddig: Kezdő=161, Második=156, Döntetlen=119
Játék 437/1000 kész, eddig: Kezdő=161, Második=156, Döntetlen=120
Játék 438/1000 kész, eddig: Kezdő=161, Második=157, Döntetlen=120
Játék 439/1000 kész, eddig: Kezdő=161, Második=157, Döntetlen=121
Játék 440/1000 kész, eddig: Kezdő=162, Második=157, Döntetlen=121
Játék 441/1000 kész, eddig: Kezdő=162, Második=157, Döntetlen=122
Játék 442/1000 kész, eddig: Kezdő=162, Második=157, Döntetlen=123
Játék 443/1000 kész, eddig: Kezdő=163, Második=157, Döntetlen=123
Játék 444/1000 kész, eddig: Kezdő=163, Második=157, Döntetlen=124
Játék 445/1000 kész, eddig: Kezdő=164, Második=157, Döntetlen=124
Játék 446/1000 kész, eddig: Kezdő=164, Második=158, Döntetlen=124
Játék 447/1000 kész, eddig: Kezdő=164, Második=159, Döntetlen=124
Játék 448/1000 kész, eddig: Kezdő=165, Második=159, Döntetlen=124
Játék 449/1000 kész, eddig: Kezdő=165, Második=160, Döntetlen=124
Játék 450/1000 kész, eddig: Kezdő=165, Második=160, Döntetlen=125
Játék 451/1000 kész, eddig: Kezdő=166, Második=160, Döntetlen=125
Játék 452/1000 kész, eddig: Kezdő=166, Második=160, Döntetlen=126
Játék 453/1000 kész, eddig: Kezdő=166, Második=161, Döntetlen=126
Játék 454/1000 kész, eddig: Kezdő=166, Második=161, Döntetlen=127
Játék 455/1000 kész, eddig: Kezdő=166, Második=161, Döntetlen=128
Játék 456/1000 kész, eddig: Kezdő=166, Második=161, Döntetlen=129
Játék 457/1000 kész, eddig: Kezdő=167, Második=161, Döntetlen=129
Játék 458/1000 kész, eddig: Kezdő=167, Második=162, Döntetlen=129
Játék 459/1000 kész, eddig: Kezdő=168, Második=162, Döntetlen=129
Játék 460/1000 kész, eddig: Kezdő=169, Második=162, Döntetlen=129
Játék 461/1000 kész, eddig: Kezdő=170, Második=162, Döntetlen=129
Játék 462/1000 kész, eddig: Kezdő=170, Második=162, Döntetlen=130
Játék 463/1000 kész, eddig: Kezdő=170, Második=163, Döntetlen=130
Játék 464/1000 kész, eddig: Kezdő=171, Második=163, Döntetlen=130
Játék 465/1000 kész, eddig: Kezdő=171, Második=164, Döntetlen=130
Játék 466/1000 kész, eddig: Kezdő=171, Második=164, Döntetlen=131
Játék 467/1000 kész, eddig: Kezdő=171, Második=164, Döntetlen=132
Játék 468/1000 kész, eddig: Kezdő=171, Második=165, Döntetlen=132
Játék 469/1000 kész, eddig: Kezdő=172, Második=165, Döntetlen=132
Játék 470/1000 kész, eddig: Kezdő=172, Második=166, Döntetlen=132
Játék 471/1000 kész, eddig: Kezdő=172, Második=166, Döntetlen=133
Játék 472/1000 kész, eddig: Kezdő=172, Második=166, Döntetlen=134
Játék 473/1000 kész, eddig: Kezdő=173, Második=166, Döntetlen=134
Játék 474/1000 kész, eddig: Kezdő=173, Második=166, Döntetlen=135
Játék 475/1000 kész, eddig: Kezdő=173, Második=167, Döntetlen=135
Játék 476/1000 kész, eddig: Kezdő=174, Második=167, Döntetlen=135
Játék 477/1000 kész, eddig: Kezdő=175, Második=167, Döntetlen=135
Játék 478/1000 kész, eddig: Kezdő=176, Második=167, Döntetlen=135
Játék 479/1000 kész, eddig: Kezdő=176, Második=168, Döntetlen=135
Játék 480/1000 kész, eddig: Kezdő=177, Második=168, Döntetlen=135
Játék 481/1000 kész, eddig: Kezdő=177, Második=169, Döntetlen=135
Játék 482/1000 kész, eddig: Kezdő=178, Második=169, Döntetlen=135
Játék 483/1000 kész, eddig: Kezdő=178, Második=169, Döntetlen=136
Játék 484/1000 kész, eddig: Kezdő=179, Második=169, Döntetlen=136
Játék 485/1000 kész, eddig: Kezdő=180, Második=169, Döntetlen=136
Játék 486/1000 kész, eddig: Kezdő=180, Második=169, Döntetlen=137
Játék 487/1000 kész, eddig: Kezdő=180, Második=170, Döntetlen=137
Játék 488/1000 kész, eddig: Kezdő=181, Második=170, Döntetlen=137
Játék 489/1000 kész, eddig: Kezdő=182, Második=170, Döntetlen=137
Játék 490/1000 kész, eddig: Kezdő=182, Második=170, Döntetlen=138
Játék 491/1000 kész, eddig: Kezdő=182, Második=170, Döntetlen=139
Játék 492/1000 kész, eddig: Kezdő=183, Második=170, Döntetlen=139
Játék 493/1000 kész, eddig: Kezdő=184, Második=170, Döntetlen=139
Játék 494/1000 kész, eddig: Kezdő=184, Második=170, Döntetlen=140
Játék 495/1000 kész, eddig: Kezdő=185, Második=170, Döntetlen=140
Játék 496/1000 kész, eddig: Kezdő=186, Második=170, Döntetlen=140
Játék 497/1000 kész, eddig: Kezdő=186, Második=171, Döntetlen=140
Játék 498/1000 kész, eddig: Kezdő=186, Második=171, Döntetlen=141
Játék 499/1000 kész, eddig: Kezdő=186, Második=171, Döntetlen=142
Játék 500/1000 kész, eddig: Kezdő=187, Második=171, Döntetlen=142
Játék 501/1000 kész, eddig: Kezdő=187, Második=172, Döntetlen=142
Játék 502/1000 kész, eddig: Kezdő=188, Második=172, Döntetlen=142
Játék 503/1000 kész, eddig: Kezdő=189, Második=172, Döntetlen=142
Játék 504/1000 kész, eddig: Kezdő=189, Második=173, Döntetlen=142
Játék 505/1000 kész, eddig: Kezdő=190, Második=173, Döntetlen=142
Játék 506/1000 kész, eddig: Kezdő=191, Második=173, Döntetlen=142
Játék 507/1000 kész, eddig: Kezdő=191, Második=174, Döntetlen=142
Játék 508/1000 kész, eddig: Kezdő=192, Második=174, Döntetlen=142
Játék 509/1000 kész, eddig: Kezdő=192, Második=175, Döntetlen=142
Játék 510/1000 kész, eddig: Kezdő=192, Második=175, Döntetlen=143
Játék 511/1000 kész, eddig: Kezdő=192, Második=176, Döntetlen=143
Játék 512/1000 kész, eddig: Kezdő=192, Második=177, Döntetlen=143
Játék 513/1000 kész, eddig: Kezdő=192, Második=178, Döntetlen=143
Játék 514/1000 kész, eddig: Kezdő=192, Második=179, Döntetlen=143
Játék 515/1000 kész, eddig: Kezdő=192, Második=179, Döntetlen=144
Játék 516/1000 kész, eddig: Kezdő=193, Második=179, Döntetlen=144
Játék 517/1000 kész, eddig: Kezdő=193, Második=180, Döntetlen=144
Játék 518/1000 kész, eddig: Kezdő=194, Második=180, Döntetlen=144
Játék 519/1000 kész, eddig: Kezdő=194, Második=180, Döntetlen=145
Játék 520/1000 kész, eddig: Kezdő=195, Második=180, Döntetlen=145
Játék 521/1000 kész, eddig: Kezdő=196, Második=180, Döntetlen=145
Játék 522/1000 kész, eddig: Kezdő=196, Második=181, Döntetlen=145
Játék 523/1000 kész, eddig: Kezdő=197, Második=181, Döntetlen=145
Játék 524/1000 kész, eddig: Kezdő=198, Második=181, Döntetlen=145
Játék 525/1000 kész, eddig: Kezdő=199, Második=181, Döntetlen=145
Játék 526/1000 kész, eddig: Kezdő=199, Második=181, Döntetlen=146
Játék 527/1000 kész, eddig: Kezdő=200, Második=181, Döntetlen=146
Játék 528/1000 kész, eddig: Kezdő=201, Második=181, Döntetlen=146
Játék 529/1000 kész, eddig: Kezdő=201, Második=182, Döntetlen=146
Játék 530/1000 kész, eddig: Kezdő=202, Második=182, Döntetlen=146
Játék 531/1000 kész, eddig: Kezdő=202, Második=183, Döntetlen=146
Játék 532/1000 kész, eddig: Kezdő=202, Második=184, Döntetlen=146
Játék 533/1000 kész, eddig: Kezdő=203, Második=184, Döntetlen=146
Játék 534/1000 kész, eddig: Kezdő=203, Második=185, Döntetlen=146
Játék 535/1000 kész, eddig: Kezdő=203, Második=186, Döntetlen=146
Játék 536/1000 kész, eddig: Kezdő=203, Második=187, Döntetlen=146
Játék 537/1000 kész, eddig: Kezdő=204, Második=187, Döntetlen=146
Játék 538/1000 kész, eddig: Kezdő=204, Második=188, Döntetlen=146
Játék 539/1000 kész, eddig: Kezdő=205, Második=188, Döntetlen=146
Játék 540/1000 kész, eddig: Kezdő=206, Második=188, Döntetlen=146
Játék 541/1000 kész, eddig: Kezdő=206, Második=188, Döntetlen=147
Játék 542/1000 kész, eddig: Kezdő=207, Második=188, Döntetlen=147
Játék 543/1000 kész, eddig: Kezdő=207, Második=189, Döntetlen=147
Játék 544/1000 kész, eddig: Kezdő=208, Második=189, Döntetlen=147
Játék 545/1000 kész, eddig: Kezdő=208, Második=189, Döntetlen=148
Játék 546/1000 kész, eddig: Kezdő=209, Második=189, Döntetlen=148
Játék 547/1000 kész, eddig: Kezdő=209, Második=190, Döntetlen=148
Játék 548/1000 kész, eddig: Kezdő=209, Második=190, Döntetlen=149
Játék 549/1000 kész, eddig: Kezdő=210, Második=190, Döntetlen=149
Játék 550/1000 kész, eddig: Kezdő=210, Második=191, Döntetlen=149
Játék 551/1000 kész, eddig: Kezdő=211, Második=191, Döntetlen=149
Játék 552/1000 kész, eddig: Kezdő=212, Második=191, Döntetlen=149
Játék 553/1000 kész, eddig: Kezdő=213, Második=191, Döntetlen=149
Játék 554/1000 kész, eddig: Kezdő=213, Második=191, Döntetlen=150
Játék 555/1000 kész, eddig: Kezdő=213, Második=192, Döntetlen=150
Játék 556/1000 kész, eddig: Kezdő=214, Második=192, Döntetlen=150
Játék 557/1000 kész, eddig: Kezdő=215, Második=192, Döntetlen=150
Játék 558/1000 kész, eddig: Kezdő=215, Második=193, Döntetlen=150
Játék 559/1000 kész, eddig: Kezdő=216, Második=193, Döntetlen=150
Játék 560/1000 kész, eddig: Kezdő=216, Második=194, Döntetlen=150
Játék 561/1000 kész, eddig: Kezdő=216, Második=194, Döntetlen=151
Játék 562/1000 kész, eddig: Kezdő=216, Második=195, Döntetlen=151
Játék 563/1000 kész, eddig: Kezdő=217, Második=195, Döntetlen=151
Játék 564/1000 kész, eddig: Kezdő=217, Második=196, Döntetlen=151
Játék 565/1000 kész, eddig: Kezdő=217, Második=196, Döntetlen=152
Játék 566/1000 kész, eddig: Kezdő=217, Második=197, Döntetlen=152
Játék 567/1000 kész, eddig: Kezdő=218, Második=197, Döntetlen=152
Játék 568/1000 kész, eddig: Kezdő=219, Második=197, Döntetlen=152
Játék 569/1000 kész, eddig: Kezdő=219, Második=198, Döntetlen=152
Játék 570/1000 kész, eddig: Kezdő=220, Második=198, Döntetlen=152
Játék 571/1000 kész, eddig: Kezdő=220, Második=198, Döntetlen=153
Játék 572/1000 kész, eddig: Kezdő=221, Második=198, Döntetlen=153
Játék 573/1000 kész, eddig: Kezdő=221, Második=198, Döntetlen=154
Játék 574/1000 kész, eddig: Kezdő=221, Második=198, Döntetlen=155
Játék 575/1000 kész, eddig: Kezdő=222, Második=198, Döntetlen=155
Játék 576/1000 kész, eddig: Kezdő=223, Második=198, Döntetlen=155
Játék 577/1000 kész, eddig: Kezdő=224, Második=198, Döntetlen=155
Játék 578/1000 kész, eddig: Kezdő=224, Második=199, Döntetlen=155
Játék 579/1000 kész, eddig: Kezdő=224, Második=200, Döntetlen=155
Játék 580/1000 kész, eddig: Kezdő=224, Második=200, Döntetlen=156
Játék 581/1000 kész, eddig: Kezdő=225, Második=200, Döntetlen=156
Játék 582/1000 kész, eddig: Kezdő=225, Második=200, Döntetlen=157
Játék 583/1000 kész, eddig: Kezdő=226, Második=200, Döntetlen=157
Játék 584/1000 kész, eddig: Kezdő=227, Második=200, Döntetlen=157
Játék 585/1000 kész, eddig: Kezdő=227, Második=201, Döntetlen=157
Játék 586/1000 kész, eddig: Kezdő=227, Második=202, Döntetlen=157
Játék 587/1000 kész, eddig: Kezdő=227, Második=202, Döntetlen=158
Játék 588/1000 kész, eddig: Kezdő=227, Második=202, Döntetlen=159
Játék 589/1000 kész, eddig: Kezdő=227, Második=203, Döntetlen=159
Játék 590/1000 kész, eddig: Kezdő=228, Második=203, Döntetlen=159
Játék 591/1000 kész, eddig: Kezdő=228, Második=204, Döntetlen=159
Játék 592/1000 kész, eddig: Kezdő=228, Második=205, Döntetlen=159
Játék 593/1000 kész, eddig: Kezdő=228, Második=206, Döntetlen=159
Játék 594/1000 kész, eddig: Kezdő=228, Második=206, Döntetlen=160
Játék 595/1000 kész, eddig: Kezdő=228, Második=207, Döntetlen=160
Játék 596/1000 kész, eddig: Kezdő=228, Második=208, Döntetlen=160
Játék 597/1000 kész, eddig: Kezdő=229, Második=208, Döntetlen=160
Játék 598/1000 kész, eddig: Kezdő=230, Második=208, Döntetlen=160
Játék 599/1000 kész, eddig: Kezdő=230, Második=208, Döntetlen=161
Játék 600/1000 kész, eddig: Kezdő=231, Második=208, Döntetlen=161
Játék 601/1000 kész, eddig: Kezdő=231, Második=209, Döntetlen=161
Játék 602/1000 kész, eddig: Kezdő=231, Második=210, Döntetlen=161
Játék 603/1000 kész, eddig: Kezdő=231, Második=211, Döntetlen=161
Játék 604/1000 kész, eddig: Kezdő=231, Második=212, Döntetlen=161
Játék 605/1000 kész, eddig: Kezdő=232, Második=212, Döntetlen=161
Játék 606/1000 kész, eddig: Kezdő=232, Második=213, Döntetlen=161
Játék 607/1000 kész, eddig: Kezdő=232, Második=214, Döntetlen=161
Játék 608/1000 kész, eddig: Kezdő=233, Második=214, Döntetlen=161
Játék 609/1000 kész, eddig: Kezdő=233, Második=214, Döntetlen=162
Játék 610/1000 kész, eddig: Kezdő=233, Második=215, Döntetlen=162
Játék 611/1000 kész, eddig: Kezdő=233, Második=216, Döntetlen=162
Játék 612/1000 kész, eddig: Kezdő=234, Második=216, Döntetlen=162
Játék 613/1000 kész, eddig: Kezdő=234, Második=216, Döntetlen=163
Játék 614/1000 kész, eddig: Kezdő=234, Második=217, Döntetlen=163
Játék 615/1000 kész, eddig: Kezdő=234, Második=217, Döntetlen=164
Játék 616/1000 kész, eddig: Kezdő=234, Második=218, Döntetlen=164
Játék 617/1000 kész, eddig: Kezdő=234, Második=218, Döntetlen=165
Játék 618/1000 kész, eddig: Kezdő=235, Második=218, Döntetlen=165
Játék 619/1000 kész, eddig: Kezdő=236, Második=218, Döntetlen=165
Játék 620/1000 kész, eddig: Kezdő=237, Második=218, Döntetlen=165
Játék 621/1000 kész, eddig: Kezdő=237, Második=219, Döntetlen=165
Játék 622/1000 kész, eddig: Kezdő=238, Második=219, Döntetlen=165
Játék 623/1000 kész, eddig: Kezdő=239, Második=219, Döntetlen=165
Játék 624/1000 kész, eddig: Kezdő=239, Második=219, Döntetlen=166
Játék 625/1000 kész, eddig: Kezdő=240, Második=219, Döntetlen=166
Játék 626/1000 kész, eddig: Kezdő=240, Második=220, Döntetlen=166
Játék 627/1000 kész, eddig: Kezdő=240, Második=221, Döntetlen=166
Játék 628/1000 kész, eddig: Kezdő=241, Második=221, Döntetlen=166
Játék 629/1000 kész, eddig: Kezdő=241, Második=221, Döntetlen=167
Játék 630/1000 kész, eddig: Kezdő=241, Második=221, Döntetlen=168
Játék 631/1000 kész, eddig: Kezdő=241, Második=221, Döntetlen=169
Játék 632/1000 kész, eddig: Kezdő=242, Második=221, Döntetlen=169
Játék 633/1000 kész, eddig: Kezdő=242, Második=222, Döntetlen=169
Játék 634/1000 kész, eddig: Kezdő=243, Második=222, Döntetlen=169
Játék 635/1000 kész, eddig: Kezdő=244, Második=222, Döntetlen=169
Játék 636/1000 kész, eddig: Kezdő=245, Második=222, Döntetlen=169
Játék 637/1000 kész, eddig: Kezdő=246, Második=222, Döntetlen=169
Játék 638/1000 kész, eddig: Kezdő=246, Második=223, Döntetlen=169
Játék 639/1000 kész, eddig: Kezdő=246, Második=224, Döntetlen=169
Játék 640/1000 kész, eddig: Kezdő=247, Második=224, Döntetlen=169
Játék 641/1000 kész, eddig: Kezdő=247, Második=224, Döntetlen=170
Játék 642/1000 kész, eddig: Kezdő=247, Második=224, Döntetlen=171
Játék 643/1000 kész, eddig: Kezdő=247, Második=225, Döntetlen=171
Játék 644/1000 kész, eddig: Kezdő=248, Második=225, Döntetlen=171
Játék 645/1000 kész, eddig: Kezdő=248, Második=226, Döntetlen=171
Játék 646/1000 kész, eddig: Kezdő=248, Második=227, Döntetlen=171
Játék 647/1000 kész, eddig: Kezdő=248, Második=227, Döntetlen=172
Játék 648/1000 kész, eddig: Kezdő=248, Második=227, Döntetlen=173
Játék 649/1000 kész, eddig: Kezdő=248, Második=228, Döntetlen=173
Játék 650/1000 kész, eddig: Kezdő=248, Második=228, Döntetlen=174
Játék 651/1000 kész, eddig: Kezdő=249, Második=228, Döntetlen=174
Játék 652/1000 kész, eddig: Kezdő=249, Második=229, Döntetlen=174
Játék 653/1000 kész, eddig: Kezdő=249, Második=229, Döntetlen=175
Játék 654/1000 kész, eddig: Kezdő=249, Második=229, Döntetlen=176
Játék 655/1000 kész, eddig: Kezdő=250, Második=229, Döntetlen=176
Játék 656/1000 kész, eddig: Kezdő=250, Második=229, Döntetlen=177
Játék 657/1000 kész, eddig: Kezdő=250, Második=230, Döntetlen=177
Játék 658/1000 kész, eddig: Kezdő=251, Második=230, Döntetlen=177
Játék 659/1000 kész, eddig: Kezdő=252, Második=230, Döntetlen=177
Játék 660/1000 kész, eddig: Kezdő=252, Második=231, Döntetlen=177
Játék 661/1000 kész, eddig: Kezdő=252, Második=232, Döntetlen=177
Játék 662/1000 kész, eddig: Kezdő=252, Második=232, Döntetlen=178
Játék 663/1000 kész, eddig: Kezdő=252, Második=232, Döntetlen=179
Játék 664/1000 kész, eddig: Kezdő=253, Második=232, Döntetlen=179
Játék 665/1000 kész, eddig: Kezdő=253, Második=233, Döntetlen=179
Játék 666/1000 kész, eddig: Kezdő=253, Második=233, Döntetlen=180
Játék 667/1000 kész, eddig: Kezdő=253, Második=233, Döntetlen=181
Játék 668/1000 kész, eddig: Kezdő=253, Második=233, Döntetlen=182
Játék 669/1000 kész, eddig: Kezdő=253, Második=234, Döntetlen=182
Játék 670/1000 kész, eddig: Kezdő=253, Második=235, Döntetlen=182
Játék 671/1000 kész, eddig: Kezdő=253, Második=235, Döntetlen=183
Játék 672/1000 kész, eddig: Kezdő=253, Második=236, Döntetlen=183
Játék 673/1000 kész, eddig: Kezdő=253, Második=237, Döntetlen=183
Játék 674/1000 kész, eddig: Kezdő=254, Második=237, Döntetlen=183
Játék 675/1000 kész, eddig: Kezdő=254, Második=238, Döntetlen=183
Játék 676/1000 kész, eddig: Kezdő=254, Második=238, Döntetlen=184
Játék 677/1000 kész, eddig: Kezdő=254, Második=239, Döntetlen=184
Játék 678/1000 kész, eddig: Kezdő=254, Második=240, Döntetlen=184
Játék 679/1000 kész, eddig: Kezdő=255, Második=240, Döntetlen=184
Játék 680/1000 kész, eddig: Kezdő=255, Második=241, Döntetlen=184
Játék 681/1000 kész, eddig: Kezdő=255, Második=241, Döntetlen=185
Játék 682/1000 kész, eddig: Kezdő=256, Második=241, Döntetlen=185
Játék 683/1000 kész, eddig: Kezdő=257, Második=241, Döntetlen=185
Játék 684/1000 kész, eddig: Kezdő=257, Második=241, Döntetlen=186
Játék 685/1000 kész, eddig: Kezdő=258, Második=241, Döntetlen=186
Játék 686/1000 kész, eddig: Kezdő=258, Második=241, Döntetlen=187
Játék 687/1000 kész, eddig: Kezdő=258, Második=241, Döntetlen=188
Játék 688/1000 kész, eddig: Kezdő=258, Második=242, Döntetlen=188
Játék 689/1000 kész, eddig: Kezdő=258, Második=243, Döntetlen=188
Játék 690/1000 kész, eddig: Kezdő=259, Második=243, Döntetlen=188
Játék 691/1000 kész, eddig: Kezdő=260, Második=243, Döntetlen=188
Játék 692/1000 kész, eddig: Kezdő=261, Második=243, Döntetlen=188
Játék 693/1000 kész, eddig: Kezdő=261, Második=243, Döntetlen=189
Játék 694/1000 kész, eddig: Kezdő=262, Második=243, Döntetlen=189
Játék 695/1000 kész, eddig: Kezdő=263, Második=243, Döntetlen=189
Játék 696/1000 kész, eddig: Kezdő=263, Második=244, Döntetlen=189
Játék 697/1000 kész, eddig: Kezdő=263, Második=244, Döntetlen=190
Játék 698/1000 kész, eddig: Kezdő=263, Második=245, Döntetlen=190
Játék 699/1000 kész, eddig: Kezdő=264, Második=245, Döntetlen=190
Játék 700/1000 kész, eddig: Kezdő=264, Második=246, Döntetlen=190
Játék 701/1000 kész, eddig: Kezdő=264, Második=246, Döntetlen=191
Játék 702/1000 kész, eddig: Kezdő=264, Második=246, Döntetlen=192
Játék 703/1000 kész, eddig: Kezdő=264, Második=247, Döntetlen=192
Játék 704/1000 kész, eddig: Kezdő=264, Második=248, Döntetlen=192
Játék 705/1000 kész, eddig: Kezdő=265, Második=248, Döntetlen=192
Játék 706/1000 kész, eddig: Kezdő=265, Második=249, Döntetlen=192
Játék 707/1000 kész, eddig: Kezdő=265, Második=249, Döntetlen=193
Játék 708/1000 kész, eddig: Kezdő=266, Második=249, Döntetlen=193
Játék 709/1000 kész, eddig: Kezdő=266, Második=250, Döntetlen=193
Játék 710/1000 kész, eddig: Kezdő=266, Második=251, Döntetlen=193
Játék 711/1000 kész, eddig: Kezdő=267, Második=251, Döntetlen=193
Játék 712/1000 kész, eddig: Kezdő=268, Második=251, Döntetlen=193
Játék 713/1000 kész, eddig: Kezdő=268, Második=251, Döntetlen=194
Játék 714/1000 kész, eddig: Kezdő=268, Második=252, Döntetlen=194
Játék 715/1000 kész, eddig: Kezdő=268, Második=252, Döntetlen=195
Játék 716/1000 kész, eddig: Kezdő=269, Második=252, Döntetlen=195
Játék 717/1000 kész, eddig: Kezdő=270, Második=252, Döntetlen=195
Játék 718/1000 kész, eddig: Kezdő=271, Második=252, Döntetlen=195
Játék 719/1000 kész, eddig: Kezdő=272, Második=252, Döntetlen=195
Játék 720/1000 kész, eddig: Kezdő=272, Második=253, Döntetlen=195
Játék 721/1000 kész, eddig: Kezdő=272, Második=253, Döntetlen=196
Játék 722/1000 kész, eddig: Kezdő=272, Második=254, Döntetlen=196
Játék 723/1000 kész, eddig: Kezdő=272, Második=255, Döntetlen=196
Játék 724/1000 kész, eddig: Kezdő=272, Második=256, Döntetlen=196
Játék 725/1000 kész, eddig: Kezdő=273, Második=256, Döntetlen=196
Játék 726/1000 kész, eddig: Kezdő=274, Második=256, Döntetlen=196
Játék 727/1000 kész, eddig: Kezdő=274, Második=256, Döntetlen=197
Játék 728/1000 kész, eddig: Kezdő=274, Második=257, Döntetlen=197
Játék 729/1000 kész, eddig: Kezdő=275, Második=257, Döntetlen=197
Játék 730/1000 kész, eddig: Kezdő=275, Második=258, Döntetlen=197
Játék 731/1000 kész, eddig: Kezdő=275, Második=258, Döntetlen=198
Játék 732/1000 kész, eddig: Kezdő=275, Második=259, Döntetlen=198
Játék 733/1000 kész, eddig: Kezdő=275, Második=260, Döntetlen=198
Játék 734/1000 kész, eddig: Kezdő=276, Második=260, Döntetlen=198
Játék 735/1000 kész, eddig: Kezdő=276, Második=260, Döntetlen=199
Játék 736/1000 kész, eddig: Kezdő=276, Második=261, Döntetlen=199
Játék 737/1000 kész, eddig: Kezdő=276, Második=262, Döntetlen=199
Játék 738/1000 kész, eddig: Kezdő=276, Második=263, Döntetlen=199
Játék 739/1000 kész, eddig: Kezdő=277, Második=263, Döntetlen=199
Játék 740/1000 kész, eddig: Kezdő=277, Második=263, Döntetlen=200
Játék 741/1000 kész, eddig: Kezdő=277, Második=264, Döntetlen=200
Játék 742/1000 kész, eddig: Kezdő=277, Második=264, Döntetlen=201
Játék 743/1000 kész, eddig: Kezdő=277, Második=265, Döntetlen=201
Játék 744/1000 kész, eddig: Kezdő=277, Második=265, Döntetlen=202
Játék 745/1000 kész, eddig: Kezdő=277, Második=265, Döntetlen=203
Játék 746/1000 kész, eddig: Kezdő=278, Második=265, Döntetlen=203
Játék 747/1000 kész, eddig: Kezdő=279, Második=265, Döntetlen=203
Játék 748/1000 kész, eddig: Kezdő=280, Második=265, Döntetlen=203
Játék 749/1000 kész, eddig: Kezdő=280, Második=266, Döntetlen=203
Játék 750/1000 kész, eddig: Kezdő=280, Második=267, Döntetlen=203
Játék 751/1000 kész, eddig: Kezdő=280, Második=267, Döntetlen=204
Játék 752/1000 kész, eddig: Kezdő=280, Második=268, Döntetlen=204
Játék 753/1000 kész, eddig: Kezdő=280, Második=269, Döntetlen=204
Játék 754/1000 kész, eddig: Kezdő=280, Második=269, Döntetlen=205
Játék 755/1000 kész, eddig: Kezdő=281, Második=269, Döntetlen=205
Játék 756/1000 kész, eddig: Kezdő=281, Második=270, Döntetlen=205
Játék 757/1000 kész, eddig: Kezdő=281, Második=270, Döntetlen=206
Játék 758/1000 kész, eddig: Kezdő=282, Második=270, Döntetlen=206
Játék 759/1000 kész, eddig: Kezdő=282, Második=270, Döntetlen=207
Játék 760/1000 kész, eddig: Kezdő=282, Második=271, Döntetlen=207
Játék 761/1000 kész, eddig: Kezdő=282, Második=272, Döntetlen=207
Játék 762/1000 kész, eddig: Kezdő=282, Második=272, Döntetlen=208
Játék 763/1000 kész, eddig: Kezdő=282, Második=272, Döntetlen=209
Játék 764/1000 kész, eddig: Kezdő=282, Második=272, Döntetlen=210
Játék 765/1000 kész, eddig: Kezdő=282, Második=273, Döntetlen=210
Játék 766/1000 kész, eddig: Kezdő=282, Második=273, Döntetlen=211
Játék 767/1000 kész, eddig: Kezdő=282, Második=273, Döntetlen=212
Játék 768/1000 kész, eddig: Kezdő=283, Második=273, Döntetlen=212
Játék 769/1000 kész, eddig: Kezdő=284, Második=273, Döntetlen=212
Játék 770/1000 kész, eddig: Kezdő=285, Második=273, Döntetlen=212
Játék 771/1000 kész, eddig: Kezdő=285, Második=274, Döntetlen=212
Játék 772/1000 kész, eddig: Kezdő=285, Második=275, Döntetlen=212
Játék 773/1000 kész, eddig: Kezdő=286, Második=275, Döntetlen=212
Játék 774/1000 kész, eddig: Kezdő=286, Második=275, Döntetlen=213
Játék 775/1000 kész, eddig: Kezdő=287, Második=275, Döntetlen=213
Játék 776/1000 kész, eddig: Kezdő=287, Második=275, Döntetlen=214
Játék 777/1000 kész, eddig: Kezdő=287, Második=275, Döntetlen=215
Játék 778/1000 kész, eddig: Kezdő=287, Második=276, Döntetlen=215
Játék 779/1000 kész, eddig: Kezdő=287, Második=276, Döntetlen=216
Játék 780/1000 kész, eddig: Kezdő=287, Második=277, Döntetlen=216
Játék 781/1000 kész, eddig: Kezdő=287, Második=278, Döntetlen=216
Játék 782/1000 kész, eddig: Kezdő=287, Második=279, Döntetlen=216
Játék 783/1000 kész, eddig: Kezdő=287, Második=280, Döntetlen=216
Játék 784/1000 kész, eddig: Kezdő=288, Második=280, Döntetlen=216
Játék 785/1000 kész, eddig: Kezdő=288, Második=281, Döntetlen=216
Játék 786/1000 kész, eddig: Kezdő=288, Második=282, Döntetlen=216
Játék 787/1000 kész, eddig: Kezdő=288, Második=282, Döntetlen=217
Játék 788/1000 kész, eddig: Kezdő=289, Második=282, Döntetlen=217
Játék 789/1000 kész, eddig: Kezdő=289, Második=283, Döntetlen=217
Játék 790/1000 kész, eddig: Kezdő=290, Második=283, Döntetlen=217
Játék 791/1000 kész, eddig: Kezdő=290, Második=284, Döntetlen=217
Játék 792/1000 kész, eddig: Kezdő=290, Második=285, Döntetlen=217
Játék 793/1000 kész, eddig: Kezdő=290, Második=286, Döntetlen=217
Játék 794/1000 kész, eddig: Kezdő=290, Második=286, Döntetlen=218
Játék 795/1000 kész, eddig: Kezdő=290, Második=287, Döntetlen=218
Játék 796/1000 kész, eddig: Kezdő=290, Második=288, Döntetlen=218
Játék 797/1000 kész, eddig: Kezdő=290, Második=289, Döntetlen=218
Játék 798/1000 kész, eddig: Kezdő=290, Második=289, Döntetlen=219
Játék 799/1000 kész, eddig: Kezdő=290, Második=290, Döntetlen=219
Játék 800/1000 kész, eddig: Kezdő=290, Második=290, Döntetlen=220
Játék 801/1000 kész, eddig: Kezdő=290, Második=291, Döntetlen=220
Játék 802/1000 kész, eddig: Kezdő=291, Második=291, Döntetlen=220
Játék 803/1000 kész, eddig: Kezdő=292, Második=291, Döntetlen=220
Játék 804/1000 kész, eddig: Kezdő=292, Második=291, Döntetlen=221
Játék 805/1000 kész, eddig: Kezdő=292, Második=292, Döntetlen=221
Játék 806/1000 kész, eddig: Kezdő=292, Második=292, Döntetlen=222
Játék 807/1000 kész, eddig: Kezdő=292, Második=292, Döntetlen=223
Játék 808/1000 kész, eddig: Kezdő=292, Második=293, Döntetlen=223
Játék 809/1000 kész, eddig: Kezdő=292, Második=294, Döntetlen=223
Játék 810/1000 kész, eddig: Kezdő=292, Második=294, Döntetlen=224
Játék 811/1000 kész, eddig: Kezdő=293, Második=294, Döntetlen=224
Játék 812/1000 kész, eddig: Kezdő=293, Második=294, Döntetlen=225
Játék 813/1000 kész, eddig: Kezdő=293, Második=295, Döntetlen=225
Játék 814/1000 kész, eddig: Kezdő=293, Második=296, Döntetlen=225
Játék 815/1000 kész, eddig: Kezdő=293, Második=296, Döntetlen=226
Játék 816/1000 kész, eddig: Kezdő=294, Második=296, Döntetlen=226
Játék 817/1000 kész, eddig: Kezdő=294, Második=296, Döntetlen=227
Játék 818/1000 kész, eddig: Kezdő=294, Második=296, Döntetlen=228
Játék 819/1000 kész, eddig: Kezdő=294, Második=297, Döntetlen=228
Játék 820/1000 kész, eddig: Kezdő=294, Második=298, Döntetlen=228
Játék 821/1000 kész, eddig: Kezdő=294, Második=299, Döntetlen=228
Játék 822/1000 kész, eddig: Kezdő=294, Második=299, Döntetlen=229
Játék 823/1000 kész, eddig: Kezdő=295, Második=299, Döntetlen=229
Játék 824/1000 kész, eddig: Kezdő=295, Második=299, Döntetlen=230
Játék 825/1000 kész, eddig: Kezdő=296, Második=299, Döntetlen=230
Játék 826/1000 kész, eddig: Kezdő=296, Második=299, Döntetlen=231
Játék 827/1000 kész, eddig: Kezdő=297, Második=299, Döntetlen=231
Játék 828/1000 kész, eddig: Kezdő=297, Második=300, Döntetlen=231
Játék 829/1000 kész, eddig: Kezdő=297, Második=301, Döntetlen=231
Játék 830/1000 kész, eddig: Kezdő=297, Második=301, Döntetlen=232
Játék 831/1000 kész, eddig: Kezdő=297, Második=302, Döntetlen=232
Játék 832/1000 kész, eddig: Kezdő=297, Második=303, Döntetlen=232
Játék 833/1000 kész, eddig: Kezdő=297, Második=304, Döntetlen=232
Játék 834/1000 kész, eddig: Kezdő=298, Második=304, Döntetlen=232
Játék 835/1000 kész, eddig: Kezdő=298, Második=304, Döntetlen=233
Játék 836/1000 kész, eddig: Kezdő=298, Második=304, Döntetlen=234
Játék 837/1000 kész, eddig: Kezdő=298, Második=305, Döntetlen=234
Játék 838/1000 kész, eddig: Kezdő=298, Második=306, Döntetlen=234
Játék 839/1000 kész, eddig: Kezdő=299, Második=306, Döntetlen=234
Játék 840/1000 kész, eddig: Kezdő=300, Második=306, Döntetlen=234
Játék 841/1000 kész, eddig: Kezdő=301, Második=306, Döntetlen=234
Játék 842/1000 kész, eddig: Kezdő=301, Második=306, Döntetlen=235
Játék 843/1000 kész, eddig: Kezdő=302, Második=306, Döntetlen=235
Játék 844/1000 kész, eddig: Kezdő=302, Második=307, Döntetlen=235
Játék 845/1000 kész, eddig: Kezdő=303, Második=307, Döntetlen=235
Játék 846/1000 kész, eddig: Kezdő=304, Második=307, Döntetlen=235
Játék 847/1000 kész, eddig: Kezdő=304, Második=307, Döntetlen=236
Játék 848/1000 kész, eddig: Kezdő=304, Második=308, Döntetlen=236
Játék 849/1000 kész, eddig: Kezdő=304, Második=308, Döntetlen=237
Játék 850/1000 kész, eddig: Kezdő=305, Második=308, Döntetlen=237
Játék 851/1000 kész, eddig: Kezdő=305, Második=308, Döntetlen=238
Játék 852/1000 kész, eddig: Kezdő=305, Második=309, Döntetlen=238
Játék 853/1000 kész, eddig: Kezdő=306, Második=309, Döntetlen=238
Játék 854/1000 kész, eddig: Kezdő=306, Második=310, Döntetlen=238
Játék 855/1000 kész, eddig: Kezdő=307, Második=310, Döntetlen=238
Játék 856/1000 kész, eddig: Kezdő=307, Második=311, Döntetlen=238
Játék 857/1000 kész, eddig: Kezdő=307, Második=312, Döntetlen=238
Játék 858/1000 kész, eddig: Kezdő=307, Második=312, Döntetlen=239
Játék 859/1000 kész, eddig: Kezdő=308, Második=312, Döntetlen=239
Játék 860/1000 kész, eddig: Kezdő=309, Második=312, Döntetlen=239
Játék 861/1000 kész, eddig: Kezdő=309, Második=313, Döntetlen=239
Játék 862/1000 kész, eddig: Kezdő=309, Második=313, Döntetlen=240
Játék 863/1000 kész, eddig: Kezdő=309, Második=314, Döntetlen=240
Játék 864/1000 kész, eddig: Kezdő=309, Második=315, Döntetlen=240
Játék 865/1000 kész, eddig: Kezdő=310, Második=315, Döntetlen=240
Játék 866/1000 kész, eddig: Kezdő=311, Második=315, Döntetlen=240
Játék 867/1000 kész, eddig: Kezdő=311, Második=316, Döntetlen=240
Játék 868/1000 kész, eddig: Kezdő=311, Második=316, Döntetlen=241
Játék 869/1000 kész, eddig: Kezdő=312, Második=316, Döntetlen=241
Játék 870/1000 kész, eddig: Kezdő=312, Második=317, Döntetlen=241
Játék 871/1000 kész, eddig: Kezdő=312, Második=318, Döntetlen=241
Játék 872/1000 kész, eddig: Kezdő=313, Második=318, Döntetlen=241
Játék 873/1000 kész, eddig: Kezdő=314, Második=318, Döntetlen=241
Játék 874/1000 kész, eddig: Kezdő=315, Második=318, Döntetlen=241
Játék 875/1000 kész, eddig: Kezdő=315, Második=318, Döntetlen=242
Játék 876/1000 kész, eddig: Kezdő=316, Második=318, Döntetlen=242
Játék 877/1000 kész, eddig: Kezdő=317, Második=318, Döntetlen=242
Játék 878/1000 kész, eddig: Kezdő=317, Második=318, Döntetlen=243
Játék 879/1000 kész, eddig: Kezdő=318, Második=318, Döntetlen=243
Játék 880/1000 kész, eddig: Kezdő=319, Második=318, Döntetlen=243
Játék 881/1000 kész, eddig: Kezdő=320, Második=318, Döntetlen=243
Játék 882/1000 kész, eddig: Kezdő=320, Második=319, Döntetlen=243
Játék 883/1000 kész, eddig: Kezdő=321, Második=319, Döntetlen=243
Játék 884/1000 kész, eddig: Kezdő=321, Második=320, Döntetlen=243
Játék 885/1000 kész, eddig: Kezdő=322, Második=320, Döntetlen=243
Játék 886/1000 kész, eddig: Kezdő=322, Második=321, Döntetlen=243
Játék 887/1000 kész, eddig: Kezdő=322, Második=322, Döntetlen=243
Játék 888/1000 kész, eddig: Kezdő=322, Második=322, Döntetlen=244
Játék 889/1000 kész, eddig: Kezdő=322, Második=322, Döntetlen=245
Játék 890/1000 kész, eddig: Kezdő=322, Második=323, Döntetlen=245
Játék 891/1000 kész, eddig: Kezdő=322, Második=323, Döntetlen=246
Játék 892/1000 kész, eddig: Kezdő=323, Második=323, Döntetlen=246
Játék 893/1000 kész, eddig: Kezdő=324, Második=323, Döntetlen=246
Játék 894/1000 kész, eddig: Kezdő=324, Második=324, Döntetlen=246
Játék 895/1000 kész, eddig: Kezdő=325, Második=324, Döntetlen=246
Játék 896/1000 kész, eddig: Kezdő=326, Második=324, Döntetlen=246
Játék 897/1000 kész, eddig: Kezdő=326, Második=324, Döntetlen=247
Játék 898/1000 kész, eddig: Kezdő=326, Második=324, Döntetlen=248
Játék 899/1000 kész, eddig: Kezdő=326, Második=324, Döntetlen=249
Játék 900/1000 kész, eddig: Kezdő=326, Második=324, Döntetlen=250
Játék 901/1000 kész, eddig: Kezdő=326, Második=325, Döntetlen=250
Játék 902/1000 kész, eddig: Kezdő=327, Második=325, Döntetlen=250
Játék 903/1000 kész, eddig: Kezdő=328, Második=325, Döntetlen=250
Játék 904/1000 kész, eddig: Kezdő=328, Második=325, Döntetlen=251
Játék 905/1000 kész, eddig: Kezdő=328, Második=325, Döntetlen=252
Játék 906/1000 kész, eddig: Kezdő=328, Második=326, Döntetlen=252
Játék 907/1000 kész, eddig: Kezdő=328, Második=326, Döntetlen=253
Játék 908/1000 kész, eddig: Kezdő=328, Második=326, Döntetlen=254
Játék 909/1000 kész, eddig: Kezdő=329, Második=326, Döntetlen=254
Játék 910/1000 kész, eddig: Kezdő=330, Második=326, Döntetlen=254
Játék 911/1000 kész, eddig: Kezdő=331, Második=326, Döntetlen=254
Játék 912/1000 kész, eddig: Kezdő=331, Második=326, Döntetlen=255
Játék 913/1000 kész, eddig: Kezdő=331, Második=327, Döntetlen=255
Játék 914/1000 kész, eddig: Kezdő=331, Második=328, Döntetlen=255
Játék 915/1000 kész, eddig: Kezdő=331, Második=329, Döntetlen=255
Játék 916/1000 kész, eddig: Kezdő=332, Második=329, Döntetlen=255
Játék 917/1000 kész, eddig: Kezdő=332, Második=329, Döntetlen=256
Játék 918/1000 kész, eddig: Kezdő=332, Második=330, Döntetlen=256
Játék 919/1000 kész, eddig: Kezdő=333, Második=330, Döntetlen=256
Játék 920/1000 kész, eddig: Kezdő=333, Második=330, Döntetlen=257
Játék 921/1000 kész, eddig: Kezdő=334, Második=330, Döntetlen=257
Játék 922/1000 kész, eddig: Kezdő=335, Második=330, Döntetlen=257
Játék 923/1000 kész, eddig: Kezdő=336, Második=330, Döntetlen=257
Játék 924/1000 kész, eddig: Kezdő=336, Második=331, Döntetlen=257
Játék 925/1000 kész, eddig: Kezdő=336, Második=332, Döntetlen=257
Játék 926/1000 kész, eddig: Kezdő=336, Második=333, Döntetlen=257
Játék 927/1000 kész, eddig: Kezdő=336, Második=334, Döntetlen=257
Játék 928/1000 kész, eddig: Kezdő=336, Második=335, Döntetlen=257
Játék 929/1000 kész, eddig: Kezdő=337, Második=335, Döntetlen=257
Játék 930/1000 kész, eddig: Kezdő=338, Második=335, Döntetlen=257
Játék 931/1000 kész, eddig: Kezdő=339, Második=335, Döntetlen=257
Játék 932/1000 kész, eddig: Kezdő=340, Második=335, Döntetlen=257
Játék 933/1000 kész, eddig: Kezdő=340, Második=336, Döntetlen=257
Játék 934/1000 kész, eddig: Kezdő=340, Második=336, Döntetlen=258
Játék 935/1000 kész, eddig: Kezdő=340, Második=337, Döntetlen=258
Játék 936/1000 kész, eddig: Kezdő=341, Második=337, Döntetlen=258
Játék 937/1000 kész, eddig: Kezdő=342, Második=337, Döntetlen=258
Játék 938/1000 kész, eddig: Kezdő=343, Második=337, Döntetlen=258
Játék 939/1000 kész, eddig: Kezdő=344, Második=337, Döntetlen=258
Játék 940/1000 kész, eddig: Kezdő=345, Második=337, Döntetlen=258
Játék 941/1000 kész, eddig: Kezdő=346, Második=337, Döntetlen=258
Játék 942/1000 kész, eddig: Kezdő=346, Második=337, Döntetlen=259
Játék 943/1000 kész, eddig: Kezdő=346, Második=338, Döntetlen=259
Játék 944/1000 kész, eddig: Kezdő=346, Második=338, Döntetlen=260
Játék 945/1000 kész, eddig: Kezdő=346, Második=338, Döntetlen=261
Játék 946/1000 kész, eddig: Kezdő=346, Második=339, Döntetlen=261
Játék 947/1000 kész, eddig: Kezdő=346, Második=340, Döntetlen=261
Játék 948/1000 kész, eddig: Kezdő=347, Második=340, Döntetlen=261
Játék 949/1000 kész, eddig: Kezdő=347, Második=340, Döntetlen=262
Játék 950/1000 kész, eddig: Kezdő=347, Második=341, Döntetlen=262
Játék 951/1000 kész, eddig: Kezdő=347, Második=342, Döntetlen=262
Játék 952/1000 kész, eddig: Kezdő=348, Második=342, Döntetlen=262
Játék 953/1000 kész, eddig: Kezdő=348, Második=342, Döntetlen=263
Játék 954/1000 kész, eddig: Kezdő=349, Második=342, Döntetlen=263
Játék 955/1000 kész, eddig: Kezdő=349, Második=343, Döntetlen=263
Játék 956/1000 kész, eddig: Kezdő=350, Második=343, Döntetlen=263
Játék 957/1000 kész, eddig: Kezdő=351, Második=343, Döntetlen=263
Játék 958/1000 kész, eddig: Kezdő=351, Második=344, Döntetlen=263
Játék 959/1000 kész, eddig: Kezdő=352, Második=344, Döntetlen=263
Játék 960/1000 kész, eddig: Kezdő=352, Második=345, Döntetlen=263
Játék 961/1000 kész, eddig: Kezdő=352, Második=346, Döntetlen=263
Játék 962/1000 kész, eddig: Kezdő=352, Második=347, Döntetlen=263
Játék 963/1000 kész, eddig: Kezdő=353, Második=347, Döntetlen=263
Játék 964/1000 kész, eddig: Kezdő=354, Második=347, Döntetlen=263
Játék 965/1000 kész, eddig: Kezdő=354, Második=347, Döntetlen=264
Játék 966/1000 kész, eddig: Kezdő=355, Második=347, Döntetlen=264
Játék 967/1000 kész, eddig: Kezdő=355, Második=347, Döntetlen=265
Játék 968/1000 kész, eddig: Kezdő=356, Második=347, Döntetlen=265
Játék 969/1000 kész, eddig: Kezdő=356, Második=348, Döntetlen=265
Játék 970/1000 kész, eddig: Kezdő=356, Második=349, Döntetlen=265
Játék 971/1000 kész, eddig: Kezdő=356, Második=349, Döntetlen=266
Játék 972/1000 kész, eddig: Kezdő=356, Második=349, Döntetlen=267
Játék 973/1000 kész, eddig: Kezdő=357, Második=349, Döntetlen=267
Játék 974/1000 kész, eddig: Kezdő=357, Második=350, Döntetlen=267
Játék 975/1000 kész, eddig: Kezdő=358, Második=350, Döntetlen=267
Játék 976/1000 kész, eddig: Kezdő=358, Második=350, Döntetlen=268
Játék 977/1000 kész, eddig: Kezdő=359, Második=350, Döntetlen=268
Játék 978/1000 kész, eddig: Kezdő=360, Második=350, Döntetlen=268
Játék 979/1000 kész, eddig: Kezdő=360, Második=350, Döntetlen=269
Játék 980/1000 kész, eddig: Kezdő=361, Második=350, Döntetlen=269
Játék 981/1000 kész, eddig: Kezdő=361, Második=351, Döntetlen=269
Játék 982/1000 kész, eddig: Kezdő=361, Második=352, Döntetlen=269
Játék 983/1000 kész, eddig: Kezdő=361, Második=353, Döntetlen=269
Játék 984/1000 kész, eddig: Kezdő=361, Második=353, Döntetlen=270
Játék 985/1000 kész, eddig: Kezdő=361, Második=354, Döntetlen=270
Játék 986/1000 kész, eddig: Kezdő=361, Második=354, Döntetlen=271
Játék 987/1000 kész, eddig: Kezdő=362, Második=354, Döntetlen=271
Játék 988/1000 kész, eddig: Kezdő=362, Második=355, Döntetlen=271
Játék 989/1000 kész, eddig: Kezdő=363, Második=355, Döntetlen=271
Játék 990/1000 kész, eddig: Kezdő=363, Második=356, Döntetlen=271
Játék 991/1000 kész, eddig: Kezdő=363, Második=357, Döntetlen=271
Játék 992/1000 kész, eddig: Kezdő=363, Második=357, Döntetlen=272
Játék 993/1000 kész, eddig: Kezdő=364, Második=357, Döntetlen=272
Játék 994/1000 kész, eddig: Kezdő=364, Második=357, Döntetlen=273
Játék 995/1000 kész, eddig: Kezdő=365, Második=357, Döntetlen=273
Játék 996/1000 kész, eddig: Kezdő=365, Második=358, Döntetlen=273
Játék 997/1000 kész, eddig: Kezdő=366, Második=358, Döntetlen=273
Játék 998/1000 kész, eddig: Kezdő=366, Második=359, Döntetlen=273
Játék 999/1000 kész, eddig: Kezdő=367, Második=359, Döntetlen=273
Játék 1000/1000 kész, eddig: Kezdő=367, Második=360, Döntetlen=273

=== SZIMULÁCIÓ KÉSZ ===
Variáns: Fordított
Lejátszott meccsek: 1000
Kezdő játékos győzelmek:    367
Második játékos győzelmek:  360
Döntetlenek:                273
Kezdő aránya:    36.70%
Második aránya:  36.00%
Döntetlen:       27.30%
